Start testing: Sep 02 13:06 CST
----------------------------------------------------------
1/5 Testing: LockQueueTest.SingleThread
1/5 Test: LockQueueTest.SingleThread
Command: "/home/glf/MPRPC/bin/unit_tests" "[==[--gtest_filter=LockQueueTest.SingleThread]==]" "--gtest_also_run_disabled_tests"
Directory: /home/glf/MPRPC/build/test/unit
"LockQueueTest.SingleThread" start time: Sep 02 13:06 CST
Output:
----------------------------------------------------------
Running main() from _deps/googletest-src/googletest/src/gtest_main.cc
[==========] Running 5 tests from 1 test suite.
[----------] Global test environment set-up.
[----------] 5 tests from LockQueueTest
[ RUN      ] LockQueueTest.SingleThread
[       OK ] LockQueueTest.SingleThread (0 ms)
[ RUN      ] LockQueueTest.MultiProducerSingleConsumer
[       OK ] LockQueueTest.MultiProducerSingleConsumer (6 ms)
[ RUN      ] LockQueueTest.MultiConsumer
[       OK ] LockQueueTest.MultiConsumer (9 ms)
[ RUN      ] LockQueueTest.ThreadSafety
[       OK ] LockQueueTest.ThreadSafety (61 ms)
[ RUN      ] LockQueueTest.Performance
Time taken for 100000 operations: 128 ms
[       OK ] LockQueueTest.Performance (136 ms)
[----------] 5 tests from LockQueueTest (214 ms total)

[----------] Global test environment tear-down
[==========] 5 tests from 1 test suite ran. (215 ms total)
[  PASSED  ] 5 tests.
<end of output>
Test time =   0.23 sec
----------------------------------------------------------
Test Passed.
"LockQueueTest.SingleThread" end time: Sep 02 13:06 CST
"LockQueueTest.SingleThread" time elapsed: 00:00:00
----------------------------------------------------------

2/5 Testing: LockQueueTest.MultiProducerSingleConsumer
2/5 Test: LockQueueTest.MultiProducerSingleConsumer
Command: "/home/glf/MPRPC/bin/unit_tests" "[==[--gtest_filter=LockQueueTest.MultiProducerSingleConsumer]==]" "--gtest_also_run_disabled_tests"
Directory: /home/glf/MPRPC/build/test/unit
"LockQueueTest.MultiProducerSingleConsumer" start time: Sep 02 13:06 CST
Output:
----------------------------------------------------------
Running main() from _deps/googletest-src/googletest/src/gtest_main.cc
[==========] Running 5 tests from 1 test suite.
[----------] Global test environment set-up.
[----------] 5 tests from LockQueueTest
[ RUN      ] LockQueueTest.SingleThread
[       OK ] LockQueueTest.SingleThread (0 ms)
[ RUN      ] LockQueueTest.MultiProducerSingleConsumer
[       OK ] LockQueueTest.MultiProducerSingleConsumer (5 ms)
[ RUN      ] LockQueueTest.MultiConsumer
[       OK ] LockQueueTest.MultiConsumer (6 ms)
[ RUN      ] LockQueueTest.ThreadSafety
[       OK ] LockQueueTest.ThreadSafety (51 ms)
[ RUN      ] LockQueueTest.Performance
Time taken for 100000 operations: 118 ms
[       OK ] LockQueueTest.Performance (128 ms)
[----------] 5 tests from LockQueueTest (192 ms total)

[----------] Global test environment tear-down
[==========] 5 tests from 1 test suite ran. (192 ms total)
[  PASSED  ] 5 tests.
<end of output>
Test time =   0.20 sec
----------------------------------------------------------
Test Passed.
"LockQueueTest.MultiProducerSingleConsumer" end time: Sep 02 13:06 CST
"LockQueueTest.MultiProducerSingleConsumer" time elapsed: 00:00:00
----------------------------------------------------------

3/5 Testing: LockQueueTest.MultiConsumer
3/5 Test: LockQueueTest.MultiConsumer
Command: "/home/glf/MPRPC/bin/unit_tests" "[==[--gtest_filter=LockQueueTest.MultiConsumer]==]" "--gtest_also_run_disabled_tests"
Directory: /home/glf/MPRPC/build/test/unit
"LockQueueTest.MultiConsumer" start time: Sep 02 13:06 CST
Output:
----------------------------------------------------------
Running main() from _deps/googletest-src/googletest/src/gtest_main.cc
[==========] Running 5 tests from 1 test suite.
[----------] Global test environment set-up.
[----------] 5 tests from LockQueueTest
[ RUN      ] LockQueueTest.SingleThread
[       OK ] LockQueueTest.SingleThread (0 ms)
[ RUN      ] LockQueueTest.MultiProducerSingleConsumer
[       OK ] LockQueueTest.MultiProducerSingleConsumer (6 ms)
[ RUN      ] LockQueueTest.MultiConsumer
[       OK ] LockQueueTest.MultiConsumer (7 ms)
[ RUN      ] LockQueueTest.ThreadSafety
[       OK ] LockQueueTest.ThreadSafety (54 ms)
[ RUN      ] LockQueueTest.Performance
Time taken for 100000 operations: 122 ms
[       OK ] LockQueueTest.Performance (130 ms)
[----------] 5 tests from LockQueueTest (199 ms total)

[----------] Global test environment tear-down
[==========] 5 tests from 1 test suite ran. (199 ms total)
[  PASSED  ] 5 tests.
<end of output>
Test time =   0.21 sec
----------------------------------------------------------
Test Passed.
"LockQueueTest.MultiConsumer" end time: Sep 02 13:06 CST
"LockQueueTest.MultiConsumer" time elapsed: 00:00:00
----------------------------------------------------------

4/5 Testing: LockQueueTest.ThreadSafety
4/5 Test: LockQueueTest.ThreadSafety
Command: "/home/glf/MPRPC/bin/unit_tests" "[==[--gtest_filter=LockQueueTest.ThreadSafety]==]" "--gtest_also_run_disabled_tests"
Directory: /home/glf/MPRPC/build/test/unit
"LockQueueTest.ThreadSafety" start time: Sep 02 13:06 CST
Output:
----------------------------------------------------------
Running main() from _deps/googletest-src/googletest/src/gtest_main.cc
[==========] Running 5 tests from 1 test suite.
[----------] Global test environment set-up.
[----------] 5 tests from LockQueueTest
[ RUN      ] LockQueueTest.SingleThread
[       OK ] LockQueueTest.SingleThread (0 ms)
[ RUN      ] LockQueueTest.MultiProducerSingleConsumer
[       OK ] LockQueueTest.MultiProducerSingleConsumer (7 ms)
[ RUN      ] LockQueueTest.MultiConsumer
[       OK ] LockQueueTest.MultiConsumer (5 ms)
[ RUN      ] LockQueueTest.ThreadSafety
[       OK ] LockQueueTest.ThreadSafety (50 ms)
[ RUN      ] LockQueueTest.Performance
Time taken for 100000 operations: 118 ms
[       OK ] LockQueueTest.Performance (124 ms)
[----------] 5 tests from LockQueueTest (187 ms total)

[----------] Global test environment tear-down
[==========] 5 tests from 1 test suite ran. (187 ms total)
[  PASSED  ] 5 tests.
<end of output>
Test time =   0.19 sec
----------------------------------------------------------
Test Passed.
"LockQueueTest.ThreadSafety" end time: Sep 02 13:06 CST
"LockQueueTest.ThreadSafety" time elapsed: 00:00:00
----------------------------------------------------------

5/5 Testing: LockQueueTest.Performance
5/5 Test: LockQueueTest.Performance
Command: "/home/glf/MPRPC/bin/unit_tests" "[==[--gtest_filter=LockQueueTest.Performance]==]" "--gtest_also_run_disabled_tests"
Directory: /home/glf/MPRPC/build/test/unit
"LockQueueTest.Performance" start time: Sep 02 13:06 CST
Output:
----------------------------------------------------------
Running main() from _deps/googletest-src/googletest/src/gtest_main.cc
[==========] Running 5 tests from 1 test suite.
[----------] Global test environment set-up.
[----------] 5 tests from LockQueueTest
[ RUN      ] LockQueueTest.SingleThread
[       OK ] LockQueueTest.SingleThread (0 ms)
[ RUN      ] LockQueueTest.MultiProducerSingleConsumer
[       OK ] LockQueueTest.MultiProducerSingleConsumer (4 ms)
[ RUN      ] LockQueueTest.MultiConsumer
[       OK ] LockQueueTest.MultiConsumer (4 ms)
[ RUN      ] LockQueueTest.ThreadSafety
[       OK ] LockQueueTest.ThreadSafety (33 ms)
[ RUN      ] LockQueueTest.Performance
Time taken for 100000 operations: 118 ms
[       OK ] LockQueueTest.Performance (126 ms)
[----------] 5 tests from LockQueueTest (169 ms total)

[----------] Global test environment tear-down
[==========] 5 tests from 1 test suite ran. (169 ms total)
[  PASSED  ] 5 tests.
<end of output>
Test time =   0.18 sec
----------------------------------------------------------
Test Passed.
"LockQueueTest.Performance" end time: Sep 02 13:06 CST
"LockQueueTest.Performance" time elapsed: 00:00:00
----------------------------------------------------------

End testing: Sep 02 13:06 CST
