Start testing: Sep 02 14:04 CST
----------------------------------------------------------
51/73 Testing: user_counters_test
51/73 Test: user_counters_test
Command: "/home/glf/MPRPC/build/_deps/googlebenchmark-build/test/user_counters_test" "--benchmark_min_time=0.01"
Directory: /home/glf/MPRPC/build/_deps/googlebenchmark-build/test
"user_counters_test" start time: Sep 02 14:04 CST
Output:
----------------------------------------------------------
Running benchmarks...
-------------------------------
Testing ConsoleReporter Output
-------------------------------
2025-09-02T14:04:15+08:00
Running /home/glf/MPRPC/build/_deps/googlebenchmark-build/test/user_counters_test
Run on (2 X 2688 MHz CPU s)
CPU Caches:
  L1 Data 48 KiB (x2)
  L1 Instruction 32 KiB (x2)
  L2 Unified 1280 KiB (x2)
  L3 Unified 24576 KiB (x2)
Load Average: 0.25, 1.81, 2.04
***WARNING*** Library was built as DEBUG. Timings may be affected.
------------------------------------------------------------------------------------------------
Benchmark                                      Time             CPU   Iterations UserCounters...
------------------------------------------------------------------------------------------------
BM_Counters_Simple                          2.60 ns         2.27 ns      6026552 bar=12.0531M foo=1
BM_Counters_WithBytesAndItemsPSec           4.99 ns         4.31 ns      3016270 bar=8 bytes_per_second=27.3696k/s foo=1 items_per_second=11.5494k/s
BM_Counters_Rate                            3.74 ns         3.25 ns      4268056 bar=144.369/s foo=72.1845/s
BM_Invert                                   7.10 ns         5.62 ns      2831433 bar=100u foo=10k
BM_Counters_InvertedRate                    10.3 ns         5.16 ns      4547827 bar=2.8654us foo=0.0234733s
BM_Counters_Threads/threads:1               2.22 ns         1.99 ns      6605317 bar=2 foo=1
2025-09-02T14:04:15+08:00
Running /home/glf/MPRPC/build/_deps/googlebenchmark-build/test/user_counters_test
Run on (2 X 2688 MHz CPU s)
CPU Caches:
  L1 Data 48 KiB (x2)
  L1 Instruction 32 KiB (x2)
  L2 Unified 1280 KiB (x2)
  L3 Unified 24576 KiB (x2)
Load Average: 0.25, 1.81, 2.04
***WARNING*** Library was built as DEBUG. Timings may be affected.
BM_Counters_Threads/threads:2               1.50 ns         2.77 ns      6360630 bar=4 foo=2
BM_Counters_Threads/threads:4              0.735 ns         2.71 ns      5851104 bar=8 foo=4
BM_Counters_Threads/threads:8              0.273 ns         2.02 ns      8854920 bar=16 foo=8
BM_Counters_AvgThreads/threads:1            2.39 ns         2.00 ns      5649499 bar=2 foo=1
BM_Counters_AvgThreads/threads:2            1.12 ns         2.07 ns      5010304 bar=2 foo=1
BM_Counters_AvgThreads/threads:4           0.596 ns         2.19 ns      5671148 bar=2 foo=1
BM_Counters_AvgThreads/threads:8           0.325 ns         2.40 ns      8000000 bar=2 foo=1
BM_Counters_AvgThreadsRate/threads:1        6.83 ns         5.48 ns      3918154 bar=93.2185/s foo=46.6093/s
BM_Counters_AvgThreadsRate/threads:2        1.83 ns         3.38 ns      3508994 bar=168.459/s foo=84.2295/s
BM_Counters_AvgThreadsRate/threads:4        1.17 ns         4.34 ns      4664972 bar=98.8641/s foo=49.4321/s
BM_Counters_AvgThreadsRate/threads:8       0.545 ns         4.02 ns      3297072 bar=150.776/s foo=75.3878/s
BM_Counters_IterationInvariant              2.64 ns         2.30 ns      5817263 bar=11.6345M foo=5.81726M
BM_Counters_kIsIterationInvariantRate       4.29 ns         3.55 ns      4102104 bar=563.039M/s foo=281.519M/s
BM_Counters_AvgIterations                   2.54 ns         2.13 ns      7784581 bar=256.918n foo=128.459n
BM_Counters_kAvgIterationsRate              6.57 ns         4.06 ns      3120514 bar=50.6236u/s foo=25.3118u/s

----------------------------
Testing JSONReporter Output
----------------------------
{
  "context": {
    "date": "2025-09-02T14:04:15+08:00",
    "host_name": "localhost.localdomain",
    "executable": "/home/glf/MPRPC/build/_deps/googlebenchmark-build/test/user_counters_test",
    "num_cpus": 2,
    "mhz_per_cpu": 2688,
    "cpu_scaling_enabled": false,
    "caches": [
      {
        "type": "Data",
        "level": 1,
        "size": 49152,
        "num_sharing": 1
      },
      {
        "type": "Instruction",
        "level": 1,
        "size": 32768,
        "num_sharing": 1
      },
      {
        "type": "Unified",
        "level": 2,
        "size": 1310720,
        "num_sharing": 1
      },
      {
        "type": "Unified",
        "level": 3,
        "size": 25165824,
        "num_sharing": 1
      }
    ],
    "load_avg": [0.25,1.81,2.04],
    "library_build_type": "debug"
  },
  "benchmarks": [
    {
      "name": "BM_Counters_Simple",
      "run_name": "BM_Counters_Simple",
      "run_type": "iteration",
      "repetitions": 0,
      "repetition_index": 0,
      "threads": 1,
      "iterations": 6026552,
      "real_time": 2.5975094891430608e+00,
      "cpu_time": 2.2698898142752291e+00,
      "time_unit": "ns",
      "bar": 1.2053104000000000e+07,
      "foo": 1.0000000000000000e+00
    },
    {
      "name": "BM_Counters_WithBytesAndItemsPSec",
      "run_name": "BM_Counters_WithBytesAndItemsPSec",
      "run_type": "iteration",
      "repetitions": 0,
      "repetition_index": 0,
      "threads": 1,
      "iterations": 3016270,
      "real_time": 4.9871271440672311e+00,
      "cpu_time": 4.3058946977558552e+00,
      "time_unit": "ns",
      "bar": 8.0000000000000000e+00,
      "bytes_per_second": 2.8026428922473780e+04,
      "foo": 1.0000000000000000e+00,
      "items_per_second": 1.1549352577942491e+04
    },
    {
      "name": "BM_Counters_Rate",
      "run_name": "BM_Counters_Rate",
      "run_type": "iteration",
      "repetitions": 0,
      "repetition_index": 0,
      "threads": 1,
      "iterations": 4268056,
      "real_time": 3.7384912422442040e+00,
      "cpu_time": 3.2458290144271702e+00,
      "time_unit": "ns",
      "bar": 1.4436909981535223e+02,
      "foo": 7.2184549907676114e+01
    },
    {
      "name": "BM_Invert",
      "run_name": "BM_Invert",
      "run_type": "iteration",
      "repetitions": 0,
      "repetition_index": 0,
      "threads": 1,
      "iterations": 2831433,
      "real_time": 7.1031135070535374e+00,
      "cpu_time": 5.6169879350844578e+00,
      "time_unit": "ns",
      "bar": 1.0000000000000000e-04,
      "foo": 1.0000000000000000e+04
    },
    {
      "name": "BM_Counters_InvertedRate",
      "run_name": "BM_Counters_InvertedRate",
      "run_type": "iteration",
      "repetitions": 0,
      "repetition_index": 0,
      "threads": 1,
      "iterations": 4547827,
      "real_time": 1.0316615384343539e+01,
      "cpu_time": 5.1614364398645689e+00,
      "time_unit": "ns",
      "bar": 2.8653955078124956e-06,
      "foo": 2.3473319999999964e-02
    },
    {
      "name": "BM_Counters_Threads/threads:1",
      "run_name": "BM_Counters_Threads/threads:1",
      "run_type": "iteration",
      "repetitions": 0,
      "repetition_index": 0,
      "threads": 1,
      "iterations": 6605317,
      "real_time": 2.2211006668821436e+00,
      "cpu_time": 1.9856613997481081e+00,
      "time_unit": "ns",
      "bar": 2.0000000000000000e+00,
      "foo": 1.0000000000000000e+00
    },
    {
      "name": "BM_Counters_Threads/threads:2",
      "run_name": "BM_Counters_Threads/threads:2",
      "run_type": "iteration",
      "repetitions": 0,
      "repetition_index": 0,
      "threads": 2,
      "iterations": 6360630,
      "real_time": 1.4986642848733429e+00,
      "cpu_time": 2.7676044668531219e+00,
      "time_unit": "ns",
      "bar": 4.0000000000000000e+00,
      "foo": 2.0000000000000000e+00
    },
    {
      "name": "BM_Counters_Threads/threads:4",
      "run_name": "BM_Counters_Threads/threads:4",
      "run_type": "iteration",
      "repetitions": 0,
      "repetition_index": 0,
      "threads": 4,
      "iterations": 5851104,
      "real_time": 7.3450506255088210e-01,
      "cpu_time": 2.7129654506226557e+00,
      "time_unit": "ns",
      "bar": 8.0000000000000000e+00,
      "foo": 4.0000000000000000e+00
    },
    {
      "name": "BM_Counters_Threads/threads:8",
      "run_name": "BM_Counters_Threads/threads:8",
      "run_type": "iteration",
      "repetitions": 0,
      "repetition_index": 0,
      "threads": 8,
      "iterations": 8854920,
      "real_time": 2.7342001714472680e-01,
      "cpu_time": 2.0202875915310337e+00,
      "time_unit": "ns",
      "bar": 1.6000000000000000e+01,
      "foo": 8.0000000000000000e+00
    },
    {
      "name": "BM_Counters_AvgThreads/threads:1",
      "run_name": "BM_Counters_AvgThreads/threads:1",
      "run_type": "iteration",
      "repetitions": 0,
      "repetition_index": 0,
      "threads": 1,
      "iterations": 5649499,
      "real_time": 2.3871755754243051e+00,
      "cpu_time": 2.0033718034112402e+00,
      "time_unit": "ns",
      "bar": 2.0000000000000000e+00,
      "foo": 1.0000000000000000e+00
    },
    {
      "name": "BM_Counters_AvgThreads/threads:2",
      "run_name": "BM_Counters_AvgThreads/threads:2",
      "run_type": "iteration",
      "repetitions": 0,
      "repetition_index": 0,
      "threads": 2,
      "iterations": 5010304,
      "real_time": 1.1195793721521994e+00,
      "cpu_time": 2.0680453720971879e+00,
      "time_unit": "ns",
      "bar": 2.0000000000000000e+00,
      "foo": 1.0000000000000000e+00
    },
    {
      "name": "BM_Counters_AvgThreads/threads:4",
      "run_name": "BM_Counters_AvgThreads/threads:4",
      "run_type": "iteration",
      "repetitions": 0,
      "repetition_index": 0,
      "threads": 4,
      "iterations": 5671148,
      "real_time": 5.9595848145113794e-01,
      "cpu_time": 2.1855157015828186e+00,
      "time_unit": "ns",
      "bar": 2.0000000000000000e+00,
      "foo": 1.0000000000000000e+00
    },
    {
      "name": "BM_Counters_AvgThreads/threads:8",
      "run_name": "BM_Counters_AvgThreads/threads:8",
      "run_type": "iteration",
      "repetitions": 0,
      "repetition_index": 0,
      "threads": 8,
      "iterations": 8000000,
      "real_time": 3.2455807786391233e-01,
      "cpu_time": 2.3976735000000042e+00,
      "time_unit": "ns",
      "bar": 2.0000000000000000e+00,
      "foo": 1.0000000000000000e+00
    },
    {
      "name": "BM_Counters_AvgThreadsRate/threads:1",
      "run_name": "BM_Counters_AvgThreadsRate/threads:1",
      "run_type": "iteration",
      "repetitions": 0,
      "repetition_index": 0,
      "threads": 1,
      "iterations": 3918154,
      "real_time": 6.8330139671921559e+00,
      "cpu_time": 5.4757824730727780e+00,
      "time_unit": "ns",
      "bar": 9.3218542156151429e+01,
      "foo": 4.6609271078075714e+01
    },
    {
      "name": "BM_Counters_AvgThreadsRate/threads:2",
      "run_name": "BM_Counters_AvgThreadsRate/threads:2",
      "run_type": "iteration",
      "repetitions": 0,
      "repetition_index": 0,
      "threads": 2,
      "iterations": 3508994,
      "real_time": 1.8318733197455623e+00,
      "cpu_time": 3.3833976347636989e+00,
      "time_unit": "ns",
      "bar": 1.6845904280561106e+02,
      "foo": 8.4229521402805531e+01
    },
    {
      "name": "BM_Counters_AvgThreadsRate/threads:4",
      "run_name": "BM_Counters_AvgThreadsRate/threads:4",
      "run_type": "iteration",
      "repetitions": 0,
      "repetition_index": 0,
      "threads": 4,
      "iterations": 4664972,
      "real_time": 1.1741308401646038e+00,
      "cpu_time": 4.3365276361787375e+00,
      "time_unit": "ns",
      "bar": 9.8864149783141514e+01,
      "foo": 4.9432074891570757e+01
    },
    {
      "name": "BM_Counters_AvgThreadsRate/threads:8",
      "run_name": "BM_Counters_AvgThreadsRate/threads:8",
      "run_type": "iteration",
      "repetitions": 0,
      "repetition_index": 0,
      "threads": 8,
      "iterations": 3297072,
      "real_time": 5.4455657960241843e-01,
      "cpu_time": 4.0231920928629865e+00,
      "time_unit": "ns",
      "bar": 1.5077550627776489e+02,
      "foo": 7.5387753138882445e+01
    },
    {
      "name": "BM_Counters_IterationInvariant",
      "run_name": "BM_Counters_IterationInvariant",
      "run_type": "iteration",
      "repetitions": 0,
      "repetition_index": 0,
      "threads": 1,
      "iterations": 5817263,
      "real_time": 2.6361465879028656e+00,
      "cpu_time": 2.2967070596601871e+00,
      "time_unit": "ns",
      "bar": 1.1634526000000000e+07,
      "foo": 5.8172630000000000e+06
    },
    {
      "name": "BM_Counters_kIsIterationInvariantRate",
      "run_name": "BM_Counters_kIsIterationInvariantRate",
      "run_type": "iteration",
      "repetitions": 0,
      "repetition_index": 0,
      "threads": 1,
      "iterations": 4102104,
      "real_time": 4.2860010374803661e+00,
      "cpu_time": 3.5521537240401528e+00,
      "time_unit": "ns",
      "bar": 5.6303869578179109e+08,
      "foo": 2.8151934789089555e+08
    },
    {
      "name": "BM_Counters_AvgIterations",
      "run_name": "BM_Counters_AvgIterations",
      "run_type": "iteration",
      "repetitions": 0,
      "repetition_index": 0,
      "threads": 1,
      "iterations": 7784581,
      "real_time": 2.5381112978157376e+00,
      "cpu_time": 2.1301578081081125e+00,
      "time_unit": "ns",
      "bar": 2.5691813085379930e-07,
      "foo": 1.2845906542689965e-07
    },
    {
      "name": "BM_Counters_kAvgIterationsRate",
      "run_name": "BM_Counters_kAvgIterationsRate",
      "run_type": "iteration",
      "repetitions": 0,
      "repetition_index": 0,
      "threads": 1,
      "iterations": 3120514,
      "real_time": 6.5700221123589655e+00,
      "cpu_time": 4.0571864122384929e+00,
      "time_unit": "ns",
      "bar": 5.0623569305343007e-05,
      "foo": 2.5311784652671503e-05
    }
  ]
}

---------------------------
Testing CSVReporter Output
---------------------------
name,iterations,real_time,cpu_time,time_unit,bytes_per_second,items_per_second,label,error_occurred,error_message,"bar","foo"
"BM_Counters_Simple",6026552,2.59751,2.26989,ns,,,,,,1.20531e+07,1
"BM_Counters_WithBytesAndItemsPSec",3016270,4.98713,4.30589,ns,28026.4,11549.4,,,,8,1
"BM_Counters_Rate",4268056,3.73849,3.24583,ns,,,,,,144.369,72.1845
"BM_Invert",2831433,7.10311,5.61699,ns,,,,,,0.0001,10000
"BM_Counters_InvertedRate",4547827,10.3166,5.16144,ns,,,,,,2.8654e-06,0.0234733
"BM_Counters_Threads/threads:1",6605317,2.2211,1.98566,ns,,,,,,2,1
"BM_Counters_Threads/threads:2",6360630,1.49866,2.7676,ns,,,,,,4,2
"BM_Counters_Threads/threads:4",5851104,0.734505,2.71297,ns,,,,,,8,4
"BM_Counters_Threads/threads:8",8854920,0.27342,2.02029,ns,,,,,,16,8
"BM_Counters_AvgThreads/threads:1",5649499,2.38718,2.00337,ns,,,,,,2,1
"BM_Counters_AvgThreads/threads:2",5010304,1.11958,2.06805,ns,,,,,,2,1
"BM_Counters_AvgThreads/threads:4",5671148,0.595958,2.18552,ns,,,,,,2,1
"BM_Counters_AvgThreads/threads:8",8000000,0.324558,2.39767,ns,,,,,,2,1
"BM_Counters_AvgThreadsRate/threads:1",3918154,6.83301,5.47578,ns,,,,,,93.2185,46.6093
"BM_Counters_AvgThreadsRate/threads:2",3508994,1.83187,3.3834,ns,,,,,,168.459,84.2295
"BM_Counters_AvgThreadsRate/threads:4",4664972,1.17413,4.33653,ns,,,,,,98.8641,49.4321
"BM_Counters_AvgThreadsRate/threads:8",3297072,0.544557,4.02319,ns,,,,,,150.776,75.3878
"BM_Counters_IterationInvariant",5817263,2.63615,2.29671,ns,,,,,,1.16345e+07,5.81726e+06
"BM_Counters_kIsIterationInvariantRate",4102104,4.286,3.55215,ns,,,,,,5.63039e+08,2.81519e+08
"BM_Counters_AvgIterations",7784581,2.53811,2.13016,ns,,,,,,2.56918e-07,1.28459e-07
"BM_Counters_kAvgIterationsRate",3120514,6.57002,4.05719,ns,,,,,,5.06236e-05,2.53118e-05

<end of output>
Test time =   0.96 sec
----------------------------------------------------------
Test Passed.
"user_counters_test" end time: Sep 02 14:04 CST
"user_counters_test" time elapsed: 00:00:00
----------------------------------------------------------

56/73 Testing: user_counters_tabular_test
56/73 Test: user_counters_tabular_test
Command: "/home/glf/MPRPC/build/_deps/googlebenchmark-build/test/user_counters_tabular_test" "--benchmark_counters_tabular=true" "--benchmark_min_time=0.01"
Directory: /home/glf/MPRPC/build/_deps/googlebenchmark-build/test
"user_counters_tabular_test" start time: Sep 02 14:04 CST
Output:
----------------------------------------------------------
Running benchmarks...
-------------------------------
Testing ConsoleReporter Output
-------------------------------
-----------------------------------------------------------------------------------------------------------------------------------------------
Benchmark                                   Time             CPU   Iterations        Bar        Bat        Baz        Foo       Frob        Lob
-----------------------------------------------------------------------------------------------------------------------------------------------
BM_Counters_Tabular/threads:1            6.62 ns         3.50 ns      4715926          2          8          4          1         16         32
BM_Counters_Tabular/threads:2            1.77 ns         2.11 ns      8539958          2          8          4          1         16         32
BM_Counters_Tabular/threads:4           0.616 ns         2.28 ns      9259208          2          8          4          1         16         32
2025-09-02T14:04:16+08:00
Running /home/glf/MPRPC/build/_deps/googlebenchmark-build/test/user_counters_tabular_test
Run on (2 X 2688 MHz CPU s)
CPU Caches:
  L1 Data 48 KiB (x2)
  L1 Instruction 32 KiB (x2)
  L2 Unified 1280 KiB (x2)
  L3 Unified 24576 KiB (x2)
Load Average: 0.25, 1.81, 2.04
***WARNING*** Library was built as DEBUG. Timings may be affected.
2025-09-02T14:04:16+08:00
Running /home/glf/MPRPC/build/_deps/googlebenchmark-build/test/user_counters_tabular_test
Run on (2 X 2688 MHz CPU s)
CPU Caches:
  L1 Data 48 KiB (x2)
  L1 Instruction 32 KiB (x2)
  L2 Unified 1280 KiB (x2)
  L3 Unified 24576 KiB (x2)
Load Average: 0.25, 1.81, 2.04
***WARNING*** Library was built as DEBUG. Timings may be affected.
BM_Counters_Tabular/threads:8           0.297 ns         2.20 ns      8000000          2          8          4          1         16         32
BM_Counters_Tabular/threads:16          0.153 ns         2.27 ns     11435104          2          8          4          1         16         32
BM_CounterRates_Tabular/threads:1        4.99 ns         4.34 ns      3983900  115.678/s  462.713/s  231.356/s  57.8391/s  925.425/s 1.85085k/s
BM_CounterRates_Tabular/threads:2        1.91 ns         3.53 ns      4289498  132.247/s  528.987/s  264.493/s  66.1234/s  1057.97/s 2.11595k/s
BM_CounterRates_Tabular/threads:4        1.05 ns         3.87 ns      3010856  171.552/s  686.208/s  343.104/s   85.776/s 1.37242k/s 2.74483k/s
BM_CounterRates_Tabular/threads:8       0.657 ns         4.85 ns      3764208   109.45/s  437.798/s  218.899/s  54.7248/s  875.596/s 1.75119k/s
BM_CounterRates_Tabular/threads:16      0.330 ns         4.89 ns      2181424  187.604/s  750.417/s  375.208/s  93.8021/s 1.50083k/s 3.00167k/s
--------------------------------------------------------------------------------------------------------------
Benchmark                                   Time             CPU   Iterations        Bar        Baz        Foo
--------------------------------------------------------------------------------------------------------------
BM_CounterSet0_Tabular/threads:1         3.24 ns         2.98 ns      3477622         20         40         10
BM_CounterSet0_Tabular/threads:2         1.40 ns         2.58 ns      6686694         20         40         10
BM_CounterSet0_Tabular/threads:4        0.461 ns         1.70 ns      6347008         20         40         10
BM_CounterSet0_Tabular/threads:8        0.554 ns         4.10 ns      3151072         20         40         10
BM_CounterSet0_Tabular/threads:16       0.123 ns         1.82 ns      8489280         20         40         10
BM_CounterSet1_Tabular/threads:1         5.43 ns         2.23 ns      7333805         25         45         15
BM_CounterSet1_Tabular/threads:2         1.32 ns         2.44 ns      4598430         25         45         15
BM_CounterSet1_Tabular/threads:4        0.686 ns         2.54 ns      8149936         25         45         15
BM_CounterSet1_Tabular/threads:8        0.272 ns         1.98 ns      7115512         25         45         15
BM_CounterSet1_Tabular/threads:16       0.170 ns         2.51 ns      6103728         25         45         15
--------------------------------------------------------------------------------------------------------------
Benchmark                                   Time             CPU   Iterations        Bat        Baz        Foo
--------------------------------------------------------------------------------------------------------------
BM_CounterSet2_Tabular/threads:1         2.41 ns         2.18 ns      7773554         30         40         10
BM_CounterSet2_Tabular/threads:2        0.972 ns         1.80 ns     10185470         30         40         10
BM_CounterSet2_Tabular/threads:4        0.520 ns         1.92 ns      6545292         30         40         10
BM_CounterSet2_Tabular/threads:8        0.232 ns         1.72 ns      8000000         30         40         10
BM_CounterSet2_Tabular/threads:16       0.149 ns         2.20 ns      8111024         30         40         10

----------------------------
Testing JSONReporter Output
----------------------------
{
  "context": {
    "date": "2025-09-02T14:04:16+08:00",
    "host_name": "localhost.localdomain",
    "executable": "/home/glf/MPRPC/build/_deps/googlebenchmark-build/test/user_counters_tabular_test",
    "num_cpus": 2,
    "mhz_per_cpu": 2688,
    "cpu_scaling_enabled": false,
    "caches": [
      {
        "type": "Data",
        "level": 1,
        "size": 49152,
        "num_sharing": 1
      },
      {
        "type": "Instruction",
        "level": 1,
        "size": 32768,
        "num_sharing": 1
      },
      {
        "type": "Unified",
        "level": 2,
        "size": 1310720,
        "num_sharing": 1
      },
      {
        "type": "Unified",
        "level": 3,
        "size": 25165824,
        "num_sharing": 1
      }
    ],
    "load_avg": [0.25,1.81,2.04],
    "library_build_type": "debug"
  },
  "benchmarks": [
    {
      "name": "BM_Counters_Tabular/threads:1",
      "run_name": "BM_Counters_Tabular/threads:1",
      "run_type": "iteration",
      "repetitions": 0,
      "repetition_index": 0,
      "threads": 1,
      "iterations": 4715926,
      "real_time": 6.6198933156233926e+00,
      "cpu_time": 3.5004296080981776e+00,
      "time_unit": "ns",
      "Bar": 2.0000000000000000e+00,
      "Bat": 8.0000000000000000e+00,
      "Baz": 4.0000000000000000e+00,
      "Foo": 1.0000000000000000e+00,
      "Frob": 1.6000000000000000e+01,
      "Lob": 3.2000000000000000e+01
    },
    {
      "name": "BM_Counters_Tabular/threads:2",
      "run_name": "BM_Counters_Tabular/threads:2",
      "run_type": "iteration",
      "repetitions": 0,
      "repetition_index": 0,
      "threads": 2,
      "iterations": 8539958,
      "real_time": 1.7711224696482679e+00,
      "cpu_time": 2.1148027894282362e+00,
      "time_unit": "ns",
      "Bar": 2.0000000000000000e+00,
      "Bat": 8.0000000000000000e+00,
      "Baz": 4.0000000000000000e+00,
      "Foo": 1.0000000000000000e+00,
      "Frob": 1.6000000000000000e+01,
      "Lob": 3.2000000000000000e+01
    },
    {
      "name": "BM_Counters_Tabular/threads:4",
      "run_name": "BM_Counters_Tabular/threads:4",
      "run_type": "iteration",
      "repetitions": 0,
      "repetition_index": 0,
      "threads": 4,
      "iterations": 9259208,
      "real_time": 6.1645401991312332e-01,
      "cpu_time": 2.2773614114727736e+00,
      "time_unit": "ns",
      "Bar": 2.0000000000000000e+00,
      "Bat": 8.0000000000000000e+00,
      "Baz": 4.0000000000000000e+00,
      "Foo": 1.0000000000000000e+00,
      "Frob": 1.6000000000000000e+01,
      "Lob": 3.2000000000000000e+01
    },
    {
      "name": "BM_Counters_Tabular/threads:8",
      "run_name": "BM_Counters_Tabular/threads:8",
      "run_type": "iteration",
      "repetitions": 0,
      "repetition_index": 0,
      "threads": 8,
      "iterations": 8000000,
      "real_time": 2.9733328119618818e-01,
      "cpu_time": 2.1976488749999987e+00,
      "time_unit": "ns",
      "Bar": 2.0000000000000000e+00,
      "Bat": 8.0000000000000000e+00,
      "Baz": 4.0000000000000000e+00,
      "Foo": 1.0000000000000000e+00,
      "Frob": 1.6000000000000000e+01,
      "Lob": 3.2000000000000000e+01
    },
    {
      "name": "BM_Counters_Tabular/threads:16",
      "run_name": "BM_Counters_Tabular/threads:16",
      "run_type": "iteration",
      "repetitions": 0,
      "repetition_index": 0,
      "threads": 16,
      "iterations": 11435104,
      "real_time": 1.5326830467179020e-01,
      "cpu_time": 2.2658947395668636e+00,
      "time_unit": "ns",
      "Bar": 2.0000000000000000e+00,
      "Bat": 8.0000000000000000e+00,
      "Baz": 4.0000000000000000e+00,
      "Foo": 1.0000000000000000e+00,
      "Frob": 1.6000000000000000e+01,
      "Lob": 3.2000000000000000e+01
    },
    {
      "name": "BM_CounterRates_Tabular/threads:1",
      "run_name": "BM_CounterRates_Tabular/threads:1",
      "run_type": "iteration",
      "repetitions": 0,
      "repetition_index": 0,
      "threads": 1,
      "iterations": 3983900,
      "real_time": 4.9900123036570498e+00,
      "cpu_time": 4.3398047139737397e+00,
      "time_unit": "ns",
      "Bar": 1.1567816206834416e+02,
      "Bat": 4.6271264827337666e+02,
      "Baz": 2.3135632413668833e+02,
      "Foo": 5.7839081034172082e+01,
      "Frob": 9.2542529654675332e+02,
      "Lob": 1.8508505930935066e+03
    },
    {
      "name": "BM_CounterRates_Tabular/threads:2",
      "run_name": "BM_CounterRates_Tabular/threads:2",
      "run_type": "iteration",
      "repetitions": 0,
      "repetition_index": 0,
      "threads": 2,
      "iterations": 4289498,
      "real_time": 1.9091432131657162e+00,
      "cpu_time": 3.5256454251756306e+00,
      "time_unit": "ns",
      "Bar": 1.3224671497506904e+02,
      "Bat": 5.2898685990027616e+02,
      "Baz": 2.6449342995013808e+02,
      "Foo": 6.6123357487534520e+01,
      "Frob": 1.0579737198005523e+03,
      "Lob": 2.1159474396011046e+03
    },
    {
      "name": "BM_CounterRates_Tabular/threads:4",
      "run_name": "BM_CounterRates_Tabular/threads:4",
      "run_type": "iteration",
      "repetitions": 0,
      "repetition_index": 0,
      "threads": 4,
      "iterations": 3010856,
      "real_time": 1.0480000536860210e+00,
      "cpu_time": 3.8720785716753068e+00,
      "time_unit": "ns",
      "Bar": 1.7155202516736790e+02,
      "Bat": 6.8620810066947161e+02,
      "Baz": 3.4310405033473580e+02,
      "Foo": 8.5776012583683951e+01,
      "Frob": 1.3724162013389432e+03,
      "Lob": 2.7448324026778864e+03
    },
    {
      "name": "BM_CounterRates_Tabular/threads:8",
      "run_name": "BM_CounterRates_Tabular/threads:8",
      "run_type": "iteration",
      "repetitions": 0,
      "repetition_index": 0,
      "threads": 8,
      "iterations": 3764208,
      "real_time": 6.5673277029710397e-01,
      "cpu_time": 4.8544766920425140e+00,
      "time_unit": "ns",
      "Bar": 1.0944954540131337e+02,
      "Bat": 4.3779818160525349e+02,
      "Baz": 2.1889909080262674e+02,
      "Foo": 5.4724772700656686e+01,
      "Frob": 8.7559636321050698e+02,
      "Lob": 1.7511927264210140e+03
    },
    {
      "name": "BM_CounterRates_Tabular/threads:16",
      "run_name": "BM_CounterRates_Tabular/threads:16",
      "run_type": "iteration",
      "repetitions": 0,
      "repetition_index": 0,
      "threads": 16,
      "iterations": 2181424,
      "real_time": 3.3032539926251409e-01,
      "cpu_time": 4.8870558864301561e+00,
      "time_unit": "ns",
      "Bar": 1.8760422000684537e+02,
      "Bat": 7.5041688002738147e+02,
      "Baz": 3.7520844001369073e+02,
      "Foo": 9.3802110003422683e+01,
      "Frob": 1.5008337600547629e+03,
      "Lob": 3.0016675201095259e+03
    },
    {
      "name": "BM_CounterSet0_Tabular/threads:1",
      "run_name": "BM_CounterSet0_Tabular/threads:1",
      "run_type": "iteration",
      "repetitions": 0,
      "repetition_index": 0,
      "threads": 1,
      "iterations": 3477622,
      "real_time": 3.2403472847376138e+00,
      "cpu_time": 2.9813139553407537e+00,
      "time_unit": "ns",
      "Bar": 2.0000000000000000e+01,
      "Baz": 4.0000000000000000e+01,
      "Foo": 1.0000000000000000e+01
    },
    {
      "name": "BM_CounterSet0_Tabular/threads:2",
      "run_name": "BM_CounterSet0_Tabular/threads:2",
      "run_type": "iteration",
      "repetitions": 0,
      "repetition_index": 0,
      "threads": 2,
      "iterations": 6686694,
      "real_time": 1.3981338901498503e+00,
      "cpu_time": 2.5820626755164793e+00,
      "time_unit": "ns",
      "Bar": 2.0000000000000000e+01,
      "Baz": 4.0000000000000000e+01,
      "Foo": 1.0000000000000000e+01
    },
    {
      "name": "BM_CounterSet0_Tabular/threads:4",
      "run_name": "BM_CounterSet0_Tabular/threads:4",
      "run_type": "iteration",
      "repetitions": 0,
      "repetition_index": 0,
      "threads": 4,
      "iterations": 6347008,
      "real_time": 4.6079688187604134e-01,
      "cpu_time": 1.7037244950691639e+00,
      "time_unit": "ns",
      "Bar": 2.0000000000000000e+01,
      "Baz": 4.0000000000000000e+01,
      "Foo": 1.0000000000000000e+01
    },
    {
      "name": "BM_CounterSet0_Tabular/threads:8",
      "run_name": "BM_CounterSet0_Tabular/threads:8",
      "run_type": "iteration",
      "repetitions": 0,
      "repetition_index": 0,
      "threads": 8,
      "iterations": 3151072,
      "real_time": 5.5444075906083545e-01,
      "cpu_time": 4.0972275466888837e+00,
      "time_unit": "ns",
      "Bar": 2.0000000000000000e+01,
      "Baz": 4.0000000000000000e+01,
      "Foo": 1.0000000000000000e+01
    },
    {
      "name": "BM_CounterSet0_Tabular/threads:16",
      "run_name": "BM_CounterSet0_Tabular/threads:16",
      "run_type": "iteration",
      "repetitions": 0,
      "repetition_index": 0,
      "threads": 16,
      "iterations": 8489280,
      "real_time": 1.2289153909839698e-01,
      "cpu_time": 1.8157916808021310e+00,
      "time_unit": "ns",
      "Bar": 2.0000000000000000e+01,
      "Baz": 4.0000000000000000e+01,
      "Foo": 1.0000000000000000e+01
    },
    {
      "name": "BM_CounterSet1_Tabular/threads:1",
      "run_name": "BM_CounterSet1_Tabular/threads:1",
      "run_type": "iteration",
      "repetitions": 0,
      "repetition_index": 0,
      "threads": 1,
      "iterations": 7333805,
      "real_time": 5.4270649421006354e+00,
      "cpu_time": 2.2263932569791520e+00,
      "time_unit": "ns",
      "Bar": 2.5000000000000000e+01,
      "Baz": 4.5000000000000000e+01,
      "Foo": 1.5000000000000000e+01
    },
    {
      "name": "BM_CounterSet1_Tabular/threads:2",
      "run_name": "BM_CounterSet1_Tabular/threads:2",
      "run_type": "iteration",
      "repetitions": 0,
      "repetition_index": 0,
      "threads": 2,
      "iterations": 4598430,
      "real_time": 1.3216206384240148e+00,
      "cpu_time": 2.4408765600433080e+00,
      "time_unit": "ns",
      "Bar": 2.5000000000000000e+01,
      "Baz": 4.5000000000000000e+01,
      "Foo": 1.5000000000000000e+01
    },
    {
      "name": "BM_CounterSet1_Tabular/threads:4",
      "run_name": "BM_CounterSet1_Tabular/threads:4",
      "run_type": "iteration",
      "repetitions": 0,
      "repetition_index": 0,
      "threads": 4,
      "iterations": 8149936,
      "real_time": 6.8629710704831914e-01,
      "cpu_time": 2.5354113210214102e+00,
      "time_unit": "ns",
      "Bar": 2.5000000000000000e+01,
      "Baz": 4.5000000000000000e+01,
      "Foo": 1.5000000000000000e+01
    },
    {
      "name": "BM_CounterSet1_Tabular/threads:8",
      "run_name": "BM_CounterSet1_Tabular/threads:8",
      "run_type": "iteration",
      "repetitions": 0,
      "repetition_index": 0,
      "threads": 8,
      "iterations": 7115512,
      "real_time": 2.7152441701898006e-01,
      "cpu_time": 1.9776804536342503e+00,
      "time_unit": "ns",
      "Bar": 2.5000000000000000e+01,
      "Baz": 4.5000000000000000e+01,
      "Foo": 1.5000000000000000e+01
    },
    {
      "name": "BM_CounterSet1_Tabular/threads:16",
      "run_name": "BM_CounterSet1_Tabular/threads:16",
      "run_type": "iteration",
      "repetitions": 0,
      "repetition_index": 0,
      "threads": 16,
      "iterations": 6103728,
      "real_time": 1.6973538507476116e-01,
      "cpu_time": 2.5075925729324751e+00,
      "time_unit": "ns",
      "Bar": 2.5000000000000000e+01,
      "Baz": 4.5000000000000000e+01,
      "Foo": 1.5000000000000000e+01
    },
    {
      "name": "BM_CounterSet2_Tabular/threads:1",
      "run_name": "BM_CounterSet2_Tabular/threads:1",
      "run_type": "iteration",
      "repetitions": 0,
      "repetition_index": 0,
      "threads": 1,
      "iterations": 7773554,
      "real_time": 2.4135082883178005e+00,
      "cpu_time": 2.1824536113082873e+00,
      "time_unit": "ns",
      "Bat": 3.0000000000000000e+01,
      "Baz": 4.0000000000000000e+01,
      "Foo": 1.0000000000000000e+01
    },
    {
      "name": "BM_CounterSet2_Tabular/threads:2",
      "run_name": "BM_CounterSet2_Tabular/threads:2",
      "run_type": "iteration",
      "repetitions": 0,
      "repetition_index": 0,
      "threads": 2,
      "iterations": 10185470,
      "real_time": 9.7221871014195760e-01,
      "cpu_time": 1.7953579952618715e+00,
      "time_unit": "ns",
      "Bat": 3.0000000000000000e+01,
      "Baz": 4.0000000000000000e+01,
      "Foo": 1.0000000000000000e+01
    },
    {
      "name": "BM_CounterSet2_Tabular/threads:4",
      "run_name": "BM_CounterSet2_Tabular/threads:4",
      "run_type": "iteration",
      "repetitions": 0,
      "repetition_index": 0,
      "threads": 4,
      "iterations": 6545292,
      "real_time": 5.1982249125408897e-01,
      "cpu_time": 1.9198764547097495e+00,
      "time_unit": "ns",
      "Bat": 3.0000000000000000e+01,
      "Baz": 4.0000000000000000e+01,
      "Foo": 1.0000000000000000e+01
    },
    {
      "name": "BM_CounterSet2_Tabular/threads:8",
      "run_name": "BM_CounterSet2_Tabular/threads:8",
      "run_type": "iteration",
      "repetitions": 0,
      "repetition_index": 0,
      "threads": 8,
      "iterations": 8000000,
      "real_time": 2.3247424996952759e-01,
      "cpu_time": 1.7150128750000031e+00,
      "time_unit": "ns",
      "Bat": 3.0000000000000000e+01,
      "Baz": 4.0000000000000000e+01,
      "Foo": 1.0000000000000000e+01
    },
    {
      "name": "BM_CounterSet2_Tabular/threads:16",
      "run_name": "BM_CounterSet2_Tabular/threads:16",
      "run_type": "iteration",
      "repetitions": 0,
      "repetition_index": 0,
      "threads": 16,
      "iterations": 8111024,
      "real_time": 1.4857145366920779e-01,
      "cpu_time": 2.1970948427720138e+00,
      "time_unit": "ns",
      "Bat": 3.0000000000000000e+01,
      "Baz": 4.0000000000000000e+01,
      "Foo": 1.0000000000000000e+01
    }
  ]
}

---------------------------
Testing CSVReporter Output
---------------------------
name,iterations,real_time,cpu_time,time_unit,bytes_per_second,items_per_second,label,error_occurred,error_message,"Bar","Bat","Baz","Foo","Frob","Lob"
"BM_Counters_Tabular/threads:1",4715926,6.61989,3.50043,ns,,,,,,2,8,4,1,16,32
"BM_Counters_Tabular/threads:2",8539958,1.77112,2.1148,ns,,,,,,2,8,4,1,16,32
"BM_Counters_Tabular/threads:4",9259208,0.616454,2.27736,ns,,,,,,2,8,4,1,16,32
"BM_Counters_Tabular/threads:8",8000000,0.297333,2.19765,ns,,,,,,2,8,4,1,16,32
"BM_Counters_Tabular/threads:16",11435104,0.153268,2.26589,ns,,,,,,2,8,4,1,16,32
"BM_CounterRates_Tabular/threads:1",3983900,4.99001,4.3398,ns,,,,,,115.678,462.713,231.356,57.8391,925.425,1850.85
"BM_CounterRates_Tabular/threads:2",4289498,1.90914,3.52565,ns,,,,,,132.247,528.987,264.493,66.1234,1057.97,2115.95
"BM_CounterRates_Tabular/threads:4",3010856,1.048,3.87208,ns,,,,,,171.552,686.208,343.104,85.776,1372.42,2744.83
"BM_CounterRates_Tabular/threads:8",3764208,0.656733,4.85448,ns,,,,,,109.45,437.798,218.899,54.7248,875.596,1751.19
"BM_CounterRates_Tabular/threads:16",2181424,0.330325,4.88706,ns,,,,,,187.604,750.417,375.208,93.8021,1500.83,3001.67
"BM_CounterSet0_Tabular/threads:1",3477622,3.24035,2.98131,ns,,,,,,20,,40,10,,
"BM_CounterSet0_Tabular/threads:2",6686694,1.39813,2.58206,ns,,,,,,20,,40,10,,
"BM_CounterSet0_Tabular/threads:4",6347008,0.460797,1.70372,ns,,,,,,20,,40,10,,
"BM_CounterSet0_Tabular/threads:8",3151072,0.554441,4.09723,ns,,,,,,20,,40,10,,
"BM_CounterSet0_Tabular/threads:16",8489280,0.122892,1.81579,ns,,,,,,20,,40,10,,
"BM_CounterSet1_Tabular/threads:1",7333805,5.42706,2.22639,ns,,,,,,25,,45,15,,
"BM_CounterSet1_Tabular/threads:2",4598430,1.32162,2.44088,ns,,,,,,25,,45,15,,
"BM_CounterSet1_Tabular/threads:4",8149936,0.686297,2.53541,ns,,,,,,25,,45,15,,
"BM_CounterSet1_Tabular/threads:8",7115512,0.271524,1.97768,ns,,,,,,25,,45,15,,
"BM_CounterSet1_Tabular/threads:16",6103728,0.169735,2.50759,ns,,,,,,25,,45,15,,
"BM_CounterSet2_Tabular/threads:1",7773554,2.41351,2.18245,ns,,,,,,,30,40,10,,
"BM_CounterSet2_Tabular/threads:2",10185470,0.972219,1.79536,ns,,,,,,,30,40,10,,
"BM_CounterSet2_Tabular/threads:4",6545292,0.519822,1.91988,ns,,,,,,,30,40,10,,
"BM_CounterSet2_Tabular/threads:8",8000000,0.232474,1.71501,ns,,,,,,,30,40,10,,
"BM_CounterSet2_Tabular/threads:16",8111024,0.148571,2.19709,ns,,,,,,,30,40,10,,

<end of output>
Test time =   4.08 sec
----------------------------------------------------------
Test Passed.
"user_counters_tabular_test" end time: Sep 02 14:04 CST
"user_counters_tabular_test" time elapsed: 00:00:04
----------------------------------------------------------

39/73 Testing: basic_benchmark
39/73 Test: basic_benchmark
Command: "/home/glf/MPRPC/build/_deps/googlebenchmark-build/test/basic_test" "--benchmark_min_time=0.01"
Directory: /home/glf/MPRPC/build/_deps/googlebenchmark-build/test
"basic_benchmark" start time: Sep 02 14:04 CST
Output:
----------------------------------------------------------
2025-09-02T14:04:16+08:00
Running /home/glf/MPRPC/build/_deps/googlebenchmark-build/test/basic_test
Run on (2 X 2688 MHz CPU s)
CPU Caches:
  L1 Data 48 KiB (x2)
  L1 Instruction 32 KiB (x2)
  L2 Unified 1280 KiB (x2)
  L3 Unified 24576 KiB (x2)
Load Average: 0.39, 1.81, 2.04
***WARNING*** Library was built as DEBUG. Timings may be affected.
----------------------------------------------------------------------------------------
Benchmark                                              Time             CPU   Iterations
----------------------------------------------------------------------------------------
BM_empty                                            10.6 ns         4.17 ns      4101338
BM_empty/threads:2                                  2.36 ns         4.35 ns      2929500
BM_spin_empty/8                                     82.8 ns         75.8 ns       177805
BM_spin_empty/512                                   4629 ns         4209 ns         3670
BM_spin_empty/8192                                 88426 ns        46657 ns          288
BM_spin_empty/8/threads:2                           40.5 ns         74.8 ns       210648
BM_spin_empty/512/threads:2                         1781 ns         3289 ns         4886
BM_spin_empty/8192/threads:2                       26104 ns        48206 ns          258
BM_spin_pause_before/8                               140 ns         75.9 ns       193215
BM_spin_pause_before/512                           12339 ns         3002 ns         3550
BM_spin_pause_before/8192                          97680 ns        46836 ns          263
BM_spin_pause_before/8/threads:2                    44.6 ns         82.3 ns       127412
BM_spin_pause_before/512/threads:2                  3302 ns         3908 ns         3888
BM_spin_pause_before/8192/threads:2                28693 ns        52982 ns          260
BM_spin_pause_during/8                              1660 ns         1499 ns        11251
BM_spin_pause_during/512                            4243 ns         3922 ns         3659
BM_spin_pause_during/8192                          52049 ns        48094 ns          306
BM_spin_pause_during/8/threads:2                     997 ns         1830 ns        11480
BM_spin_pause_during/512/threads:2                  2630 ns         5187 ns         3152
BM_spin_pause_during/8192/threads:2                33118 ns        57616 ns          200
BM_pause_during                                     2607 ns         1420 ns        11704
BM_pause_during/threads:2                           1186 ns         1193 ns        13378
BM_pause_during/real_time                           2391 ns          969 ns        10000
BM_pause_during/real_time/threads:2                 4040 ns         1085 ns        22826
BM_spin_pause_after/8                                361 ns         45.9 ns       197492
BM_spin_pause_after/512                             9535 ns         3163 ns         3781
BM_spin_pause_after/8192                          326166 ns        41906 ns          379
BM_spin_pause_after/8/threads:2                     38.3 ns         70.7 ns       247918
BM_spin_pause_after/512/threads:2                   1749 ns         3230 ns         4924
BM_spin_pause_after/8192/threads:2                 24111 ns        44526 ns          348
BM_spin_pause_before_and_after/8                     268 ns         75.0 ns       212759
BM_spin_pause_before_and_after/512                 15093 ns         3257 ns         4349
BM_spin_pause_before_and_after/8192               153383 ns        56859 ns          231
BM_spin_pause_before_and_after/8/threads:2          56.9 ns          105 ns       125798
BM_spin_pause_before_and_after/512/threads:2        1778 ns         3282 ns         3266
BM_spin_pause_before_and_after/8192/threads:2      66343 ns        52168 ns          246
BM_empty_stop_start                                 5.12 ns         2.21 ns     10985812
BM_empty_stop_start/threads:2                      0.946 ns         1.75 ns      6854334
BM_KeepRunning                                      12.9 ns         4.77 ns      2996629
BM_KeepRunningBatch/repeats:1                      0.005 ns        0.004 ns   1000000729
BM_RangedFor                                        11.1 ns         2.08 ns      8258286
<end of output>
Test time =   5.21 sec
----------------------------------------------------------
Test Passed.
"basic_benchmark" end time: Sep 02 14:04 CST
"basic_benchmark" time elapsed: 00:00:05
----------------------------------------------------------

60/73 Testing: complexity_benchmark
60/73 Test: complexity_benchmark
Command: "/home/glf/MPRPC/build/_deps/googlebenchmark-build/test/complexity_test" "--benchmark_min_time=0.01"
Directory: /home/glf/MPRPC/build/_deps/googlebenchmark-build/test
"complexity_benchmark" start time: Sep 02 14:04 CST
Output:
----------------------------------------------------------
Running benchmarks...
-------------------------------
Testing ConsoleReporter Output
-------------------------------
------------------------------------------------------------------------------------
Benchmark                                          Time             CPU   Iterations
------------------------------------------------------------------------------------
BM_Complexity_O1/1                              5102 ns         1334 ns         9814
BM_Complexity_O1/8                              5166 ns         1475 ns         9264
BM_Complexity_O1/64                             6343 ns         1296 ns         8012
BM_Complexity_O1/512                            9717 ns         1486 ns        10000
BM_Complexity_O1/4096                           5988 ns         1315 ns         8330
BM_Complexity_O1/32768                          6288 ns         1536 ns         8635
BM_Complexity_O1/262144                         1811 ns         1619 ns         9405
BM_Complexity_O1_BigO                        5773.50 (1)     1437.45 (1)  
2025-09-02T14:04:20+08:00
Running /home/glf/MPRPC/build/_deps/googlebenchmark-build/test/complexity_test
Run on (2 X 2688 MHz CPU s)
CPU Caches:
  L1 Data 48 KiB (x2)
  L1 Instruction 32 KiB (x2)
  L2 Unified 1280 KiB (x2)
  L3 Unified 24576 KiB (x2)
Load Average: 0.39, 1.81, 2.04
***WARNING*** Library was built as DEBUG. Timings may be affected.
2025-09-02T14:04:20+08:00
Running /home/glf/MPRPC/build/_deps/googlebenchmark-build/test/complexity_test
Run on (2 X 2688 MHz CPU s)
CPU Caches:
  L1 Data 48 KiB (x2)
  L1 Instruction 32 KiB (x2)
  L2 Unified 1280 KiB (x2)
  L3 Unified 24576 KiB (x2)
Load Average: 0.39, 1.81, 2.04
***WARNING*** Library was built as DEBUG. Timings may be affected.
BM_Complexity_O1_RMS                              37 %             8 %    
BM_Complexity_O1/1                            106509 ns         1570 ns         1000
BM_Complexity_O1/8                              7457 ns         1733 ns         7918
BM_Complexity_O1/64                            12221 ns         1697 ns         5881
BM_Complexity_O1/512                           10510 ns         1921 ns         8335
BM_Complexity_O1/4096                           5573 ns         1572 ns         8981
BM_Complexity_O1/32768                          9269 ns         1581 ns         7424
BM_Complexity_O1/262144                         5057 ns         1619 ns        10000
BM_Complexity_O1_BigO                       22370.93 (1)     1670.56 (1)  
BM_Complexity_O1_RMS                             154 %             7 %    
BM_Complexity_O1/1                              7855 ns         1422 ns        10637
BM_Complexity_O1/8                              5712 ns         1657 ns        11347
BM_Complexity_O1/64                             4385 ns         1358 ns         7595
BM_Complexity_O1/512                            4991 ns         1534 ns        13531
BM_Complexity_O1/4096                           3817 ns         1305 ns         9179
BM_Complexity_O1/32768                          4817 ns         1441 ns        10000
BM_Complexity_O1/262144                         3777 ns         1442 ns        10000
BM_Complexity_O1_BigO                        5050.62 f(N)    1451.00 f(N) 
BM_Complexity_O1_RMS                              26 %             7 %    
BM_Complexity_O_N/1024                         25762 ns         7860 ns         1277
BM_Complexity_O_N/2048                         63889 ns        17057 ns         1136
BM_Complexity_O_N/4096                        122033 ns        31041 ns          532
BM_Complexity_O_N/8192                        180399 ns        54493 ns          221
BM_Complexity_O_N/16384                       596634 ns       155148 ns           85
BM_Complexity_O_N/32768                      1033676 ns       291683 ns           35
BM_Complexity_O_N/65536                      2003512 ns       511938 ns           22
BM_Complexity_O_N_BigO                         30.92 N          8.08 N    
BM_Complexity_O_N_RMS                              8 %            10 %    
BM_Complexity_O_N/1024                         57761 ns        10874 ns         1795
BM_Complexity_O_N/2048                         61247 ns        15802 ns         1292
BM_Complexity_O_N/4096                        157833 ns        35099 ns          442
BM_Complexity_O_N/8192                        344205 ns        82719 ns          173
BM_Complexity_O_N/16384                       586845 ns       142768 ns           77
BM_Complexity_O_N/32768                      1180535 ns       307583 ns           39
BM_Complexity_O_N/65536                      1449812 ns       556642 ns           26
BM_Complexity_O_N_BigO                         25.66 f(N)       8.69 f(N) 
BM_Complexity_O_N_RMS                             32 %             7 %    
BM_Complexity_O_N/1024                         34711 ns         9790 ns         1295
BM_Complexity_O_N/2048                         68971 ns        18842 ns          680
BM_Complexity_O_N/4096                        265960 ns        37465 ns          382
BM_Complexity_O_N/8192                        282738 ns        53314 ns          260
BM_Complexity_O_N/16384                       731439 ns       174611 ns          103
BM_Complexity_O_N/32768                      2106902 ns       248284 ns           56
BM_Complexity_O_N/65536                      3229123 ns       558446 ns           26
BM_Complexity_O_N_BigO                         51.73 N          8.42 N    
BM_Complexity_O_N_RMS                             19 %            12 %    
BM_Complexity_O_N_log_N/1024                  587261 ns       151566 ns          135
BM_Complexity_O_N_log_N/2048                 2075489 ns       342586 ns           47
BM_Complexity_O_N_log_N/4096                 2891101 ns       717325 ns           20
BM_Complexity_O_N_log_N/8192                18468992 ns      1730563 ns            4
BM_Complexity_O_N_log_N/16384                8383245 ns      2360531 ns            5
BM_Complexity_O_N_log_N/32768               51824152 ns      9917020 ns            2
BM_Complexity_O_N_log_N/65536              165832958 ns     25170817 ns            1
BM_Complexity_O_N_log_N_BigO                  144.48 NlgN      22.75 NlgN 
BM_Complexity_O_N_log_N_RMS                       37 %            23 %    
BM_Complexity_O_N_log_N/1024                  553022 ns       111099 ns          100
BM_Complexity_O_N_log_N/2048                  864424 ns       173089 ns           83
BM_Complexity_O_N_log_N/4096                 2520491 ns       610228 ns           34
BM_Complexity_O_N_log_N/8192                10411596 ns      1529513 ns            8
BM_Complexity_O_N_log_N/16384               46444351 ns     10320695 ns            1
BM_Complexity_O_N_log_N/32768               44224455 ns     13177046 ns            1
BM_Complexity_O_N_log_N/65536               80210998 ns     26905367 ns            1
BM_Complexity_O_N_log_N_BigO                   83.63 f(N)      26.46 f(N) 
BM_Complexity_O_N_log_N_RMS                       41 %            23 %    
BM_Complexity_O_N_log_N/1024                  471602 ns       169000 ns          121
BM_Complexity_O_N_log_N/2048                 1783528 ns       318683 ns           48
BM_Complexity_O_N_log_N/4096                  882376 ns       440168 ns           29
BM_Complexity_O_N_log_N/8192                 4909831 ns      1147602 ns           12
BM_Complexity_O_N_log_N/16384               14041752 ns      3367611 ns            7
BM_Complexity_O_N_log_N/32768               48142695 ns     13959898 ns            1
BM_Complexity_O_N_log_N/65536              152616567 ns     30491739 ns            1
BM_Complexity_O_N_log_N_BigO                  133.18 NlgN      28.24 NlgN 
BM_Complexity_O_N_log_N_RMS                       35 %            20 %    
BM_ComplexityCaptureArgs/capture_test/1/3       22.2 ns         4.46 ns      4083663
BM_ComplexityCaptureArgs/capture_test/2/3       22.2 ns         5.10 ns      3821812
BM_ComplexityCaptureArgs/capture_test/1/4       24.3 ns         3.81 ns      2186827
BM_ComplexityCaptureArgs/capture_test/2/4       12.1 ns         3.57 ns      4021560
BM_ComplexityCaptureArgs/capture_test_BigO       0.20 N          0.04 N    
BM_ComplexityCaptureArgs/capture_test_RMS         24 %            14 %    

----------------------------
Testing JSONReporter Output
----------------------------
{
  "context": {
    "date": "2025-09-02T14:04:20+08:00",
    "host_name": "localhost.localdomain",
    "executable": "/home/glf/MPRPC/build/_deps/googlebenchmark-build/test/complexity_test",
    "num_cpus": 2,
    "mhz_per_cpu": 2688,
    "cpu_scaling_enabled": false,
    "caches": [
      {
        "type": "Data",
        "level": 1,
        "size": 49152,
        "num_sharing": 1
      },
      {
        "type": "Instruction",
        "level": 1,
        "size": 32768,
        "num_sharing": 1
      },
      {
        "type": "Unified",
        "level": 2,
        "size": 1310720,
        "num_sharing": 1
      },
      {
        "type": "Unified",
        "level": 3,
        "size": 25165824,
        "num_sharing": 1
      }
    ],
    "load_avg": [0.39,1.81,2.04],
    "library_build_type": "debug"
  },
  "benchmarks": [
    {
      "name": "BM_Complexity_O1/1",
      "run_name": "BM_Complexity_O1/1",
      "run_type": "iteration",
      "repetitions": 0,
      "repetition_index": 0,
      "threads": 1,
      "iterations": 9814,
      "real_time": 5.1017094957990530e+03,
      "cpu_time": 1.3344982677807225e+03,
      "time_unit": "ns"
    },
    {
      "name": "BM_Complexity_O1/8",
      "run_name": "BM_Complexity_O1/8",
      "run_type": "iteration",
      "repetitions": 0,
      "repetition_index": 0,
      "threads": 1,
      "iterations": 9264,
      "real_time": 5.1663001945072592e+03,
      "cpu_time": 1.4749476468048358e+03,
      "time_unit": "ns"
    },
    {
      "name": "BM_Complexity_O1/64",
      "run_name": "BM_Complexity_O1/64",
      "run_type": "iteration",
      "repetitions": 0,
      "repetition_index": 0,
      "threads": 1,
      "iterations": 8012,
      "real_time": 6.3426922135837603e+03,
      "cpu_time": 1.2964006490264630e+03,
      "time_unit": "ns"
    },
    {
      "name": "BM_Complexity_O1/512",
      "run_name": "BM_Complexity_O1/512",
      "run_type": "iteration",
      "repetitions": 0,
      "repetition_index": 0,
      "threads": 1,
      "iterations": 10000,
      "real_time": 9.7166931023821235e+03,
      "cpu_time": 1.4861265000000012e+03,
      "time_unit": "ns"
    },
    {
      "name": "BM_Complexity_O1/4096",
      "run_name": "BM_Complexity_O1/4096",
      "run_type": "iteration",
      "repetitions": 0,
      "repetition_index": 0,
      "threads": 1,
      "iterations": 8330,
      "real_time": 5.9882522209034287e+03,
      "cpu_time": 1.3151707082833123e+03,
      "time_unit": "ns"
    },
    {
      "name": "BM_Complexity_O1/32768",
      "run_name": "BM_Complexity_O1/32768",
      "run_type": "iteration",
      "repetitions": 0,
      "repetition_index": 0,
      "threads": 1,
      "iterations": 8635,
      "real_time": 6.2880929940734459e+03,
      "cpu_time": 1.5359500868558202e+03,
      "time_unit": "ns"
    },
    {
      "name": "BM_Complexity_O1/262144",
      "run_name": "BM_Complexity_O1/262144",
      "run_type": "iteration",
      "repetitions": 0,
      "repetition_index": 0,
      "threads": 1,
      "iterations": 9405,
      "real_time": 1.8107800098093487e+03,
      "cpu_time": 1.6190527379053697e+03,
      "time_unit": "ns"
    },
    {
      "name": "BM_Complexity_O1_BigO",
      "run_name": "BM_Complexity_O1",
      "run_type": "aggregate",
      "repetitions": 0,
      "threads": 1,
      "aggregate_name": "BigO",
      "cpu_coefficient": 1.4374495138080749e+03,
      "real_coefficient": 5.7735028901512023e+03,
      "big_o": "(1)",
      "time_unit": "ns"
    },
    {
      "name": "BM_Complexity_O1_RMS",
      "run_name": "BM_Complexity_O1",
      "run_type": "aggregate",
      "repetitions": 0,
      "threads": 1,
      "aggregate_name": "RMS",
      "rms": 7.9712128563808660e-02
    },
    {
      "name": "BM_Complexity_O1/1",
      "run_name": "BM_Complexity_O1/1",
      "run_type": "iteration",
      "repetitions": 0,
      "repetition_index": 0,
      "threads": 1,
      "iterations": 1000,
      "real_time": 1.0650920498301275e+05,
      "cpu_time": 1.5701570000000165e+03,
      "time_unit": "ns"
    },
    {
      "name": "BM_Complexity_O1/8",
      "run_name": "BM_Complexity_O1/8",
      "run_type": "iteration",
      "repetitions": 0,
      "repetition_index": 0,
      "threads": 1,
      "iterations": 7918,
      "real_time": 7.4571249082055947e+03,
      "cpu_time": 1.7334242232887048e+03,
      "time_unit": "ns"
    },
    {
      "name": "BM_Complexity_O1/64",
      "run_name": "BM_Complexity_O1/64",
      "run_type": "iteration",
      "repetitions": 0,
      "repetition_index": 0,
      "threads": 1,
      "iterations": 5881,
      "real_time": 1.2220766875283820e+04,
      "cpu_time": 1.6970868899847003e+03,
      "time_unit": "ns"
    },
    {
      "name": "BM_Complexity_O1/512",
      "run_name": "BM_Complexity_O1/512",
      "run_type": "iteration",
      "repetitions": 0,
      "repetition_index": 0,
      "threads": 1,
      "iterations": 8335,
      "real_time": 1.0510065869233238e+04,
      "cpu_time": 1.9206974205158988e+03,
      "time_unit": "ns"
    },
    {
      "name": "BM_Complexity_O1/4096",
      "run_name": "BM_Complexity_O1/4096",
      "run_type": "iteration",
      "repetitions": 0,
      "repetition_index": 0,
      "threads": 1,
      "iterations": 8981,
      "real_time": 5.5728276366644395e+03,
      "cpu_time": 1.5718991203652135e+03,
      "time_unit": "ns"
    },
    {
      "name": "BM_Complexity_O1/32768",
      "run_name": "BM_Complexity_O1/32768",
      "run_type": "iteration",
      "repetitions": 0,
      "repetition_index": 0,
      "threads": 1,
      "iterations": 7424,
      "real_time": 9.2691800898984220e+03,
      "cpu_time": 1.5812851562500009e+03,
      "time_unit": "ns"
    },
    {
      "name": "BM_Complexity_O1/262144",
      "run_name": "BM_Complexity_O1/262144",
      "run_type": "iteration",
      "repetitions": 0,
      "repetition_index": 0,
      "threads": 1,
      "iterations": 10000,
      "real_time": 5.0573454995173961e+03,
      "cpu_time": 1.6193375999999982e+03,
      "time_unit": "ns"
    },
    {
      "name": "BM_Complexity_O1_BigO",
      "run_name": "BM_Complexity_O1",
      "run_type": "aggregate",
      "repetitions": 0,
      "threads": 1,
      "aggregate_name": "BigO",
      "cpu_coefficient": 1.6705553443435049e+03,
      "real_coefficient": 2.2370930837402240e+04,
      "big_o": "(1)",
      "time_unit": "ns"
    },
    {
      "name": "BM_Complexity_O1_RMS",
      "run_name": "BM_Complexity_O1",
      "run_type": "aggregate",
      "repetitions": 0,
      "threads": 1,
      "aggregate_name": "RMS",
      "rms": 7.0694876076936738e-02
    },
    {
      "name": "BM_Complexity_O1/1",
      "run_name": "BM_Complexity_O1/1",
      "run_type": "iteration",
      "repetitions": 0,
      "repetition_index": 0,
      "threads": 1,
      "iterations": 10637,
      "real_time": 7.8553265957723015e+03,
      "cpu_time": 1.4215732819403956e+03,
      "time_unit": "ns"
    },
    {
      "name": "BM_Complexity_O1/8",
      "run_name": "BM_Complexity_O1/8",
      "run_type": "iteration",
      "repetitions": 0,
      "repetition_index": 0,
      "threads": 1,
      "iterations": 11347,
      "real_time": 5.7117193069136965e+03,
      "cpu_time": 1.6566935753943771e+03,
      "time_unit": "ns"
    },
    {
      "name": "BM_Complexity_O1/64",
      "run_name": "BM_Complexity_O1/64",
      "run_type": "iteration",
      "repetitions": 0,
      "repetition_index": 0,
      "threads": 1,
      "iterations": 7595,
      "real_time": 4.3852682051587899e+03,
      "cpu_time": 1.3576356813693253e+03,
      "time_unit": "ns"
    },
    {
      "name": "BM_Complexity_O1/512",
      "run_name": "BM_Complexity_O1/512",
      "run_type": "iteration",
      "repetitions": 0,
      "repetition_index": 0,
      "threads": 1,
      "iterations": 13531,
      "real_time": 4.9905008498241177e+03,
      "cpu_time": 1.5341265981819522e+03,
      "time_unit": "ns"
    },
    {
      "name": "BM_Complexity_O1/4096",
      "run_name": "BM_Complexity_O1/4096",
      "run_type": "iteration",
      "repetitions": 0,
      "repetition_index": 0,
      "threads": 1,
      "iterations": 9179,
      "real_time": 3.8174291320716566e+03,
      "cpu_time": 1.3048532519882335e+03,
      "time_unit": "ns"
    },
    {
      "name": "BM_Complexity_O1/32768",
      "run_name": "BM_Complexity_O1/32768",
      "run_type": "iteration",
      "repetitions": 0,
      "repetition_index": 0,
      "threads": 1,
      "iterations": 10000,
      "real_time": 4.8170733003644273e+03,
      "cpu_time": 1.4405441000000019e+03,
      "time_unit": "ns"
    },
    {
      "name": "BM_Complexity_O1/262144",
      "run_name": "BM_Complexity_O1/262144",
      "run_type": "iteration",
      "repetitions": 0,
      "repetition_index": 0,
      "threads": 1,
      "iterations": 10000,
      "real_time": 3.7770116003230214e+03,
      "cpu_time": 1.4415869999999998e+03,
      "time_unit": "ns"
    },
    {
      "name": "BM_Complexity_O1_BigO",
      "run_name": "BM_Complexity_O1",
      "run_type": "aggregate",
      "repetitions": 0,
      "threads": 1,
      "aggregate_name": "BigO",
      "cpu_coefficient": 1.4510019269820407e+03,
      "real_coefficient": 5.0506184272040009e+03,
      "big_o": "f(N)",
      "time_unit": "ns"
    },
    {
      "name": "BM_Complexity_O1_RMS",
      "run_name": "BM_Complexity_O1",
      "run_type": "aggregate",
      "repetitions": 0,
      "threads": 1,
      "aggregate_name": "RMS",
      "rms": 7.3841689757641688e-02
    },
    {
      "name": "BM_Complexity_O_N/1024",
      "run_name": "BM_Complexity_O_N/1024",
      "run_type": "iteration",
      "repetitions": 0,
      "repetition_index": 0,
      "threads": 1,
      "iterations": 1277,
      "real_time": 2.5762315573697339e+04,
      "cpu_time": 7.8602975724353792e+03,
      "time_unit": "ns"
    },
    {
      "name": "BM_Complexity_O_N/2048",
      "run_name": "BM_Complexity_O_N/2048",
      "run_type": "iteration",
      "repetitions": 0,
      "repetition_index": 0,
      "threads": 1,
      "iterations": 1136,
      "real_time": 6.3888601238124436e+04,
      "cpu_time": 1.7057375880281710e+04,
      "time_unit": "ns"
    },
    {
      "name": "BM_Complexity_O_N/4096",
      "run_name": "BM_Complexity_O_N/4096",
      "run_type": "iteration",
      "repetitions": 0,
      "repetition_index": 0,
      "threads": 1,
      "iterations": 532,
      "real_time": 1.2203271428991418e+05,
      "cpu_time": 3.1041411654135311e+04,
      "time_unit": "ns"
    },
    {
      "name": "BM_Complexity_O_N/8192",
      "run_name": "BM_Complexity_O_N/8192",
      "run_type": "iteration",
      "repetitions": 0,
      "repetition_index": 0,
      "threads": 1,
      "iterations": 221,
      "real_time": 1.8039899095956117e+05,
      "cpu_time": 5.4492705882352820e+04,
      "time_unit": "ns"
    },
    {
      "name": "BM_Complexity_O_N/16384",
      "run_name": "BM_Complexity_O_N/16384",
      "run_type": "iteration",
      "repetitions": 0,
      "repetition_index": 0,
      "threads": 1,
      "iterations": 85,
      "real_time": 5.9663442353827553e+05,
      "cpu_time": 1.5514831764705872e+05,
      "time_unit": "ns"
    },
    {
      "name": "BM_Complexity_O_N/32768",
      "run_name": "BM_Complexity_O_N/32768",
      "run_type": "iteration",
      "repetitions": 0,
      "repetition_index": 0,
      "threads": 1,
      "iterations": 35,
      "real_time": 1.0336760290166630e+06,
      "cpu_time": 2.9168339999999950e+05,
      "time_unit": "ns"
    },
    {
      "name": "BM_Complexity_O_N/65536",
      "run_name": "BM_Complexity_O_N/65536",
      "run_type": "iteration",
      "repetitions": 0,
      "repetition_index": 0,
      "threads": 1,
      "iterations": 22,
      "real_time": 2.0035121362360024e+06,
      "cpu_time": 5.1193763636363618e+05,
      "time_unit": "ns"
    },
    {
      "name": "BM_Complexity_O_N_BigO",
      "run_name": "BM_Complexity_O_N",
      "run_type": "aggregate",
      "repetitions": 0,
      "threads": 1,
      "aggregate_name": "BigO",
      "cpu_coefficient": 8.0797238645040554e+00,
      "real_coefficient": 3.0924793193914777e+01,
      "big_o": "N",
      "time_unit": "ns"
    },
    {
      "name": "BM_Complexity_O_N_RMS",
      "run_name": "BM_Complexity_O_N",
      "run_type": "aggregate",
      "repetitions": 0,
      "threads": 1,
      "aggregate_name": "RMS",
      "rms": 1.0184103515074124e-01
    },
    {
      "name": "BM_Complexity_O_N/1024",
      "run_name": "BM_Complexity_O_N/1024",
      "run_type": "iteration",
      "repetitions": 0,
      "repetition_index": 0,
      "threads": 1,
      "iterations": 1795,
      "real_time": 5.7761064629410306e+04,
      "cpu_time": 1.0873960445682449e+04,
      "time_unit": "ns"
    },
    {
      "name": "BM_Complexity_O_N/2048",
      "run_name": "BM_Complexity_O_N/2048",
      "run_type": "iteration",
      "repetitions": 0,
      "repetition_index": 0,
      "threads": 1,
      "iterations": 1292,
      "real_time": 6.1247082819640287e+04,
      "cpu_time": 1.5802179566563462e+04,
      "time_unit": "ns"
    },
    {
      "name": "BM_Complexity_O_N/4096",
      "run_name": "BM_Complexity_O_N/4096",
      "run_type": "iteration",
      "repetitions": 0,
      "repetition_index": 0,
      "threads": 1,
      "iterations": 442,
      "real_time": 1.5783295022456473e+05,
      "cpu_time": 3.5099024886877851e+04,
      "time_unit": "ns"
    },
    {
      "name": "BM_Complexity_O_N/8192",
      "run_name": "BM_Complexity_O_N/8192",
      "run_type": "iteration",
      "repetitions": 0,
      "repetition_index": 0,
      "threads": 1,
      "iterations": 173,
      "real_time": 3.4420469350509904e+05,
      "cpu_time": 8.2719202312138659e+04,
      "time_unit": "ns"
    },
    {
      "name": "BM_Complexity_O_N/16384",
      "run_name": "BM_Complexity_O_N/16384",
      "run_type": "iteration",
      "repetitions": 0,
      "repetition_index": 0,
      "threads": 1,
      "iterations": 77,
      "real_time": 5.8684466246442939e+05,
      "cpu_time": 1.4276761038961078e+05,
      "time_unit": "ns"
    },
    {
      "name": "BM_Complexity_O_N/32768",
      "run_name": "BM_Complexity_O_N/32768",
      "run_type": "iteration",
      "repetitions": 0,
      "repetition_index": 0,
      "threads": 1,
      "iterations": 39,
      "real_time": 1.1805350771352935e+06,
      "cpu_time": 3.0758292307692254e+05,
      "time_unit": "ns"
    },
    {
      "name": "BM_Complexity_O_N/65536",
      "run_name": "BM_Complexity_O_N/65536",
      "run_type": "iteration",
      "repetitions": 0,
      "repetition_index": 0,
      "threads": 1,
      "iterations": 26,
      "real_time": 1.4498120760366034e+06,
      "cpu_time": 5.5664184615384659e+05,
      "time_unit": "ns"
    },
    {
      "name": "BM_Complexity_O_N_BigO",
      "run_name": "BM_Complexity_O_N",
      "run_type": "aggregate",
      "repetitions": 0,
      "threads": 1,
      "aggregate_name": "BigO",
      "cpu_coefficient": 8.6902870739971689e+00,
      "real_coefficient": 2.5664912725124502e+01,
      "big_o": "f(N)",
      "time_unit": "ns"
    },
    {
      "name": "BM_Complexity_O_N_RMS",
      "run_name": "BM_Complexity_O_N",
      "run_type": "aggregate",
      "repetitions": 0,
      "threads": 1,
      "aggregate_name": "RMS",
      "rms": 6.6113167137768061e-02
    },
    {
      "name": "BM_Complexity_O_N/1024",
      "run_name": "BM_Complexity_O_N/1024",
      "run_type": "iteration",
      "repetitions": 0,
      "repetition_index": 0,
      "threads": 1,
      "iterations": 1295,
      "real_time": 3.4710548258059331e+04,
      "cpu_time": 9.7904254826255346e+03,
      "time_unit": "ns"
    },
    {
      "name": "BM_Complexity_O_N/2048",
      "run_name": "BM_Complexity_O_N/2048",
      "run_type": "iteration",
      "repetitions": 0,
      "repetition_index": 0,
      "threads": 1,
      "iterations": 680,
      "real_time": 6.8971276478431027e+04,
      "cpu_time": 1.8842442647058837e+04,
      "time_unit": "ns"
    },
    {
      "name": "BM_Complexity_O_N/4096",
      "run_name": "BM_Complexity_O_N/4096",
      "run_type": "iteration",
      "repetitions": 0,
      "repetition_index": 0,
      "threads": 1,
      "iterations": 382,
      "real_time": 2.6596037170262181e+05,
      "cpu_time": 3.7464869109947620e+04,
      "time_unit": "ns"
    },
    {
      "name": "BM_Complexity_O_N/8192",
      "run_name": "BM_Complexity_O_N/8192",
      "run_type": "iteration",
      "repetitions": 0,
      "repetition_index": 0,
      "threads": 1,
      "iterations": 260,
      "real_time": 2.8273790768043208e+05,
      "cpu_time": 5.3314369230769065e+04,
      "time_unit": "ns"
    },
    {
      "name": "BM_Complexity_O_N/16384",
      "run_name": "BM_Complexity_O_N/16384",
      "run_type": "iteration",
      "repetitions": 0,
      "repetition_index": 0,
      "threads": 1,
      "iterations": 103,
      "real_time": 7.3143898072037660e+05,
      "cpu_time": 1.7461114563106850e+05,
      "time_unit": "ns"
    },
    {
      "name": "BM_Complexity_O_N/32768",
      "run_name": "BM_Complexity_O_N/32768",
      "run_type": "iteration",
      "repetitions": 0,
      "repetition_index": 0,
      "threads": 1,
      "iterations": 56,
      "real_time": 2.1069023568998091e+06,
      "cpu_time": 2.4828396428571473e+05,
      "time_unit": "ns"
    },
    {
      "name": "BM_Complexity_O_N/65536",
      "run_name": "BM_Complexity_O_N/65536",
      "run_type": "iteration",
      "repetitions": 0,
      "repetition_index": 0,
      "threads": 1,
      "iterations": 26,
      "real_time": 3.2291228462082264e+06,
      "cpu_time": 5.5844649999999744e+05,
      "time_unit": "ns"
    },
    {
      "name": "BM_Complexity_O_N_BigO",
      "run_name": "BM_Complexity_O_N",
      "run_type": "aggregate",
      "repetitions": 0,
      "threads": 1,
      "aggregate_name": "BigO",
      "cpu_coefficient": 8.4232388843014832e+00,
      "real_coefficient": 5.1731553701659223e+01,
      "big_o": "N",
      "time_unit": "ns"
    },
    {
      "name": "BM_Complexity_O_N_RMS",
      "run_name": "BM_Complexity_O_N",
      "run_type": "aggregate",
      "repetitions": 0,
      "threads": 1,
      "aggregate_name": "RMS",
      "rms": 1.1796749480179544e-01
    },
    {
      "name": "BM_Complexity_O_N_log_N/1024",
      "run_name": "BM_Complexity_O_N_log_N/1024",
      "run_type": "iteration",
      "repetitions": 0,
      "repetition_index": 0,
      "threads": 1,
      "iterations": 135,
      "real_time": 5.8726118511037424e+05,
      "cpu_time": 1.5156563703703752e+05,
      "time_unit": "ns"
    },
    {
      "name": "BM_Complexity_O_N_log_N/2048",
      "run_name": "BM_Complexity_O_N_log_N/2048",
      "run_type": "iteration",
      "repetitions": 0,
      "repetition_index": 0,
      "threads": 1,
      "iterations": 47,
      "real_time": 2.0754886382417951e+06,
      "cpu_time": 3.4258646808510547e+05,
      "time_unit": "ns"
    },
    {
      "name": "BM_Complexity_O_N_log_N/4096",
      "run_name": "BM_Complexity_O_N_log_N/4096",
      "run_type": "iteration",
      "repetitions": 0,
      "repetition_index": 0,
      "threads": 1,
      "iterations": 20,
      "real_time": 2.8911005501868203e+06,
      "cpu_time": 7.1732489999999921e+05,
      "time_unit": "ns"
    },
    {
      "name": "BM_Complexity_O_N_log_N/8192",
      "run_name": "BM_Complexity_O_N_log_N/8192",
      "run_type": "iteration",
      "repetitions": 0,
      "repetition_index": 0,
      "threads": 1,
      "iterations": 4,
      "real_time": 1.8468992246198468e+07,
      "cpu_time": 1.7305629999999905e+06,
      "time_unit": "ns"
    },
    {
      "name": "BM_Complexity_O_N_log_N/16384",
      "run_name": "BM_Complexity_O_N_log_N/16384",
      "run_type": "iteration",
      "repetitions": 0,
      "repetition_index": 0,
      "threads": 1,
      "iterations": 5,
      "real_time": 8.3832453994546086e+06,
      "cpu_time": 2.3605314000000102e+06,
      "time_unit": "ns"
    },
    {
      "name": "BM_Complexity_O_N_log_N/32768",
      "run_name": "BM_Complexity_O_N_log_N/32768",
      "run_type": "iteration",
      "repetitions": 0,
      "repetition_index": 0,
      "threads": 1,
      "iterations": 2,
      "real_time": 5.1824152498738840e+07,
      "cpu_time": 9.9170199999999423e+06,
      "time_unit": "ns"
    },
    {
      "name": "BM_Complexity_O_N_log_N/65536",
      "run_name": "BM_Complexity_O_N_log_N/65536",
      "run_type": "iteration",
      "repetitions": 0,
      "repetition_index": 0,
      "threads": 1,
      "iterations": 1,
      "real_time": 1.6583295798045582e+08,
      "cpu_time": 2.5170816999999791e+07,
      "time_unit": "ns"
    },
    {
      "name": "BM_Complexity_O_N_log_N_BigO",
      "run_name": "BM_Complexity_O_N_log_N",
      "run_type": "aggregate",
      "repetitions": 0,
      "threads": 1,
      "aggregate_name": "BigO",
      "cpu_coefficient": 2.2753006776191356e+01,
      "real_coefficient": 1.4448382202364809e+02,
      "big_o": "NlgN",
      "time_unit": "ns"
    },
    {
      "name": "BM_Complexity_O_N_log_N_RMS",
      "run_name": "BM_Complexity_O_N_log_N",
      "run_type": "aggregate",
      "repetitions": 0,
      "threads": 1,
      "aggregate_name": "RMS",
      "rms": 2.2855050139536381e-01
    },
    {
      "name": "BM_Complexity_O_N_log_N/1024",
      "run_name": "BM_Complexity_O_N_log_N/1024",
      "run_type": "iteration",
      "repetitions": 0,
      "repetition_index": 0,
      "threads": 1,
      "iterations": 100,
      "real_time": 5.5302174005191773e+05,
      "cpu_time": 1.1109881999999958e+05,
      "time_unit": "ns"
    },
    {
      "name": "BM_Complexity_O_N_log_N/2048",
      "run_name": "BM_Complexity_O_N_log_N/2048",
      "run_type": "iteration",
      "repetitions": 0,
      "repetition_index": 0,
      "threads": 1,
      "iterations": 83,
      "real_time": 8.6442444575894403e+05,
      "cpu_time": 1.7308856626505821e+05,
      "time_unit": "ns"
    },
    {
      "name": "BM_Complexity_O_N_log_N/4096",
      "run_name": "BM_Complexity_O_N_log_N/4096",
      "run_type": "iteration",
      "repetitions": 0,
      "repetition_index": 0,
      "threads": 1,
      "iterations": 34,
      "real_time": 2.5204910883022584e+06,
      "cpu_time": 6.1022752941176202e+05,
      "time_unit": "ns"
    },
    {
      "name": "BM_Complexity_O_N_log_N/8192",
      "run_name": "BM_Complexity_O_N_log_N/8192",
      "run_type": "iteration",
      "repetitions": 0,
      "repetition_index": 0,
      "threads": 1,
      "iterations": 8,
      "real_time": 1.0411595500045223e+07,
      "cpu_time": 1.5295128749999998e+06,
      "time_unit": "ns"
    },
    {
      "name": "BM_Complexity_O_N_log_N/16384",
      "run_name": "BM_Complexity_O_N_log_N/16384",
      "run_type": "iteration",
      "repetitions": 0,
      "repetition_index": 0,
      "threads": 1,
      "iterations": 1,
      "real_time": 4.6444350999081507e+07,
      "cpu_time": 1.0320694999999879e+07,
      "time_unit": "ns"
    },
    {
      "name": "BM_Complexity_O_N_log_N/32768",
      "run_name": "BM_Complexity_O_N_log_N/32768",
      "run_type": "iteration",
      "repetitions": 0,
      "repetition_index": 0,
      "threads": 1,
      "iterations": 1,
      "real_time": 4.4224454992217943e+07,
      "cpu_time": 1.3177045999999804e+07,
      "time_unit": "ns"
    },
    {
      "name": "BM_Complexity_O_N_log_N/65536",
      "run_name": "BM_Complexity_O_N_log_N/65536",
      "run_type": "iteration",
      "repetitions": 0,
      "repetition_index": 0,
      "threads": 1,
      "iterations": 1,
      "real_time": 8.0210997984977439e+07,
      "cpu_time": 2.6905367000000123e+07,
      "time_unit": "ns"
    },
    {
      "name": "BM_Complexity_O_N_log_N_BigO",
      "run_name": "BM_Complexity_O_N_log_N",
      "run_type": "aggregate",
      "repetitions": 0,
      "threads": 1,
      "aggregate_name": "BigO",
      "cpu_coefficient": 2.6457422508175320e+01,
      "real_coefficient": 8.3628074010354226e+01,
      "big_o": "f(N)",
      "time_unit": "ns"
    },
    {
      "name": "BM_Complexity_O_N_log_N_RMS",
      "run_name": "BM_Complexity_O_N_log_N",
      "run_type": "aggregate",
      "repetitions": 0,
      "threads": 1,
      "aggregate_name": "RMS",
      "rms": 2.3033028090836652e-01
    },
    {
      "name": "BM_Complexity_O_N_log_N/1024",
      "run_name": "BM_Complexity_O_N_log_N/1024",
      "run_type": "iteration",
      "repetitions": 0,
      "repetition_index": 0,
      "threads": 1,
      "iterations": 121,
      "real_time": 4.7160184308155323e+05,
      "cpu_time": 1.6899956198347104e+05,
      "time_unit": "ns"
    },
    {
      "name": "BM_Complexity_O_N_log_N/2048",
      "run_name": "BM_Complexity_O_N_log_N/2048",
      "run_type": "iteration",
      "repetitions": 0,
      "repetition_index": 0,
      "threads": 1,
      "iterations": 48,
      "real_time": 1.7835283542808611e+06,
      "cpu_time": 3.1868347916666948e+05,
      "time_unit": "ns"
    },
    {
      "name": "BM_Complexity_O_N_log_N/4096",
      "run_name": "BM_Complexity_O_N_log_N/4096",
      "run_type": "iteration",
      "repetitions": 0,
      "repetition_index": 0,
      "threads": 1,
      "iterations": 29,
      "real_time": 8.8237565520604874e+05,
      "cpu_time": 4.4016813793103764e+05,
      "time_unit": "ns"
    },
    {
      "name": "BM_Complexity_O_N_log_N/8192",
      "run_name": "BM_Complexity_O_N_log_N/8192",
      "run_type": "iteration",
      "repetitions": 0,
      "repetition_index": 0,
      "threads": 1,
      "iterations": 12,
      "real_time": 4.9098305001583258e+06,
      "cpu_time": 1.1476022500000091e+06,
      "time_unit": "ns"
    },
    {
      "name": "BM_Complexity_O_N_log_N/16384",
      "run_name": "BM_Complexity_O_N_log_N/16384",
      "run_type": "iteration",
      "repetitions": 0,
      "repetition_index": 0,
      "threads": 1,
      "iterations": 7,
      "real_time": 1.4041751855984330e+07,
      "cpu_time": 3.3676108571428619e+06,
      "time_unit": "ns"
    },
    {
      "name": "BM_Complexity_O_N_log_N/32768",
      "run_name": "BM_Complexity_O_N_log_N/32768",
      "run_type": "iteration",
      "repetitions": 0,
      "repetition_index": 0,
      "threads": 1,
      "iterations": 1,
      "real_time": 4.8142695013666525e+07,
      "cpu_time": 1.3959898000000192e+07,
      "time_unit": "ns"
    },
    {
      "name": "BM_Complexity_O_N_log_N/65536",
      "run_name": "BM_Complexity_O_N_log_N/65536",
      "run_type": "iteration",
      "repetitions": 0,
      "repetition_index": 0,
      "threads": 1,
      "iterations": 1,
      "real_time": 1.5261656697839499e+08,
      "cpu_time": 3.0491739000000130e+07,
      "time_unit": "ns"
    },
    {
      "name": "BM_Complexity_O_N_log_N_BigO",
      "run_name": "BM_Complexity_O_N_log_N",
      "run_type": "aggregate",
      "repetitions": 0,
      "threads": 1,
      "aggregate_name": "BigO",
      "cpu_coefficient": 2.8236675711469868e+01,
      "real_coefficient": 1.3317736822287213e+02,
      "big_o": "NlgN",
      "time_unit": "ns"
    },
    {
      "name": "BM_Complexity_O_N_log_N_RMS",
      "run_name": "BM_Complexity_O_N_log_N",
      "run_type": "aggregate",
      "repetitions": 0,
      "threads": 1,
      "aggregate_name": "RMS",
      "rms": 2.0485923120313701e-01
    },
    {
      "name": "BM_ComplexityCaptureArgs/capture_test/1/3",
      "run_name": "BM_ComplexityCaptureArgs/capture_test/1/3",
      "run_type": "iteration",
      "repetitions": 0,
      "repetition_index": 0,
      "threads": 1,
      "iterations": 4083663,
      "real_time": 2.2226422948053589e+01,
      "cpu_time": 4.4560217138388021e+00,
      "time_unit": "ns"
    },
    {
      "name": "BM_ComplexityCaptureArgs/capture_test/2/3",
      "run_name": "BM_ComplexityCaptureArgs/capture_test/2/3",
      "run_type": "iteration",
      "repetitions": 0,
      "repetition_index": 0,
      "threads": 1,
      "iterations": 3821812,
      "real_time": 2.2235359039118819e+01,
      "cpu_time": 5.0991689282466011e+00,
      "time_unit": "ns"
    },
    {
      "name": "BM_ComplexityCaptureArgs/capture_test/1/4",
      "run_name": "BM_ComplexityCaptureArgs/capture_test/1/4",
      "run_type": "iteration",
      "repetitions": 0,
      "repetition_index": 0,
      "threads": 1,
      "iterations": 2186827,
      "real_time": 2.4339078039063043e+01,
      "cpu_time": 3.8123706173373884e+00,
      "time_unit": "ns"
    },
    {
      "name": "BM_ComplexityCaptureArgs/capture_test/2/4",
[...]
_deps/googlebenchmark-src/src/benchmark.cc:253: ResumeTiming: Check `started_ && !finished_ && !error_occurred_' failed. 
_deps/googlebenchmark-src/src/benchmark.cc:239: PauseTiming: Check `started_ && !finished_ && !error_occurred_' failed. 
_deps/googlebenchmark-src/src/benchmark.cc:253: ResumeTiming: Check `started_ && !finished_ && !error_occurred_' failed. 
_deps/googlebenchmark-src/src/benchmark.cc:239: PauseTiming: Check `started_ && !finished_ && !error_occurred_' failed. 
_deps/googlebenchmark-src/src/benchmark.cc:253: ResumeTiming: Check `started_ && !finished_ && !error_occurred_' failed. 
_deps/googlebenchmark-src/src/benchmark.cc:239: PauseTiming: Check `started_ && !finished_ && !error_occurred_' failed. 
_deps/googlebenchmark-src/src/benchmark.cc:253: ResumeTiming: Check `started_ && !finished_ && !error_occurred_' failed. 
BM_diagnostic_test_keep_running       15.5 ns         5.95 ns      2541276
<end of output>
Test time =   0.34 sec
----------------------------------------------------------
Test Passed.
"diagnostics_test" end time: Sep 02 14:04 CST
"diagnostics_test" time elapsed: 00:00:00
----------------------------------------------------------

6/73 Testing: filter_suffix
6/73 Test: filter_suffix
Command: "/home/glf/MPRPC/build/_deps/googlebenchmark-build/test/filter_test" "--benchmark_min_time=0.01" "--benchmark_filter=BM_.*" "4"
Directory: /home/glf/MPRPC/build/_deps/googlebenchmark-build/test
"filter_suffix" start time: Sep 02 14:04 CST
Output:
----------------------------------------------------------
-----------------------------------------------------
Benchmark           Time             CPU   Iterations
-----------------------------------------------------
[0;32mBM_Foo     [m[0;33m      6.74 ns         2.37 ns   [m[0;36m   5758937[m
[m[0;32mBM_Bar     [m[0;33m      14.7 ns         2.62 ns   [m[0;36m   7175943[m
2025-09-02T14:04:37+08:00
Running /home/glf/MPRPC/build/_deps/googlebenchmark-build/test/filter_test
Run on (2 X 2688 MHz CPU s)
CPU Caches:
  L1 Data 48 KiB (x2)
  L1 Instruction 32 KiB (x2)
  L2 Unified 1280 KiB (x2)
  L3 Unified 24576 KiB (x2)
Load Average: 18.05, 5.43, 3.20
***WARNING*** Library was built as DEBUG. Timings may be affected.
[m[0;32mBM_FooBar  [m[0;33m      15.4 ns         3.40 ns   [m[0;36m   6444815[m
[m[0;32mBM_FooBa   [m[0;33m      8.80 ns         2.54 ns   [m[0;36m   5997361[m
[m
<end of output>
Test time =   0.44 sec
----------------------------------------------------------
Test Passed.
"filter_suffix" end time: Sep 02 14:04 CST
"filter_suffix" time elapsed: 00:00:00
----------------------------------------------------------

18/73 Testing: filter_regex_none
18/73 Test: filter_regex_none
Command: "/home/glf/MPRPC/build/_deps/googlebenchmark-build/test/filter_test" "--benchmark_min_time=0.01" "--benchmark_filter=monkey" "0"
Directory: /home/glf/MPRPC/build/_deps/googlebenchmark-build/test
"filter_regex_none" start time: Sep 02 14:04 CST
Output:
----------------------------------------------------------
Failed to match any benchmarks against regex: monkey
<end of output>
Test time =   0.13 sec
----------------------------------------------------------
Test Passed.
"filter_regex_none" end time: Sep 02 14:04 CST
"filter_regex_none" time elapsed: 00:00:00
----------------------------------------------------------

24/73 Testing: filter_regex_wildcard_negative
24/73 Test: filter_regex_wildcard_negative
Command: "/home/glf/MPRPC/build/_deps/googlebenchmark-build/test/filter_test" "--benchmark_min_time=0.01" "--benchmark_filter=-.*Foo.*" "2"
Directory: /home/glf/MPRPC/build/_deps/googlebenchmark-build/test
"filter_regex_wildcard_negative" start time: Sep 02 14:04 CST
Output:
----------------------------------------------------------
-----------------------------------------------------
Benchmark           Time             CPU   Iterations
-----------------------------------------------------
[0;32mNoPrefix   [m[0;33m      12.9 ns         4.11 ns   [m[0;36m   6874205[m
[m[0;32mBM_Bar     [m[0;33m      5.29 ns         1.90 ns   [m[0;36m   7369623[m
2025-09-02T14:04:38+08:00
Running /home/glf/MPRPC/build/_deps/googlebenchmark-build/test/filter_test
Run on (2 X 2688 MHz CPU s)
CPU Caches:
  L1 Data 48 KiB (x2)
  L1 Instruction 32 KiB (x2)
  L2 Unified 1280 KiB (x2)
  L3 Unified 24576 KiB (x2)
Load Average: 18.05, 5.43, 3.20
***WARNING*** Library was built as DEBUG. Timings may be affected.
[m
<end of output>
Test time =   0.22 sec
----------------------------------------------------------
Test Passed.
"filter_regex_wildcard_negative" end time: Sep 02 14:04 CST
"filter_regex_wildcard_negative" time elapsed: 00:00:00
----------------------------------------------------------

12/73 Testing: filter_regex_all_negative
12/73 Test: filter_regex_all_negative
Command: "/home/glf/MPRPC/build/_deps/googlebenchmark-build/test/filter_test" "--benchmark_min_time=0.01" "--benchmark_filter=-.*" "0"
Directory: /home/glf/MPRPC/build/_deps/googlebenchmark-build/test
"filter_regex_all_negative" start time: Sep 02 14:04 CST
Output:
----------------------------------------------------------
Failed to match any benchmarks against regex: -.*
<end of output>
Test time =   0.25 sec
----------------------------------------------------------
Test Passed.
"filter_regex_all_negative" end time: Sep 02 14:04 CST
"filter_regex_all_negative" time elapsed: 00:00:00
----------------------------------------------------------

27/73 Testing: filter_regex_begin_list_only
27/73 Test: filter_regex_begin_list_only
Command: "/home/glf/MPRPC/build/_deps/googlebenchmark-build/test/filter_test" "--benchmark_list_tests" "--benchmark_filter=^BM_.*" "4"
Directory: /home/glf/MPRPC/build/_deps/googlebenchmark-build/test
"filter_regex_begin_list_only" start time: Sep 02 14:04 CST
Output:
----------------------------------------------------------
BM_Foo
BM_Bar
BM_FooBar
BM_FooBa
<end of output>
Test time =   0.13 sec
----------------------------------------------------------
Test Passed.
"filter_regex_begin_list_only" end time: Sep 02 14:04 CST
"filter_regex_begin_list_only" time elapsed: 00:00:00
----------------------------------------------------------

34/73 Testing: filter_regex_end
34/73 Test: filter_regex_end
Command: "/home/glf/MPRPC/build/_deps/googlebenchmark-build/test/filter_test" "--benchmark_min_time=0.01" "--benchmark_filter=.*Ba$" "1"
Directory: /home/glf/MPRPC/build/_deps/googlebenchmark-build/test
"filter_regex_end" start time: Sep 02 14:04 CST
Output:
----------------------------------------------------------
2025-09-02T14:04:38+08:00
Running /home/glf/MPRPC/build/_deps/googlebenchmark-build/test/filter_test
Run on (2 X 2688 MHz CPU s)
CPU Caches:
  L1 Data 48 KiB (x2)
  L1 Instruction 32 KiB (x2)
  L2 Unified 1280 KiB (x2)
  L3 Unified 24576 KiB (x2)
Load Average: 18.05, 5.43, 3.20
***WARNING*** Library was built as DEBUG. Timings may be affected.
-----------------------------------------------------
Benchmark           Time             CPU   Iterations
-----------------------------------------------------
[0;32mBM_FooBa   [m[0;33m      10.4 ns         2.28 ns   [m[0;36m   8669891[m
[m
<end of output>
Test time =   0.16 sec
----------------------------------------------------------
Test Passed.
"filter_regex_end" end time: Sep 02 14:04 CST
"filter_regex_end" time elapsed: 00:00:00
----------------------------------------------------------

14/73 Testing: filter_regex_blank
14/73 Test: filter_regex_blank
Command: "/home/glf/MPRPC/build/_deps/googlebenchmark-build/test/filter_test" "--benchmark_min_time=0.01" "--benchmark_filter=" "5"
Directory: /home/glf/MPRPC/build/_deps/googlebenchmark-build/test
"filter_regex_blank" start time: Sep 02 14:04 CST
Output:
----------------------------------------------------------
2025-09-02T14:04:38+08:00
Running /home/glf/MPRPC/build/_deps/googlebenchmark-build/test/filter_test
Run on (2 X 2688 MHz CPU s)
CPU Caches:
  L1 Data 48 KiB (x2)
  L1 Instruction 32 KiB (x2)
  L2 Unified 1280 KiB (x2)
  L3 Unified 24576 KiB (x2)
Load Average: 18.05, 5.43, 3.20
***WARNING*** Library was built as DEBUG. Timings may be affected.
-----------------------------------------------------
Benchmark           Time             CPU   Iterations
-----------------------------------------------------
[0;32mNoPrefix   [m[0;33m      9.86 ns         2.79 ns   [m[0;36m   6851983[m
[m[0;32mBM_Foo     [m[0;33m      5.04 ns         2.14 ns   [m[0;36m   8107679[m
[m[0;32mBM_Bar     [m[0;33m      7.05 ns         2.70 ns   [m[0;36m   7230901[m
[m[0;32mBM_FooBar  [m[0;33m      7.11 ns         2.45 ns   [m[0;36m   7176510[m
[m[0;32mBM_FooBa   [m[0;33m      8.29 ns         2.73 ns   [m[0;36m   7087814[m
[m
<end of output>
Test time =   0.36 sec
----------------------------------------------------------
Test Passed.
"filter_regex_blank" end time: Sep 02 14:04 CST
"filter_regex_blank" time elapsed: 00:00:00
----------------------------------------------------------

13/73 Testing: filter_regex_all_negative_list_only
13/73 Test: filter_regex_all_negative_list_only
Command: "/home/glf/MPRPC/build/_deps/googlebenchmark-build/test/filter_test" "--benchmark_list_tests" "--benchmark_filter=-.*" "0"
Directory: /home/glf/MPRPC/build/_deps/googlebenchmark-build/test
"filter_regex_all_negative_list_only" start time: Sep 02 14:04 CST
Output:
----------------------------------------------------------
Failed to match any benchmarks against regex: -.*
<end of output>
Test time =   0.13 sec
----------------------------------------------------------
Test Passed.
"filter_regex_all_negative_list_only" end time: Sep 02 14:04 CST
"filter_regex_all_negative_list_only" time elapsed: 00:00:00
----------------------------------------------------------

37/73 Testing: filter_regex_end_negative_list_only
37/73 Test: filter_regex_end_negative_list_only
Command: "/home/glf/MPRPC/build/_deps/googlebenchmark-build/test/filter_test" "--benchmark_list_tests" "--benchmark_filter=-.*Ba$" "4"
Directory: /home/glf/MPRPC/build/_deps/googlebenchmark-build/test
"filter_regex_end_negative_list_only" start time: Sep 02 14:04 CST
Output:
----------------------------------------------------------
NoPrefix
BM_Foo
BM_Bar
BM_FooBar
<end of output>
Test time =   0.08 sec
----------------------------------------------------------
Test Passed.
"filter_regex_end_negative_list_only" end time: Sep 02 14:04 CST
"filter_regex_end_negative_list_only" time elapsed: 00:00:00
----------------------------------------------------------

8/73 Testing: filter_suffix_negative
8/73 Test: filter_suffix_negative
Command: "/home/glf/MPRPC/build/_deps/googlebenchmark-build/test/filter_test" "--benchmark_min_time=0.01" "--benchmark_filter=-BM_.*" "1"
Directory: /home/glf/MPRPC/build/_deps/googlebenchmark-build/test
"filter_suffix_negative" start time: Sep 02 14:04 CST
Output:
----------------------------------------------------------
2025-09-02T14:04:38+08:00
Running /home/glf/MPRPC/build/_deps/googlebenchmark-build/test/filter_test
Run on (2 X 2688 MHz CPU s)
CPU Caches:
  L1 Data 48 KiB (x2)
  L1 Instruction 32 KiB (x2)
  L2 Unified 1280 KiB (x2)
  L3 Unified 24576 KiB (x2)
Load Average: 18.05, 5.43, 3.20
***WARNING*** Library was built as DEBUG. Timings may be affected.
-----------------------------------------------------
Benchmark           Time             CPU   Iterations
-----------------------------------------------------
[0;32mNoPrefix   [m[0;33m      2.66 ns         1.41 ns   [m[0;36m   8651042[m
[m
<end of output>
Test time =   0.10 sec
----------------------------------------------------------
Test Passed.
"filter_suffix_negative" end time: Sep 02 14:04 CST
"filter_suffix_negative" time elapsed: 00:00:00
----------------------------------------------------------

3/73 Testing: filter_simple_list_only
3/73 Test: filter_simple_list_only
Command: "/home/glf/MPRPC/build/_deps/googlebenchmark-build/test/filter_test" "--benchmark_list_tests" "--benchmark_filter=Foo" "3"
Directory: /home/glf/MPRPC/build/_deps/googlebenchmark-build/test
"filter_simple_list_only" start time: Sep 02 14:04 CST
Output:
----------------------------------------------------------
BM_Foo
BM_FooBar
BM_FooBa
<end of output>
Test time =   0.03 sec
----------------------------------------------------------
Test Passed.
"filter_simple_list_only" end time: Sep 02 14:04 CST
"filter_simple_list_only" time elapsed: 00:00:00
----------------------------------------------------------

42/73 Testing: donotoptimize_test
42/73 Test: donotoptimize_test
Command: "/home/glf/MPRPC/build/_deps/googlebenchmark-build/test/donotoptimize_test" "--benchmark_min_time=0.01"
Directory: /home/glf/MPRPC/build/_deps/googlebenchmark-build/test
"donotoptimize_test" start time: Sep 02 14:04 CST
Output:
----------------------------------------------------------
<end of output>
Test time =   0.14 sec
----------------------------------------------------------
Test Passed.
"donotoptimize_test" end time: Sep 02 14:04 CST
"donotoptimize_test" time elapsed: 00:00:00
----------------------------------------------------------

11/73 Testing: filter_regex_all_list_only
11/73 Test: filter_regex_all_list_only
Command: "/home/glf/MPRPC/build/_deps/googlebenchmark-build/test/filter_test" "--benchmark_list_tests" "--benchmark_filter=.*" "5"
Directory: /home/glf/MPRPC/build/_deps/googlebenchmark-build/test
"filter_regex_all_list_only" start time: Sep 02 14:04 CST
Output:
----------------------------------------------------------
NoPrefix
BM_Foo
BM_Bar
BM_FooBar
BM_FooBa
<end of output>
Test time =   0.06 sec
----------------------------------------------------------
Test Passed.
"filter_regex_all_list_only" end time: Sep 02 14:04 CST
"filter_regex_all_list_only" time elapsed: 00:00:00
----------------------------------------------------------

30/73 Testing: filter_regex_begin2
30/73 Test: filter_regex_begin2
Command: "/home/glf/MPRPC/build/_deps/googlebenchmark-build/test/filter_test" "--benchmark_min_time=0.01" "--benchmark_filter=^N" "1"
Directory: /home/glf/MPRPC/build/_deps/googlebenchmark-build/test
"filter_regex_begin2" start time: Sep 02 14:04 CST
Output:
----------------------------------------------------------
-----------------------------------------------------
Benchmark           Time             CPU   Iterations
-----------------------------------------------------
[0;32mNoPrefix   [m[0;33m      5.38 ns         1.98 ns   [m[0;36m   7127195[m
2025-09-02T14:04:38+08:00
Running /home/glf/MPRPC/build/_deps/googlebenchmark-build/test/filter_test
Run on (2 X 2688 MHz CPU s)
CPU Caches:
  L1 Data 48 KiB (x2)
  L1 Instruction 32 KiB (x2)
  L2 Unified 1280 KiB (x2)
  L3 Unified 24576 KiB (x2)
Load Average: 18.05, 5.43, 3.20
***WARNING*** Library was built as DEBUG. Timings may be affected.
[m
<end of output>
Test time =   0.08 sec
----------------------------------------------------------
Test Passed.
"filter_regex_begin2" end time: Sep 02 14:04 CST
"filter_regex_begin2" time elapsed: 00:00:00
----------------------------------------------------------

28/73 Testing: filter_regex_begin_negative
28/73 Test: filter_regex_begin_negative
Command: "/home/glf/MPRPC/build/_deps/googlebenchmark-build/test/filter_test" "--benchmark_min_time=0.01" "--benchmark_filter=-^BM_.*" "1"
Directory: /home/glf/MPRPC/build/_deps/googlebenchmark-build/test
"filter_regex_begin_negative" start time: Sep 02 14:04 CST
Output:
----------------------------------------------------------
-----------------------------------------------------
Benchmark           Time             CPU   Iterations
-----------------------------------------------------
[0;32mNoPrefix   [m[0;33m      6.11 ns         2.16 ns   [m[0;36m   6405660[m
2025-09-02T14:04:38+08:00
Running /home/glf/MPRPC/build/_deps/googlebenchmark-build/test/filter_test
Run on (2 X 2688 MHz CPU s)
CPU Caches:
  L1 Data 48 KiB (x2)
  L1 Instruction 32 KiB (x2)
  L2 Unified 1280 KiB (x2)
  L3 Unified 24576 KiB (x2)
Load Average: 18.05, 5.43, 3.20
***WARNING*** Library was built as DEBUG. Timings may be affected.
[m
<end of output>
Test time =   0.13 sec
----------------------------------------------------------
Test Passed.
"filter_regex_begin_negative" end time: Sep 02 14:04 CST
"filter_regex_begin_negative" time elapsed: 00:00:00
----------------------------------------------------------

25/73 Testing: filter_regex_wildcard_negative_list_only
25/73 Test: filter_regex_wildcard_negative_list_only
Command: "/home/glf/MPRPC/build/_deps/googlebenchmark-build/test/filter_test" "--benchmark_list_tests" "--benchmark_filter=-.*Foo.*" "2"
Directory: /home/glf/MPRPC/build/_deps/googlebenchmark-build/test
"filter_regex_wildcard_negative_list_only" start time: Sep 02 14:04 CST
Output:
----------------------------------------------------------
NoPrefix
BM_Bar
<end of output>
Test time =   0.12 sec
----------------------------------------------------------
Test Passed.
"filter_regex_wildcard_negative_list_only" end time: Sep 02 14:04 CST
"filter_regex_wildcard_negative_list_only" time elapsed: 00:00:00
----------------------------------------------------------

Unable to find executable: /home/glf/MPRPC/bin/benchmark_tests
73/73 Testing: benchmark_tests
73/73 Test: benchmark_tests
Command: ""
Directory: /home/glf/MPRPC/build/test/benchmark
"benchmark_tests" start time: 
Output:
----------------------------------------------------------
<end of output>
Test time =   0.00 sec
----------------------------------------------------------
Test Passed.
"benchmark_tests" end time: Sep 02 14:04 CST
"benchmark_tests" time elapsed: 00:00:00
----------------------------------------------------------

17/73 Testing: filter_regex_blank_negative_list_only
17/73 Test: filter_regex_blank_negative_list_only
Command: "/home/glf/MPRPC/build/_deps/googlebenchmark-build/test/filter_test" "--benchmark_list_tests" "--benchmark_filter=-" "0"
Directory: /home/glf/MPRPC/build/_deps/googlebenchmark-build/test
"filter_regex_blank_negative_list_only" start time: Sep 02 14:04 CST
Output:
----------------------------------------------------------
Failed to match any benchmarks against regex: -
<end of output>
Test time =   0.08 sec
----------------------------------------------------------
Test Passed.
"filter_regex_blank_negative_list_only" end time: Sep 02 14:04 CST
"filter_regex_blank_negative_list_only" time elapsed: 00:00:00
----------------------------------------------------------

35/73 Testing: filter_regex_end_list_only
35/73 Test: filter_regex_end_list_only
Command: "/home/glf/MPRPC/build/_deps/googlebenchmark-build/test/filter_test" "--benchmark_list_tests" "--benchmark_filter=.*Ba$" "1"
Directory: /home/glf/MPRPC/build/_deps/googlebenchmark-build/test
"filter_regex_end_list_only" start time: Sep 02 14:04 CST
Output:
----------------------------------------------------------
BM_FooBa
<end of output>
Test time =   0.04 sec
----------------------------------------------------------
Test Passed.
"filter_regex_end_list_only" end time: Sep 02 14:04 CST
"filter_regex_end_list_only" time elapsed: 00:00:00
----------------------------------------------------------

19/73 Testing: filter_regex_none_list_only
19/73 Test: filter_regex_none_list_only
Command: "/home/glf/MPRPC/build/_deps/googlebenchmark-build/test/filter_test" "--benchmark_list_tests" "--benchmark_filter=monkey" "0"
Directory: /home/glf/MPRPC/build/_deps/googlebenchmark-build/test
"filter_regex_none_list_only" start time: Sep 02 14:04 CST
Output:
----------------------------------------------------------
Failed to match any benchmarks against regex: monkey
<end of output>
Test time =   0.03 sec
----------------------------------------------------------
Test Passed.
"filter_regex_none_list_only" end time: Sep 02 14:04 CST
"filter_regex_none_list_only" time elapsed: 00:00:00
----------------------------------------------------------

End testing: Sep 02 14:04 CST
