Start testing: Sep 02 18:30 CST
----------------------------------------------------------
73/73 Testing: benchmark_tests
73/73 Test: benchmark_tests
Command: "/home/glf/MPRPC/bin/benchmark_tests"
Directory: /home/glf/MPRPC/build/test/benchmark
"benchmark_tests" start time: Sep 02 18:30 CST
Output:
----------------------------------------------------------
2025-09-02T18:30:22+08:00
Running /home/glf/MPRPC/bin/benchmark_tests
Run on (2 X 2688 MHz CPU s)
CPU Caches:
  L1 Data 48 KiB (x2)
  L1 Instruction 32 KiB (x2)
  L2 Unified 1280 KiB (x2)
  L3 Unified 24576 KiB (x2)
Load Average: 0.54, 0.57, 0.79
***WARNING*** Library was built as DEBUG. Timings may be affected.
------------------------------------------------------------------
Benchmark                        Time             CPU   Iterations
------------------------------------------------------------------
BM_LockQueue_Push              124 ns         79.9 ns      7731177
BM_LockQueue_Pop               374 ns          165 ns      5735626
format: command -i <configfile>
<end of output>
Test time =   3.81 sec
----------------------------------------------------------
Test Failed.
"benchmark_tests" end time: Sep 02 18:30 CST
"benchmark_tests" time elapsed: 00:00:03
----------------------------------------------------------

60/73 Testing: complexity_benchmark
60/73 Test: complexity_benchmark
Command: "/home/glf/MPRPC/build/_deps/googlebenchmark-build/test/complexity_test" "--benchmark_min_time=0.01"
Directory: /home/glf/MPRPC/build/_deps/googlebenchmark-build/test
"complexity_benchmark" start time: Sep 02 18:30 CST
Output:
----------------------------------------------------------
Running benchmarks...
-------------------------------
Testing ConsoleReporter Output
-------------------------------
------------------------------------------------------------------------------------
Benchmark                                          Time             CPU   Iterations
------------------------------------------------------------------------------------
BM_Complexity_O1/1                              5685 ns         1396 ns         9182
BM_Complexity_O1/8                              6117 ns         1417 ns         8225
BM_Complexity_O1/64                             3447 ns         1415 ns         8613
BM_Complexity_O1/512                            2852 ns         1348 ns         8239
BM_Complexity_O1/4096                           5059 ns         1682 ns         8665
BM_Complexity_O1/32768                          2646 ns         1022 ns        10000
BM_Complexity_O1/262144                         5234 ns         1557 ns        10000
BM_Complexity_O1_BigO                        4434.42 (1)     1405.23 (1)  
2025-09-02T18:30:26+08:00
Running /home/glf/MPRPC/build/_deps/googlebenchmark-build/test/complexity_test
Run on (2 X 2688 MHz CPU s)
CPU Caches:
  L1 Data 48 KiB (x2)
  L1 Instruction 32 KiB (x2)
  L2 Unified 1280 KiB (x2)
  L3 Unified 24576 KiB (x2)
Load Average: 1.54, 0.78, 0.86
***WARNING*** Library was built as DEBUG. Timings may be affected.
2025-09-02T18:30:26+08:00
Running /home/glf/MPRPC/build/_deps/googlebenchmark-build/test/complexity_test
Run on (2 X 2688 MHz CPU s)
CPU Caches:
  L1 Data 48 KiB (x2)
  L1 Instruction 32 KiB (x2)
  L2 Unified 1280 KiB (x2)
  L3 Unified 24576 KiB (x2)
Load Average: 1.54, 0.78, 0.86
***WARNING*** Library was built as DEBUG. Timings may be affected.
BM_Complexity_O1_RMS                              30 %            13 %    
BM_Complexity_O1/1                              7334 ns         1761 ns        10073
BM_Complexity_O1/8                              2968 ns         1530 ns         9202
BM_Complexity_O1/64                             3548 ns         1249 ns         8651
BM_Complexity_O1/512                            3197 ns         1566 ns        11195
BM_Complexity_O1/4096                           2453 ns         1456 ns         7974
BM_Complexity_O1/32768                          3919 ns         1595 ns        10998
BM_Complexity_O1/262144                         2243 ns         1373 ns         9229
BM_Complexity_O1_BigO                        3666.01 (1)     1504.32 (1)  
BM_Complexity_O1_RMS                              43 %            10 %    
BM_Complexity_O1/1                              2584 ns         1428 ns        10722
BM_Complexity_O1/8                              3821 ns         1543 ns         9295
BM_Complexity_O1/64                             3010 ns         1316 ns        10000
BM_Complexity_O1/512                            4028 ns         1553 ns         9441
BM_Complexity_O1/4096                           2878 ns         1450 ns         8463
BM_Complexity_O1/32768                          7770 ns         1143 ns        10160
BM_Complexity_O1/262144                         3076 ns         1510 ns         8632
BM_Complexity_O1_BigO                        3881.06 f(N)    1420.43 f(N) 
BM_Complexity_O1_RMS                              43 %            10 %    
BM_Complexity_O_N/1024                         15917 ns         8207 ns         1757
BM_Complexity_O_N/2048                         50010 ns        17451 ns          757
BM_Complexity_O_N/4096                        135825 ns        38688 ns          473
BM_Complexity_O_N/8192                        228643 ns        80730 ns          179
BM_Complexity_O_N/16384                       376756 ns       193298 ns           69
BM_Complexity_O_N/32768                       808672 ns       243747 ns           57
BM_Complexity_O_N/65536                      1881711 ns       436084 ns           49
BM_Complexity_O_N_BigO                         27.69 N          7.09 N    
BM_Complexity_O_N_RMS                             11 %            23 %    
BM_Complexity_O_N/1024                         58704 ns         4443 ns         1000
BM_Complexity_O_N/2048                         47692 ns        18042 ns         1000
BM_Complexity_O_N/4096                         55718 ns        19125 ns          661
BM_Complexity_O_N/8192                        200109 ns        75128 ns          174
BM_Complexity_O_N/16384                       362032 ns       132297 ns          151
BM_Complexity_O_N/32768                       474513 ns       232102 ns           54
BM_Complexity_O_N/65536                      1997623 ns       536374 ns           24
BM_Complexity_O_N_BigO                         26.97 f(N)       7.97 f(N) 
BM_Complexity_O_N_RMS                             40 %            10 %    
BM_Complexity_O_N/1024                         18375 ns         5836 ns         1810
BM_Complexity_O_N/2048                         52697 ns        17662 ns         1629
BM_Complexity_O_N/4096                        136154 ns        23954 ns          417
BM_Complexity_O_N/8192                        859598 ns        43594 ns          100
BM_Complexity_O_N/16384                       925208 ns       144118 ns           96
BM_Complexity_O_N/32768                      1445571 ns       276452 ns           49
BM_Complexity_O_N/65536                      6034663 ns       828735 ns           29
BM_Complexity_O_N_BigO                          5.22 NlgN       0.74 NlgN 
BM_Complexity_O_N_RMS                             37 %            22 %    
BM_Complexity_O_N_log_N/1024                 1344688 ns       141562 ns          136
BM_Complexity_O_N_log_N/2048                 6157852 ns       528714 ns           10
BM_Complexity_O_N_log_N/4096                 8360491 ns       978028 ns            7
BM_Complexity_O_N_log_N/8192                16100853 ns      1948279 ns            4
BM_Complexity_O_N_log_N/16384               50625652 ns     11086902 ns            1
BM_Complexity_O_N_log_N/32768               23256088 ns     15010378 ns            1
BM_Complexity_O_N_log_N/65536               63686736 ns     28310730 ns            1
BM_Complexity_O_N_log_N_BigO                   65.41 NlgN      28.32 NlgN 
BM_Complexity_O_N_log_N_RMS                       61 %            23 %    
BM_Complexity_O_N_log_N/1024                  974461 ns       140891 ns           90
BM_Complexity_O_N_log_N/2048                 1883668 ns       303551 ns           38
BM_Complexity_O_N_log_N/4096                 1871533 ns       705106 ns           22
BM_Complexity_O_N_log_N/8192                 1649040 ns      1440053 ns            8
BM_Complexity_O_N_log_N/16384               10662100 ns      5021911 ns            2
BM_Complexity_O_N_log_N/32768               26554012 ns     13224361 ns            1
BM_Complexity_O_N_log_N/65536               80445790 ns     32202214 ns            1
BM_Complexity_O_N_log_N_BigO                   71.14 f(N)      29.55 f(N) 
BM_Complexity_O_N_log_N_RMS                       28 %            16 %    
BM_Complexity_O_N_log_N/1024                  777038 ns       123154 ns           87
BM_Complexity_O_N_log_N/2048                 1193636 ns       306638 ns           55
BM_Complexity_O_N_log_N/4096                 4204555 ns       835222 ns           19
BM_Complexity_O_N_log_N/8192                 6763821 ns      1745517 ns            7
BM_Complexity_O_N_log_N/16384               19108131 ns      5187933 ns            2
BM_Complexity_O_N_log_N/32768               20718607 ns     14171361 ns            1
BM_Complexity_O_N_log_N/65536               63839193 ns     29088455 ns            1
BM_Complexity_O_N_log_N_BigO                   58.57 NlgN      27.62 NlgN 
BM_Complexity_O_N_log_N_RMS                       23 %            10 %    
BM_ComplexityCaptureArgs/capture_test/1/3       10.5 ns         3.81 ns      3616020
BM_ComplexityCaptureArgs/capture_test/2/3       5.91 ns         4.29 ns      3200505
BM_ComplexityCaptureArgs/capture_test/1/4       7.47 ns         4.13 ns      4637300
BM_ComplexityCaptureArgs/capture_test/2/4       6.33 ns         4.56 ns      3435856
BM_ComplexityCaptureArgs/capture_test_BigO       0.08 N          0.04 N    
BM_ComplexityCaptureArgs/capture_test_RMS         24 %             7 %    

----------------------------
Testing JSONReporter Output
----------------------------
{
  "context": {
    "date": "2025-09-02T18:30:26+08:00",
    "host_name": "localhost.localdomain",
    "executable": "/home/glf/MPRPC/build/_deps/googlebenchmark-build/test/complexity_test",
    "num_cpus": 2,
    "mhz_per_cpu": 2688,
    "cpu_scaling_enabled": false,
    "caches": [
      {
        "type": "Data",
        "level": 1,
        "size": 49152,
        "num_sharing": 1
      },
      {
        "type": "Instruction",
        "level": 1,
        "size": 32768,
        "num_sharing": 1
      },
      {
        "type": "Unified",
        "level": 2,
        "size": 1310720,
        "num_sharing": 1
      },
      {
        "type": "Unified",
        "level": 3,
        "size": 25165824,
        "num_sharing": 1
      }
    ],
    "load_avg": [1.54,0.78,0.86],
    "library_build_type": "debug"
  },
  "benchmarks": [
    {
      "name": "BM_Complexity_O1/1",
      "run_name": "BM_Complexity_O1/1",
      "run_type": "iteration",
      "repetitions": 0,
      "repetition_index": 0,
      "threads": 1,
      "iterations": 9182,
      "real_time": 5.6848143114254162e+03,
      "cpu_time": 1.3959475059899821e+03,
      "time_unit": "ns"
    },
    {
      "name": "BM_Complexity_O1/8",
      "run_name": "BM_Complexity_O1/8",
      "run_type": "iteration",
      "repetitions": 0,
      "repetition_index": 0,
      "threads": 1,
      "iterations": 8225,
      "real_time": 6.1174921548463926e+03,
      "cpu_time": 1.4166500911854098e+03,
      "time_unit": "ns"
    },
    {
      "name": "BM_Complexity_O1/64",
      "run_name": "BM_Complexity_O1/64",
      "run_type": "iteration",
      "repetitions": 0,
      "repetition_index": 0,
      "threads": 1,
      "iterations": 8613,
      "real_time": 3.4474385228366159e+03,
      "cpu_time": 1.4149874608150492e+03,
      "time_unit": "ns"
    },
    {
      "name": "BM_Complexity_O1/512",
      "run_name": "BM_Complexity_O1/512",
      "run_type": "iteration",
      "repetitions": 0,
      "repetition_index": 0,
      "threads": 1,
      "iterations": 8239,
      "real_time": 2.8520606862072959e+03,
      "cpu_time": 1.3478633329287543e+03,
      "time_unit": "ns"
    },
    {
      "name": "BM_Complexity_O1/4096",
      "run_name": "BM_Complexity_O1/4096",
      "run_type": "iteration",
      "repetitions": 0,
      "repetition_index": 0,
      "threads": 1,
      "iterations": 8665,
      "real_time": 5.0591652632776413e+03,
      "cpu_time": 1.6817073283323723e+03,
      "time_unit": "ns"
    },
    {
      "name": "BM_Complexity_O1/32768",
      "run_name": "BM_Complexity_O1/32768",
      "run_type": "iteration",
      "repetitions": 0,
      "repetition_index": 0,
      "threads": 1,
      "iterations": 10000,
      "real_time": 2.6457522995769978e+03,
      "cpu_time": 1.0220532000000004e+03,
      "time_unit": "ns"
    },
    {
      "name": "BM_Complexity_O1/262144",
      "run_name": "BM_Complexity_O1/262144",
      "run_type": "iteration",
      "repetitions": 0,
      "repetition_index": 0,
      "threads": 1,
      "iterations": 10000,
      "real_time": 5.2342048991704360e+03,
      "cpu_time": 1.5574014000000025e+03,
      "time_unit": "ns"
    },
    {
      "name": "BM_Complexity_O1_BigO",
      "run_name": "BM_Complexity_O1",
      "run_type": "aggregate",
      "repetitions": 0,
      "threads": 1,
      "aggregate_name": "BigO",
      "cpu_coefficient": 1.4052300456073672e+03,
      "real_coefficient": 4.4344183053343995e+03,
      "big_o": "(1)",
      "time_unit": "ns"
    },
    {
      "name": "BM_Complexity_O1_RMS",
      "run_name": "BM_Complexity_O1",
      "run_type": "aggregate",
      "repetitions": 0,
      "threads": 1,
      "aggregate_name": "RMS",
      "rms": 1.3449110546958204e-01
    },
    {
      "name": "BM_Complexity_O1/1",
      "run_name": "BM_Complexity_O1/1",
      "run_type": "iteration",
      "repetitions": 0,
      "repetition_index": 0,
      "threads": 1,
      "iterations": 10073,
      "real_time": 7.3340046651765688e+03,
      "cpu_time": 1.7609392435222906e+03,
      "time_unit": "ns"
    },
    {
      "name": "BM_Complexity_O1/8",
      "run_name": "BM_Complexity_O1/8",
      "run_type": "iteration",
      "repetitions": 0,
      "repetition_index": 0,
      "threads": 1,
      "iterations": 9202,
      "real_time": 2.9678322105403117e+03,
      "cpu_time": 1.5302903716583367e+03,
      "time_unit": "ns"
    },
    {
      "name": "BM_Complexity_O1/64",
      "run_name": "BM_Complexity_O1/64",
      "run_type": "iteration",
      "repetitions": 0,
      "repetition_index": 0,
      "threads": 1,
      "iterations": 8651,
      "real_time": 3.5477784064649732e+03,
      "cpu_time": 1.2486143798404833e+03,
      "time_unit": "ns"
    },
    {
      "name": "BM_Complexity_O1/512",
      "run_name": "BM_Complexity_O1/512",
      "run_type": "iteration",
      "repetitions": 0,
      "repetition_index": 0,
      "threads": 1,
      "iterations": 11195,
      "real_time": 3.1968284044339889e+03,
      "cpu_time": 1.5657564984368055e+03,
      "time_unit": "ns"
    },
    {
      "name": "BM_Complexity_O1/4096",
      "run_name": "BM_Complexity_O1/4096",
      "run_type": "iteration",
      "repetitions": 0,
      "repetition_index": 0,
      "threads": 1,
      "iterations": 7974,
      "real_time": 2.4534875846399937e+03,
      "cpu_time": 1.4561699272636097e+03,
      "time_unit": "ns"
    },
    {
      "name": "BM_Complexity_O1/32768",
      "run_name": "BM_Complexity_O1/32768",
      "run_type": "iteration",
      "repetitions": 0,
      "repetition_index": 0,
      "threads": 1,
      "iterations": 10998,
      "real_time": 3.9186536658021441e+03,
      "cpu_time": 1.5951184760865613e+03,
      "time_unit": "ns"
    },
    {
      "name": "BM_Complexity_O1/262144",
      "run_name": "BM_Complexity_O1/262144",
      "run_type": "iteration",
      "repetitions": 0,
      "repetition_index": 0,
      "threads": 1,
      "iterations": 9229,
      "real_time": 2.2434724225327718e+03,
      "cpu_time": 1.3733556181601425e+03,
      "time_unit": "ns"
    },
    {
      "name": "BM_Complexity_O1_BigO",
      "run_name": "BM_Complexity_O1",
      "run_type": "aggregate",
      "repetitions": 0,
      "threads": 1,
      "aggregate_name": "BigO",
      "cpu_coefficient": 1.5043206449954614e+03,
      "real_coefficient": 3.6660081942272500e+03,
      "big_o": "(1)",
      "time_unit": "ns"
    },
    {
      "name": "BM_Complexity_O1_RMS",
      "run_name": "BM_Complexity_O1",
      "run_type": "aggregate",
      "repetitions": 0,
      "threads": 1,
      "aggregate_name": "RMS",
      "rms": 1.0156392327904064e-01
    },
    {
      "name": "BM_Complexity_O1/1",
      "run_name": "BM_Complexity_O1/1",
      "run_type": "iteration",
      "repetitions": 0,
      "repetition_index": 0,
      "threads": 1,
      "iterations": 10722,
      "real_time": 2.5843785680450724e+03,
      "cpu_time": 1.4283468569296795e+03,
      "time_unit": "ns"
    },
    {
      "name": "BM_Complexity_O1/8",
      "run_name": "BM_Complexity_O1/8",
      "run_type": "iteration",
      "repetitions": 0,
      "repetition_index": 0,
      "threads": 1,
      "iterations": 9295,
      "real_time": 3.8207702002036694e+03,
      "cpu_time": 1.5433365250134509e+03,
      "time_unit": "ns"
    },
    {
      "name": "BM_Complexity_O1/64",
      "run_name": "BM_Complexity_O1/64",
      "run_type": "iteration",
      "repetitions": 0,
      "repetition_index": 0,
      "threads": 1,
      "iterations": 10000,
      "real_time": 3.0103415978373960e+03,
      "cpu_time": 1.3157158999999974e+03,
      "time_unit": "ns"
    },
    {
      "name": "BM_Complexity_O1/512",
      "run_name": "BM_Complexity_O1/512",
      "run_type": "iteration",
      "repetitions": 0,
      "repetition_index": 0,
      "threads": 1,
      "iterations": 9441,
      "real_time": 4.0284100219916313e+03,
      "cpu_time": 1.5529313632030564e+03,
      "time_unit": "ns"
    },
    {
      "name": "BM_Complexity_O1/4096",
      "run_name": "BM_Complexity_O1/4096",
      "run_type": "iteration",
      "repetitions": 0,
      "repetition_index": 0,
      "threads": 1,
      "iterations": 8463,
      "real_time": 2.8777699390982893e+03,
      "cpu_time": 1.4498925912796840e+03,
      "time_unit": "ns"
    },
    {
      "name": "BM_Complexity_O1/32768",
      "run_name": "BM_Complexity_O1/32768",
      "run_type": "iteration",
      "repetitions": 0,
      "repetition_index": 0,
      "threads": 1,
      "iterations": 10160,
      "real_time": 7.7698507886352454e+03,
      "cpu_time": 1.1428305118110247e+03,
      "time_unit": "ns"
    },
    {
      "name": "BM_Complexity_O1/262144",
      "run_name": "BM_Complexity_O1/262144",
      "run_type": "iteration",
      "repetitions": 0,
      "repetition_index": 0,
      "threads": 1,
      "iterations": 8632,
      "real_time": 3.0758650385428555e+03,
      "cpu_time": 1.5099522706209498e+03,
      "time_unit": "ns"
    },
    {
      "name": "BM_Complexity_O1_BigO",
      "run_name": "BM_Complexity_O1",
      "run_type": "aggregate",
      "repetitions": 0,
      "threads": 1,
      "aggregate_name": "BigO",
      "cpu_coefficient": 1.4204294312654058e+03,
      "real_coefficient": 3.8810551649077374e+03,
      "big_o": "f(N)",
      "time_unit": "ns"
    },
    {
      "name": "BM_Complexity_O1_RMS",
      "run_name": "BM_Complexity_O1",
      "run_type": "aggregate",
      "repetitions": 0,
      "threads": 1,
      "aggregate_name": "RMS",
      "rms": 9.5805611845429406e-02
    },
    {
      "name": "BM_Complexity_O_N/1024",
      "run_name": "BM_Complexity_O_N/1024",
      "run_type": "iteration",
      "repetitions": 0,
      "repetition_index": 0,
      "threads": 1,
      "iterations": 1757,
      "real_time": 1.5916969836119713e+04,
      "cpu_time": 8.2065247581104340e+03,
      "time_unit": "ns"
    },
    {
      "name": "BM_Complexity_O_N/2048",
      "run_name": "BM_Complexity_O_N/2048",
      "run_type": "iteration",
      "repetitions": 0,
      "repetition_index": 0,
      "threads": 1,
      "iterations": 757,
      "real_time": 5.0010089831712168e+04,
      "cpu_time": 1.7450789960369926e+04,
      "time_unit": "ns"
    },
    {
      "name": "BM_Complexity_O_N/4096",
      "run_name": "BM_Complexity_O_N/4096",
      "run_type": "iteration",
      "repetitions": 0,
      "repetition_index": 0,
      "threads": 1,
      "iterations": 473,
      "real_time": 1.3582464482292658e+05,
      "cpu_time": 3.8688177589852050e+04,
      "time_unit": "ns"
    },
    {
      "name": "BM_Complexity_O_N/8192",
      "run_name": "BM_Complexity_O_N/8192",
      "run_type": "iteration",
      "repetitions": 0,
      "repetition_index": 0,
      "threads": 1,
      "iterations": 179,
      "real_time": 2.2864305022739747e+05,
      "cpu_time": 8.0729860335195743e+04,
      "time_unit": "ns"
    },
    {
      "name": "BM_Complexity_O_N/16384",
      "run_name": "BM_Complexity_O_N/16384",
      "run_type": "iteration",
      "repetitions": 0,
      "repetition_index": 0,
      "threads": 1,
      "iterations": 69,
      "real_time": 3.7675630427775497e+05,
      "cpu_time": 1.9329784057971020e+05,
      "time_unit": "ns"
    },
    {
      "name": "BM_Complexity_O_N/32768",
      "run_name": "BM_Complexity_O_N/32768",
      "run_type": "iteration",
      "repetitions": 0,
      "repetition_index": 0,
      "threads": 1,
      "iterations": 57,
      "real_time": 8.0867198228492937e+05,
      "cpu_time": 2.4374703508772005e+05,
      "time_unit": "ns"
    },
    {
      "name": "BM_Complexity_O_N/65536",
      "run_name": "BM_Complexity_O_N/65536",
      "run_type": "iteration",
      "repetitions": 0,
      "repetition_index": 0,
      "threads": 1,
      "iterations": 49,
      "real_time": 1.8817111630021234e+06,
      "cpu_time": 4.3608399999999983e+05,
      "time_unit": "ns"
    },
    {
      "name": "BM_Complexity_O_N_BigO",
      "run_name": "BM_Complexity_O_N",
      "run_type": "aggregate",
      "repetitions": 0,
      "threads": 1,
      "aggregate_name": "BigO",
      "cpu_coefficient": 7.0896445873656342e+00,
      "real_coefficient": 2.7686288795033132e+01,
      "big_o": "N",
      "time_unit": "ns"
    },
    {
      "name": "BM_Complexity_O_N_RMS",
      "run_name": "BM_Complexity_O_N",
      "run_type": "aggregate",
      "repetitions": 0,
      "threads": 1,
      "aggregate_name": "RMS",
      "rms": 2.2521006307414773e-01
    },
    {
      "name": "BM_Complexity_O_N/1024",
      "run_name": "BM_Complexity_O_N/1024",
      "run_type": "iteration",
      "repetitions": 0,
      "repetition_index": 0,
      "threads": 1,
      "iterations": 1000,
      "real_time": 5.8703704999061301e+04,
      "cpu_time": 4.4431320000000160e+03,
      "time_unit": "ns"
    },
    {
      "name": "BM_Complexity_O_N/2048",
      "run_name": "BM_Complexity_O_N/2048",
      "run_type": "iteration",
      "repetitions": 0,
      "repetition_index": 0,
      "threads": 1,
      "iterations": 1000,
      "real_time": 4.7691577026853338e+04,
      "cpu_time": 1.8042352000000043e+04,
      "time_unit": "ns"
    },
    {
      "name": "BM_Complexity_O_N/4096",
      "run_name": "BM_Complexity_O_N/4096",
      "run_type": "iteration",
      "repetitions": 0,
      "repetition_index": 0,
      "threads": 1,
      "iterations": 661,
      "real_time": 5.5718131584598603e+04,
      "cpu_time": 1.9125098335854826e+04,
      "time_unit": "ns"
    },
    {
      "name": "BM_Complexity_O_N/8192",
      "run_name": "BM_Complexity_O_N/8192",
      "run_type": "iteration",
      "repetitions": 0,
      "repetition_index": 0,
      "threads": 1,
      "iterations": 174,
      "real_time": 2.0010886200698328e+05,
      "cpu_time": 7.5127982758620841e+04,
      "time_unit": "ns"
    },
    {
      "name": "BM_Complexity_O_N/16384",
      "run_name": "BM_Complexity_O_N/16384",
      "run_type": "iteration",
      "repetitions": 0,
      "repetition_index": 0,
      "threads": 1,
      "iterations": 151,
      "real_time": 3.6203211932042183e+05,
      "cpu_time": 1.3229727152317861e+05,
      "time_unit": "ns"
    },
    {
      "name": "BM_Complexity_O_N/32768",
      "run_name": "BM_Complexity_O_N/32768",
      "run_type": "iteration",
      "repetitions": 0,
      "repetition_index": 0,
      "threads": 1,
      "iterations": 54,
      "real_time": 4.7451288911462243e+05,
      "cpu_time": 2.3210174074074137e+05,
      "time_unit": "ns"
    },
    {
      "name": "BM_Complexity_O_N/65536",
      "run_name": "BM_Complexity_O_N/65536",
      "run_type": "iteration",
      "repetitions": 0,
      "repetition_index": 0,
      "threads": 1,
      "iterations": 24,
      "real_time": 1.9976233331059727e+06,
      "cpu_time": 5.3637387500000035e+05,
      "time_unit": "ns"
    },
    {
      "name": "BM_Complexity_O_N_BigO",
      "run_name": "BM_Complexity_O_N",
      "run_type": "aggregate",
      "repetitions": 0,
      "threads": 1,
      "aggregate_name": "BigO",
      "cpu_coefficient": 7.9737986080786989e+00,
      "real_coefficient": 2.6967261097337929e+01,
      "big_o": "f(N)",
      "time_unit": "ns"
    },
    {
      "name": "BM_Complexity_O_N_RMS",
      "run_name": "BM_Complexity_O_N",
      "run_type": "aggregate",
      "repetitions": 0,
      "threads": 1,
      "aggregate_name": "RMS",
      "rms": 9.5223185470807839e-02
    },
    {
      "name": "BM_Complexity_O_N/1024",
      "run_name": "BM_Complexity_O_N/1024",
      "run_type": "iteration",
      "repetitions": 0,
      "repetition_index": 0,
      "threads": 1,
      "iterations": 1810,
      "real_time": 1.8374944213155184e+04,
      "cpu_time": 5.8362138121547305e+03,
      "time_unit": "ns"
    },
    {
      "name": "BM_Complexity_O_N/2048",
      "run_name": "BM_Complexity_O_N/2048",
      "run_type": "iteration",
      "repetitions": 0,
      "repetition_index": 0,
      "threads": 1,
      "iterations": 1629,
      "real_time": 5.2696842237297351e+04,
      "cpu_time": 1.7662245549416864e+04,
      "time_unit": "ns"
    },
    {
      "name": "BM_Complexity_O_N/4096",
      "run_name": "BM_Complexity_O_N/4096",
      "run_type": "iteration",
      "repetitions": 0,
      "repetition_index": 0,
      "threads": 1,
      "iterations": 417,
      "real_time": 1.3615429250364879e+05,
      "cpu_time": 2.3954158273381236e+04,
      "time_unit": "ns"
    },
    {
      "name": "BM_Complexity_O_N/8192",
      "run_name": "BM_Complexity_O_N/8192",
      "run_type": "iteration",
      "repetitions": 0,
      "repetition_index": 0,
      "threads": 1,
      "iterations": 100,
      "real_time": 8.5959790012566373e+05,
      "cpu_time": 4.3594270000000273e+04,
      "time_unit": "ns"
    },
    {
      "name": "BM_Complexity_O_N/16384",
      "run_name": "BM_Complexity_O_N/16384",
      "run_type": "iteration",
      "repetitions": 0,
      "repetition_index": 0,
      "threads": 1,
      "iterations": 96,
      "real_time": 9.2520819786538288e+05,
      "cpu_time": 1.4411840624999985e+05,
      "time_unit": "ns"
    },
    {
      "name": "BM_Complexity_O_N/32768",
      "run_name": "BM_Complexity_O_N/32768",
      "run_type": "iteration",
      "repetitions": 0,
      "repetition_index": 0,
      "threads": 1,
      "iterations": 49,
      "real_time": 1.4455712041627539e+06,
      "cpu_time": 2.7645214285714296e+05,
      "time_unit": "ns"
    },
    {
      "name": "BM_Complexity_O_N/65536",
      "run_name": "BM_Complexity_O_N/65536",
      "run_type": "iteration",
      "repetitions": 0,
      "repetition_index": 0,
      "threads": 1,
      "iterations": 29,
      "real_time": 6.0346633103547683e+06,
      "cpu_time": 8.2873472413793311e+05,
      "time_unit": "ns"
    },
    {
      "name": "BM_Complexity_O_N_BigO",
      "run_name": "BM_Complexity_O_N",
      "run_type": "aggregate",
      "repetitions": 0,
      "threads": 1,
      "aggregate_name": "BigO",
      "cpu_coefficient": 7.4157945324560581e-01,
      "real_coefficient": 5.2199646509501063e+00,
      "big_o": "NlgN",
      "time_unit": "ns"
    },
    {
      "name": "BM_Complexity_O_N_RMS",
      "run_name": "BM_Complexity_O_N",
      "run_type": "aggregate",
      "repetitions": 0,
      "threads": 1,
      "aggregate_name": "RMS",
      "rms": 2.2028633337796441e-01
    },
    {
      "name": "BM_Complexity_O_N_log_N/1024",
      "run_name": "BM_Complexity_O_N_log_N/1024",
      "run_type": "iteration",
      "repetitions": 0,
      "repetition_index": 0,
      "threads": 1,
      "iterations": 136,
      "real_time": 1.3446877132724586e+06,
      "cpu_time": 1.4156211029411730e+05,
      "time_unit": "ns"
    },
    {
      "name": "BM_Complexity_O_N_log_N/2048",
      "run_name": "BM_Complexity_O_N_log_N/2048",
      "run_type": "iteration",
      "repetitions": 0,
      "repetition_index": 0,
      "threads": 1,
      "iterations": 10,
      "real_time": 6.1578519991599023e+06,
      "cpu_time": 5.2871440000000771e+05,
      "time_unit": "ns"
    },
    {
      "name": "BM_Complexity_O_N_log_N/4096",
      "run_name": "BM_Complexity_O_N_log_N/4096",
      "run_type": "iteration",
      "repetitions": 0,
      "repetition_index": 0,
      "threads": 1,
      "iterations": 7,
      "real_time": 8.3604905729381638e+06,
      "cpu_time": 9.7802814285714261e+05,
      "time_unit": "ns"
    },
    {
      "name": "BM_Complexity_O_N_log_N/8192",
      "run_name": "BM_Complexity_O_N_log_N/8192",
      "run_type": "iteration",
      "repetitions": 0,
      "repetition_index": 0,
      "threads": 1,
      "iterations": 4,
      "real_time": 1.6100853252282832e+07,
      "cpu_time": 1.9482792500000179e+06,
      "time_unit": "ns"
    },
    {
      "name": "BM_Complexity_O_N_log_N/16384",
      "run_name": "BM_Complexity_O_N_log_N/16384",
      "run_type": "iteration",
      "repetitions": 0,
      "repetition_index": 0,
      "threads": 1,
      "iterations": 1,
      "real_time": 5.0625651987502351e+07,
      "cpu_time": 1.1086902000000065e+07,
      "time_unit": "ns"
    },
    {
      "name": "BM_Complexity_O_N_log_N/32768",
      "run_name": "BM_Complexity_O_N_log_N/32768",
      "run_type": "iteration",
      "repetitions": 0,
      "repetition_index": 0,
      "threads": 1,
      "iterations": 1,
      "real_time": 2.3256088024936616e+07,
      "cpu_time": 1.5010377999999935e+07,
      "time_unit": "ns"
    },
    {
      "name": "BM_Complexity_O_N_log_N/65536",
      "run_name": "BM_Complexity_O_N_log_N/65536",
      "run_type": "iteration",
      "repetitions": 0,
      "repetition_index": 0,
      "threads": 1,
      "iterations": 1,
      "real_time": 6.3686736015370116e+07,
      "cpu_time": 2.8310730000000063e+07,
      "time_unit": "ns"
    },
    {
      "name": "BM_Complexity_O_N_log_N_BigO",
      "run_name": "BM_Complexity_O_N_log_N",
      "run_type": "aggregate",
      "repetitions": 0,
      "threads": 1,
      "aggregate_name": "BigO",
      "cpu_coefficient": 2.8319166925899310e+01,
      "real_coefficient": 6.5409067592400916e+01,
      "big_o": "NlgN",
      "time_unit": "ns"
    },
    {
      "name": "BM_Complexity_O_N_log_N_RMS",
      "run_name": "BM_Complexity_O_N_log_N",
      "run_type": "aggregate",
      "repetitions": 0,
      "threads": 1,
      "aggregate_name": "RMS",
      "rms": 2.3046718289214951e-01
    },
    {
      "name": "BM_Complexity_O_N_log_N/1024",
      "run_name": "BM_Complexity_O_N_log_N/1024",
      "run_type": "iteration",
      "repetitions": 0,
      "repetition_index": 0,
      "threads": 1,
      "iterations": 90,
      "real_time": 9.7446145535084524e+05,
      "cpu_time": 1.4089081111111006e+05,
      "time_unit": "ns"
    },
    {
      "name": "BM_Complexity_O_N_log_N/2048",
      "run_name": "BM_Complexity_O_N_log_N/2048",
      "run_type": "iteration",
      "repetitions": 0,
      "repetition_index": 0,
      "threads": 1,
      "iterations": 38,
      "real_time": 1.8836682889071342e+06,
      "cpu_time": 3.0355092105263221e+05,
      "time_unit": "ns"
    },
    {
      "name": "BM_Complexity_O_N_log_N/4096",
      "run_name": "BM_Complexity_O_N_log_N/4096",
      "run_type": "iteration",
      "repetitions": 0,
      "repetition_index": 0,
      "threads": 1,
      "iterations": 22,
      "real_time": 1.8715332275447012e+06,
      "cpu_time": 7.0510586363636830e+05,
      "time_unit": "ns"
    },
    {
      "name": "BM_Complexity_O_N_log_N/8192",
      "run_name": "BM_Complexity_O_N_log_N/8192",
      "run_type": "iteration",
      "repetitions": 0,
      "repetition_index": 0,
      "threads": 1,
      "iterations": 8,
      "real_time": 1.6490402485942468e+06,
      "cpu_time": 1.4400526249999935e+06,
      "time_unit": "ns"
    },
    {
      "name": "BM_Complexity_O_N_log_N/16384",
      "run_name": "BM_Complexity_O_N_log_N/16384",
      "run_type": "iteration",
      "repetitions": 0,
      "repetition_index": 0,
      "threads": 1,
      "iterations": 2,
      "real_time": 1.0662099506589584e+07,
      "cpu_time": 5.0219114999999758e+06,
      "time_unit": "ns"
    },
    {
      "name": "BM_Complexity_O_N_log_N/32768",
      "run_name": "BM_Complexity_O_N_log_N/32768",
      "run_type": "iteration",
      "repetitions": 0,
      "repetition_index": 0,
      "threads": 1,
      "iterations": 1,
      "real_time": 2.6554012001724914e+07,
      "cpu_time": 1.3224361000000019e+07,
      "time_unit": "ns"
    },
    {
      "name": "BM_Complexity_O_N_log_N/65536",
      "run_name": "BM_Complexity_O_N_log_N/65536",
      "run_type": "iteration",
      "repetitions": 0,
      "repetition_index": 0,
      "threads": 1,
      "iterations": 1,
      "real_time": 8.0445790023077279e+07,
      "cpu_time": 3.2202213999999784e+07,
      "time_unit": "ns"
    },
    {
      "name": "BM_Complexity_O_N_log_N_BigO",
      "run_name": "BM_Complexity_O_N_log_N",
      "run_type": "aggregate",
      "repetitions": 0,
      "threads": 1,
      "aggregate_name": "BigO",
      "cpu_coefficient": 2.9554085493981521e+01,
      "real_coefficient": 7.1139803409513533e+01,
      "big_o": "f(N)",
      "time_unit": "ns"
    },
    {
      "name": "BM_Complexity_O_N_log_N_RMS",
      "run_name": "BM_Complexity_O_N_log_N",
      "run_type": "aggregate",
      "repetitions": 0,
      "threads": 1,
      "aggregate_name": "RMS",
      "rms": 1.5683020719994220e-01
    },
    {
      "name": "BM_Complexity_O_N_log_N/1024",
      "run_name": "BM_Complexity_O_N_log_N/1024",
      "run_type": "iteration",
      "repetitions": 0,
      "repetition_index": 0,
      "threads": 1,
      "iterations": 87,
      "real_time": 7.7703801163033338e+05,
      "cpu_time": 1.2315422988505816e+05,
      "time_unit": "ns"
    },
    {
      "name": "BM_Complexity_O_N_log_N/2048",
      "run_name": "BM_Complexity_O_N_log_N/2048",
      "run_type": "iteration",
      "repetitions": 0,
      "repetition_index": 0,
      "threads": 1,
      "iterations": 55,
      "real_time": 1.1936363092073323e+06,
      "cpu_time": 3.0663781818181981e+05,
      "time_unit": "ns"
    },
    {
      "name": "BM_Complexity_O_N_log_N/4096",
      "run_name": "BM_Complexity_O_N_log_N/4096",
      "run_type": "iteration",
      "repetitions": 0,
      "repetition_index": 0,
      "threads": 1,
      "iterations": 19,
      "real_time": 4.2045548432629164e+06,
      "cpu_time": 8.3522199999999802e+05,
      "time_unit": "ns"
    },
    {
      "name": "BM_Complexity_O_N_log_N/8192",
      "run_name": "BM_Complexity_O_N_log_N/8192",
      "run_type": "iteration",
      "repetitions": 0,
      "repetition_index": 0,
      "threads": 1,
      "iterations": 7,
      "real_time": 6.7638214261803245e+06,
      "cpu_time": 1.7455171428571527e+06,
      "time_unit": "ns"
    },
    {
      "name": "BM_Complexity_O_N_log_N/16384",
      "run_name": "BM_Complexity_O_N_log_N/16384",
      "run_type": "iteration",
      "repetitions": 0,
      "repetition_index": 0,
      "threads": 1,
      "iterations": 2,
      "real_time": 1.9108131498796865e+07,
      "cpu_time": 5.1879325000000475e+06,
      "time_unit": "ns"
    },
    {
      "name": "BM_Complexity_O_N_log_N/32768",
      "run_name": "BM_Complexity_O_N_log_N/32768",
      "run_type": "iteration",
      "repetitions": 0,
      "repetition_index": 0,
      "threads": 1,
      "iterations": 1,
      "real_time": 2.0718607003800571e+07,
      "cpu_time": 1.4171361000000048e+07,
      "time_unit": "ns"
    },
    {
      "name": "BM_Complexity_O_N_log_N/65536",
      "run_name": "BM_Complexity_O_N_log_N/65536",
      "run_type": "iteration",
      "repetitions": 0,
      "repetition_index": 0,
      "threads": 1,
      "iterations": 1,
      "real_time": 6.3839192996965721e+07,
      "cpu_time": 2.9088455000000123e+07,
      "time_unit": "ns"
    },
    {
      "name": "BM_Complexity_O_N_log_N_BigO",
      "run_name": "BM_Complexity_O_N_log_N",
      "run_type": "aggregate",
      "repetitions": 0,
      "threads": 1,
      "aggregate_name": "BigO",
      "cpu_coefficient": 2.7620505414651909e+01,
      "real_coefficient": 5.8567870053934598e+01,
      "big_o": "NlgN",
      "time_unit": "ns"
    },
    {
      "name": "BM_Complexity_O_N_log_N_RMS",
      "run_name": "BM_Complexity_O_N_log_N",
      "run_type": "aggregate",
      "repetitions": 0,
      "threads": 1,
      "aggregate_name": "RMS",
      "rms": 9.6402534561477682e-02
    },
    {
      "name": "BM_ComplexityCaptureArgs/capture_test/1/3",
      "run_name": "BM_ComplexityCaptureArgs/capture_test/1/3",
      "run_type": "iteration",
      "repetitions": 0,
      "repetition_index": 0,
      "threads": 1,
      "iterations": 3616020,
      "real_time": 1.0501924215336070e+01,
      "cpu_time": 3.8083555953783708e+00,
      "time_unit": "ns"
    },
    {
      "name": "BM_ComplexityCaptureArgs/capture_test/2/3",
      "run_name": "BM_ComplexityCaptureArgs/capture_test/2/3",
      "run_type": "iteration",
      "repetitions": 0,
      "repetition_index": 0,
      "threads": 1,
      "iterations": 3200505,
      "real_time": 5.9081657443152764e+00,
      "cpu_time": 4.2933871373424308e+00,
      "time_unit": "ns"
    },
    {
      "name": "BM_ComplexityCaptureArgs/capture_test/1/4",
      "run_name": "BM_ComplexityCaptureArgs/capture_test/1/4",
      "run_type": "iteration",
      "repetitions": 0,
      "repetition_index": 0,
      "threads": 1,
      "iterations": 4637300,
      "real_time": 7.4651844839504422e+00,
      "cpu_time": 4.1336810212839517e+00,
      "time_unit": "ns"
    },
    {
      "name": "BM_ComplexityCaptureArgs/capture_test/2/4",
      "run_name": "BM_ComplexityCaptureArgs/capture_test/2/4",
      "run_type": "iteration",
      "repetitions": 0,
      "repetition_index": 0,
      "threads": 1,
      "iterations": 3435856,
      "real_time": 6.3283219638585884e+00,
      "cpu_time": 4.5641182284705488e+00,
      "time_unit": "ns"
    },
    {
      "name": "BM_ComplexityCaptureArgs/capture_test_BigO",
      "run_name": "BM_ComplexityCaptureArgs/capture_test",
      "run_type": "aggregate",
      "repetitions": 0,
      "threads": 1,
      "aggregate_name": "BigO",
      "cpu_coefficient": 4.1998854956188256e-02,
      "real_coefficient": 7.5508991018650926e-02,
      "big_o": "N",
      "time_unit": "ns"
    },
    {
      "name": "BM_ComplexityCaptureArgs/capture_test_RMS",
      "run_name": "BM_ComplexityCaptureArgs/capture_test",
      "run_type": "aggregate",
      "repetitions": 0,
      "threads": 1,
      "aggregate_name": "RMS",
      "rms": 6.5107516665269982e-02
    }
  ]
}

---------------------------
Testing CSVReporter Output
---------------------------
name,iterations,real_time,cpu_time,time_unit,bytes_per_second,items_per_second,label,error_occurred,error_message
"BM_Complexity_O1/1",9182,5684.81,1395.95,ns,,,,,
"BM_Complexity_O1/8",8225,6117.49,1416.65,ns,,,,,
"BM_Complexity_O1/64",8613,3447.44,1414.99,ns,,,,,
"BM_Complexity_O1/512",8239,2852.06,1347.86,ns,,,,,
"BM_Complexity_O1/4096",8665,5059.17,1681.71,ns,,,,,
"BM_Complexity_O1/32768",10000,2645.75,1022.05,ns,,,,,
"BM_Complexity_O1/262144",10000,5234.2,1557.4,ns,,,,,
"BM_Complexity_O1_BigO",,4434.42,1405.23,(1),,,,,
"BM_Complexity_O1_RMS",,0.296531,0.134491,,,,,,
"BM_Complexity_O1/1",10073,7334,1760.94,ns,,,,,
"BM_Complexity_O1/8",9202,2967.83,1530.29,ns,,,,,
"BM_Complexity_O1/64",8651,3547.78,1248.61,ns,,,,,
"BM_Complexity_O1/512",11195,3196.83,1565.76,ns,,,,,
"BM_Complexity_O1/4096",7974,2453.49,1456.17,ns,,,,,
"BM_Complexity_O1/32768",10998,3918.65,1595.12,ns,,,,,
"BM_Complexity_O1/262144",9229,2243.47,1373.36,ns,,,,,
"BM_Complexity_O1_BigO",,3666.01,1504.32,(1),,,,,
"BM_Complexity_O1_RMS",,0.434164,0.101564,,,,,,
"BM_Complexity_O1/1",10722,2584.38,1428.35,ns,,,,,
"BM_Complexity_O1/8",9295,3820.77,1543.34,ns,,,,,
"BM_Complexity_O1/64",10000,3010.34,1315.72,ns,,,,,
"BM_Complexity_O1/512",9441,4028.41,1552.93,ns,,,,,
"BM_Complexity_O1/4096",8463,2877.77,1449.89,ns,,,,,
"BM_Complexity_O1/32768",10160,7769.85,1142.83,ns,,,,,
"BM_Complexity_O1/262144",8632,3075.87,1509.95,ns,,,,,
"BM_Complexity_O1_BigO",,3881.06,1420.43,f(N),,,,,
"BM_Complexity_O1_RMS",,0.427201,0.0958056,,,,,,
"BM_Complexity_O_N/1024",1757,15917,8206.52,ns,,,,,
"BM_Complexity_O_N/2048",757,50010.1,17450.8,ns,,,,,
"BM_Complexity_O_N/4096",473,135825,38688.2,ns,,,,,
"BM_Complexity_O_N/8192",179,228643,80729.9,ns,,,,,
"BM_Complexity_O_N/16384",69,376756,193298,ns,,,,,
"BM_Complexity_O_N/32768",57,808672,243747,ns,,,,,
"BM_Complexity_O_N/65536",49,1.88171e+06,436084,ns,,,,,
"BM_Complexity_O_N_BigO",,27.6863,7.08964,N,,,,,
"BM_Complexity_O_N_RMS",,0.109227,0.22521,,,,,,
"BM_Complexity_O_N/1024",1000,58703.7,4443.13,ns,,,,,
"BM_Complexity_O_N/2048",1000,47691.6,18042.4,ns,,,,,
"BM_Complexity_O_N/4096",661,55718.1,19125.1,ns,,,,,
"BM_Complexity_O_N/8192",174,200109,75128,ns,,,,,
"BM_Complexity_O_N/16384",151,362032,132297,ns,,,,,
"BM_Complexity_O_N/32768",54,474513,232102,ns,,,,,
"BM_Complexity_O_N/65536",24,1.99762e+06,536374,ns,,,,,
"BM_Complexity_O_N_BigO",,26.9673,7.9738,f(N),,,,,
"BM_Complexity_O_N_RMS",,0.398053,0.0952232,,,,,,
"BM_Complexity_O_N/1024",1810,18374.9,5836.21,ns,,,,,
"BM_Complexity_O_N/2048",1629,52696.8,17662.2,ns,,,,,
"BM_Complexity_O_N/4096",417,136154,23954.2,ns,,,,,
"BM_Complexity_O_N/8192",100,859598,43594.3,ns,,,,,
"BM_Complexity_O_N/16384",96,925208,144118,ns,,,,,
"BM_Complexity_O_N/32768",49,1.44557e+06,276452,ns,,,,,
"BM_Complexity_O_N/65536",29,6.03466e+06,828735,ns,,,,,
"BM_Complexity_O_N_BigO",,5.21996,0.741579,NlgN,,,,,
"BM_Complexity_O_N_RMS",,0.370114,0.220286,,,,,,
"BM_Complexity_O_N_log_N/1024",136,1.34469e+06,141562,ns,,,,,
"BM_Complexity_O_N_log_N/2048",10,6.15785e+06,528714,ns,,,,,
"BM_Complexity_O_N_log_N/4096",7,8.36049e+06,978028,ns,,,,,
"BM_Complexity_O_N_log_N/8192",4,1.61009e+07,1.94828e+06,ns,,,,,
"BM_Complexity_O_N_log_N/16384",1,5.06257e+07,1.10869e+07,ns,,,,,
"BM_Complexity_O_N_log_N/32768",1,2.32561e+07,1.50104e+07,ns,,,,,
"BM_Complexity_O_N_log_N/65536",1,6.36867e+07,2.83107e+07,ns,,,,,
"BM_Complexity_O_N_log_N_BigO",,65.4091,28.3192,NlgN,,,,,
"BM_Complexity_O_N_log_N_RMS",,0.605307,0.230467,,,,,,
"BM_Complexity_O_N_log_N/1024",90,974461,140891,ns,,,,,
"BM_Complexity_O_N_log_N/2048",38,1.88367e+06,303551,ns,,,,,
"BM_Complexity_O_N_log_N/4096",22,1.87153e+06,705106,ns,,,,,
"BM_Complexity_O_N_log_N/8192",8,1.64904e+06,1.44005e+06,ns,,,,,
"BM_Complexity_O_N_log_N/16384",2,1.06621e+07,5.02191e+06,ns,,,,,
"BM_Complexity_O_N_log_N/32768",1,2.6554e+07,1.32244e+07,ns,,,,,
"BM_Complexity_O_N_log_N/65536",1,8.04458e+07,3.22022e+07,ns,,,,,
"BM_Complexity_O_N_log_N_BigO",,71.1398,29.5541,f(N),,,,,
"BM_Complexity_O_N_log_N_RMS",,0.282081,0.15683,,,,,,
"BM_Complexity_O_N_log_N/1024",87,777038,123154,ns,,,,,
"BM_Complexity_O_N_log_N/2048",55,1.19364e+06,306638,ns,,,,,
"BM_Complexity_O_N_log_N/4096",19,4.20455e+06,835222,ns,,,,,
"BM_Complexity_O_N_log_N/8192",7,6.76382e+06,1.74552e+06,ns,,,,,
"BM_Complexity_O_N_log_N/16384",2,1.91081e+07,5.18793e+06,ns,,,,,
"BM_Complexity_O_N_log_N/32768",1,2.07186e+07,1.41714e+07,ns,,,,,
"BM_Complexity_O_N_log_N/65536",1,6.38392e+07,2.90885e+07,ns,,,,,
"BM_Complexity_O_N_log_N_BigO",,58.5679,27.6205,NlgN,,,,,
"BM_Complexity_O_N_log_N_RMS",,0.232798,0.0964025,,,,,,
"BM_ComplexityCaptureArgs/capture_test/1/3",3616020,10.5019,3.80836,ns,,,,,
"BM_ComplexityCaptureArgs/capture_test/2/3",3200505,5.90817,4.29339,ns,,,,,
"BM_ComplexityCaptureArgs/capture_test/1/4",4637300,7.46518,4.13368,ns,,,,,
"BM_ComplexityCaptureArgs/capture_test/2/4",3435856,6.32832,4.56412,ns,,,,,
"BM_ComplexityCaptureArgs/capture_test_BigO",,0.075509,0.0419989,N,,,,,
"BM_ComplexityCaptureArgs/capture_test_RMS",,0.237914,0.0651075,,,,,,

<end of output>
Test time =   4.98 sec
----------------------------------------------------------
Test Passed.
"complexity_benchmark" end time: Sep 02 18:30 CST
"complexity_benchmark" time elapsed: 00:00:04
----------------------------------------------------------

56/73 Testing: user_counters_tabular_test
56/73 Test: user_counters_tabular_test
Command: "/home/glf/MPRPC/build/_deps/googlebenchmark-build/test/user_counters_tabular_test" "--benchmark_counters_tabular=true" "--benchmark_min_time=0.01"
Directory: /home/glf/MPRPC/build/_deps/googlebenchmark-build/test
"user_counters_tabular_test" start time: Sep 02 18:30 CST
Output:
----------------------------------------------------------
Running benchmarks...
-------------------------------
Testing ConsoleReporter Output
-------------------------------
-----------------------------------------------------------------------------------------------------------------------------------------------
Benchmark                                   Time             CPU   Iterations        Bar        Bat        Baz        Foo       Frob        Lob
-----------------------------------------------------------------------------------------------------------------------------------------------
BM_Counters_Tabular/threads:1            3.85 ns         1.91 ns     12556166          2          8          4          1         16         32
BM_Counters_Tabular/threads:2            1.03 ns         1.90 ns      8779322          2          8          4          1         16         32
BM_Counters_Tabular/threads:4           0.491 ns         1.80 ns      6179888          2          8          4          1         16         32
2025-09-02T18:30:22+08:00
Running /home/glf/MPRPC/build/_deps/googlebenchmark-build/test/user_counters_tabular_test
Run on (2 X 2688 MHz CPU s)
CPU Caches:
  L1 Data 48 KiB (x2)
  L1 Instruction 32 KiB (x2)
  L2 Unified 1280 KiB (x2)
  L3 Unified 24576 KiB (x2)
Load Average: 0.54, 0.57, 0.79
***WARNING*** Library was built as DEBUG. Timings may be affected.
2025-09-02T18:30:22+08:00
Running /home/glf/MPRPC/build/_deps/googlebenchmark-build/test/user_counters_tabular_test
Run on (2 X 2688 MHz CPU s)
CPU Caches:
  L1 Data 48 KiB (x2)
  L1 Instruction 32 KiB (x2)
  L2 Unified 1280 KiB (x2)
  L3 Unified 24576 KiB (x2)
Load Average: 0.54, 0.57, 0.79
***WARNING*** Library was built as DEBUG. Timings may be affected.
BM_Counters_Tabular/threads:8           0.237 ns         1.75 ns      7877072          2          8          4          1         16         32
BM_Counters_Tabular/threads:16          0.144 ns         2.13 ns      5028704          2          8          4          1         16         32
BM_CounterRates_Tabular/threads:1        12.5 ns         4.63 ns      4581527  94.2807/s  377.123/s  188.561/s  47.1404/s  754.246/s 1.50849k/s
BM_CounterRates_Tabular/threads:2        2.09 ns         3.86 ns      3548366  146.063/s  584.252/s  292.126/s  73.0315/s  1.1685k/s 2.33701k/s
BM_CounterRates_Tabular/threads:4        1.30 ns         4.82 ns      3504852  118.427/s  473.708/s  236.854/s  59.2135/s  947.415/s 1.89483k/s
BM_CounterRates_Tabular/threads:8       0.744 ns         5.50 ns      3335392  109.066/s  436.263/s  218.132/s  54.5329/s  872.527/s 1.74505k/s
BM_CounterRates_Tabular/threads:16      0.275 ns         4.07 ns      3574384  137.376/s  549.505/s  274.753/s  68.6881/s  1099.01/s 2.19802k/s
--------------------------------------------------------------------------------------------------------------
Benchmark                                   Time             CPU   Iterations        Bar        Baz        Foo
--------------------------------------------------------------------------------------------------------------
BM_CounterSet0_Tabular/threads:1         10.6 ns         2.60 ns     11275328         20         40         10
BM_CounterSet0_Tabular/threads:2         1.03 ns         1.90 ns      9579764         20         40         10
BM_CounterSet0_Tabular/threads:4         1.07 ns         3.95 ns      3837212         20         40         10
BM_CounterSet0_Tabular/threads:8        0.256 ns         1.90 ns      6343360         20         40         10
BM_CounterSet0_Tabular/threads:16       0.209 ns         3.09 ns      4577760         20         40         10
BM_CounterSet1_Tabular/threads:1         5.50 ns         1.71 ns      6883264         25         45         15
BM_CounterSet1_Tabular/threads:2         1.04 ns         1.92 ns      6911564         25         45         15
BM_CounterSet1_Tabular/threads:4        0.508 ns         1.88 ns      5484608         25         45         15
BM_CounterSet1_Tabular/threads:8        0.210 ns         1.55 ns      7024232         25         45         15
BM_CounterSet1_Tabular/threads:16       0.125 ns         1.85 ns      8044176         25         45         15
--------------------------------------------------------------------------------------------------------------
Benchmark                                   Time             CPU   Iterations        Bat        Baz        Foo
--------------------------------------------------------------------------------------------------------------
BM_CounterSet2_Tabular/threads:1         3.04 ns         1.75 ns      7829054         30         40         10
BM_CounterSet2_Tabular/threads:2         1.05 ns         1.93 ns      7538916         30         40         10
BM_CounterSet2_Tabular/threads:4        0.450 ns         1.66 ns      6092908         30         40         10
BM_CounterSet2_Tabular/threads:8        0.376 ns         2.78 ns      9720688         30         40         10
BM_CounterSet2_Tabular/threads:16       0.141 ns         2.08 ns      6418880         30         40         10

----------------------------
Testing JSONReporter Output
----------------------------
{
  "context": {
    "date": "2025-09-02T18:30:22+08:00",
    "host_name": "localhost.localdomain",
    "executable": "/home/glf/MPRPC/build/_deps/googlebenchmark-build/test/user_counters_tabular_test",
    "num_cpus": 2,
    "mhz_per_cpu": 2688,
    "cpu_scaling_enabled": false,
    "caches": [
      {
        "type": "Data",
        "level": 1,
        "size": 49152,
        "num_sharing": 1
      },
      {
        "type": "Instruction",
        "level": 1,
        "size": 32768,
        "num_sharing": 1
      },
      {
        "type": "Unified",
        "level": 2,
        "size": 1310720,
        "num_sharing": 1
      },
      {
        "type": "Unified",
        "level": 3,
        "size": 25165824,
        "num_sharing": 1
      }
    ],
    "load_avg": [0.54,0.57,0.79],
    "library_build_type": "debug"
  },
  "benchmarks": [
    {
      "name": "BM_Counters_Tabular/threads:1",
      "run_name": "BM_Counters_Tabular/threads:1",
      "run_type": "iteration",
      "repetitions": 0,
      "repetition_index": 0,
      "threads": 1,
      "iterations": 12556166,
      "real_time": 3.8530514813045165e+00,
      "cpu_time": 1.9108425294791425e+00,
      "time_unit": "ns",
      "Bar": 2.0000000000000000e+00,
      "Bat": 8.0000000000000000e+00,
      "Baz": 4.0000000000000000e+00,
      "Foo": 1.0000000000000000e+00,
      "Frob": 1.6000000000000000e+01,
      "Lob": 3.2000000000000000e+01
    },
    {
      "name": "BM_Counters_Tabular/threads:2",
      "run_name": "BM_Counters_Tabular/threads:2",
      "run_type": "iteration",
      "repetitions": 0,
      "repetition_index": 0,
      "threads": 2,
      "iterations": 8779322,
      "real_time": 1.0307307343530914e+00,
      "cpu_time": 1.9037964435066892e+00,
      "time_unit": "ns",
      "Bar": 2.0000000000000000e+00,
      "Bat": 8.0000000000000000e+00,
      "Baz": 4.0000000000000000e+00,
      "Foo": 1.0000000000000000e+00,
      "Frob": 1.6000000000000000e+01,
      "Lob": 3.2000000000000000e+01
    },
    {
      "name": "BM_Counters_Tabular/threads:4",
      "run_name": "BM_Counters_Tabular/threads:4",
      "run_type": "iteration",
      "repetitions": 0,
      "repetition_index": 0,
      "threads": 4,
      "iterations": 6179888,
      "real_time": 4.9107916739333513e-01,
      "cpu_time": 1.8002590014576318e+00,
      "time_unit": "ns",
      "Bar": 2.0000000000000000e+00,
      "Bat": 8.0000000000000000e+00,
      "Baz": 4.0000000000000000e+00,
      "Foo": 1.0000000000000000e+00,
      "Frob": 1.6000000000000000e+01,
      "Lob": 3.2000000000000000e+01
    },
    {
      "name": "BM_Counters_Tabular/threads:8",
      "run_name": "BM_Counters_Tabular/threads:8",
      "run_type": "iteration",
      "repetitions": 0,
      "repetition_index": 0,
      "threads": 8,
      "iterations": 7877072,
      "real_time": 2.3725549664469908e-01,
      "cpu_time": 1.7529922285844266e+00,
      "time_unit": "ns",
      "Bar": 2.0000000000000000e+00,
      "Bat": 8.0000000000000000e+00,
      "Baz": 4.0000000000000000e+00,
      "Foo": 1.0000000000000000e+00,
      "Frob": 1.6000000000000000e+01,
      "Lob": 3.2000000000000000e+01
    },
    {
      "name": "BM_Counters_Tabular/threads:16",
      "run_name": "BM_Counters_Tabular/threads:16",
      "run_type": "iteration",
      "repetitions": 0,
      "repetition_index": 0,
      "threads": 16,
      "iterations": 5028704,
      "real_time": 1.4386756026843045e-01,
      "cpu_time": 2.1277679099823765e+00,
      "time_unit": "ns",
      "Bar": 2.0000000000000000e+00,
      "Bat": 8.0000000000000000e+00,
      "Baz": 4.0000000000000000e+00,
      "Foo": 1.0000000000000000e+00,
      "Frob": 1.6000000000000000e+01,
      "Lob": 3.2000000000000000e+01
    },
    {
      "name": "BM_CounterRates_Tabular/threads:1",
      "run_name": "BM_CounterRates_Tabular/threads:1",
      "run_type": "iteration",
      "repetitions": 0,
      "repetition_index": 0,
      "threads": 1,
      "iterations": 4581527,
      "real_time": 1.2503964290764722e+01,
      "cpu_time": 4.6301687188572700e+00,
      "time_unit": "ns",
      "Bar": 9.4280728316740664e+01,
      "Bat": 3.7712291326696266e+02,
      "Baz": 1.8856145663348133e+02,
      "Foo": 4.7140364158370332e+01,
      "Frob": 7.5424582653392531e+02,
      "Lob": 1.5084916530678506e+03
    },
    {
      "name": "BM_CounterRates_Tabular/threads:2",
      "run_name": "BM_CounterRates_Tabular/threads:2",
      "run_type": "iteration",
      "repetitions": 0,
      "repetition_index": 0,
      "threads": 2,
      "iterations": 3548366,
      "real_time": 2.0902412526492684e+00,
      "cpu_time": 3.8588812428030335e+00,
      "time_unit": "ns",
      "Bar": 1.4606298542663836e+02,
      "Bat": 5.8425194170655345e+02,
      "Baz": 2.9212597085327673e+02,
      "Foo": 7.3031492713319182e+01,
      "Frob": 1.1685038834131069e+03,
      "Lob": 2.3370077668262138e+03
    },
    {
      "name": "BM_CounterRates_Tabular/threads:4",
      "run_name": "BM_CounterRates_Tabular/threads:4",
      "run_type": "iteration",
      "repetitions": 0,
      "repetition_index": 0,
      "threads": 4,
      "iterations": 3504852,
      "real_time": 1.3049240025891904e+00,
      "cpu_time": 4.8184784978081812e+00,
      "time_unit": "ns",
      "Bar": 1.1842690697223020e+02,
      "Bat": 4.7370762788892080e+02,
      "Baz": 2.3685381394446040e+02,
      "Foo": 5.9213453486115100e+01,
      "Frob": 9.4741525577784159e+02,
      "Lob": 1.8948305115556832e+03
    },
    {
      "name": "BM_CounterRates_Tabular/threads:8",
      "run_name": "BM_CounterRates_Tabular/threads:8",
      "run_type": "iteration",
      "repetitions": 0,
      "repetition_index": 0,
      "threads": 8,
      "iterations": 3335392,
      "real_time": 7.4425127634912414e-01,
      "cpu_time": 5.4978698156018728e+00,
      "time_unit": "ns",
      "Bar": 1.0906581800372383e+02,
      "Bat": 4.3626327201489534e+02,
      "Baz": 2.1813163600744767e+02,
      "Foo": 5.4532909001861917e+01,
      "Frob": 8.7252654402979067e+02,
      "Lob": 1.7450530880595813e+03
    },
    {
      "name": "BM_CounterRates_Tabular/threads:16",
      "run_name": "BM_CounterRates_Tabular/threads:16",
      "run_type": "iteration",
      "repetitions": 0,
      "repetition_index": 0,
      "threads": 16,
      "iterations": 3574384,
      "real_time": 2.7511131950800288e-01,
      "cpu_time": 4.0730254499796290e+00,
      "time_unit": "ns",
      "Bar": 1.3737625233050238e+02,
      "Bat": 5.4950500932200953e+02,
      "Baz": 2.7475250466100476e+02,
      "Foo": 6.8688126165251191e+01,
      "Frob": 1.0990100186440191e+03,
      "Lob": 2.1980200372880381e+03
    },
    {
      "name": "BM_CounterSet0_Tabular/threads:1",
      "run_name": "BM_CounterSet0_Tabular/threads:1",
      "run_type": "iteration",
      "repetitions": 0,
      "repetition_index": 0,
      "threads": 1,
      "iterations": 11275328,
      "real_time": 1.0637381989030928e+01,
      "cpu_time": 2.6030300848010786e+00,
      "time_unit": "ns",
      "Bar": 2.0000000000000000e+01,
      "Baz": 4.0000000000000000e+01,
      "Foo": 1.0000000000000000e+01
    },
    {
      "name": "BM_CounterSet0_Tabular/threads:2",
      "run_name": "BM_CounterSet0_Tabular/threads:2",
      "run_type": "iteration",
      "repetitions": 0,
      "repetition_index": 0,
      "threads": 2,
      "iterations": 9579764,
      "real_time": 1.0309876126675324e+00,
      "cpu_time": 1.9037530569646617e+00,
      "time_unit": "ns",
      "Bar": 2.0000000000000000e+01,
      "Baz": 4.0000000000000000e+01,
      "Foo": 1.0000000000000000e+01
    },
    {
      "name": "BM_CounterSet0_Tabular/threads:4",
      "run_name": "BM_CounterSet0_Tabular/threads:4",
      "run_type": "iteration",
      "repetitions": 0,
      "repetition_index": 0,
      "threads": 4,
      "iterations": 3837212,
      "real_time": 1.0684743885367058e+00,
      "cpu_time": 3.9468874797639595e+00,
      "time_unit": "ns",
      "Bar": 2.0000000000000000e+01,
      "Baz": 4.0000000000000000e+01,
      "Foo": 1.0000000000000000e+01
    },
    {
      "name": "BM_CounterSet0_Tabular/threads:8",
      "run_name": "BM_CounterSet0_Tabular/threads:8",
      "run_type": "iteration",
      "repetitions": 0,
      "repetition_index": 0,
      "threads": 8,
      "iterations": 6343360,
      "real_time": 2.5627488777287671e-01,
      "cpu_time": 1.8962906093931262e+00,
      "time_unit": "ns",
      "Bar": 2.0000000000000000e+01,
      "Baz": 4.0000000000000000e+01,
      "Foo": 1.0000000000000000e+01
    },
    {
      "name": "BM_CounterSet0_Tabular/threads:16",
      "run_name": "BM_CounterSet0_Tabular/threads:16",
      "run_type": "iteration",
      "repetitions": 0,
      "repetition_index": 0,
      "threads": 16,
      "iterations": 4577760,
      "real_time": 2.0881338388116688e-01,
      "cpu_time": 3.0869597794554449e+00,
      "time_unit": "ns",
      "Bar": 2.0000000000000000e+01,
      "Baz": 4.0000000000000000e+01,
      "Foo": 1.0000000000000000e+01
    },
    {
      "name": "BM_CounterSet1_Tabular/threads:1",
      "run_name": "BM_CounterSet1_Tabular/threads:1",
      "run_type": "iteration",
      "repetitions": 0,
      "repetition_index": 0,
      "threads": 1,
      "iterations": 6883264,
      "real_time": 5.4955881381700049e+00,
      "cpu_time": 1.7129601595987081e+00,
      "time_unit": "ns",
      "Bar": 2.5000000000000000e+01,
      "Baz": 4.5000000000000000e+01,
      "Foo": 1.5000000000000000e+01
    },
    {
      "name": "BM_CounterSet1_Tabular/threads:2",
      "run_name": "BM_CounterSet1_Tabular/threads:2",
      "run_type": "iteration",
      "repetitions": 0,
      "repetition_index": 0,
      "threads": 2,
      "iterations": 6911564,
      "real_time": 1.0371505650121193e+00,
      "cpu_time": 1.9152070356289821e+00,
      "time_unit": "ns",
      "Bar": 2.5000000000000000e+01,
      "Baz": 4.5000000000000000e+01,
      "Foo": 1.5000000000000000e+01
    },
    {
      "name": "BM_CounterSet1_Tabular/threads:4",
      "run_name": "BM_CounterSet1_Tabular/threads:4",
      "run_type": "iteration",
      "repetitions": 0,
      "repetition_index": 0,
      "threads": 4,
      "iterations": 5484608,
      "real_time": 5.0819739467791669e-01,
      "cpu_time": 1.8767306615167416e+00,
      "time_unit": "ns",
      "Bar": 2.5000000000000000e+01,
      "Baz": 4.5000000000000000e+01,
      "Foo": 1.5000000000000000e+01
    },
    {
      "name": "BM_CounterSet1_Tabular/threads:8",
      "run_name": "BM_CounterSet1_Tabular/threads:8",
      "run_type": "iteration",
      "repetitions": 0,
      "repetition_index": 0,
      "threads": 8,
      "iterations": 7024232,
      "real_time": 2.0961319944272341e-01,
      "cpu_time": 1.5481013440330427e+00,
      "time_unit": "ns",
      "Bar": 2.5000000000000000e+01,
      "Baz": 4.5000000000000000e+01,
      "Foo": 1.5000000000000000e+01
    },
    {
      "name": "BM_CounterSet1_Tabular/threads:16",
      "run_name": "BM_CounterSet1_Tabular/threads:16",
      "run_type": "iteration",
      "repetitions": 0,
      "repetition_index": 0,
      "threads": 16,
      "iterations": 8044176,
      "real_time": 1.2514860902117900e-01,
      "cpu_time": 1.8492515578972888e+00,
      "time_unit": "ns",
      "Bar": 2.5000000000000000e+01,
      "Baz": 4.5000000000000000e+01,
      "Foo": 1.5000000000000000e+01
    },
    {
      "name": "BM_CounterSet2_Tabular/threads:1",
      "run_name": "BM_CounterSet2_Tabular/threads:1",
      "run_type": "iteration",
      "repetitions": 0,
      "repetition_index": 0,
      "threads": 1,
      "iterations": 7829054,
      "real_time": 3.0430938425610567e+00,
      "cpu_time": 1.7459635608593251e+00,
      "time_unit": "ns",
      "Bat": 3.0000000000000000e+01,
      "Baz": 4.0000000000000000e+01,
      "Foo": 1.0000000000000000e+01
    },
    {
      "name": "BM_CounterSet2_Tabular/threads:2",
      "run_name": "BM_CounterSet2_Tabular/threads:2",
      "run_type": "iteration",
      "repetitions": 0,
      "repetition_index": 0,
      "threads": 2,
      "iterations": 7538916,
      "real_time": 1.0476025345204580e+00,
      "cpu_time": 1.9348623860512615e+00,
      "time_unit": "ns",
      "Bat": 3.0000000000000000e+01,
      "Baz": 4.0000000000000000e+01,
      "Foo": 1.0000000000000000e+01
    },
    {
      "name": "BM_CounterSet2_Tabular/threads:4",
      "run_name": "BM_CounterSet2_Tabular/threads:4",
      "run_type": "iteration",
      "repetitions": 0,
      "repetition_index": 0,
      "threads": 4,
      "iterations": 6092908,
      "real_time": 4.5000379792746581e-01,
      "cpu_time": 1.6625491473037128e+00,
      "time_unit": "ns",
      "Bat": 3.0000000000000000e+01,
      "Baz": 4.0000000000000000e+01,
      "Foo": 1.0000000000000000e+01
    },
    {
      "name": "BM_CounterSet2_Tabular/threads:8",
      "run_name": "BM_CounterSet2_Tabular/threads:8",
      "run_type": "iteration",
      "repetitions": 0,
      "repetition_index": 0,
      "threads": 8,
      "iterations": 9720688,
      "real_time": 3.7621012568088347e-01,
      "cpu_time": 2.7791445420324163e+00,
      "time_unit": "ns",
      "Bat": 3.0000000000000000e+01,
      "Baz": 4.0000000000000000e+01,
      "Foo": 1.0000000000000000e+01
    },
    {
      "name": "BM_CounterSet2_Tabular/threads:16",
      "run_name": "BM_CounterSet2_Tabular/threads:16",
      "run_type": "iteration",
      "repetitions": 0,
      "repetition_index": 0,
      "threads": 16,
      "iterations": 6418880,
      "real_time": 1.4063241008046079e-01,
      "cpu_time": 2.0774803392492065e+00,
      "time_unit": "ns",
      "Bat": 3.0000000000000000e+01,
      "Baz": 4.0000000000000000e+01,
      "Foo": 1.0000000000000000e+01
    }
  ]
}

---------------------------
Testing CSVReporter Output
---------------------------
name,iterations,real_time,cpu_time,time_unit,bytes_per_second,items_per_second,label,error_occurred,error_message,"Bar","Bat","Baz","Foo","Frob","Lob"
"BM_Counters_Tabular/threads:1",12556166,3.85305,1.91084,ns,,,,,,2,8,4,1,16,32
"BM_Counters_Tabular/threads:2",8779322,1.03073,1.9038,ns,,,,,,2,8,4,1,16,32
"BM_Counters_Tabular/threads:4",6179888,0.491079,1.80026,ns,,,,,,2,8,4,1,16,32
"BM_Counters_Tabular/threads:8",7877072,0.237255,1.75299,ns,,,,,,2,8,4,1,16,32
"BM_Counters_Tabular/threads:16",5028704,0.143868,2.12777,ns,,,,,,2,8,4,1,16,32
"BM_CounterRates_Tabular/threads:1",4581527,12.504,4.63017,ns,,,,,,94.2807,377.123,188.561,47.1404,754.246,1508.49
"BM_CounterRates_Tabular/threads:2",3548366,2.09024,3.85888,ns,,,,,,146.063,584.252,292.126,73.0315,1168.5,2337.01
"BM_CounterRates_Tabular/threads:4",3504852,1.30492,4.81848,ns,,,,,,118.427,473.708,236.854,59.2135,947.415,1894.83
"BM_CounterRates_Tabular/threads:8",3335392,0.744251,5.49787,ns,,,,,,109.066,436.263,218.132,54.5329,872.527,1745.05
"BM_CounterRates_Tabular/threads:16",3574384,0.275111,4.07303,ns,,,,,,137.376,549.505,274.753,68.6881,1099.01,2198.02
"BM_CounterSet0_Tabular/threads:1",11275328,10.6374,2.60303,ns,,,,,,20,,40,10,,
"BM_CounterSet0_Tabular/threads:2",9579764,1.03099,1.90375,ns,,,,,,20,,40,10,,
"BM_CounterSet0_Tabular/threads:4",3837212,1.06847,3.94689,ns,,,,,,20,,40,10,,
"BM_CounterSet0_Tabular/threads:8",6343360,0.256275,1.89629,ns,,,,,,20,,40,10,,
"BM_CounterSet0_Tabular/threads:16",4577760,0.208813,3.08696,ns,,,,,,20,,40,10,,
"BM_CounterSet1_Tabular/threads:1",6883264,5.49559,1.71296,ns,,,,,,25,,45,15,,
"BM_CounterSet1_Tabular/threads:2",6911564,1.03715,1.91521,ns,,,,,,25,,45,15,,
"BM_CounterSet1_Tabular/threads:4",5484608,0.508197,1.87673,ns,,,,,,25,,45,15,,
"BM_CounterSet1_Tabular/threads:8",7024232,0.209613,1.5481,ns,,,,,,25,,45,15,,
"BM_CounterSet1_Tabular/threads:16",8044176,0.125149,1.84925,ns,,,,,,25,,45,15,,
"BM_CounterSet2_Tabular/threads:1",7829054,3.04309,1.74596,ns,,,,,,,30,40,10,,
"BM_CounterSet2_Tabular/threads:2",7538916,1.0476,1.93486,ns,,,,,,,30,40,10,,
"BM_CounterSet2_Tabular/threads:4",6092908,0.450004,1.66255,ns,,,,,,,30,40,10,,
"BM_CounterSet2_Tabular/threads:8",9720688,0.37621,2.77914,ns,,,,,,,30,40,10,,
"BM_CounterSet2_Tabular/threads:16",6418880,0.140632,2.07748,ns,,,,,,,30,40,10,,

<end of output>
Test time =   9.19 sec
----------------------------------------------------------
Test Passed.
"user_counters_tabular_test" end time: Sep 02 18:30 CST
"user_counters_tabular_test" time elapsed: 00:00:09
----------------------------------------------------------

38/73 Testing: options_benchmarks
38/73 Test: options_benchmarks
Command: "/home/glf/MPRPC/build/_deps/googlebenchmark-build/test/options_test" "--benchmark_min_time=0.01"
Directory: /home/glf/MPRPC/build/_deps/googlebenchmark-build/test
"options_benchmarks" start time: Sep 02 18:30 CST
Output:
----------------------------------------------------------
-------------------------------------------------------------------------------------------
Benchmark                                                 Time             CPU   Iterations
-------------------------------------------------------------------------------------------
BM_basic                                               5.66 ns         1.61 ns      8165360
BM_basic/42                                            5.21 ns         2.18 ns      6942950
BM_basic_slow/10                                   58350637 ns        34901 ns            1
2025-09-02T18:30:22+08:00
Running /home/glf/MPRPC/build/_deps/googlebenchmark-build/test/options_test
Run on (2 X 2688 MHz CPU s)
CPU Caches:
  L1 Data 48 KiB (x2)
  L1 Instruction 32 KiB (x2)
  L2 Unified 1280 KiB (x2)
  L3 Unified 24576 KiB (x2)
Load Average: 0.54, 0.57, 0.79
***WARNING*** Library was built as DEBUG. Timings may be affected.
BM_basic_slow/100                                    101561 us         21.0 us            1
BM_basic_slow/1000                                     1000 ms        0.020 ms            1
BM_basic_slow/1000                                     1.01 s         0.000 s             1
BM_basic/1                                             2.47 ns         1.88 ns      7130292
BM_basic/8                                             3.62 ns         1.81 ns      6751146
BM_basic/1                                             5.15 ns         2.27 ns     11328749
BM_basic/2                                             9.88 ns         2.65 ns     10121026
BM_basic/4                                             11.0 ns         2.60 ns      6254716
BM_basic/8                                             11.9 ns         2.73 ns      5613349
BM_basic/10                                            8.93 ns         1.97 ns     10000000
BM_basic/11                                            8.85 ns         1.87 ns     10000000
BM_basic/12                                            8.74 ns         2.56 ns      6949025
BM_basic/13                                            11.6 ns         2.61 ns      6556721
BM_basic/14                                            3.78 ns         1.64 ns      6633320
BM_basic/15                                            6.93 ns         1.53 ns     11841567
BM_basic/42/42                                         3.62 ns         1.88 ns      9037943
BM_basic/64/64                                         4.49 ns         2.18 ns      5261892
BM_basic/512/64                                        5.57 ns         2.37 ns      9216481
BM_basic/64/512                                        4.43 ns         2.37 ns      6678205
BM_basic/512/512                                       9.54 ns         2.40 ns      8571422
BM_basic/min_time:0.700                                7.68 ns         2.02 ns    461923313
BM_basic/real_time                                     5.66 ns         2.34 ns      3634184
BM_basic/threads:2                                     1.16 ns         2.15 ns      7134394
BM_basic/threads:4                                    0.427 ns         1.58 ns      7202004
BM_basic/threads:2                                     1.15 ns         2.13 ns      6341218
BM_basic/repeats:3                                     2.27 ns         2.04 ns      7961077
BM_basic/repeats:3                                     3.83 ns         2.80 ns      7961077
BM_basic/repeats:3                                     2.36 ns         2.10 ns      7961077
BM_basic/repeats:3_mean                                2.82 ns         2.31 ns            3
BM_basic/repeats:3_median                              2.36 ns         2.10 ns            3
BM_basic/repeats:3_stddev                             0.873 ns        0.423 ns            3
BM_basic/-9223372036854775808                          3.42 ns         2.83 ns      4126265
BM_basic/-4611686014132420609                          1.89 ns         1.72 ns      6988961
BM_basic/-2147483647                                   4.78 ns         1.98 ns     12291311
BM_basic/-1                                            3.15 ns         2.61 ns      6090953
BM_basic/0                                             2.17 ns         1.89 ns      7214048
BM_basic/1                                             3.29 ns         1.89 ns      9809348
BM_basic/2147483647                                    4.83 ns         1.79 ns      9805715
BM_basic/4611686014132420609                           9.82 ns         2.33 ns      5091068
BM_basic/9223372036854775807                           10.9 ns         2.27 ns      9777888
BM_basic/-64                                           5.53 ns         2.24 ns      7137901
BM_basic/-8                                            5.07 ns         2.30 ns      7002160
BM_basic/-1                                            7.15 ns         1.98 ns      9669817
BM_basic/-8                                            7.20 ns         1.93 ns      8491829
BM_basic/-4                                            3.01 ns         2.17 ns     12779704
BM_basic/-1                                            3.13 ns         2.65 ns      5169355
BM_basic/0                                             13.1 ns         2.42 ns      4556452
BM_basic/1                                             3.78 ns         2.07 ns      4890529
BM_basic/4                                             6.59 ns         1.80 ns     12182610
BM_basic/8                                             10.4 ns         2.58 ns      4964171
BM_basic/-2                                            10.4 ns         2.28 ns      6857945
BM_basic/-1                                            17.3 ns         2.27 ns      7802838
BM_basic/0                                             8.78 ns         2.00 ns      7719032
BM_basic/1                                             6.26 ns         2.48 ns      9191659
BM_basic/2                                             6.00 ns         2.41 ns      7051312
BM_basic/-64/-8                                        8.70 ns         3.30 ns     10300518
BM_basic/-8/-8                                         22.1 ns         4.89 ns      2081882
BM_basic/-1/-8                                         10.5 ns         2.64 ns      4312293
BM_basic/0/-8                                          8.00 ns         1.96 ns      5775053
BM_basic/1/-8                                          10.2 ns         2.29 ns      6222067
BM_basic/-64/-1                                        9.74 ns         2.39 ns      4277651
BM_basic/-8/-1                                         7.64 ns         2.23 ns      7658346
BM_basic/-1/-1                                         5.20 ns         1.79 ns      7171282
BM_basic/0/-1                                          8.95 ns         2.00 ns      8739840
BM_basic/1/-1                                          4.91 ns         1.77 ns      7357358
BM_basic/0                                             9.17 ns         2.97 ns      4216621
BM_basic/1                                             8.24 ns         1.69 ns      6950681
BM_basic/2                                             10.2 ns         3.43 ns      4786587
BM_basic/3                                             3.98 ns         1.66 ns      7302175
BM_basic/4                                             7.29 ns         2.24 ns      7157479
BM_basic/5                                             2.27 ns         1.88 ns      6896722
BM_basic/6                                             3.60 ns         1.85 ns      6910809
BM_basic/7                                             14.2 ns         1.64 ns      7012370
BM_basic/8                                             7.06 ns         2.12 ns     10972260
BM_basic/9                                             5.65 ns         2.05 ns      7879772
BM_explicit_iteration_count/iterations:42              74.5 ns         62.5 ns           42
<end of output>
Test time =  11.53 sec
----------------------------------------------------------
Test Passed.
"options_benchmarks" end time: Sep 02 18:30 CST
"options_benchmarks" time elapsed: 00:00:11
----------------------------------------------------------

51/73 Testing: user_counters_test
51/73 Test: user_counters_test
Command: "/home/glf/MPRPC/build/_deps/googlebenchmark-build/test/user_counters_test" "--benchmark_min_time=0.01"
Directory: /home/glf/MPRPC/build/_deps/googlebenchmark-build/test
"user_counters_test" start time: Sep 02 18:30 CST
Output:
----------------------------------------------------------
Running benchmarks...
-------------------------------
Testing ConsoleReporter Output
-------------------------------
------------------------------------------------------------------------------------------------
Benchmark                                      Time             CPU   Iterations UserCounters...
------------------------------------------------------------------------------------------------
BM_Counters_Simple                          11.8 ns         2.26 ns     11365481 bar=22.731M foo=1
BM_Counters_WithBytesAndItemsPSec           28.3 ns         5.91 ns      2193947 bar=8 bytes_per_second=27.4138k/s foo=1 items_per_second=11.568k/s
BM_Counters_Rate                            15.7 ns         4.63 ns      4522123 bar=95.5571/s foo=47.7786/s
BM_Invert                                   15.1 ns         3.90 ns      4275218 bar=100u foo=10k
BM_Counters_InvertedRate                    14.9 ns         5.53 ns      2476303 bar=1.67093us foo=0.0136883s
2025-09-02T18:30:32+08:00
Running /home/glf/MPRPC/build/_deps/googlebenchmark-build/test/user_counters_test
Run on (2 X 2688 MHz CPU s)
CPU Caches:
  L1 Data 48 KiB (x2)
  L1 Instruction 32 KiB (x2)
  L2 Unified 1280 KiB (x2)
  L3 Unified 24576 KiB (x2)
Load Average: 2.54, 1.00, 0.93
***WARNING*** Library was built as DEBUG. Timings may be affected.
2025-09-02T18:30:32+08:00
Running /home/glf/MPRPC/build/_deps/googlebenchmark-build/test/user_counters_test
Run on (2 X 2688 MHz CPU s)
CPU Caches:
  L1 Data 48 KiB (x2)
  L1 Instruction 32 KiB (x2)
  L2 Unified 1280 KiB (x2)
  L3 Unified 24576 KiB (x2)
Load Average: 2.54, 1.00, 0.93
***WARNING*** Library was built as DEBUG. Timings may be affected.
BM_Counters_Threads/threads:1               9.85 ns         1.98 ns      7152027 bar=2 foo=1
BM_Counters_Threads/threads:2               1.01 ns         1.86 ns     10904884 bar=4 foo=2
BM_Counters_Threads/threads:4              0.475 ns         1.76 ns     10640756 bar=8 foo=4
BM_Counters_Threads/threads:8              0.301 ns         2.23 ns      8664000 bar=16 foo=8
BM_Counters_AvgThreads/threads:1            6.16 ns         2.38 ns      4794824 bar=2 foo=1
BM_Counters_AvgThreads/threads:2            1.02 ns         1.89 ns      5569234 bar=2 foo=1
BM_Counters_AvgThreads/threads:4           0.605 ns         2.23 ns      8889348 bar=2 foo=1
BM_Counters_AvgThreads/threads:8           0.373 ns         2.26 ns      6328184 bar=2 foo=1
BM_Counters_AvgThreadsRate/threads:1        24.4 ns         5.04 ns      3174429 bar=124.991/s foo=62.4953/s
BM_Counters_AvgThreadsRate/threads:2        3.08 ns         5.69 ns      2210106 bar=158.907/s foo=79.4535/s
BM_Counters_AvgThreadsRate/threads:4        1.13 ns         4.18 ns      3048236 bar=156.787/s foo=78.3936/s
BM_Counters_AvgThreadsRate/threads:8       0.833 ns         6.15 ns      2368680 bar=137.212/s foo=68.606/s
BM_Counters_IterationInvariant              12.9 ns         2.92 ns      4582813 bar=9.16563M foo=4.58281M
BM_Counters_kIsIterationInvariantRate       24.6 ns         3.75 ns      2780293 bar=533.892M/s foo=266.946M/s
BM_Counters_AvgIterations                   10.8 ns         1.88 ns      8215466 bar=243.443n foo=121.722n
BM_Counters_kAvgIterationsRate              33.0 ns         4.77 ns      3383007 bar=36.6672u/s foo=18.3336u/s

----------------------------
Testing JSONReporter Output
----------------------------
{
  "context": {
    "date": "2025-09-02T18:30:32+08:00",
    "host_name": "localhost.localdomain",
    "executable": "/home/glf/MPRPC/build/_deps/googlebenchmark-build/test/user_counters_test",
    "num_cpus": 2,
    "mhz_per_cpu": 2688,
    "cpu_scaling_enabled": false,
    "caches": [
      {
        "type": "Data",
        "level": 1,
        "size": 49152,
        "num_sharing": 1
      },
      {
        "type": "Instruction",
        "level": 1,
        "size": 32768,
        "num_sharing": 1
      },
      {
        "type": "Unified",
        "level": 2,
        "size": 1310720,
        "num_sharing": 1
      },
      {
        "type": "Unified",
        "level": 3,
        "size": 25165824,
        "num_sharing": 1
      }
    ],
    "load_avg": [2.54,1,0.93],
    "library_build_type": "debug"
  },
[...]
[       OK ] BenchmarkNameTest.TimeType (0 ms)
[ RUN      ] BenchmarkNameTest.Threads
[       OK ] BenchmarkNameTest.Threads (0 ms)
[ RUN      ] BenchmarkNameTest.TestEmptyFunctionName
[       OK ] BenchmarkNameTest.TestEmptyFunctionName (0 ms)
[----------] 9 tests from BenchmarkNameTest (0 ms total)

[----------] Global test environment tear-down
[==========] 9 tests from 1 test suite ran. (6 ms total)
[  PASSED  ] 9 tests.
<end of output>
Test time =   0.20 sec
----------------------------------------------------------
Test Passed.
"benchmark_name_gtest" end time: Sep 02 18:30 CST
"benchmark_name_gtest" time elapsed: 00:00:00
----------------------------------------------------------

28/73 Testing: filter_regex_begin_negative
28/73 Test: filter_regex_begin_negative
Command: "/home/glf/MPRPC/build/_deps/googlebenchmark-build/test/filter_test" "--benchmark_min_time=0.01" "--benchmark_filter=-^BM_.*" "1"
Directory: /home/glf/MPRPC/build/_deps/googlebenchmark-build/test
"filter_regex_begin_negative" start time: Sep 02 18:30 CST
Output:
----------------------------------------------------------
2025-09-02T18:30:46+08:00
Running /home/glf/MPRPC/build/_deps/googlebenchmark-build/test/filter_test
Run on (2 X 2688 MHz CPU s)
CPU Caches:
  L1 Data 48 KiB (x2)
  L1 Instruction 32 KiB (x2)
  L2 Unified 1280 KiB (x2)
  L3 Unified 24576 KiB (x2)
Load Average: 5.08, 1.64, 1.14
***WARNING*** Library was built as DEBUG. Timings may be affected.
-----------------------------------------------------
Benchmark           Time             CPU   Iterations
-----------------------------------------------------
[0;32mNoPrefix   [m[0;33m      8.90 ns         2.39 ns   [m[0;36m  11393220[m
[m
<end of output>
Test time =   0.31 sec
----------------------------------------------------------
Test Passed.
"filter_regex_begin_negative" end time: Sep 02 18:30 CST
"filter_regex_begin_negative" time elapsed: 00:00:00
----------------------------------------------------------

33/73 Testing: filter_regex_begin2_negative_list_only
33/73 Test: filter_regex_begin2_negative_list_only
Command: "/home/glf/MPRPC/build/_deps/googlebenchmark-build/test/filter_test" "--benchmark_list_tests" "--benchmark_filter=-^N" "4"
Directory: /home/glf/MPRPC/build/_deps/googlebenchmark-build/test
"filter_regex_begin2_negative_list_only" start time: Sep 02 18:30 CST
Output:
----------------------------------------------------------
BM_Foo
BM_Bar
BM_FooBar
BM_FooBa
<end of output>
Test time =   0.16 sec
----------------------------------------------------------
Test Passed.
"filter_regex_begin2_negative_list_only" end time: Sep 02 18:30 CST
"filter_regex_begin2_negative_list_only" time elapsed: 00:00:00
----------------------------------------------------------

37/73 Testing: filter_regex_end_negative_list_only
37/73 Test: filter_regex_end_negative_list_only
Command: "/home/glf/MPRPC/build/_deps/googlebenchmark-build/test/filter_test" "--benchmark_list_tests" "--benchmark_filter=-.*Ba$" "4"
Directory: /home/glf/MPRPC/build/_deps/googlebenchmark-build/test
"filter_regex_end_negative_list_only" start time: Sep 02 18:30 CST
Output:
----------------------------------------------------------
NoPrefix
BM_Foo
BM_Bar
BM_FooBar
<end of output>
Test time =   0.11 sec
----------------------------------------------------------
Test Passed.
"filter_regex_end_negative_list_only" end time: Sep 02 18:30 CST
"filter_regex_end_negative_list_only" time elapsed: 00:00:00
----------------------------------------------------------

42/73 Testing: donotoptimize_test
42/73 Test: donotoptimize_test
Command: "/home/glf/MPRPC/build/_deps/googlebenchmark-build/test/donotoptimize_test" "--benchmark_min_time=0.01"
Directory: /home/glf/MPRPC/build/_deps/googlebenchmark-build/test
"donotoptimize_test" start time: Sep 02 18:30 CST
Output:
----------------------------------------------------------
<end of output>
Test time =   0.09 sec
----------------------------------------------------------
Test Passed.
"donotoptimize_test" end time: Sep 02 18:30 CST
"donotoptimize_test" time elapsed: 00:00:00
----------------------------------------------------------

15/73 Testing: filter_regex_blank_list_only
15/73 Test: filter_regex_blank_list_only
Command: "/home/glf/MPRPC/build/_deps/googlebenchmark-build/test/filter_test" "--benchmark_list_tests" "--benchmark_filter=" "5"
Directory: /home/glf/MPRPC/build/_deps/googlebenchmark-build/test
"filter_regex_blank_list_only" start time: Sep 02 18:30 CST
Output:
----------------------------------------------------------
NoPrefix
BM_Foo
BM_Bar
BM_FooBar
BM_FooBa
<end of output>
Test time =   0.11 sec
----------------------------------------------------------
Test Passed.
"filter_regex_blank_list_only" end time: Sep 02 18:30 CST
"filter_regex_blank_list_only" time elapsed: 00:00:00
----------------------------------------------------------

61/73 Testing: benchmark_gtest
61/73 Test: benchmark_gtest
Command: "/home/glf/MPRPC/build/_deps/googlebenchmark-build/test/benchmark_gtest"
Directory: /home/glf/MPRPC/build/_deps/googlebenchmark-build/test
"benchmark_gtest" start time: Sep 02 18:30 CST
Output:
----------------------------------------------------------
Running main() from gmock_main.cc
[==========] Running 20 tests from 2 test suites.
[----------] Global test environment set-up.
[----------] 18 tests from AddRangeTest
[ RUN      ] AddRangeTest.Simple
[       OK ] AddRangeTest.Simple (0 ms)
[ RUN      ] AddRangeTest.Simple64
[       OK ] AddRangeTest.Simple64 (0 ms)
[ RUN      ] AddRangeTest.Advanced
[       OK ] AddRangeTest.Advanced (0 ms)
[ RUN      ] AddRangeTest.Advanced64
[       OK ] AddRangeTest.Advanced64 (0 ms)
[ RUN      ] AddRangeTest.FullRange8
[       OK ] AddRangeTest.FullRange8 (0 ms)
[ RUN      ] AddRangeTest.FullRange64
[       OK ] AddRangeTest.FullRange64 (0 ms)
[ RUN      ] AddRangeTest.NegativeRanges
[       OK ] AddRangeTest.NegativeRanges (0 ms)
[ RUN      ] AddRangeTest.StrictlyNegative
[       OK ] AddRangeTest.StrictlyNegative (0 ms)
[ RUN      ] AddRangeTest.SymmetricNegativeRanges
[       OK ] AddRangeTest.SymmetricNegativeRanges (0 ms)
[ RUN      ] AddRangeTest.SymmetricNegativeRangesOddMult
Failed to add custom context "foo" as it already exists with value "qux"
[       OK ] AddRangeTest.SymmetricNegativeRangesOddMult (0 ms)
[ RUN      ] AddRangeTest.NegativeRangesAsymmetric
[       OK ] AddRangeTest.NegativeRangesAsymmetric (0 ms)
[ RUN      ] AddRangeTest.NegativeRangesLargeStep
[       OK ] AddRangeTest.NegativeRangesLargeStep (0 ms)
[ RUN      ] AddRangeTest.ZeroOnlyRange
[       OK ] AddRangeTest.ZeroOnlyRange (0 ms)
[ RUN      ] AddRangeTest.ZeroStartingRange
[       OK ] AddRangeTest.ZeroStartingRange (0 ms)
[ RUN      ] AddRangeTest.NegativeRange64
[       OK ] AddRangeTest.NegativeRange64 (0 ms)
[ RUN      ] AddRangeTest.NegativeRangePreservesExistingOrder
[       OK ] AddRangeTest.NegativeRangePreservesExistingOrder (0 ms)
[ RUN      ] AddRangeTest.FullNegativeRange64
[       OK ] AddRangeTest.FullNegativeRange64 (0 ms)
[ RUN      ] AddRangeTest.Simple8
[       OK ] AddRangeTest.Simple8 (0 ms)
[----------] 18 tests from AddRangeTest (0 ms total)

[----------] 2 tests from AddCustomContext
[ RUN      ] AddCustomContext.Simple
[       OK ] AddCustomContext.Simple (0 ms)
[ RUN      ] AddCustomContext.DuplicateKey
[       OK ] AddCustomContext.DuplicateKey (0 ms)
[----------] 2 tests from AddCustomContext (0 ms total)

[----------] Global test environment tear-down
[==========] 20 tests from 2 test suites ran. (1 ms total)
[  PASSED  ] 20 tests.
<end of output>
Test time =   0.15 sec
----------------------------------------------------------
Test Passed.
"benchmark_gtest" end time: Sep 02 18:30 CST
"benchmark_gtest" time elapsed: 00:00:00
----------------------------------------------------------

65/73 Testing: statistics_gtest
65/73 Test: statistics_gtest
Command: "/home/glf/MPRPC/build/_deps/googlebenchmark-build/test/statistics_gtest"
Directory: /home/glf/MPRPC/build/_deps/googlebenchmark-build/test
"statistics_gtest" start time: Sep 02 18:30 CST
Output:
----------------------------------------------------------
Running main() from gmock_main.cc
[==========] Running 3 tests from 1 test suite.
[----------] Global test environment set-up.
[----------] 3 tests from StatisticsTest
[ RUN      ] StatisticsTest.Mean
[       OK ] StatisticsTest.Mean (0 ms)
[ RUN      ] StatisticsTest.Median
[       OK ] StatisticsTest.Median (0 ms)
[ RUN      ] StatisticsTest.StdDev
[       OK ] StatisticsTest.StdDev (0 ms)
[----------] 3 tests from StatisticsTest (0 ms total)

[----------] Global test environment tear-down
[==========] 3 tests from 1 test suite ran. (0 ms total)
[  PASSED  ] 3 tests.
<end of output>
Test time =   0.07 sec
----------------------------------------------------------
Test Passed.
"statistics_gtest" end time: Sep 02 18:30 CST
"statistics_gtest" time elapsed: 00:00:00
----------------------------------------------------------

16/73 Testing: filter_regex_blank_negative
16/73 Test: filter_regex_blank_negative
Command: "/home/glf/MPRPC/build/_deps/googlebenchmark-build/test/filter_test" "--benchmark_min_time=0.01" "--benchmark_filter=-" "0"
Directory: /home/glf/MPRPC/build/_deps/googlebenchmark-build/test
"filter_regex_blank_negative" start time: Sep 02 18:30 CST
Output:
----------------------------------------------------------
Failed to match any benchmarks against regex: -
<end of output>
Test time =   0.10 sec
----------------------------------------------------------
Test Passed.
"filter_regex_blank_negative" end time: Sep 02 18:30 CST
"filter_regex_blank_negative" time elapsed: 00:00:00
----------------------------------------------------------

27/73 Testing: filter_regex_begin_list_only
27/73 Test: filter_regex_begin_list_only
Command: "/home/glf/MPRPC/build/_deps/googlebenchmark-build/test/filter_test" "--benchmark_list_tests" "--benchmark_filter=^BM_.*" "4"
Directory: /home/glf/MPRPC/build/_deps/googlebenchmark-build/test
"filter_regex_begin_list_only" start time: Sep 02 18:30 CST
Output:
----------------------------------------------------------
BM_Foo
BM_Bar
BM_FooBar
BM_FooBa
<end of output>
Test time =   0.17 sec
----------------------------------------------------------
Test Passed.
"filter_regex_begin_list_only" end time: Sep 02 18:30 CST
"filter_regex_begin_list_only" time elapsed: 00:00:00
----------------------------------------------------------

5/73 Testing: filter_simple_negative_list_only
5/73 Test: filter_simple_negative_list_only
Command: "/home/glf/MPRPC/build/_deps/googlebenchmark-build/test/filter_test" "--benchmark_list_tests" "--benchmark_filter=-Foo" "2"
Directory: /home/glf/MPRPC/build/_deps/googlebenchmark-build/test
"filter_simple_negative_list_only" start time: Sep 02 18:30 CST
Output:
----------------------------------------------------------
NoPrefix
BM_Bar
<end of output>
Test time =   0.13 sec
----------------------------------------------------------
Test Passed.
"filter_simple_negative_list_only" end time: Sep 02 18:30 CST
"filter_simple_negative_list_only" time elapsed: 00:00:00
----------------------------------------------------------

52/73 Testing: perf_counters_test
52/73 Test: perf_counters_test
Command: "/home/glf/MPRPC/build/_deps/googlebenchmark-build/test/perf_counters_test" "--benchmark_min_time=0.01" "--benchmark_perf_counters=CYCLES,BRANCHES"
Directory: /home/glf/MPRPC/build/_deps/googlebenchmark-build/test
"perf_counters_test" start time: Sep 02 18:30 CST
Output:
----------------------------------------------------------
<end of output>
Test time =   0.09 sec
----------------------------------------------------------
Test Passed.
"perf_counters_test" end time: Sep 02 18:30 CST
"perf_counters_test" time elapsed: 00:00:00
----------------------------------------------------------

7/73 Testing: filter_suffix_list_only
7/73 Test: filter_suffix_list_only
Command: "/home/glf/MPRPC/build/_deps/googlebenchmark-build/test/filter_test" "--benchmark_list_tests" "--benchmark_filter=BM_.*" "4"
Directory: /home/glf/MPRPC/build/_deps/googlebenchmark-build/test
"filter_suffix_list_only" start time: Sep 02 18:30 CST
Output:
----------------------------------------------------------
BM_Foo
BM_Bar
BM_FooBar
BM_FooBa
<end of output>
Test time =   0.15 sec
----------------------------------------------------------
Test Passed.
"filter_suffix_list_only" end time: Sep 02 18:30 CST
"filter_suffix_list_only" time elapsed: 00:00:00
----------------------------------------------------------

25/73 Testing: filter_regex_wildcard_negative_list_only
25/73 Test: filter_regex_wildcard_negative_list_only
Command: "/home/glf/MPRPC/build/_deps/googlebenchmark-build/test/filter_test" "--benchmark_list_tests" "--benchmark_filter=-.*Foo.*" "2"
Directory: /home/glf/MPRPC/build/_deps/googlebenchmark-build/test
"filter_regex_wildcard_negative_list_only" start time: Sep 02 18:30 CST
Output:
----------------------------------------------------------
NoPrefix
BM_Bar
<end of output>
Test time =   0.11 sec
----------------------------------------------------------
Test Passed.
"filter_regex_wildcard_negative_list_only" end time: Sep 02 18:30 CST
"filter_regex_wildcard_negative_list_only" time elapsed: 00:00:00
----------------------------------------------------------

23/73 Testing: filter_regex_wildcard_list_only
23/73 Test: filter_regex_wildcard_list_only
Command: "/home/glf/MPRPC/build/_deps/googlebenchmark-build/test/filter_test" "--benchmark_list_tests" "--benchmark_filter=.*Foo.*" "3"
Directory: /home/glf/MPRPC/build/_deps/googlebenchmark-build/test
"filter_regex_wildcard_list_only" start time: Sep 02 18:30 CST
Output:
----------------------------------------------------------
BM_Foo
BM_FooBar
BM_FooBa
<end of output>
Test time =   0.08 sec
----------------------------------------------------------
Test Passed.
"filter_regex_wildcard_list_only" end time: Sep 02 18:30 CST
"filter_regex_wildcard_list_only" time elapsed: 00:00:00
----------------------------------------------------------

21/73 Testing: filter_regex_none_negative_list_only
21/73 Test: filter_regex_none_negative_list_only
Command: "/home/glf/MPRPC/build/_deps/googlebenchmark-build/test/filter_test" "--benchmark_list_tests" "--benchmark_filter=-monkey" "5"
Directory: /home/glf/MPRPC/build/_deps/googlebenchmark-build/test
"filter_regex_none_negative_list_only" start time: Sep 02 18:30 CST
Output:
----------------------------------------------------------
NoPrefix
BM_Foo
BM_Bar
BM_FooBar
BM_FooBa
<end of output>
Test time =   0.03 sec
----------------------------------------------------------
Test Passed.
"filter_regex_none_negative_list_only" end time: Sep 02 18:30 CST
"filter_regex_none_negative_list_only" time elapsed: 00:00:00
----------------------------------------------------------

29/73 Testing: filter_regex_begin_negative_list_only
29/73 Test: filter_regex_begin_negative_list_only
Command: "/home/glf/MPRPC/build/_deps/googlebenchmark-build/test/filter_test" "--benchmark_list_tests" "--benchmark_filter=-^BM_.*" "1"
Directory: /home/glf/MPRPC/build/_deps/googlebenchmark-build/test
"filter_regex_begin_negative_list_only" start time: Sep 02 18:30 CST
Output:
----------------------------------------------------------
NoPrefix
<end of output>
Test time =   0.07 sec
----------------------------------------------------------
Test Passed.
"filter_regex_begin_negative_list_only" end time: Sep 02 18:30 CST
"filter_regex_begin_negative_list_only" time elapsed: 00:00:00
----------------------------------------------------------

17/73 Testing: filter_regex_blank_negative_list_only
17/73 Test: filter_regex_blank_negative_list_only
Command: "/home/glf/MPRPC/build/_deps/googlebenchmark-build/test/filter_test" "--benchmark_list_tests" "--benchmark_filter=-" "0"
Directory: /home/glf/MPRPC/build/_deps/googlebenchmark-build/test
"filter_regex_blank_negative_list_only" start time: Sep 02 18:30 CST
Output:
----------------------------------------------------------
Failed to match any benchmarks against regex: -
<end of output>
Test time =   0.18 sec
----------------------------------------------------------
Test Passed.
"filter_regex_blank_negative_list_only" end time: Sep 02 18:30 CST
"filter_regex_blank_negative_list_only" time elapsed: 00:00:00
----------------------------------------------------------

11/73 Testing: filter_regex_all_list_only
11/73 Test: filter_regex_all_list_only
Command: "/home/glf/MPRPC/build/_deps/googlebenchmark-build/test/filter_test" "--benchmark_list_tests" "--benchmark_filter=.*" "5"
Directory: /home/glf/MPRPC/build/_deps/googlebenchmark-build/test
"filter_regex_all_list_only" start time: Sep 02 18:30 CST
Output:
----------------------------------------------------------
NoPrefix
BM_Foo
BM_Bar
BM_FooBar
BM_FooBa
<end of output>
Test time =   0.06 sec
----------------------------------------------------------
Test Passed.
"filter_regex_all_list_only" end time: Sep 02 18:30 CST
"filter_regex_all_list_only" time elapsed: 00:00:00
----------------------------------------------------------

9/73 Testing: filter_suffix_negative_list_only
9/73 Test: filter_suffix_negative_list_only
Command: "/home/glf/MPRPC/build/_deps/googlebenchmark-build/test/filter_test" "--benchmark_list_tests" "--benchmark_filter=-BM_.*" "1"
Directory: /home/glf/MPRPC/build/_deps/googlebenchmark-build/test
"filter_suffix_negative_list_only" start time: Sep 02 18:30 CST
Output:
----------------------------------------------------------
NoPrefix
<end of output>
Test time =   0.16 sec
----------------------------------------------------------
Test Passed.
"filter_suffix_negative_list_only" end time: Sep 02 18:30 CST
"filter_suffix_negative_list_only" time elapsed: 00:00:00
----------------------------------------------------------

3/73 Testing: filter_simple_list_only
3/73 Test: filter_simple_list_only
Command: "/home/glf/MPRPC/build/_deps/googlebenchmark-build/test/filter_test" "--benchmark_list_tests" "--benchmark_filter=Foo" "3"
Directory: /home/glf/MPRPC/build/_deps/googlebenchmark-build/test
"filter_simple_list_only" start time: Sep 02 18:30 CST
Output:
----------------------------------------------------------
BM_Foo
BM_FooBar
BM_FooBa
<end of output>
Test time =   0.12 sec
----------------------------------------------------------
Test Passed.
"filter_simple_list_only" end time: Sep 02 18:30 CST
"filter_simple_list_only" time elapsed: 00:00:00
----------------------------------------------------------

35/73 Testing: filter_regex_end_list_only
35/73 Test: filter_regex_end_list_only
Command: "/home/glf/MPRPC/build/_deps/googlebenchmark-build/test/filter_test" "--benchmark_list_tests" "--benchmark_filter=.*Ba$" "1"
Directory: /home/glf/MPRPC/build/_deps/googlebenchmark-build/test
"filter_regex_end_list_only" start time: Sep 02 18:30 CST
Output:
----------------------------------------------------------
BM_FooBa
<end of output>
Test time =   0.10 sec
----------------------------------------------------------
Test Passed.
"filter_regex_end_list_only" end time: Sep 02 18:30 CST
"filter_regex_end_list_only" time elapsed: 00:00:00
----------------------------------------------------------

19/73 Testing: filter_regex_none_list_only
19/73 Test: filter_regex_none_list_only
Command: "/home/glf/MPRPC/build/_deps/googlebenchmark-build/test/filter_test" "--benchmark_list_tests" "--benchmark_filter=monkey" "0"
Directory: /home/glf/MPRPC/build/_deps/googlebenchmark-build/test
"filter_regex_none_list_only" start time: Sep 02 18:30 CST
Output:
----------------------------------------------------------
Failed to match any benchmarks against regex: monkey
<end of output>
Test time =   0.05 sec
----------------------------------------------------------
Test Passed.
"filter_regex_none_list_only" end time: Sep 02 18:30 CST
"filter_regex_none_list_only" time elapsed: 00:00:00
----------------------------------------------------------

End testing: Sep 02 18:30 CST
