Start testing: Sep 04 17:18 CST
----------------------------------------------------------
68/68 Testing: benchmark_tests
68/68 Test: benchmark_tests
Command: "/home/glf/MPRPC/bin/benchmark_tests"
Directory: /home/glf/MPRPC/build/test/benchmark
"benchmark_tests" start time: Sep 04 17:18 CST
Output:
----------------------------------------------------------
test.conf is not exist!
<end of output>
Test time =   0.62 sec
----------------------------------------------------------
Test Failed.
"benchmark_tests" end time: Sep 04 17:18 CST
"benchmark_tests" time elapsed: 00:00:00
----------------------------------------------------------

60/68 Testing: complexity_benchmark
60/68 Test: complexity_benchmark
Command: "/home/glf/MPRPC/build/_deps/googlebenchmark-build/test/complexity_test" "--benchmark_min_time=0.01"
Directory: /home/glf/MPRPC/build/_deps/googlebenchmark-build/test
"complexity_benchmark" start time: Sep 04 17:18 CST
Output:
----------------------------------------------------------
Running benchmarks...
-------------------------------
Testing ConsoleReporter Output
-------------------------------
------------------------------------------------------------------------------------
Benchmark                                          Time             CPU   Iterations
------------------------------------------------------------------------------------
BM_Complexity_O1/1                              3123 ns         1226 ns         8174
BM_Complexity_O1/8                              8939 ns         1598 ns         6368
BM_Complexity_O1/64                             5119 ns         1428 ns        10173
BM_Complexity_O1/512                            3481 ns         1654 ns        10733
BM_Complexity_O1/4096                           2379 ns         1474 ns        10200
BM_Complexity_O1/32768                          5517 ns         1429 ns        10909
BM_Complexity_O1/262144                         3354 ns         1436 ns        13292
BM_Complexity_O1_BigO                        4558.89 (1)     1463.63 (1)  
2025-09-04T17:18:16+08:00
Running /home/glf/MPRPC/build/_deps/googlebenchmark-build/test/complexity_test
Run on (2 X 2688 MHz CPU s)
CPU Caches:
  L1 Data 48 KiB (x2)
  L1 Instruction 32 KiB (x2)
  L2 Unified 1280 KiB (x2)
  L3 Unified 24576 KiB (x2)
Load Average: 2.83, 0.78, 0.93
***WARNING*** Library was built as DEBUG. Timings may be affected.
2025-09-04T17:18:16+08:00
Running /home/glf/MPRPC/build/_deps/googlebenchmark-build/test/complexity_test
Run on (2 X 2688 MHz CPU s)
CPU Caches:
  L1 Data 48 KiB (x2)
  L1 Instruction 32 KiB (x2)
  L2 Unified 1280 KiB (x2)
  L3 Unified 24576 KiB (x2)
Load Average: 2.83, 0.78, 0.93
***WARNING*** Library was built as DEBUG. Timings may be affected.
BM_Complexity_O1_RMS                              45 %             9 %    
BM_Complexity_O1/1                              3441 ns         1511 ns        13278
BM_Complexity_O1/8                              3552 ns         1445 ns         9126
BM_Complexity_O1/64                             3430 ns         1372 ns        12285
BM_Complexity_O1/512                            3018 ns         1601 ns        10119
BM_Complexity_O1/4096                           2784 ns         1371 ns        15163
BM_Complexity_O1/32768                          1458 ns         1343 ns         8129
BM_Complexity_O1/262144                         2820 ns         1626 ns        11377
BM_Complexity_O1_BigO                        2928.97 (1)     1467.00 (1)  
BM_Complexity_O1_RMS                              23 %             7 %    
BM_Complexity_O1/1                              3545 ns         1863 ns         8100
BM_Complexity_O1/8                              7056 ns         1731 ns         8197
BM_Complexity_O1/64                             3188 ns         1649 ns         8643
BM_Complexity_O1/512                            3000 ns         1337 ns         7736
BM_Complexity_O1/4096                           3196 ns         1706 ns         8907
BM_Complexity_O1/32768                          5441 ns         1788 ns         9292
BM_Complexity_O1/262144                         1638 ns         1453 ns        11822
BM_Complexity_O1_BigO                        3866.33 f(N)    1646.84 f(N) 
BM_Complexity_O1_RMS                              43 %            11 %    
BM_Complexity_O_N/1024                         14908 ns         9657 ns         1439
BM_Complexity_O_N/2048                         18014 ns        16309 ns         1018
BM_Complexity_O_N/4096                         46523 ns        42930 ns          376
BM_Complexity_O_N/8192                        172336 ns        78020 ns          199
BM_Complexity_O_N/16384                       170309 ns       153904 ns           81
BM_Complexity_O_N/32768                       357978 ns       318118 ns           46
BM_Complexity_O_N/65536                       855269 ns       743488 ns           19
BM_Complexity_O_N_BigO                         12.61 N         10.92 N    
BM_Complexity_O_N_RMS                             16 %            11 %    
BM_Complexity_O_N/1024                         11962 ns        10814 ns         1000
BM_Complexity_O_N/2048                         27146 ns        16160 ns          857
BM_Complexity_O_N/4096                         53602 ns        30193 ns          477
BM_Complexity_O_N/8192                         80312 ns        71266 ns          183
BM_Complexity_O_N/16384                       434842 ns       189113 ns           73
BM_Complexity_O_N/32768                       292225 ns       245709 ns           56
BM_Complexity_O_N/65536                      1405007 ns       611094 ns           21
BM_Complexity_O_N_BigO                         19.16 f(N)       9.07 f(N) 
BM_Complexity_O_N_RMS                             45 %            15 %    
BM_Complexity_O_N/1024                         10738 ns         8909 ns         2012
BM_Complexity_O_N/2048                         31552 ns        23077 ns          641
BM_Complexity_O_N/4096                         88837 ns        44057 ns          266
BM_Complexity_O_N/8192                        117461 ns        67987 ns          188
BM_Complexity_O_N/16384                       322537 ns       169194 ns          103
BM_Complexity_O_N/32768                       316896 ns       258633 ns           54
BM_Complexity_O_N/65536                      1879565 ns       573992 ns           24
BM_Complexity_O_N_BigO                         24.49 N          8.67 N    
BM_Complexity_O_N_RMS                             54 %             9 %    
BM_Complexity_O_N_log_N/1024                  478083 ns       175463 ns          109
BM_Complexity_O_N_log_N/2048                  852191 ns       320261 ns           44
BM_Complexity_O_N_log_N/4096                 1893841 ns      1039171 ns           16
BM_Complexity_O_N_log_N/8192                 6895387 ns      2614822 ns            7
BM_Complexity_O_N_log_N/16384               49395475 ns     15620996 ns            1
BM_Complexity_O_N_log_N/32768               39684788 ns     12589391 ns            1
BM_Complexity_O_N_log_N/65536               85975134 ns     27697984 ns            1
BM_Complexity_O_N_log_N_BigO                   86.53 NlgN      27.81 NlgN 
BM_Complexity_O_N_log_N_RMS                       43 %            42 %    
BM_Complexity_O_N_log_N/1024                  394723 ns       116649 ns          115
BM_Complexity_O_N_log_N/2048                 1476762 ns       322711 ns           38
BM_Complexity_O_N_log_N/4096                 1751920 ns       730158 ns           25
BM_Complexity_O_N_log_N/8192                10040959 ns      2335649 ns            8
BM_Complexity_O_N_log_N/16384               17768454 ns      6245432 ns            2
BM_Complexity_O_N_log_N/32768               27604187 ns     14210284 ns            1
BM_Complexity_O_N_log_N/65536               67641415 ns     29725953 ns            1
BM_Complexity_O_N_log_N_BigO                   63.75 f(N)      28.32 f(N) 
BM_Complexity_O_N_log_N_RMS                       13 %             5 %    
BM_Complexity_O_N_log_N/1024                  510206 ns       147515 ns          101
BM_Complexity_O_N_log_N/2048                  857414 ns       311397 ns           39
BM_Complexity_O_N_log_N/4096                  940969 ns       628177 ns           21
BM_Complexity_O_N_log_N/8192                 2366186 ns      1265753 ns            8
BM_Complexity_O_N_log_N/16384                6915738 ns      3035664 ns            4
BM_Complexity_O_N_log_N/32768               30163262 ns     12072103 ns            1
BM_Complexity_O_N_log_N/65536               81640772 ns     27262481 ns            1
BM_Complexity_O_N_log_N_BigO                   72.68 NlgN      25.13 NlgN 
BM_Complexity_O_N_log_N_RMS                       30 %            19 %    
BM_ComplexityCaptureArgs/capture_test/1/3       7.50 ns         4.13 ns      4025165
BM_ComplexityCaptureArgs/capture_test/2/3       9.55 ns         4.23 ns      4169958
BM_ComplexityCaptureArgs/capture_test/1/4       12.9 ns         3.96 ns      3284737
BM_ComplexityCaptureArgs/capture_test/2/4       16.2 ns         3.91 ns      3521923
BM_ComplexityCaptureArgs/capture_test_BigO       0.12 N          0.04 N    
BM_ComplexityCaptureArgs/capture_test_RMS         29 %             3 %    

----------------------------
Testing JSONReporter Output
----------------------------
{
  "context": {
    "date": "2025-09-04T17:18:16+08:00",
    "host_name": "localhost",
    "executable": "/home/glf/MPRPC/build/_deps/googlebenchmark-build/test/complexity_test",
    "num_cpus": 2,
    "mhz_per_cpu": 2688,
    "cpu_scaling_enabled": false,
    "caches": [
      {
        "type": "Data",
        "level": 1,
        "size": 49152,
        "num_sharing": 1
      },
      {
        "type": "Instruction",
        "level": 1,
        "size": 32768,
        "num_sharing": 1
      },
      {
        "type": "Unified",
        "level": 2,
        "size": 1310720,
        "num_sharing": 1
      },
      {
        "type": "Unified",
        "level": 3,
        "size": 25165824,
        "num_sharing": 1
      }
    ],
    "load_avg": [2.83,0.78,0.93],
    "library_build_type": "debug"
  },
  "benchmarks": [
    {
      "name": "BM_Complexity_O1/1",
      "run_name": "BM_Complexity_O1/1",
      "run_type": "iteration",
      "repetitions": 0,
      "repetition_index": 0,
      "threads": 1,
      "iterations": 8174,
      "real_time": 3.1230483238421452e+03,
      "cpu_time": 1.2264196231954975e+03,
      "time_unit": "ns"
    },
    {
      "name": "BM_Complexity_O1/8",
      "run_name": "BM_Complexity_O1/8",
      "run_type": "iteration",
      "repetitions": 0,
      "repetition_index": 0,
      "threads": 1,
      "iterations": 6368,
      "real_time": 8.9394477081487148e+03,
      "cpu_time": 1.5977134108040204e+03,
      "time_unit": "ns"
    },
    {
      "name": "BM_Complexity_O1/64",
      "run_name": "BM_Complexity_O1/64",
      "run_type": "iteration",
      "repetitions": 0,
      "repetition_index": 0,
      "threads": 1,
      "iterations": 10173,
      "real_time": 5.1187790229376069e+03,
      "cpu_time": 1.4284213113142614e+03,
      "time_unit": "ns"
    },
    {
      "name": "BM_Complexity_O1/512",
      "run_name": "BM_Complexity_O1/512",
      "run_type": "iteration",
      "repetitions": 0,
      "repetition_index": 0,
      "threads": 1,
      "iterations": 10733,
      "real_time": 3.4810175162678529e+03,
      "cpu_time": 1.6539018913630869e+03,
      "time_unit": "ns"
    },
    {
      "name": "BM_Complexity_O1/4096",
      "run_name": "BM_Complexity_O1/4096",
      "run_type": "iteration",
      "repetitions": 0,
      "repetition_index": 0,
      "threads": 1,
      "iterations": 10200,
      "real_time": 2.3787670586755789e+03,
      "cpu_time": 1.4738078431372567e+03,
      "time_unit": "ns"
    },
    {
      "name": "BM_Complexity_O1/32768",
      "run_name": "BM_Complexity_O1/32768",
      "run_type": "iteration",
      "repetitions": 0,
      "repetition_index": 0,
      "threads": 1,
      "iterations": 10909,
      "real_time": 5.5171235671689674e+03,
      "cpu_time": 1.4294514620955176e+03,
      "time_unit": "ns"
    },
    {
      "name": "BM_Complexity_O1/262144",
      "run_name": "BM_Complexity_O1/262144",
      "run_type": "iteration",
      "repetitions": 0,
      "repetition_index": 0,
      "threads": 1,
      "iterations": 13292,
      "real_time": 3.3540219678577841e+03,
      "cpu_time": 1.4356891363226002e+03,
      "time_unit": "ns"
    },
    {
      "name": "BM_Complexity_O1_BigO",
      "run_name": "BM_Complexity_O1",
      "run_type": "aggregate",
      "repetitions": 0,
      "threads": 1,
      "aggregate_name": "BigO",
      "cpu_coefficient": 1.4636292397474631e+03,
      "real_coefficient": 4.5588864521283776e+03,
      "big_o": "(1)",
      "time_unit": "ns"
    },
    {
      "name": "BM_Complexity_O1_RMS",
      "run_name": "BM_Complexity_O1",
      "run_type": "aggregate",
      "repetitions": 0,
      "threads": 1,
      "aggregate_name": "RMS",
      "rms": 8.7092652763930689e-02
    },
    {
      "name": "BM_Complexity_O1/1",
      "run_name": "BM_Complexity_O1/1",
      "run_type": "iteration",
      "repetitions": 0,
      "repetition_index": 0,
      "threads": 1,
      "iterations": 13278,
      "real_time": 3.4410674806018205e+03,
      "cpu_time": 1.5109244615152902e+03,
      "time_unit": "ns"
    },
    {
      "name": "BM_Complexity_O1/8",
      "run_name": "BM_Complexity_O1/8",
      "run_type": "iteration",
      "repetitions": 0,
      "repetition_index": 0,
      "threads": 1,
      "iterations": 9126,
      "real_time": 3.5515135878847259e+03,
      "cpu_time": 1.4446701731317114e+03,
      "time_unit": "ns"
    },
    {
      "name": "BM_Complexity_O1/64",
      "run_name": "BM_Complexity_O1/64",
      "run_type": "iteration",
      "repetitions": 0,
      "repetition_index": 0,
      "threads": 1,
      "iterations": 12285,
      "real_time": 3.4302937734521861e+03,
      "cpu_time": 1.3721194953194956e+03,
      "time_unit": "ns"
    },
    {
      "name": "BM_Complexity_O1/512",
      "run_name": "BM_Complexity_O1/512",
      "run_type": "iteration",
      "repetitions": 0,
      "repetition_index": 0,
      "threads": 1,
      "iterations": 10119,
      "real_time": 3.0181121655033644e+03,
      "cpu_time": 1.6008306156734839e+03,
      "time_unit": "ns"
    },
    {
      "name": "BM_Complexity_O1/4096",
      "run_name": "BM_Complexity_O1/4096",
      "run_type": "iteration",
      "repetitions": 0,
      "repetition_index": 0,
      "threads": 1,
      "iterations": 15163,
      "real_time": 2.7836037717012978e+03,
      "cpu_time": 1.3714451625667728e+03,
      "time_unit": "ns"
    },
    {
      "name": "BM_Complexity_O1/32768",
      "run_name": "BM_Complexity_O1/32768",
      "run_type": "iteration",
      "repetitions": 0,
      "repetition_index": 0,
      "threads": 1,
      "iterations": 8129,
      "real_time": 1.4584563915397907e+03,
      "cpu_time": 1.3431318735391819e+03,
      "time_unit": "ns"
    },
    {
      "name": "BM_Complexity_O1/262144",
      "run_name": "BM_Complexity_O1/262144",
      "run_type": "iteration",
      "repetitions": 0,
      "repetition_index": 0,
      "threads": 1,
      "iterations": 11377,
      "real_time": 2.8197309490064222e+03,
      "cpu_time": 1.6259002373209107e+03,
      "time_unit": "ns"
    },
    {
      "name": "BM_Complexity_O1_BigO",
      "run_name": "BM_Complexity_O1",
      "run_type": "aggregate",
      "repetitions": 0,
      "threads": 1,
      "aggregate_name": "BigO",
      "cpu_coefficient": 1.4670031455809783e+03,
      "real_coefficient": 2.9289683028128002e+03,
      "big_o": "(1)",
      "time_unit": "ns"
    },
    {
      "name": "BM_Complexity_O1_RMS",
      "run_name": "BM_Complexity_O1",
      "run_type": "aggregate",
      "repetitions": 0,
      "threads": 1,
      "aggregate_name": "RMS",
      "rms": 7.2445265494959526e-02
    },
    {
      "name": "BM_Complexity_O1/1",
      "run_name": "BM_Complexity_O1/1",
      "run_type": "iteration",
      "repetitions": 0,
      "repetition_index": 0,
      "threads": 1,
      "iterations": 8100,
      "real_time": 3.5446412346820221e+03,
      "cpu_time": 1.8631281481481492e+03,
      "time_unit": "ns"
    },
    {
      "name": "BM_Complexity_O1/8",
      "run_name": "BM_Complexity_O1/8",
      "run_type": "iteration",
      "repetitions": 0,
      "repetition_index": 0,
      "threads": 1,
      "iterations": 8197,
      "real_time": 7.0558411618952578e+03,
      "cpu_time": 1.7307488105404454e+03,
      "time_unit": "ns"
    },
    {
      "name": "BM_Complexity_O1/64",
      "run_name": "BM_Complexity_O1/64",
      "run_type": "iteration",
      "repetitions": 0,
      "repetition_index": 0,
      "threads": 1,
      "iterations": 8643,
      "real_time": 3.1882428559848017e+03,
      "cpu_time": 1.6491549230591240e+03,
      "time_unit": "ns"
    },
    {
      "name": "BM_Complexity_O1/512",
      "run_name": "BM_Complexity_O1/512",
      "run_type": "iteration",
      "repetitions": 0,
      "repetition_index": 0,
      "threads": 1,
      "iterations": 7736,
      "real_time": 3.0001233186610834e+03,
      "cpu_time": 1.3370947518097214e+03,
      "time_unit": "ns"
    },
    {
      "name": "BM_Complexity_O1/4096",
      "run_name": "BM_Complexity_O1/4096",
      "run_type": "iteration",
      "repetitions": 0,
      "repetition_index": 0,
      "threads": 1,
      "iterations": 8907,
      "real_time": 3.1963852014607173e+03,
      "cpu_time": 1.7064851240597254e+03,
      "time_unit": "ns"
    },
    {
      "name": "BM_Complexity_O1/32768",
      "run_name": "BM_Complexity_O1/32768",
      "run_type": "iteration",
      "repetitions": 0,
      "repetition_index": 0,
      "threads": 1,
      "iterations": 9292,
      "real_time": 5.4414111076135732e+03,
      "cpu_time": 1.7882943392165303e+03,
      "time_unit": "ns"
    },
    {
      "name": "BM_Complexity_O1/262144",
      "run_name": "BM_Complexity_O1/262144",
      "run_type": "iteration",
      "repetitions": 0,
      "repetition_index": 0,
      "threads": 1,
      "iterations": 11822,
      "real_time": 1.6376535282684565e+03,
      "cpu_time": 1.4529779225173427e+03,
      "time_unit": "ns"
    },
    {
      "name": "BM_Complexity_O1_BigO",
      "run_name": "BM_Complexity_O1",
      "run_type": "aggregate",
      "repetitions": 0,
      "threads": 1,
      "aggregate_name": "BigO",
      "cpu_coefficient": 1.6468405741930055e+03,
      "real_coefficient": 3.8663283440808441e+03,
      "big_o": "f(N)",
      "time_unit": "ns"
    },
    {
      "name": "BM_Complexity_O1_RMS",
      "run_name": "BM_Complexity_O1",
      "run_type": "aggregate",
      "repetitions": 0,
      "threads": 1,
      "aggregate_name": "RMS",
      "rms": 1.0540382034378082e-01
    },
    {
      "name": "BM_Complexity_O_N/1024",
      "run_name": "BM_Complexity_O_N/1024",
      "run_type": "iteration",
      "repetitions": 0,
      "repetition_index": 0,
      "threads": 1,
      "iterations": 1439,
      "real_time": 1.4908474638570771e+04,
      "cpu_time": 9.6570625434329777e+03,
      "time_unit": "ns"
    },
    {
      "name": "BM_Complexity_O_N/2048",
      "run_name": "BM_Complexity_O_N/2048",
      "run_type": "iteration",
      "repetitions": 0,
      "repetition_index": 0,
      "threads": 1,
      "iterations": 1018,
      "real_time": 1.8013994115009566e+04,
      "cpu_time": 1.6308889980353571e+04,
      "time_unit": "ns"
    },
    {
      "name": "BM_Complexity_O_N/4096",
      "run_name": "BM_Complexity_O_N/4096",
      "run_type": "iteration",
      "repetitions": 0,
      "repetition_index": 0,
      "threads": 1,
      "iterations": 376,
      "real_time": 4.6523372339892223e+04,
      "cpu_time": 4.2930026595744937e+04,
      "time_unit": "ns"
    },
    {
      "name": "BM_Complexity_O_N/8192",
      "run_name": "BM_Complexity_O_N/8192",
      "run_type": "iteration",
      "repetitions": 0,
      "repetition_index": 0,
      "threads": 1,
      "iterations": 199,
      "real_time": 1.7233607533268500e+05,
      "cpu_time": 7.8020432160804325e+04,
      "time_unit": "ns"
    },
    {
      "name": "BM_Complexity_O_N/16384",
      "run_name": "BM_Complexity_O_N/16384",
      "run_type": "iteration",
      "repetitions": 0,
      "repetition_index": 0,
      "threads": 1,
      "iterations": 81,
      "real_time": 1.7030855545912075e+05,
      "cpu_time": 1.5390381481481419e+05,
      "time_unit": "ns"
    },
    {
      "name": "BM_Complexity_O_N/32768",
      "run_name": "BM_Complexity_O_N/32768",
      "run_type": "iteration",
      "repetitions": 0,
      "repetition_index": 0,
      "threads": 1,
      "iterations": 46,
      "real_time": 3.5797758692237752e+05,
      "cpu_time": 3.1811776086956484e+05,
      "time_unit": "ns"
    },
    {
      "name": "BM_Complexity_O_N/65536",
      "run_name": "BM_Complexity_O_N/65536",
      "run_type": "iteration",
      "repetitions": 0,
      "repetition_index": 0,
      "threads": 1,
      "iterations": 19,
      "real_time": 8.5526894728996255e+05,
      "cpu_time": 7.4348821052631829e+05,
      "time_unit": "ns"
    },
    {
      "name": "BM_Complexity_O_N_BigO",
      "run_name": "BM_Complexity_O_N",
      "run_type": "aggregate",
      "repetitions": 0,
      "threads": 1,
      "aggregate_name": "BigO",
      "cpu_coefficient": 1.0919694993605408e+01,
      "real_coefficient": 1.2613080045276531e+01,
      "big_o": "N",
      "time_unit": "ns"
    },
    {
      "name": "BM_Complexity_O_N_RMS",
      "run_name": "BM_Complexity_O_N",
      "run_type": "aggregate",
      "repetitions": 0,
      "threads": 1,
      "aggregate_name": "RMS",
      "rms": 1.0899231938519280e-01
    },
    {
      "name": "BM_Complexity_O_N/1024",
      "run_name": "BM_Complexity_O_N/1024",
      "run_type": "iteration",
      "repetitions": 0,
      "repetition_index": 0,
      "threads": 1,
      "iterations": 1000,
      "real_time": 1.1962300006416626e+04,
      "cpu_time": 1.0813821000000056e+04,
      "time_unit": "ns"
    },
    {
      "name": "BM_Complexity_O_N/2048",
      "run_name": "BM_Complexity_O_N/2048",
      "run_type": "iteration",
      "repetitions": 0,
      "repetition_index": 0,
      "threads": 1,
      "iterations": 857,
      "real_time": 2.7145843638015896e+04,
      "cpu_time": 1.6159701283547343e+04,
      "time_unit": "ns"
    },
    {
      "name": "BM_Complexity_O_N/4096",
      "run_name": "BM_Complexity_O_N/4096",
      "run_type": "iteration",
      "repetitions": 0,
      "repetition_index": 0,
      "threads": 1,
      "iterations": 477,
      "real_time": 5.3602433964791679e+04,
      "cpu_time": 3.0193236897274615e+04,
      "time_unit": "ns"
    },
    {
      "name": "BM_Complexity_O_N/8192",
      "run_name": "BM_Complexity_O_N/8192",
      "run_type": "iteration",
      "repetitions": 0,
      "repetition_index": 0,
      "threads": 1,
      "iterations": 183,
      "real_time": 8.0311999947616394e+04,
      "cpu_time": 7.1265907103825346e+04,
      "time_unit": "ns"
    },
    {
      "name": "BM_Complexity_O_N/16384",
      "run_name": "BM_Complexity_O_N/16384",
      "run_type": "iteration",
      "repetitions": 0,
      "repetition_index": 0,
      "threads": 1,
      "iterations": 73,
      "real_time": 4.3484215064082702e+05,
      "cpu_time": 1.8911310958904130e+05,
      "time_unit": "ns"
    },
    {
      "name": "BM_Complexity_O_N/32768",
      "run_name": "BM_Complexity_O_N/32768",
      "run_type": "iteration",
      "repetitions": 0,
      "repetition_index": 0,
      "threads": 1,
      "iterations": 56,
      "real_time": 2.9222457149964094e+05,
      "cpu_time": 2.4570882142857322e+05,
      "time_unit": "ns"
    },
    {
      "name": "BM_Complexity_O_N/65536",
      "run_name": "BM_Complexity_O_N/65536",
      "run_type": "iteration",
      "repetitions": 0,
      "repetition_index": 0,
      "threads": 1,
      "iterations": 21,
      "real_time": 1.4050068566575646e+06,
      "cpu_time": 6.1109409523809503e+05,
      "time_unit": "ns"
    },
    {
      "name": "BM_Complexity_O_N_BigO",
      "run_name": "BM_Complexity_O_N",
      "run_type": "aggregate",
      "repetitions": 0,
      "threads": 1,
      "aggregate_name": "BigO",
      "cpu_coefficient": 9.0722401536112383e+00,
      "real_coefficient": 1.9161486572229578e+01,
      "big_o": "f(N)",
      "time_unit": "ns"
    },
    {
      "name": "BM_Complexity_O_N_RMS",
      "run_name": "BM_Complexity_O_N",
      "run_type": "aggregate",
      "repetitions": 0,
      "threads": 1,
      "aggregate_name": "RMS",
      "rms": 1.5341724366180687e-01
    },
    {
      "name": "BM_Complexity_O_N/1024",
      "run_name": "BM_Complexity_O_N/1024",
      "run_type": "iteration",
      "repetitions": 0,
      "repetition_index": 0,
      "threads": 1,
      "iterations": 2012,
      "real_time": 1.0738178924356529e+04,
      "cpu_time": 8.9091043737574928e+03,
      "time_unit": "ns"
    },
    {
      "name": "BM_Complexity_O_N/2048",
      "run_name": "BM_Complexity_O_N/2048",
      "run_type": "iteration",
      "repetitions": 0,
      "repetition_index": 0,
      "threads": 1,
      "iterations": 641,
      "real_time": 3.1551778472323615e+04,
      "cpu_time": 2.3076956318252633e+04,
      "time_unit": "ns"
    },
    {
      "name": "BM_Complexity_O_N/4096",
      "run_name": "BM_Complexity_O_N/4096",
      "run_type": "iteration",
      "repetitions": 0,
      "repetition_index": 0,
      "threads": 1,
      "iterations": 266,
      "real_time": 8.8836924823725785e+04,
      "cpu_time": 4.4056518796992335e+04,
      "time_unit": "ns"
    },
    {
      "name": "BM_Complexity_O_N/8192",
      "run_name": "BM_Complexity_O_N/8192",
      "run_type": "iteration",
      "repetitions": 0,
      "repetition_index": 0,
      "threads": 1,
      "iterations": 188,
      "real_time": 1.1746112764701544e+05,
      "cpu_time": 6.7986627659574224e+04,
      "time_unit": "ns"
    },
    {
      "name": "BM_Complexity_O_N/16384",
      "run_name": "BM_Complexity_O_N/16384",
      "run_type": "iteration",
      "repetitions": 0,
      "repetition_index": 0,
      "threads": 1,
      "iterations": 103,
      "real_time": 3.2253700008421449e+05,
      "cpu_time": 1.6919405825242697e+05,
      "time_unit": "ns"
    },
    {
      "name": "BM_Complexity_O_N/32768",
      "run_name": "BM_Complexity_O_N/32768",
      "run_type": "iteration",
      "repetitions": 0,
      "repetition_index": 0,
      "threads": 1,
      "iterations": 54,
      "real_time": 3.1689646291650005e+05,
      "cpu_time": 2.5863307407407390e+05,
      "time_unit": "ns"
    },
    {
      "name": "BM_Complexity_O_N/65536",
      "run_name": "BM_Complexity_O_N/65536",
      "run_type": "iteration",
      "repetitions": 0,
      "repetition_index": 0,
      "threads": 1,
      "iterations": 24,
      "real_time": 1.8795648338709725e+06,
      "cpu_time": 5.7399225000000221e+05,
      "time_unit": "ns"
    },
    {
      "name": "BM_Complexity_O_N_BigO",
      "run_name": "BM_Complexity_O_N",
      "run_type": "aggregate",
      "repetitions": 0,
      "threads": 1,
      "aggregate_name": "BigO",
      "cpu_coefficient": 8.6719410607396785e+00,
      "real_coefficient": 2.4492263793611393e+01,
      "big_o": "N",
      "time_unit": "ns"
    },
    {
      "name": "BM_Complexity_O_N_RMS",
      "run_name": "BM_Complexity_O_N",
      "run_type": "aggregate",
      "repetitions": 0,
      "threads": 1,
      "aggregate_name": "RMS",
      "rms": 9.0299953274962513e-02
    },
    {
      "name": "BM_Complexity_O_N_log_N/1024",
      "run_name": "BM_Complexity_O_N_log_N/1024",
      "run_type": "iteration",
      "repetitions": 0,
      "repetition_index": 0,
      "threads": 1,
      "iterations": 109,
      "real_time": 4.7808321093533770e+05,
      "cpu_time": 1.7546333027522874e+05,
      "time_unit": "ns"
    },
    {
      "name": "BM_Complexity_O_N_log_N/2048",
      "run_name": "BM_Complexity_O_N_log_N/2048",
      "run_type": "iteration",
      "repetitions": 0,
      "repetition_index": 0,
      "threads": 1,
      "iterations": 44,
      "real_time": 8.5219086395227350e+05,
      "cpu_time": 3.2026134090909234e+05,
      "time_unit": "ns"
    },
    {
      "name": "BM_Complexity_O_N_log_N/4096",
      "run_name": "BM_Complexity_O_N_log_N/4096",
      "run_type": "iteration",
      "repetitions": 0,
      "repetition_index": 0,
      "threads": 1,
      "iterations": 16,
      "real_time": 1.8938407501991605e+06,
      "cpu_time": 1.0391707499999986e+06,
      "time_unit": "ns"
    },
    {
      "name": "BM_Complexity_O_N_log_N/8192",
      "run_name": "BM_Complexity_O_N_log_N/8192",
      "run_type": "iteration",
      "repetitions": 0,
      "repetition_index": 0,
      "threads": 1,
      "iterations": 7,
      "real_time": 6.8953874288126826e+06,
      "cpu_time": 2.6148217142857155e+06,
      "time_unit": "ns"
    },
    {
      "name": "BM_Complexity_O_N_log_N/16384",
      "run_name": "BM_Complexity_O_N_log_N/16384",
      "run_type": "iteration",
      "repetitions": 0,
      "repetition_index": 0,
      "threads": 1,
      "iterations": 1,
      "real_time": 4.9395474998163991e+07,
      "cpu_time": 1.5620995999999998e+07,
      "time_unit": "ns"
    },
    {
      "name": "BM_Complexity_O_N_log_N/32768",
      "run_name": "BM_Complexity_O_N_log_N/32768",
      "run_type": "iteration",
      "repetitions": 0,
      "repetition_index": 0,
      "threads": 1,
      "iterations": 1,
      "real_time": 3.9684787989244796e+07,
      "cpu_time": 1.2589391000000115e+07,
      "time_unit": "ns"
    },
    {
      "name": "BM_Complexity_O_N_log_N/65536",
      "run_name": "BM_Complexity_O_N_log_N/65536",
      "run_type": "iteration",
      "repetitions": 0,
      "repetition_index": 0,
      "threads": 1,
      "iterations": 1,
      "real_time": 8.5975134003092527e+07,
      "cpu_time": 2.7697984000000007e+07,
      "time_unit": "ns"
    },
    {
      "name": "BM_Complexity_O_N_log_N_BigO",
      "run_name": "BM_Complexity_O_N_log_N",
      "run_type": "aggregate",
      "repetitions": 0,
      "threads": 1,
      "aggregate_name": "BigO",
      "cpu_coefficient": 2.7805830997027432e+01,
      "real_coefficient": 8.6528043713736466e+01,
      "big_o": "NlgN",
      "time_unit": "ns"
    },
    {
      "name": "BM_Complexity_O_N_log_N_RMS",
      "run_name": "BM_Complexity_O_N_log_N",
      "run_type": "aggregate",
      "repetitions": 0,
      "threads": 1,
      "aggregate_name": "RMS",
      "rms": 4.1572536898144574e-01
    },
    {
      "name": "BM_Complexity_O_N_log_N/1024",
      "run_name": "BM_Complexity_O_N_log_N/1024",
      "run_type": "iteration",
      "repetitions": 0,
      "repetition_index": 0,
      "threads": 1,
      "iterations": 115,
      "real_time": 3.9472306089010090e+05,
      "cpu_time": 1.1664892173912934e+05,
      "time_unit": "ns"
    },
    {
      "name": "BM_Complexity_O_N_log_N/2048",
      "run_name": "BM_Complexity_O_N_log_N/2048",
      "run_type": "iteration",
      "repetitions": 0,
      "repetition_index": 0,
      "threads": 1,
      "iterations": 38,
      "real_time": 1.4767621576442923e+06,
      "cpu_time": 3.2271118421052588e+05,
      "time_unit": "ns"
    },
    {
      "name": "BM_Complexity_O_N_log_N/4096",
      "run_name": "BM_Complexity_O_N_log_N/4096",
      "run_type": "iteration",
      "repetitions": 0,
      "repetition_index": 0,
      "threads": 1,
      "iterations": 25,
      "real_time": 1.7519197997171432e+06,
      "cpu_time": 7.3015811999999511e+05,
      "time_unit": "ns"
    },
    {
      "name": "BM_Complexity_O_N_log_N/8192",
      "run_name": "BM_Complexity_O_N_log_N/8192",
      "run_type": "iteration",
      "repetitions": 0,
      "repetition_index": 0,
      "threads": 1,
      "iterations": 8,
      "real_time": 1.0040958501122076e+07,
      "cpu_time": 2.3356494999999809e+06,
      "time_unit": "ns"
    },
    {
      "name": "BM_Complexity_O_N_log_N/16384",
      "run_name": "BM_Complexity_O_N_log_N/16384",
      "run_type": "iteration",
      "repetitions": 0,
      "repetition_index": 0,
      "threads": 1,
      "iterations": 2,
      "real_time": 1.7768453995813616e+07,
      "cpu_time": 6.2454320000000503e+06,
      "time_unit": "ns"
    },
    {
      "name": "BM_Complexity_O_N_log_N/32768",
      "run_name": "BM_Complexity_O_N_log_N/32768",
      "run_type": "iteration",
      "repetitions": 0,
      "repetition_index": 0,
      "threads": 1,
      "iterations": 1,
      "real_time": 2.7604187009274028e+07,
      "cpu_time": 1.4210284000000240e+07,
      "time_unit": "ns"
    },
    {
      "name": "BM_Complexity_O_N_log_N/65536",
      "run_name": "BM_Complexity_O_N_log_N/65536",
      "run_type": "iteration",
      "repetitions": 0,
      "repetition_index": 0,
      "threads": 1,
      "iterations": 1,
      "real_time": 6.7641415007528841e+07,
      "cpu_time": 2.9725953000000026e+07,
      "time_unit": "ns"
    },
    {
      "name": "BM_Complexity_O_N_log_N_BigO",
      "run_name": "BM_Complexity_O_N_log_N",
      "run_type": "aggregate",
      "repetitions": 0,
      "threads": 1,
      "aggregate_name": "BigO",
      "cpu_coefficient": 2.8322266003907739e+01,
      "real_coefficient": 6.3748618688425552e+01,
      "big_o": "f(N)",
      "time_unit": "ns"
    },
    {
      "name": "BM_Complexity_O_N_log_N_RMS",
      "run_name": "BM_Complexity_O_N_log_N",
      "run_type": "aggregate",
      "repetitions": 0,
      "threads": 1,
      "aggregate_name": "RMS",
      "rms": 5.3494729259739714e-02
    },
    {
      "name": "BM_Complexity_O_N_log_N/1024",
      "run_name": "BM_Complexity_O_N_log_N/1024",
      "run_type": "iteration",
      "repetitions": 0,
      "repetition_index": 0,
      "threads": 1,
      "iterations": 101,
      "real_time": 5.1020565347649192e+05,
      "cpu_time": 1.4751455445544509e+05,
      "time_unit": "ns"
    },
    {
      "name": "BM_Complexity_O_N_log_N/2048",
      "run_name": "BM_Complexity_O_N_log_N/2048",
      "run_type": "iteration",
      "repetitions": 0,
      "repetition_index": 0,
      "threads": 1,
      "iterations": 39,
      "real_time": 8.5741394865087781e+05,
      "cpu_time": 3.1139674358974333e+05,
      "time_unit": "ns"
    },
    {
      "name": "BM_Complexity_O_N_log_N/4096",
      "run_name": "BM_Complexity_O_N_log_N/4096",
      "run_type": "iteration",
      "repetitions": 0,
      "repetition_index": 0,
      "threads": 1,
      "iterations": 21,
      "real_time": 9.4096852435974311e+05,
      "cpu_time": 6.2817733333333931e+05,
      "time_unit": "ns"
    },
    {
      "name": "BM_Complexity_O_N_log_N/8192",
      "run_name": "BM_Complexity_O_N_log_N/8192",
      "run_type": "iteration",
      "repetitions": 0,
      "repetition_index": 0,
      "threads": 1,
      "iterations": 8,
      "real_time": 2.3661863742745481e+06,
      "cpu_time": 1.2657530000000084e+06,
      "time_unit": "ns"
    },
    {
      "name": "BM_Complexity_O_N_log_N/16384",
      "run_name": "BM_Complexity_O_N_log_N/16384",
      "run_type": "iteration",
      "repetitions": 0,
      "repetition_index": 0,
      "threads": 1,
      "iterations": 4,
      "real_time": 6.9157377511146478e+06,
      "cpu_time": 3.0356644999999795e+06,
      "time_unit": "ns"
    },
    {
      "name": "BM_Complexity_O_N_log_N/32768",
      "run_name": "BM_Complexity_O_N_log_N/32768",
      "run_type": "iteration",
      "repetitions": 0,
      "repetition_index": 0,
      "threads": 1,
      "iterations": 1,
      "real_time": 3.0163261995767243e+07,
      "cpu_time": 1.2072102999999946e+07,
      "time_unit": "ns"
    },
    {
      "name": "BM_Complexity_O_N_log_N/65536",
      "run_name": "BM_Complexity_O_N_log_N/65536",
      "run_type": "iteration",
      "repetitions": 0,
      "repetition_index": 0,
      "threads": 1,
      "iterations": 1,
      "real_time": 8.1640771997626871e+07,
      "cpu_time": 2.7262480999999948e+07,
      "time_unit": "ns"
    },
    {
      "name": "BM_Complexity_O_N_log_N_BigO",
      "run_name": "BM_Complexity_O_N_log_N",
      "run_type": "aggregate",
      "repetitions": 0,
      "threads": 1,
      "aggregate_name": "BigO",
      "cpu_coefficient": 2.5134087704430954e+01,
      "real_coefficient": 7.2681244954264272e+01,
      "big_o": "NlgN",
      "time_unit": "ns"
    },
    {
      "name": "BM_Complexity_O_N_log_N_RMS",
      "run_name": "BM_Complexity_O_N_log_N",
      "run_type": "aggregate",
      "repetitions": 0,
      "threads": 1,
      "aggregate_name": "RMS",
      "rms": 1.9432004408911244e-01
    },
    {
      "name": "BM_ComplexityCaptureArgs/capture_test/1/3",
      "run_name": "BM_ComplexityCaptureArgs/capture_test/1/3",
      "run_type": "iteration",
      "repetitions": 0,
      "repetition_index": 0,
      "threads": 1,
      "iterations": 4025165,
      "real_time": 7.4978317692025787e+00,
      "cpu_time": 4.1312758607411117e+00,
      "time_unit": "ns"
    },
    {
      "name": "BM_ComplexityCaptureArgs/capture_test/2/3",
      "run_name": "BM_ComplexityCaptureArgs/capture_test/2/3",
      "run_type": "iteration",
      "repetitions": 0,
      "repetition_index": 0,
      "threads": 1,
      "iterations": 4169958,
      "real_time": 9.5464383587477268e+00,
      "cpu_time": 4.2297812112255704e+00,
      "time_unit": "ns"
    },
    {
      "name": "BM_ComplexityCaptureArgs/capture_test/1/4",
      "run_name": "BM_ComplexityCaptureArgs/capture_test/1/4",
      "run_type": "iteration",
      "repetitions": 0,
      "repetition_index": 0,
      "threads": 1,
      "iterations": 3284737,
      "real_time": 1.2928163505056956e+01,
      "cpu_time": 3.9640656162122196e+00,
      "time_unit": "ns"
    },
    {
      "name": "BM_ComplexityCaptureArgs/capture_test/2/4",
      "run_name": "BM_ComplexityCaptureArgs/capture_test/2/4",
      "run_type": "iteration",
      "repetitions": 0,
      "repetition_index": 0,
      "threads": 1,
      "iterations": 3521923,
      "real_time": 1.6247407169461766e+01,
      "cpu_time": 3.9083702284234616e+00,
      "time_unit": "ns"
    },
    {
      "name": "BM_ComplexityCaptureArgs/capture_test_BigO",
      "run_name": "BM_ComplexityCaptureArgs/capture_test",
      "run_type": "aggregate",
      "repetitions": 0,
      "threads": 1,
      "aggregate_name": "BigO",
      "cpu_coefficient": 4.0583732291505907e-02,
      "real_coefficient": 1.1554960200617256e-01,
      "big_o": "N",
      "time_unit": "ns"
    },
    {
      "name": "BM_ComplexityCaptureArgs/capture_test_RMS",
      "run_name": "BM_ComplexityCaptureArgs/capture_test",
      "run_type": "aggregate",
      "repetitions": 0,
      "threads": 1,
      "aggregate_name": "RMS",
      "rms": 3.1672834708604741e-02
    }
  ]
}

---------------------------
Testing CSVReporter Output
---------------------------
name,iterations,real_time,cpu_time,time_unit,bytes_per_second,items_per_second,label,error_occurred,error_message
"BM_Complexity_O1/1",8174,3123.05,1226.42,ns,,,,,
"BM_Complexity_O1/8",6368,8939.45,1597.71,ns,,,,,
"BM_Complexity_O1/64",10173,5118.78,1428.42,ns,,,,,
"BM_Complexity_O1/512",10733,3481.02,1653.9,ns,,,,,
"BM_Complexity_O1/4096",10200,2378.77,1473.81,ns,,,,,
"BM_Complexity_O1/32768",10909,5517.12,1429.45,ns,,,,,
"BM_Complexity_O1/262144",13292,3354.02,1435.69,ns,,,,,
"BM_Complexity_O1_BigO",,4558.89,1463.63,(1),,,,,
"BM_Complexity_O1_RMS",,0.452958,0.0870927,,,,,,
"BM_Complexity_O1/1",13278,3441.07,1510.92,ns,,,,,
"BM_Complexity_O1/8",9126,3551.51,1444.67,ns,,,,,
"BM_Complexity_O1/64",12285,3430.29,1372.12,ns,,,,,
"BM_Complexity_O1/512",10119,3018.11,1600.83,ns,,,,,
"BM_Complexity_O1/4096",15163,2783.6,1371.45,ns,,,,,
"BM_Complexity_O1/32768",8129,1458.46,1343.13,ns,,,,,
"BM_Complexity_O1/262144",11377,2819.73,1625.9,ns,,,,,
"BM_Complexity_O1_BigO",,2928.97,1467,(1),,,,,
"BM_Complexity_O1_RMS",,0.227371,0.0724453,,,,,,
"BM_Complexity_O1/1",8100,3544.64,1863.13,ns,,,,,
"BM_Complexity_O1/8",8197,7055.84,1730.75,ns,,,,,
"BM_Complexity_O1/64",8643,3188.24,1649.15,ns,,,,,
"BM_Complexity_O1/512",7736,3000.12,1337.09,ns,,,,,
"BM_Complexity_O1/4096",8907,3196.39,1706.49,ns,,,,,
"BM_Complexity_O1/32768",9292,5441.41,1788.29,ns,,,,,
"BM_Complexity_O1/262144",11822,1637.65,1452.98,ns,,,,,
"BM_Complexity_O1_BigO",,3866.33,1646.84,f(N),,,,,
"BM_Complexity_O1_RMS",,0.430394,0.105404,,,,,,
"BM_Complexity_O_N/1024",1439,14908.5,9657.06,ns,,,,,
"BM_Complexity_O_N/2048",1018,18014,16308.9,ns,,,,,
"BM_Complexity_O_N/4096",376,46523.4,42930,ns,,,,,
"BM_Complexity_O_N/8192",199,172336,78020.4,ns,,,,,
"BM_Complexity_O_N/16384",81,170309,153904,ns,,,,,
"BM_Complexity_O_N/32768",46,357978,318118,ns,,,,,
"BM_Complexity_O_N/65536",19,855269,743488,ns,,,,,
"BM_Complexity_O_N_BigO",,12.6131,10.9197,N,,,,,
"BM_Complexity_O_N_RMS",,0.162248,0.108992,,,,,,
"BM_Complexity_O_N/1024",1000,11962.3,10813.8,ns,,,,,
"BM_Complexity_O_N/2048",857,27145.8,16159.7,ns,,,,,
"BM_Complexity_O_N/4096",477,53602.4,30193.2,ns,,,,,
"BM_Complexity_O_N/8192",183,80312,71265.9,ns,,,,,
"BM_Complexity_O_N/16384",73,434842,189113,ns,,,,,
"BM_Complexity_O_N/32768",56,292225,245709,ns,,,,,
"BM_Complexity_O_N/65536",21,1.40501e+06,611094,ns,,,,,
"BM_Complexity_O_N_BigO",,19.1615,9.07224,f(N),,,,,
"BM_Complexity_O_N_RMS",,0.453712,0.153417,,,,,,
"BM_Complexity_O_N/1024",2012,10738.2,8909.1,ns,,,,,
"BM_Complexity_O_N/2048",641,31551.8,23077,ns,,,,,
"BM_Complexity_O_N/4096",266,88836.9,44056.5,ns,,,,,
"BM_Complexity_O_N/8192",188,117461,67986.6,ns,,,,,
"BM_Complexity_O_N/16384",103,322537,169194,ns,,,,,
"BM_Complexity_O_N/32768",54,316896,258633,ns,,,,,
"BM_Complexity_O_N/65536",24,1.87956e+06,573992,ns,,,,,
"BM_Complexity_O_N_BigO",,24.4923,8.67194,N,,,,,
"BM_Complexity_O_N_RMS",,0.544985,0.0903,,,,,,
"BM_Complexity_O_N_log_N/1024",109,478083,175463,ns,,,,,
"BM_Complexity_O_N_log_N/2048",44,852191,320261,ns,,,,,
"BM_Complexity_O_N_log_N/4096",16,1.89384e+06,1.03917e+06,ns,,,,,
"BM_Complexity_O_N_log_N/8192",7,6.89539e+06,2.61482e+06,ns,,,,,
"BM_Complexity_O_N_log_N/16384",1,4.93955e+07,1.5621e+07,ns,,,,,
"BM_Complexity_O_N_log_N/32768",1,3.96848e+07,1.25894e+07,ns,,,,,
"BM_Complexity_O_N_log_N/65536",1,8.59751e+07,2.7698e+07,ns,,,,,
"BM_Complexity_O_N_log_N_BigO",,86.528,27.8058,NlgN,,,,,
"BM_Complexity_O_N_log_N_RMS",,0.432457,0.415725,,,,,,
"BM_Complexity_O_N_log_N/1024",115,394723,116649,ns,,,,,
"BM_Complexity_O_N_log_N/2048",38,1.47676e+06,322711,ns,,,,,
"BM_Complexity_O_N_log_N/4096",25,1.75192e+06,730158,ns,,,,,
"BM_Complexity_O_N_log_N/8192",8,1.0041e+07,2.33565e+06,ns,,,,,
"BM_Complexity_O_N_log_N/16384",2,1.77685e+07,6.24543e+06,ns,,,,,
"BM_Complexity_O_N_log_N/32768",1,2.76042e+07,1.42103e+07,ns,,,,,
"BM_Complexity_O_N_log_N/65536",1,6.76414e+07,2.9726e+07,ns,,,,,
"BM_Complexity_O_N_log_N_BigO",,63.7486,28.3223,f(N),,,,,
"BM_Complexity_O_N_log_N_RMS",,0.12703,0.0534947,,,,,,
"BM_Complexity_O_N_log_N/1024",101,510206,147515,ns,,,,,
"BM_Complexity_O_N_log_N/2048",39,857414,311397,ns,,,,,
"BM_Complexity_O_N_log_N/4096",21,940969,628177,ns,,,,,
"BM_Complexity_O_N_log_N/8192",8,2.36619e+06,1.26575e+06,ns,,,,,
"BM_Complexity_O_N_log_N/16384",4,6.91574e+06,3.03566e+06,ns,,,,,
"BM_Complexity_O_N_log_N/32768",1,3.01633e+07,1.20721e+07,ns,,,,,
"BM_Complexity_O_N_log_N/65536",1,8.16408e+07,2.72625e+07,ns,,,,,
"BM_Complexity_O_N_log_N_BigO",,72.6812,25.1341,NlgN,,,,,
"BM_Complexity_O_N_log_N_RMS",,0.297131,0.19432,,,,,,
"BM_ComplexityCaptureArgs/capture_test/1/3",4025165,7.49783,4.13128,ns,,,,,
"BM_ComplexityCaptureArgs/capture_test/2/3",4169958,9.54644,4.22978,ns,,,,,
"BM_ComplexityCaptureArgs/capture_test/1/4",3284737,12.9282,3.96407,ns,,,,,
"BM_ComplexityCaptureArgs/capture_test/2/4",3521923,16.2474,3.90837,ns,,,,,
"BM_ComplexityCaptureArgs/capture_test_BigO",,0.11555,0.0405837,N,,,,,
"BM_ComplexityCaptureArgs/capture_test_RMS",,0.28833,0.0316728,,,,,,

<end of output>
Test time =   3.65 sec
----------------------------------------------------------
Test Passed.
"complexity_benchmark" end time: Sep 04 17:18 CST
"complexity_benchmark" time elapsed: 00:00:03
----------------------------------------------------------

56/68 Testing: user_counters_tabular_test
56/68 Test: user_counters_tabular_test
Command: "/home/glf/MPRPC/build/_deps/googlebenchmark-build/test/user_counters_tabular_test" "--benchmark_counters_tabular=true" "--benchmark_min_time=0.01"
Directory: /home/glf/MPRPC/build/_deps/googlebenchmark-build/test
"user_counters_tabular_test" start time: Sep 04 17:18 CST
Output:
----------------------------------------------------------
Running benchmarks...
-------------------------------
Testing ConsoleReporter Output
-------------------------------
-----------------------------------------------------------------------------------------------------------------------------------------------
Benchmark                                   Time             CPU   Iterations        Bar        Bat        Baz        Foo       Frob        Lob
-----------------------------------------------------------------------------------------------------------------------------------------------
BM_Counters_Tabular/threads:1            5.40 ns         2.78 ns      4296305          2          8          4          1         16         32
BM_Counters_Tabular/threads:2            1.18 ns         2.18 ns      6170486          2          8          4          1         16         32
BM_Counters_Tabular/threads:4           0.491 ns         1.81 ns      6829540          2          8          4          1         16         32
2025-09-04T17:18:15+08:00
Running /home/glf/MPRPC/build/_deps/googlebenchmark-build/test/user_counters_tabular_test
Run on (2 X 2688 MHz CPU s)
CPU Caches:
  L1 Data 48 KiB (x2)
  L1 Instruction 32 KiB (x2)
  L2 Unified 1280 KiB (x2)
  L3 Unified 24576 KiB (x2)
Load Average: 2.83, 0.78, 0.93
***WARNING*** Library was built as DEBUG. Timings may be affected.
2025-09-04T17:18:15+08:00
Running /home/glf/MPRPC/build/_deps/googlebenchmark-build/test/user_counters_tabular_test
Run on (2 X 2688 MHz CPU s)
CPU Caches:
  L1 Data 48 KiB (x2)
  L1 Instruction 32 KiB (x2)
  L2 Unified 1280 KiB (x2)
  L3 Unified 24576 KiB (x2)
Load Average: 2.83, 0.78, 0.93
***WARNING*** Library was built as DEBUG. Timings may be affected.
BM_Counters_Tabular/threads:8           0.303 ns         2.24 ns      7645344          2          8          4          1         16         32
BM_Counters_Tabular/threads:16          0.167 ns         2.47 ns      4273632          2          8          4          1         16         32
BM_CounterRates_Tabular/threads:1        4.59 ns         3.90 ns      3153271  162.813/s   651.25/s  325.625/s  81.4063/s  1.3025k/s   2.605k/s
BM_CounterRates_Tabular/threads:2        1.71 ns         3.16 ns      3701668  171.141/s  684.563/s  342.281/s  85.5703/s 1.36913k/s 2.73825k/s
BM_CounterRates_Tabular/threads:4        1.21 ns         4.49 ns      3377024  132.002/s   528.01/s  264.005/s  66.0012/s  1056.02/s 2.11204k/s
BM_CounterRates_Tabular/threads:8       0.549 ns         4.05 ns      3726288  132.384/s  529.535/s  264.768/s  66.1919/s  1059.07/s 2.11814k/s
BM_CounterRates_Tabular/threads:16      0.615 ns         9.09 ns      1600000  137.507/s  550.027/s  275.014/s  68.7534/s 1.10005k/s 2.20011k/s
--------------------------------------------------------------------------------------------------------------
Benchmark                                   Time             CPU   Iterations        Bar        Baz        Foo
--------------------------------------------------------------------------------------------------------------
BM_CounterSet0_Tabular/threads:1         9.68 ns         2.42 ns      7069075         20         40         10
BM_CounterSet0_Tabular/threads:2         4.61 ns         2.70 ns      6828040         20         40         10
BM_CounterSet0_Tabular/threads:4        0.633 ns         2.34 ns      5966404         20         40         10
BM_CounterSet0_Tabular/threads:8        0.386 ns         2.85 ns      6497328         20         40         10
BM_CounterSet0_Tabular/threads:16       0.199 ns         2.95 ns      4036736         20         40         10
BM_CounterSet1_Tabular/threads:1         2.75 ns         1.53 ns      6914004         25         45         15
BM_CounterSet1_Tabular/threads:2         1.20 ns         2.21 ns      7215352         25         45         15
BM_CounterSet1_Tabular/threads:4        0.636 ns         2.35 ns      8196252         25         45         15
BM_CounterSet1_Tabular/threads:8        0.241 ns         1.78 ns      8087056         25         45         15
BM_CounterSet1_Tabular/threads:16       0.149 ns         2.20 ns      9972432         25         45         15
--------------------------------------------------------------------------------------------------------------
Benchmark                                   Time             CPU   Iterations        Bat        Baz        Foo
--------------------------------------------------------------------------------------------------------------
BM_CounterSet2_Tabular/threads:1         3.62 ns         2.12 ns      8421397         30         40         10
BM_CounterSet2_Tabular/threads:2         2.37 ns         3.00 ns      7054500         30         40         10
BM_CounterSet2_Tabular/threads:4        0.615 ns         2.27 ns      6630608         30         40         10
BM_CounterSet2_Tabular/threads:8        0.317 ns         2.34 ns      4841648         30         40         10
BM_CounterSet2_Tabular/threads:16       0.164 ns         2.43 ns      6708064         30         40         10

----------------------------
Testing JSONReporter Output
----------------------------
{
  "context": {
    "date": "2025-09-04T17:18:15+08:00",
    "host_name": "localhost",
    "executable": "/home/glf/MPRPC/build/_deps/googlebenchmark-build/test/user_counters_tabular_test",
    "num_cpus": 2,
    "mhz_per_cpu": 2688,
    "cpu_scaling_enabled": false,
    "caches": [
      {
        "type": "Data",
        "level": 1,
        "size": 49152,
        "num_sharing": 1
      },
      {
        "type": "Instruction",
        "level": 1,
        "size": 32768,
        "num_sharing": 1
      },
      {
        "type": "Unified",
        "level": 2,
        "size": 1310720,
        "num_sharing": 1
      },
      {
        "type": "Unified",
        "level": 3,
        "size": 25165824,
        "num_sharing": 1
      }
    ],
    "load_avg": [2.83,0.78,0.93],
    "library_build_type": "debug"
  },
  "benchmarks": [
    {
      "name": "BM_Counters_Tabular/threads:1",
      "run_name": "BM_Counters_Tabular/threads:1",
      "run_type": "iteration",
      "repetitions": 0,
      "repetition_index": 0,
      "threads": 1,
      "iterations": 4296305,
      "real_time": 5.4004692385464734e+00,
      "cpu_time": 2.7827149143275336e+00,
      "time_unit": "ns",
      "Bar": 2.0000000000000000e+00,
      "Bat": 8.0000000000000000e+00,
      "Baz": 4.0000000000000000e+00,
      "Foo": 1.0000000000000000e+00,
      "Frob": 1.6000000000000000e+01,
      "Lob": 3.2000000000000000e+01
    },
    {
      "name": "BM_Counters_Tabular/threads:2",
      "run_name": "BM_Counters_Tabular/threads:2",
      "run_type": "iteration",
      "repetitions": 0,
      "repetition_index": 0,
      "threads": 2,
      "iterations": 6170486,
      "real_time": 1.1791828868939156e+00,
      "cpu_time": 2.1782880635334041e+00,
      "time_unit": "ns",
      "Bar": 2.0000000000000000e+00,
      "Bat": 8.0000000000000000e+00,
      "Baz": 4.0000000000000000e+00,
      "Foo": 1.0000000000000000e+00,
      "Frob": 1.6000000000000000e+01,
      "Lob": 3.2000000000000000e+01
    },
    {
      "name": "BM_Counters_Tabular/threads:4",
      "run_name": "BM_Counters_Tabular/threads:4",
      "run_type": "iteration",
      "repetitions": 0,
      "repetition_index": 0,
      "threads": 4,
      "iterations": 6829540,
      "real_time": 4.9056945943568675e-01,
      "cpu_time": 1.8120508848326511e+00,
      "time_unit": "ns",
      "Bar": 2.0000000000000000e+00,
      "Bat": 8.0000000000000000e+00,
      "Baz": 4.0000000000000000e+00,
      "Foo": 1.0000000000000000e+00,
      "Frob": 1.6000000000000000e+01,
      "Lob": 3.2000000000000000e+01
    },
    {
      "name": "BM_Counters_Tabular/threads:8",
      "run_name": "BM_Counters_Tabular/threads:8",
      "run_type": "iteration",
      "repetitions": 0,
      "repetition_index": 0,
      "threads": 8,
      "iterations": 7645344,
      "real_time": 3.0347879002748779e-01,
      "cpu_time": 2.2425057656006047e+00,
      "time_unit": "ns",
      "Bar": 2.0000000000000000e+00,
      "Bat": 8.0000000000000000e+00,
      "Baz": 4.0000000000000000e+00,
      "Foo": 1.0000000000000000e+00,
      "Frob": 1.6000000000000000e+01,
      "Lob": 3.2000000000000000e+01
    },
    {
      "name": "BM_Counters_Tabular/threads:16",
      "run_name": "BM_Counters_Tabular/threads:16",
      "run_type": "iteration",
      "repetitions": 0,
      "repetition_index": 0,
      "threads": 16,
      "iterations": 4273632,
      "real_time": 1.6731944893237097e-01,
      "cpu_time": 2.4713417065390644e+00,
      "time_unit": "ns",
      "Bar": 2.0000000000000000e+00,
      "Bat": 8.0000000000000000e+00,
      "Baz": 4.0000000000000000e+00,
      "Foo": 1.0000000000000000e+00,
      "Frob": 1.6000000000000000e+01,
      "Lob": 3.2000000000000000e+01
    },
    {
      "name": "BM_CounterRates_Tabular/threads:1",
      "run_name": "BM_CounterRates_Tabular/threads:1",
      "run_type": "iteration",
      "repetitions": 0,
      "repetition_index": 0,
      "threads": 1,
      "iterations": 3153271,
      "real_time": 4.5937589860564136e+00,
      "cpu_time": 3.8956562883431158e+00,
      "time_unit": "ns",
      "Bar": 1.6281262058309730e+02,
      "Bat": 6.5125048233238920e+02,
      "Baz": 3.2562524116619460e+02,
      "Foo": 8.1406310291548650e+01,
      "Frob": 1.3025009646647784e+03,
      "Lob": 2.6050019293295568e+03
    },
    {
      "name": "BM_CounterRates_Tabular/threads:2",
      "run_name": "BM_CounterRates_Tabular/threads:2",
      "run_type": "iteration",
      "repetitions": 0,
      "repetition_index": 0,
      "threads": 2,
      "iterations": 3701668,
      "real_time": 1.7093040223176059e+00,
      "cpu_time": 3.1570348826529013e+00,
      "time_unit": "ns",
      "Bar": 1.7114063952689884e+02,
      "Bat": 6.8456255810759535e+02,
      "Baz": 3.4228127905379768e+02,
      "Foo": 8.5570319763449419e+01,
      "Frob": 1.3691251162151907e+03,
      "Lob": 2.7382502324303814e+03
    },
    {
      "name": "BM_CounterRates_Tabular/threads:4",
      "run_name": "BM_CounterRates_Tabular/threads:4",
      "run_type": "iteration",
      "repetitions": 0,
      "repetition_index": 0,
      "threads": 4,
      "iterations": 3377024,
      "real_time": 1.2144788592903946e+00,
      "cpu_time": 4.4865650939999258e+00,
      "time_unit": "ns",
      "Bar": 1.3200241458816760e+02,
      "Bat": 5.2800965835267039e+02,
      "Baz": 2.6400482917633519e+02,
      "Foo": 6.6001207294083798e+01,
      "Frob": 1.0560193167053408e+03,
      "Lob": 2.1120386334106815e+03
    },
    {
      "name": "BM_CounterRates_Tabular/threads:8",
      "run_name": "BM_CounterRates_Tabular/threads:8",
      "run_type": "iteration",
      "repetitions": 0,
      "repetition_index": 0,
      "threads": 8,
      "iterations": 3726288,
      "real_time": 5.4882009836194912e-01,
      "cpu_time": 4.0543253768898131e+00,
      "time_unit": "ns",
      "Bar": 1.3238384112244563e+02,
      "Bat": 5.2953536448978252e+02,
      "Baz": 2.6476768224489126e+02,
      "Foo": 6.6191920561222815e+01,
      "Frob": 1.0590707289795650e+03,
      "Lob": 2.1181414579591301e+03
    },
    {
      "name": "BM_CounterRates_Tabular/threads:16",
      "run_name": "BM_CounterRates_Tabular/threads:16",
      "run_type": "iteration",
      "repetitions": 0,
      "repetition_index": 0,
      "threads": 16,
      "iterations": 1600000,
      "real_time": 6.1523761701209878e-01,
      "cpu_time": 9.0904556250000006e+00,
      "time_unit": "ns",
      "Bar": 1.3750685901401118e+02,
      "Bat": 5.5002743605604473e+02,
      "Baz": 2.7501371802802237e+02,
      "Foo": 6.8753429507005592e+01,
      "Frob": 1.1000548721120895e+03,
      "Lob": 2.2001097442241789e+03
    },
    {
      "name": "BM_CounterSet0_Tabular/threads:1",
      "run_name": "BM_CounterSet0_Tabular/threads:1",
      "run_type": "iteration",
      "repetitions": 0,
      "repetition_index": 0,
      "threads": 1,
      "iterations": 7069075,
      "real_time": 9.6804673898920282e+00,
      "cpu_time": 2.4244664259468198e+00,
      "time_unit": "ns",
      "Bar": 2.0000000000000000e+01,
      "Baz": 4.0000000000000000e+01,
      "Foo": 1.0000000000000000e+01
    },
    {
      "name": "BM_CounterSet0_Tabular/threads:2",
      "run_name": "BM_CounterSet0_Tabular/threads:2",
      "run_type": "iteration",
      "repetitions": 0,
      "repetition_index": 0,
      "threads": 2,
      "iterations": 6828040,
      "real_time": 4.6122595953961953e+00,
      "cpu_time": 2.6983371509247167e+00,
      "time_unit": "ns",
      "Bar": 2.0000000000000000e+01,
      "Baz": 4.0000000000000000e+01,
      "Foo": 1.0000000000000000e+01
    },
    {
      "name": "BM_CounterSet0_Tabular/threads:4",
      "run_name": "BM_CounterSet0_Tabular/threads:4",
      "run_type": "iteration",
      "repetitions": 0,
      "repetition_index": 0,
      "threads": 4,
      "iterations": 5966404,
      "real_time": 6.3338750610578154e-01,
      "cpu_time": 2.3407710909284676e+00,
      "time_unit": "ns",
      "Bar": 2.0000000000000000e+01,
      "Baz": 4.0000000000000000e+01,
      "Foo": 1.0000000000000000e+01
    },
    {
      "name": "BM_CounterSet0_Tabular/threads:8",
      "run_name": "BM_CounterSet0_Tabular/threads:8",
      "run_type": "iteration",
      "repetitions": 0,
      "repetition_index": 0,
      "threads": 8,
      "iterations": 6497328,
      "real_time": 3.8639264550764346e-01,
      "cpu_time": 2.8535967400753037e+00,
      "time_unit": "ns",
      "Bar": 2.0000000000000000e+01,
      "Baz": 4.0000000000000000e+01,
      "Foo": 1.0000000000000000e+01
    },
    {
      "name": "BM_CounterSet0_Tabular/threads:16",
      "run_name": "BM_CounterSet0_Tabular/threads:16",
      "run_type": "iteration",
      "repetitions": 0,
      "repetition_index": 0,
      "threads": 16,
      "iterations": 4036736,
      "real_time": 1.9940886344435862e-01,
      "cpu_time": 2.9476683637473582e+00,
      "time_unit": "ns",
      "Bar": 2.0000000000000000e+01,
      "Baz": 4.0000000000000000e+01,
      "Foo": 1.0000000000000000e+01
    },
    {
      "name": "BM_CounterSet1_Tabular/threads:1",
      "run_name": "BM_CounterSet1_Tabular/threads:1",
      "run_type": "iteration",
      "repetitions": 0,
      "repetition_index": 0,
      "threads": 1,
      "iterations": 6914004,
      "real_time": 2.7463610070757420e+00,
      "cpu_time": 1.5274155178388711e+00,
      "time_unit": "ns",
      "Bar": 2.5000000000000000e+01,
      "Baz": 4.5000000000000000e+01,
      "Foo": 1.5000000000000000e+01
    },
    {
      "name": "BM_CounterSet1_Tabular/threads:2",
      "run_name": "BM_CounterSet1_Tabular/threads:2",
      "run_type": "iteration",
      "repetitions": 0,
      "repetition_index": 0,
      "threads": 2,
      "iterations": 7215352,
      "real_time": 1.1972557955766348e+00,
      "cpu_time": 2.2108192365389838e+00,
      "time_unit": "ns",
      "Bar": 2.5000000000000000e+01,
      "Baz": 4.5000000000000000e+01,
      "Foo": 1.5000000000000000e+01
    },
    {
      "name": "BM_CounterSet1_Tabular/threads:4",
      "run_name": "BM_CounterSet1_Tabular/threads:4",
      "run_type": "iteration",
      "repetitions": 0,
      "repetition_index": 0,
      "threads": 4,
      "iterations": 8196252,
      "real_time": 6.3559883811377882e-01,
      "cpu_time": 2.3479271989196944e+00,
      "time_unit": "ns",
      "Bar": 2.5000000000000000e+01,
      "Baz": 4.5000000000000000e+01,
      "Foo": 1.5000000000000000e+01
    },
    {
      "name": "BM_CounterSet1_Tabular/threads:8",
      "run_name": "BM_CounterSet1_Tabular/threads:8",
      "run_type": "iteration",
      "repetitions": 0,
      "repetition_index": 0,
      "threads": 8,
      "iterations": 8087056,
      "real_time": 2.4084654537856889e-01,
      "cpu_time": 1.7801250541606273e+00,
      "time_unit": "ns",
      "Bar": 2.5000000000000000e+01,
      "Baz": 4.5000000000000000e+01,
      "Foo": 1.5000000000000000e+01
    },
    {
      "name": "BM_CounterSet1_Tabular/threads:16",
      "run_name": "BM_CounterSet1_Tabular/threads:16",
      "run_type": "iteration",
      "repetitions": 0,
      "repetition_index": 0,
      "threads": 16,
      "iterations": 9972432,
      "real_time": 1.4906491732084626e-01,
      "cpu_time": 2.1972098681645540e+00,
      "time_unit": "ns",
      "Bar": 2.5000000000000000e+01,
      "Baz": 4.5000000000000000e+01,
      "Foo": 1.5000000000000000e+01
    },
    {
      "name": "BM_CounterSet2_Tabular/threads:1",
      "run_name": "BM_CounterSet2_Tabular/threads:1",
      "run_type": "iteration",
      "repetitions": 0,
      "repetition_index": 0,
      "threads": 1,
      "iterations": 8421397,
      "real_time": 3.6151463940016559e+00,
      "cpu_time": 2.1227226314113938e+00,
      "time_unit": "ns",
      "Bat": 3.0000000000000000e+01,
      "Baz": 4.0000000000000000e+01,
      "Foo": 1.0000000000000000e+01
    },
    {
      "name": "BM_CounterSet2_Tabular/threads:2",
      "run_name": "BM_CounterSet2_Tabular/threads:2",
      "run_type": "iteration",
      "repetitions": 0,
      "repetition_index": 0,
      "threads": 2,
      "iterations": 7054500,
      "real_time": 2.3728143021140111e+00,
      "cpu_time": 3.0004373095187344e+00,
      "time_unit": "ns",
      "Bat": 3.0000000000000000e+01,
      "Baz": 4.0000000000000000e+01,
      "Foo": 1.0000000000000000e+01
    },
    {
      "name": "BM_CounterSet2_Tabular/threads:4",
      "run_name": "BM_CounterSet2_Tabular/threads:4",
      "run_type": "iteration",
      "repetitions": 0,
      "repetition_index": 0,
      "threads": 4,
      "iterations": 6630608,
      "real_time": 6.1458606120397252e-01,
      "cpu_time": 2.2698485568744307e+00,
      "time_unit": "ns",
      "Bat": 3.0000000000000000e+01,
      "Baz": 4.0000000000000000e+01,
      "Foo": 1.0000000000000000e+01
    },
    {
      "name": "BM_CounterSet2_Tabular/threads:8",
      "run_name": "BM_CounterSet2_Tabular/threads:8",
      "run_type": "iteration",
      "repetitions": 0,
      "repetition_index": 0,
      "threads": 8,
      "iterations": 4841648,
      "real_time": 3.1730967432847584e-01,
      "cpu_time": 2.3428613562985099e+00,
      "time_unit": "ns",
      "Bat": 3.0000000000000000e+01,
      "Baz": 4.0000000000000000e+01,
      "Foo": 1.0000000000000000e+01
    },
    {
      "name": "BM_CounterSet2_Tabular/threads:16",
      "run_name": "BM_CounterSet2_Tabular/threads:16",
      "run_type": "iteration",
      "repetitions": 0,
      "repetition_index": 0,
      "threads": 16,
      "iterations": 6708064,
      "real_time": 1.6433648931140477e-01,
      "cpu_time": 2.4280442166323990e+00,
      "time_unit": "ns",
      "Bat": 3.0000000000000000e+01,
      "Baz": 4.0000000000000000e+01,
      "Foo": 1.0000000000000000e+01
    }
  ]
}

---------------------------
Testing CSVReporter Output
---------------------------
name,iterations,real_time,cpu_time,time_unit,bytes_per_second,items_per_second,label,error_occurred,error_message,"Bar","Bat","Baz","Foo","Frob","Lob"
"BM_Counters_Tabular/threads:1",4296305,5.40047,2.78271,ns,,,,,,2,8,4,1,16,32
"BM_Counters_Tabular/threads:2",6170486,1.17918,2.17829,ns,,,,,,2,8,4,1,16,32
"BM_Counters_Tabular/threads:4",6829540,0.490569,1.81205,ns,,,,,,2,8,4,1,16,32
"BM_Counters_Tabular/threads:8",7645344,0.303479,2.24251,ns,,,,,,2,8,4,1,16,32
"BM_Counters_Tabular/threads:16",4273632,0.167319,2.47134,ns,,,,,,2,8,4,1,16,32
"BM_CounterRates_Tabular/threads:1",3153271,4.59376,3.89566,ns,,,,,,162.813,651.25,325.625,81.4063,1302.5,2605
"BM_CounterRates_Tabular/threads:2",3701668,1.7093,3.15703,ns,,,,,,171.141,684.563,342.281,85.5703,1369.13,2738.25
"BM_CounterRates_Tabular/threads:4",3377024,1.21448,4.48657,ns,,,,,,132.002,528.01,264.005,66.0012,1056.02,2112.04
"BM_CounterRates_Tabular/threads:8",3726288,0.54882,4.05433,ns,,,,,,132.384,529.535,264.768,66.1919,1059.07,2118.14
"BM_CounterRates_Tabular/threads:16",1600000,0.615238,9.09046,ns,,,,,,137.507,550.027,275.014,68.7534,1100.05,2200.11
"BM_CounterSet0_Tabular/threads:1",7069075,9.68047,2.42447,ns,,,,,,20,,40,10,,
"BM_CounterSet0_Tabular/threads:2",6828040,4.61226,2.69834,ns,,,,,,20,,40,10,,
"BM_CounterSet0_Tabular/threads:4",5966404,0.633388,2.34077,ns,,,,,,20,,40,10,,
"BM_CounterSet0_Tabular/threads:8",6497328,0.386393,2.8536,ns,,,,,,20,,40,10,,
"BM_CounterSet0_Tabular/threads:16",4036736,0.199409,2.94767,ns,,,,,,20,,40,10,,
"BM_CounterSet1_Tabular/threads:1",6914004,2.74636,1.52742,ns,,,,,,25,,45,15,,
"BM_CounterSet1_Tabular/threads:2",7215352,1.19726,2.21082,ns,,,,,,25,,45,15,,
"BM_CounterSet1_Tabular/threads:4",8196252,0.635599,2.34793,ns,,,,,,25,,45,15,,
"BM_CounterSet1_Tabular/threads:8",8087056,0.240847,1.78013,ns,,,,,,25,,45,15,,
"BM_CounterSet1_Tabular/threads:16",9972432,0.149065,2.19721,ns,,,,,,25,,45,15,,
"BM_CounterSet2_Tabular/threads:1",8421397,3.61515,2.12272,ns,,,,,,,30,40,10,,
"BM_CounterSet2_Tabular/threads:2",7054500,2.37281,3.00044,ns,,,,,,,30,40,10,,
"BM_CounterSet2_Tabular/threads:4",6630608,0.614586,2.26985,ns,,,,,,,30,40,10,,
"BM_CounterSet2_Tabular/threads:8",4841648,0.31731,2.34286,ns,,,,,,,30,40,10,,
"BM_CounterSet2_Tabular/threads:16",6708064,0.164336,2.42804,ns,,,,,,,30,40,10,,

<end of output>
Test time =   7.25 sec
----------------------------------------------------------
Test Passed.
"user_counters_tabular_test" end time: Sep 04 17:18 CST
"user_counters_tabular_test" time elapsed: 00:00:07
----------------------------------------------------------

39/68 Testing: basic_benchmark
39/68 Test: basic_benchmark
Command: "/home/glf/MPRPC/build/_deps/googlebenchmark-build/test/basic_test" "--benchmark_min_time=0.01"
Directory: /home/glf/MPRPC/build/_deps/googlebenchmark-build/test
"basic_benchmark" start time: Sep 04 17:18 CST
Output:
----------------------------------------------------------
----------------------------------------------------------------------------------------
Benchmark                                              Time             CPU   Iterations
----------------------------------------------------------------------------------------
BM_empty                                            8.98 ns         4.14 ns      3064014
2025-09-04T17:18:19+08:00
Running /home/glf/MPRPC/build/_deps/googlebenchmark-build/test/basic_test
Run on (2 X 2688 MHz CPU s)
CPU Caches:
  L1 Data 48 KiB (x2)
  L1 Instruction 32 KiB (x2)
  L2 Unified 1280 KiB (x2)
  L3 Unified 24576 KiB (x2)
Load Average: 2.83, 0.78, 0.93
***WARNING*** Library was built as DEBUG. Timings may be affected.
BM_empty/threads:2                                  2.74 ns         5.06 ns      3060734
BM_spin_empty/8                                      157 ns         75.1 ns       187112
BM_spin_empty/512                                   9065 ns         2906 ns         6196
BM_spin_empty/8192                                114689 ns        50816 ns          373
BM_spin_empty/8/threads:2                           34.3 ns         63.4 ns       200000
BM_spin_empty/512/threads:2                         2020 ns         3731 ns         4330
BM_spin_empty/8192/threads:2                       47464 ns        83122 ns          242
BM_spin_pause_before/8                               407 ns         72.3 ns       228824
BM_spin_pause_before/512                           10599 ns         3833 ns         5055
BM_spin_pause_before/8192                         126661 ns        58039 ns          236
BM_spin_pause_before/8/threads:2                    36.2 ns         66.9 ns       183290
BM_spin_pause_before/512/threads:2                  1363 ns         2518 ns         6376
BM_spin_pause_before/8192/threads:2                58859 ns        49588 ns          346
BM_spin_pause_during/8                              4422 ns         1505 ns        11990
BM_spin_pause_during/512                           12009 ns         4333 ns         3357
BM_spin_pause_during/8192                         225499 ns        61066 ns          235
BM_spin_pause_during/8/threads:2                     905 ns         1653 ns         6442
BM_spin_pause_during/512/threads:2                  8899 ns         5463 ns         2232
BM_spin_pause_during/8192/threads:2                66054 ns        58778 ns          262
BM_pause_during                                     2209 ns         1890 ns         9037
BM_pause_during/threads:2                            900 ns         1703 ns         7228
BM_pause_during/real_time                           1917 ns         1828 ns         5839
BM_pause_during/real_time/threads:2                 3573 ns         1748 ns        12806
BM_spin_pause_after/8                                214 ns         77.9 ns       275438
BM_spin_pause_after/512                             9719 ns         4152 ns         6951
BM_spin_pause_after/8192                          172312 ns        61457 ns          187
BM_spin_pause_after/8/threads:2                     47.4 ns         87.6 ns       146006
BM_spin_pause_after/512/threads:2                   2287 ns         4224 ns         3466
BM_spin_pause_after/8192/threads:2                 32304 ns        59652 ns          292
BM_spin_pause_before_and_after/8                     228 ns          107 ns       231514
BM_spin_pause_before_and_after/512                  6885 ns         3538 ns         6242
BM_spin_pause_before_and_after/8192               142663 ns        57120 ns          296
BM_spin_pause_before_and_after/8/threads:2          37.1 ns         68.5 ns       150298
BM_spin_pause_before_and_after/512/threads:2        1820 ns         3361 ns         4002
BM_spin_pause_before_and_after/8192/threads:2      31262 ns        57722 ns          200
BM_empty_stop_start                                 10.1 ns         3.22 ns      3478317
BM_empty_stop_start/threads:2                       3.43 ns         2.28 ns      7767698
BM_KeepRunning                                      8.90 ns         3.99 ns      4423406
BM_KeepRunningBatch/repeats:1                      0.004 ns        0.003 ns   1000000729
BM_RangedFor                                        9.66 ns         2.49 ns      6335977
<end of output>
Test time =   4.08 sec
----------------------------------------------------------
Test Passed.
"basic_benchmark" end time: Sep 04 17:18 CST
"basic_benchmark" time elapsed: 00:00:04
----------------------------------------------------------

38/68 Testing: options_benchmarks
38/68 Test: options_benchmarks
Command: "/home/glf/MPRPC/build/_deps/googlebenchmark-build/test/options_test" "--benchmark_min_time=0.01"
Directory: /home/glf/MPRPC/build/_deps/googlebenchmark-build/test
"options_benchmarks" start time: Sep 04 17:18 CST
Output:
----------------------------------------------------------
-------------------------------------------------------------------------------------------
Benchmark                                                 Time             CPU   Iterations
-------------------------------------------------------------------------------------------
BM_basic                                               2.97 ns         1.63 ns      9211041
2025-09-04T17:18:15+08:00
Running /home/glf/MPRPC/build/_deps/googlebenchmark-build/test/options_test
Run on (2 X 2688 MHz CPU s)
CPU Caches:
  L1 Data 48 KiB (x2)
  L1 Instruction 32 KiB (x2)
  L2 Unified 1280 KiB (x2)
  L3 Unified 24576 KiB (x2)
Load Average: 2.83, 0.78, 0.93
***WARNING*** Library was built as DEBUG. Timings may be affected.
BM_basic/42                                            8.26 ns         2.63 ns      6984439
BM_basic_slow/10                                   14423763 ns        15693 ns           10
BM_basic_slow/100                                    102268 us         19.4 us            1
BM_basic_slow/1000                                     1006 ms        0.024 ms            1
BM_basic_slow/1000                                     1.01 s         0.000 s             1
BM_basic/1                                             2.18 ns         1.90 ns      7164053
BM_basic/8                                             4.34 ns         2.28 ns      7063896
BM_basic/1                                             5.29 ns         2.30 ns      6759246
BM_basic/2                                             3.79 ns         1.74 ns      5797486
BM_basic/4                                             5.20 ns         1.99 ns      7194112
BM_basic/8                                             5.49 ns         2.74 ns      5684021
BM_basic/10                                            4.42 ns         2.25 ns      6094368
BM_basic/11                                            12.7 ns         3.06 ns      5100405
BM_basic/12                                            5.46 ns         2.19 ns      8387377
BM_basic/13                                            5.17 ns         2.74 ns      7246302
BM_basic/14                                            10.9 ns         1.83 ns      7516637
BM_basic/15                                            3.50 ns         2.46 ns      6827720
BM_basic/42/42                                         6.24 ns         1.79 ns      7167042
BM_basic/64/64                                         5.30 ns         2.31 ns     12695465
BM_basic/512/64                                        9.59 ns         1.98 ns      7139998
BM_basic/64/512                                        8.31 ns         2.50 ns     13976045
BM_basic/512/512                                       3.47 ns         1.73 ns      7108844
BM_basic/min_time:0.700                                4.46 ns         1.95 ns    502804420
BM_basic/real_time                                     2.55 ns         2.19 ns      6622551
BM_basic/threads:2                                    0.905 ns         1.67 ns      9939528
BM_basic/threads:4                                    0.608 ns         2.24 ns      6171540
BM_basic/threads:2                                     1.02 ns         1.88 ns      5700662
BM_basic/repeats:3                                     2.70 ns         2.28 ns      6606868
BM_basic/repeats:3                                     4.06 ns         2.32 ns      6606868
BM_basic/repeats:3                                     2.19 ns         1.86 ns      6606868
BM_basic/repeats:3_mean                                2.98 ns         2.16 ns            3
BM_basic/repeats:3_median                              2.70 ns         2.28 ns            3
BM_basic/repeats:3_stddev                             0.969 ns        0.254 ns            3
BM_basic/-9223372036854775808                          4.66 ns         1.55 ns      7111454
BM_basic/-4611686014132420609                          5.46 ns         2.84 ns      7327077
BM_basic/-2147483647                                   6.64 ns         2.25 ns      6695348
BM_basic/-1                                            6.11 ns         1.88 ns      7173759
BM_basic/0                                             2.80 ns         1.92 ns      7188567
BM_basic/1                                             2.52 ns         1.86 ns      7120040
BM_basic/2147483647                                    3.47 ns         2.55 ns      7050357
BM_basic/4611686014132420609                           5.11 ns         2.54 ns      7996440
BM_basic/9223372036854775807                           3.29 ns         1.99 ns      6154572
BM_basic/-64                                           5.43 ns         2.31 ns      7196319
BM_basic/-8                                            4.94 ns         2.23 ns      5625144
BM_basic/-1                                            2.66 ns         2.19 ns      6038473
BM_basic/-8                                            2.09 ns         1.58 ns      7443744
BM_basic/-4                                            5.01 ns         2.24 ns      5542884
BM_basic/-1                                            6.71 ns         2.46 ns      5924238
BM_basic/0                                             5.07 ns         2.53 ns      6145299
BM_basic/1                                             2.10 ns         1.89 ns      5927527
BM_basic/4                                             3.04 ns         2.62 ns      7183296
BM_basic/8                                             2.56 ns         2.34 ns      4882331
BM_basic/-2                                            3.65 ns         2.16 ns     12525980
BM_basic/-1                                            3.43 ns         2.18 ns     10892636
BM_basic/0                                             6.96 ns         2.42 ns      4444178
BM_basic/1                                             8.16 ns         2.99 ns      6630169
BM_basic/2                                             3.37 ns         1.55 ns     11578927
BM_basic/-64/-8                                        5.13 ns         2.41 ns      5612327
BM_basic/-8/-8                                         3.67 ns         2.06 ns     10000000
BM_basic/-1/-8                                         3.41 ns         3.11 ns      3631561
BM_basic/0/-8                                          2.48 ns         2.10 ns      9849396
BM_basic/1/-8                                          3.32 ns         2.74 ns      6575456
BM_basic/-64/-1                                        11.6 ns         2.45 ns      4188939
BM_basic/-8/-1                                         3.15 ns         1.78 ns      5720221
BM_basic/-1/-1                                         5.41 ns         2.14 ns      7863675
BM_basic/0/-1                                          4.78 ns         1.91 ns      7097718
BM_basic/1/-1                                          8.24 ns         2.05 ns      8928964
BM_basic/0                                             7.80 ns         2.49 ns      7046095
BM_basic/1                                             3.78 ns         1.97 ns      7098316
BM_basic/2                                             3.54 ns         1.88 ns     13053068
BM_basic/3                                             4.21 ns         2.22 ns      6625024
BM_basic/4                                             6.36 ns         1.98 ns      7182788
BM_basic/5                                             9.50 ns         2.34 ns      5736224
BM_basic/6                                             8.89 ns         2.43 ns      7189903
BM_basic/7                                             5.55 ns         2.46 ns      4455236
BM_basic/8                                             3.26 ns         1.93 ns     11191575
BM_basic/9                                             3.27 ns         1.90 ns      7191599
BM_explicit_iteration_count/iterations:42              74.5 ns         65.5 ns           42
<end of output>
Test time =   8.48 sec
----------------------------------------------------------
Test Passed.
"options_benchmarks" end time: Sep 04 17:18 CST
"options_benchmarks" time elapsed: 00:00:08
----------------------------------------------------------

51/68 Testing: user_counters_test
51/68 Test: user_counters_test
Command: "/home/glf/MPRPC/build/_deps/googlebenchmark-build/test/user_counters_test" "--benchmark_min_time=0.01"
Directory: /home/glf/MPRPC/build/_deps/googlebenchmark-build/test
"user_counters_test" start time: Sep 04 17:18 CST
Output:
----------------------------------------------------------
Running benchmarks...
-------------------------------
[...]
[ RUN      ] BenchmarkNameTest.Empty
[       OK ] BenchmarkNameTest.Empty (0 ms)
[ RUN      ] BenchmarkNameTest.FunctionName
[       OK ] BenchmarkNameTest.FunctionName (0 ms)
[ RUN      ] BenchmarkNameTest.FunctionNameAndArgs
[       OK ] BenchmarkNameTest.FunctionNameAndArgs (0 ms)
[ RUN      ] BenchmarkNameTest.MinTime
[       OK ] BenchmarkNameTest.MinTime (0 ms)
[ RUN      ] BenchmarkNameTest.Iterations
[       OK ] BenchmarkNameTest.Iterations (0 ms)
[ RUN      ] BenchmarkNameTest.Repetitions
[       OK ] BenchmarkNameTest.Repetitions (0 ms)
[ RUN      ] BenchmarkNameTest.TimeType
[       OK ] BenchmarkNameTest.TimeType (0 ms)
[ RUN      ] BenchmarkNameTest.Threads
[       OK ] BenchmarkNameTest.Threads (0 ms)
[ RUN      ] BenchmarkNameTest.TestEmptyFunctionName
[       OK ] BenchmarkNameTest.TestEmptyFunctionName (0 ms)
[----------] 9 tests from BenchmarkNameTest (0 ms total)

[----------] Global test environment tear-down
[==========] 9 tests from 1 test suite ran. (0 ms total)
[  PASSED  ] 9 tests.
<end of output>
Test time =   0.03 sec
----------------------------------------------------------
Test Passed.
"benchmark_name_gtest" end time: Sep 04 17:18 CST
"benchmark_name_gtest" time elapsed: 00:00:00
----------------------------------------------------------

33/68 Testing: filter_regex_begin2_negative_list_only
33/68 Test: filter_regex_begin2_negative_list_only
Command: "/home/glf/MPRPC/build/_deps/googlebenchmark-build/test/filter_test" "--benchmark_list_tests" "--benchmark_filter=-^N" "4"
Directory: /home/glf/MPRPC/build/_deps/googlebenchmark-build/test
"filter_regex_begin2_negative_list_only" start time: Sep 04 17:18 CST
Output:
----------------------------------------------------------
BM_Foo
BM_Bar
BM_FooBar
BM_FooBa
<end of output>
Test time =   0.00 sec
----------------------------------------------------------
Test Passed.
"filter_regex_begin2_negative_list_only" end time: Sep 04 17:18 CST
"filter_regex_begin2_negative_list_only" time elapsed: 00:00:00
----------------------------------------------------------

37/68 Testing: filter_regex_end_negative_list_only
37/68 Test: filter_regex_end_negative_list_only
Command: "/home/glf/MPRPC/build/_deps/googlebenchmark-build/test/filter_test" "--benchmark_list_tests" "--benchmark_filter=-.*Ba$" "4"
Directory: /home/glf/MPRPC/build/_deps/googlebenchmark-build/test
"filter_regex_end_negative_list_only" start time: Sep 04 17:18 CST
Output:
----------------------------------------------------------
NoPrefix
BM_Foo
BM_Bar
BM_FooBar
<end of output>
Test time =   0.01 sec
----------------------------------------------------------
Test Passed.
"filter_regex_end_negative_list_only" end time: Sep 04 17:18 CST
"filter_regex_end_negative_list_only" time elapsed: 00:00:00
----------------------------------------------------------

18/68 Testing: filter_regex_none
18/68 Test: filter_regex_none
Command: "/home/glf/MPRPC/build/_deps/googlebenchmark-build/test/filter_test" "--benchmark_min_time=0.01" "--benchmark_filter=monkey" "0"
Directory: /home/glf/MPRPC/build/_deps/googlebenchmark-build/test
"filter_regex_none" start time: Sep 04 17:18 CST
Output:
----------------------------------------------------------
Failed to match any benchmarks against regex: monkey
<end of output>
Test time =   0.02 sec
----------------------------------------------------------
Test Passed.
"filter_regex_none" end time: Sep 04 17:18 CST
"filter_regex_none" time elapsed: 00:00:00
----------------------------------------------------------

42/68 Testing: donotoptimize_test
42/68 Test: donotoptimize_test
Command: "/home/glf/MPRPC/build/_deps/googlebenchmark-build/test/donotoptimize_test" "--benchmark_min_time=0.01"
Directory: /home/glf/MPRPC/build/_deps/googlebenchmark-build/test
"donotoptimize_test" start time: Sep 04 17:18 CST
Output:
----------------------------------------------------------
<end of output>
Test time =   0.02 sec
----------------------------------------------------------
Test Passed.
"donotoptimize_test" end time: Sep 04 17:18 CST
"donotoptimize_test" time elapsed: 00:00:00
----------------------------------------------------------

16/68 Testing: filter_regex_blank_negative
16/68 Test: filter_regex_blank_negative
Command: "/home/glf/MPRPC/build/_deps/googlebenchmark-build/test/filter_test" "--benchmark_min_time=0.01" "--benchmark_filter=-" "0"
Directory: /home/glf/MPRPC/build/_deps/googlebenchmark-build/test
"filter_regex_blank_negative" start time: Sep 04 17:18 CST
Output:
----------------------------------------------------------
Failed to match any benchmarks against regex: -
<end of output>
Test time =   0.04 sec
----------------------------------------------------------
Test Passed.
"filter_regex_blank_negative" end time: Sep 04 17:18 CST
"filter_regex_blank_negative" time elapsed: 00:00:00
----------------------------------------------------------

27/68 Testing: filter_regex_begin_list_only
27/68 Test: filter_regex_begin_list_only
Command: "/home/glf/MPRPC/build/_deps/googlebenchmark-build/test/filter_test" "--benchmark_list_tests" "--benchmark_filter=^BM_.*" "4"
Directory: /home/glf/MPRPC/build/_deps/googlebenchmark-build/test
"filter_regex_begin_list_only" start time: Sep 04 17:18 CST
Output:
----------------------------------------------------------
BM_Foo
BM_Bar
BM_FooBar
BM_FooBa
<end of output>
Test time =   0.04 sec
----------------------------------------------------------
Test Passed.
"filter_regex_begin_list_only" end time: Sep 04 17:18 CST
"filter_regex_begin_list_only" time elapsed: 00:00:00
----------------------------------------------------------

65/68 Testing: statistics_gtest
65/68 Test: statistics_gtest
Command: "/home/glf/MPRPC/build/_deps/googlebenchmark-build/test/statistics_gtest"
Directory: /home/glf/MPRPC/build/_deps/googlebenchmark-build/test
"statistics_gtest" start time: Sep 04 17:18 CST
Output:
----------------------------------------------------------
Running main() from gmock_main.cc
[==========] Running 3 tests from 1 test suite.
[----------] Global test environment set-up.
[----------] 3 tests from StatisticsTest
[ RUN      ] StatisticsTest.Mean
[       OK ] StatisticsTest.Mean (0 ms)
[ RUN      ] StatisticsTest.Median
[       OK ] StatisticsTest.Median (0 ms)
[ RUN      ] StatisticsTest.StdDev
[       OK ] StatisticsTest.StdDev (0 ms)
[----------] 3 tests from StatisticsTest (0 ms total)

[----------] Global test environment tear-down
[==========] 3 tests from 1 test suite ran. (0 ms total)
[  PASSED  ] 3 tests.
<end of output>
Test time =   0.01 sec
----------------------------------------------------------
Test Passed.
"statistics_gtest" end time: Sep 04 17:18 CST
"statistics_gtest" time elapsed: 00:00:00
----------------------------------------------------------

52/68 Testing: perf_counters_test
52/68 Test: perf_counters_test
Command: "/home/glf/MPRPC/build/_deps/googlebenchmark-build/test/perf_counters_test" "--benchmark_min_time=0.01" "--benchmark_perf_counters=CYCLES,BRANCHES"
Directory: /home/glf/MPRPC/build/_deps/googlebenchmark-build/test
"perf_counters_test" start time: Sep 04 17:18 CST
Output:
----------------------------------------------------------
<end of output>
Test time =   0.03 sec
----------------------------------------------------------
Test Passed.
"perf_counters_test" end time: Sep 04 17:18 CST
"perf_counters_test" time elapsed: 00:00:00
----------------------------------------------------------

29/68 Testing: filter_regex_begin_negative_list_only
29/68 Test: filter_regex_begin_negative_list_only
Command: "/home/glf/MPRPC/build/_deps/googlebenchmark-build/test/filter_test" "--benchmark_list_tests" "--benchmark_filter=-^BM_.*" "1"
Directory: /home/glf/MPRPC/build/_deps/googlebenchmark-build/test
"filter_regex_begin_negative_list_only" start time: Sep 04 17:18 CST
Output:
----------------------------------------------------------
NoPrefix
<end of output>
Test time =   0.01 sec
----------------------------------------------------------
Test Passed.
"filter_regex_begin_negative_list_only" end time: Sep 04 17:18 CST
"filter_regex_begin_negative_list_only" time elapsed: 00:00:00
----------------------------------------------------------

61/68 Testing: benchmark_gtest
61/68 Test: benchmark_gtest
Command: "/home/glf/MPRPC/build/_deps/googlebenchmark-build/test/benchmark_gtest"
Directory: /home/glf/MPRPC/build/_deps/googlebenchmark-build/test
"benchmark_gtest" start time: Sep 04 17:18 CST
Output:
----------------------------------------------------------
Running main() from gmock_main.cc
[==========] Running 20 tests from 2 test suites.
[----------] Global test environment set-up.
[----------] 18 tests from AddRangeTest
[ RUN      ] AddRangeTest.Simple
[       OK ] AddRangeTest.Simple (0 ms)
[ RUN      ] AddRangeTest.Simple64
[       OK ] AddRangeTest.Simple64 (0 ms)
[ RUN      ] AddRangeTest.Advanced
[       OK ] AddRangeTest.Advanced (0 ms)
[ RUN      ] AddRangeTest.Advanced64
[       OK ] AddRangeTest.Advanced64 (0 ms)
[ RUN      ] AddRangeTest.FullRange8
[       OK ] AddRangeTest.FullRange8 (0 ms)
[ RUN      ] AddRangeTest.FullRange64
[       OK ] AddRangeTest.FullRange64 (0 ms)
[ RUN      ] AddRangeTest.NegativeRanges
[       OK ] AddRangeTest.NegativeRanges (0 ms)
[ RUN      ] AddRangeTest.StrictlyNegative
[       OK ] AddRangeTest.StrictlyNegative (0 ms)
[ RUN      ] AddRangeTest.SymmetricNegativeRanges
[       OK ] AddRangeTest.SymmetricNegativeRanges (0 ms)
[ RUN      ] AddRangeTest.SymmetricNegativeRangesOddMult
Failed to add custom context "foo" as it already exists with value "qux"
[       OK ] AddRangeTest.SymmetricNegativeRangesOddMult (0 ms)
[ RUN      ] AddRangeTest.NegativeRangesAsymmetric
[       OK ] AddRangeTest.NegativeRangesAsymmetric (0 ms)
[ RUN      ] AddRangeTest.NegativeRangesLargeStep
[       OK ] AddRangeTest.NegativeRangesLargeStep (0 ms)
[ RUN      ] AddRangeTest.ZeroOnlyRange
[       OK ] AddRangeTest.ZeroOnlyRange (0 ms)
[ RUN      ] AddRangeTest.ZeroStartingRange
[       OK ] AddRangeTest.ZeroStartingRange (0 ms)
[ RUN      ] AddRangeTest.NegativeRange64
[       OK ] AddRangeTest.NegativeRange64 (0 ms)
[ RUN      ] AddRangeTest.NegativeRangePreservesExistingOrder
[       OK ] AddRangeTest.NegativeRangePreservesExistingOrder (0 ms)
[ RUN      ] AddRangeTest.FullNegativeRange64
[       OK ] AddRangeTest.FullNegativeRange64 (0 ms)
[ RUN      ] AddRangeTest.Simple8
[       OK ] AddRangeTest.Simple8 (0 ms)
[----------] 18 tests from AddRangeTest (0 ms total)

[----------] 2 tests from AddCustomContext
[ RUN      ] AddCustomContext.Simple
[       OK ] AddCustomContext.Simple (0 ms)
[ RUN      ] AddCustomContext.DuplicateKey
[       OK ] AddCustomContext.DuplicateKey (0 ms)
[----------] 2 tests from AddCustomContext (0 ms total)

[----------] Global test environment tear-down
[==========] 20 tests from 2 test suites ran. (1 ms total)
[  PASSED  ] 20 tests.
<end of output>
Test time =   0.02 sec
----------------------------------------------------------
Test Passed.
"benchmark_gtest" end time: Sep 04 17:18 CST
"benchmark_gtest" time elapsed: 00:00:00
----------------------------------------------------------

5/68 Testing: filter_simple_negative_list_only
5/68 Test: filter_simple_negative_list_only
Command: "/home/glf/MPRPC/build/_deps/googlebenchmark-build/test/filter_test" "--benchmark_list_tests" "--benchmark_filter=-Foo" "2"
Directory: /home/glf/MPRPC/build/_deps/googlebenchmark-build/test
"filter_simple_negative_list_only" start time: Sep 04 17:18 CST
Output:
----------------------------------------------------------
NoPrefix
BM_Bar
<end of output>
Test time =   0.01 sec
----------------------------------------------------------
Test Passed.
"filter_simple_negative_list_only" end time: Sep 04 17:18 CST
"filter_simple_negative_list_only" time elapsed: 00:00:00
----------------------------------------------------------

7/68 Testing: filter_suffix_list_only
7/68 Test: filter_suffix_list_only
Command: "/home/glf/MPRPC/build/_deps/googlebenchmark-build/test/filter_test" "--benchmark_list_tests" "--benchmark_filter=BM_.*" "4"
Directory: /home/glf/MPRPC/build/_deps/googlebenchmark-build/test
"filter_suffix_list_only" start time: Sep 04 17:18 CST
Output:
----------------------------------------------------------
BM_Foo
BM_Bar
BM_FooBar
BM_FooBa
<end of output>
Test time =   0.01 sec
----------------------------------------------------------
Test Passed.
"filter_suffix_list_only" end time: Sep 04 17:18 CST
"filter_suffix_list_only" time elapsed: 00:00:00
----------------------------------------------------------

25/68 Testing: filter_regex_wildcard_negative_list_only
25/68 Test: filter_regex_wildcard_negative_list_only
Command: "/home/glf/MPRPC/build/_deps/googlebenchmark-build/test/filter_test" "--benchmark_list_tests" "--benchmark_filter=-.*Foo.*" "2"
Directory: /home/glf/MPRPC/build/_deps/googlebenchmark-build/test
"filter_regex_wildcard_negative_list_only" start time: Sep 04 17:18 CST
Output:
----------------------------------------------------------
NoPrefix
BM_Bar
<end of output>
Test time =   0.01 sec
----------------------------------------------------------
Test Passed.
"filter_regex_wildcard_negative_list_only" end time: Sep 04 17:18 CST
"filter_regex_wildcard_negative_list_only" time elapsed: 00:00:00
----------------------------------------------------------

17/68 Testing: filter_regex_blank_negative_list_only
17/68 Test: filter_regex_blank_negative_list_only
Command: "/home/glf/MPRPC/build/_deps/googlebenchmark-build/test/filter_test" "--benchmark_list_tests" "--benchmark_filter=-" "0"
Directory: /home/glf/MPRPC/build/_deps/googlebenchmark-build/test
"filter_regex_blank_negative_list_only" start time: Sep 04 17:18 CST
Output:
----------------------------------------------------------
Failed to match any benchmarks against regex: -
<end of output>
Test time =   0.01 sec
----------------------------------------------------------
Test Passed.
"filter_regex_blank_negative_list_only" end time: Sep 04 17:18 CST
"filter_regex_blank_negative_list_only" time elapsed: 00:00:00
----------------------------------------------------------

15/68 Testing: filter_regex_blank_list_only
15/68 Test: filter_regex_blank_list_only
Command: "/home/glf/MPRPC/build/_deps/googlebenchmark-build/test/filter_test" "--benchmark_list_tests" "--benchmark_filter=" "5"
Directory: /home/glf/MPRPC/build/_deps/googlebenchmark-build/test
"filter_regex_blank_list_only" start time: Sep 04 17:18 CST
Output:
----------------------------------------------------------
NoPrefix
BM_Foo
BM_Bar
BM_FooBar
BM_FooBa
<end of output>
Test time =   0.02 sec
----------------------------------------------------------
Test Passed.
"filter_regex_blank_list_only" end time: Sep 04 17:18 CST
"filter_regex_blank_list_only" time elapsed: 00:00:00
----------------------------------------------------------

23/68 Testing: filter_regex_wildcard_list_only
23/68 Test: filter_regex_wildcard_list_only
Command: "/home/glf/MPRPC/build/_deps/googlebenchmark-build/test/filter_test" "--benchmark_list_tests" "--benchmark_filter=.*Foo.*" "3"
Directory: /home/glf/MPRPC/build/_deps/googlebenchmark-build/test
"filter_regex_wildcard_list_only" start time: Sep 04 17:18 CST
Output:
----------------------------------------------------------
BM_Foo
BM_FooBar
BM_FooBa
<end of output>
Test time =   0.02 sec
----------------------------------------------------------
Test Passed.
"filter_regex_wildcard_list_only" end time: Sep 04 17:18 CST
"filter_regex_wildcard_list_only" time elapsed: 00:00:00
----------------------------------------------------------

11/68 Testing: filter_regex_all_list_only
11/68 Test: filter_regex_all_list_only
Command: "/home/glf/MPRPC/build/_deps/googlebenchmark-build/test/filter_test" "--benchmark_list_tests" "--benchmark_filter=.*" "5"
Directory: /home/glf/MPRPC/build/_deps/googlebenchmark-build/test
"filter_regex_all_list_only" start time: Sep 04 17:18 CST
Output:
----------------------------------------------------------
NoPrefix
BM_Foo
BM_Bar
BM_FooBar
BM_FooBa
<end of output>
Test time =   0.01 sec
----------------------------------------------------------
Test Passed.
"filter_regex_all_list_only" end time: Sep 04 17:18 CST
"filter_regex_all_list_only" time elapsed: 00:00:00
----------------------------------------------------------

21/68 Testing: filter_regex_none_negative_list_only
21/68 Test: filter_regex_none_negative_list_only
Command: "/home/glf/MPRPC/build/_deps/googlebenchmark-build/test/filter_test" "--benchmark_list_tests" "--benchmark_filter=-monkey" "5"
Directory: /home/glf/MPRPC/build/_deps/googlebenchmark-build/test
"filter_regex_none_negative_list_only" start time: Sep 04 17:18 CST
Output:
----------------------------------------------------------
NoPrefix
BM_Foo
BM_Bar
BM_FooBar
BM_FooBa
<end of output>
Test time =   0.02 sec
----------------------------------------------------------
Test Passed.
"filter_regex_none_negative_list_only" end time: Sep 04 17:18 CST
"filter_regex_none_negative_list_only" time elapsed: 00:00:00
----------------------------------------------------------

9/68 Testing: filter_suffix_negative_list_only
9/68 Test: filter_suffix_negative_list_only
Command: "/home/glf/MPRPC/build/_deps/googlebenchmark-build/test/filter_test" "--benchmark_list_tests" "--benchmark_filter=-BM_.*" "1"
Directory: /home/glf/MPRPC/build/_deps/googlebenchmark-build/test
"filter_suffix_negative_list_only" start time: Sep 04 17:18 CST
Output:
----------------------------------------------------------
NoPrefix
<end of output>
Test time =   0.01 sec
----------------------------------------------------------
Test Passed.
"filter_suffix_negative_list_only" end time: Sep 04 17:18 CST
"filter_suffix_negative_list_only" time elapsed: 00:00:00
----------------------------------------------------------

3/68 Testing: filter_simple_list_only
3/68 Test: filter_simple_list_only
Command: "/home/glf/MPRPC/build/_deps/googlebenchmark-build/test/filter_test" "--benchmark_list_tests" "--benchmark_filter=Foo" "3"
Directory: /home/glf/MPRPC/build/_deps/googlebenchmark-build/test
"filter_simple_list_only" start time: Sep 04 17:18 CST
Output:
----------------------------------------------------------
BM_Foo
BM_FooBar
BM_FooBa
<end of output>
Test time =   0.02 sec
----------------------------------------------------------
Test Passed.
"filter_simple_list_only" end time: Sep 04 17:18 CST
"filter_simple_list_only" time elapsed: 00:00:00
----------------------------------------------------------

35/68 Testing: filter_regex_end_list_only
35/68 Test: filter_regex_end_list_only
Command: "/home/glf/MPRPC/build/_deps/googlebenchmark-build/test/filter_test" "--benchmark_list_tests" "--benchmark_filter=.*Ba$" "1"
Directory: /home/glf/MPRPC/build/_deps/googlebenchmark-build/test
"filter_regex_end_list_only" start time: Sep 04 17:18 CST
Output:
----------------------------------------------------------
BM_FooBa
<end of output>
Test time =   0.01 sec
----------------------------------------------------------
Test Passed.
"filter_regex_end_list_only" end time: Sep 04 17:18 CST
"filter_regex_end_list_only" time elapsed: 00:00:00
----------------------------------------------------------

19/68 Testing: filter_regex_none_list_only
19/68 Test: filter_regex_none_list_only
Command: "/home/glf/MPRPC/build/_deps/googlebenchmark-build/test/filter_test" "--benchmark_list_tests" "--benchmark_filter=monkey" "0"
Directory: /home/glf/MPRPC/build/_deps/googlebenchmark-build/test
"filter_regex_none_list_only" start time: Sep 04 17:18 CST
Output:
----------------------------------------------------------
Failed to match any benchmarks against regex: monkey
<end of output>
Test time =   0.01 sec
----------------------------------------------------------
Test Passed.
"filter_regex_none_list_only" end time: Sep 04 17:18 CST
"filter_regex_none_list_only" time elapsed: 00:00:00
----------------------------------------------------------

End testing: Sep 04 17:18 CST
