<?xml version="1.0" encoding="UTF-8"?>
<Site BuildName="(empty)"
	BuildStamp="20250902-0423-Experimental"
	Name="(empty)"
	Generator="ctest-2.8.12.2"
	CompilerName=""
	OSName="Linux"
	Hostname="localhost.localdomain"
	OSRelease="3.10.0-1160.119.1.el7.x86_64"
	OSVersion="#1 SMP Tue Jun 4 14:43:51 UTC 2024"
	OSPlatform="x86_64"
	Is64Bits="1"
	VendorString="GenuineIntel"
	VendorID="Intel Corporation"
	FamilyID="6"
	ModelID="154"
	ProcessorCacheSize="24576"
	NumberOfLogicalCPU="2"
	NumberOfPhysicalCPU="3"
	TotalVirtualMemory="2047"
	TotalPhysicalMemory="2827"
	LogicalProcessorsPerPhysical="0"
	ProcessorClockFrequency="2688"
>
<Testing>
	<StartDateTime>Sep 02 18:30 CST</StartDateTime>
	<StartTestTime>1756809022</StartTestTime>
	<TestList>
		<Test>./test/benchmark/benchmark_tests</Test>
		<Test>./_deps/googlebenchmark-build/test/complexity_benchmark</Test>
		<Test>./_deps/googlebenchmark-build/test/user_counters_tabular_test</Test>
		<Test>./_deps/googlebenchmark-build/test/options_benchmarks</Test>
		<Test>./_deps/googlebenchmark-build/test/user_counters_test</Test>
		<Test>./_deps/googlebenchmark-build/test/basic_benchmark</Test>
		<Test>./_deps/googlebenchmark-build/test/internal_threading_test</Test>
		<Test>./_deps/googlebenchmark-build/test/skip_with_error_test</Test>
		<Test>./_deps/googlebenchmark-build/test/multiple_ranges_test</Test>
		<Test>./_deps/googlebenchmark-build/test/map_test</Test>
		<Test>./_deps/googlebenchmark-build/test/args_product_test</Test>
		<Test>./_deps/googlebenchmark-build/test/reporter_output_test</Test>
		<Test>./_deps/googlebenchmark-build/test/cxx03</Test>
		<Test>./_deps/googlebenchmark-build/test/register_benchmark_test</Test>
		<Test>./test/unit/LockQueueTest.Performance</Test>
		<Test>./test/unit/LockQueueTest.MultiConsumer</Test>
		<Test>./test/unit/LockQueueTest.ThreadSafety</Test>
		<Test>./test/unit/LockQueueTest.MultiProducerSingleConsumer</Test>
		<Test>./_deps/googlebenchmark-build/test/user_counters_thousands_test</Test>
		<Test>./_deps/googlebenchmark-build/test/benchmark</Test>
		<Test>./_deps/googlebenchmark-build/test/filter_regex_all</Test>
		<Test>./_deps/googlebenchmark-build/test/filter_regex_none_negative</Test>
		<Test>./_deps/googlebenchmark-build/test/filter_regex_end_negative</Test>
		<Test>./_deps/googlebenchmark-build/test/filter_regex_blank</Test>
		<Test>./_deps/googlebenchmark-build/test/fixture_test</Test>
		<Test>./_deps/googlebenchmark-build/test/filter_regex_begin</Test>
		<Test>./_deps/googlebenchmark-build/test/display_aggregates_only_test</Test>
		<Test>./test/unit/LockQueueTest.SingleThread</Test>
		<Test>./_deps/googlebenchmark-build/test/filter_regex_begin2_negative</Test>
		<Test>./_deps/googlebenchmark-build/test/report_aggregates_only_test</Test>
		<Test>./_deps/googlebenchmark-build/test/filter_simple</Test>
		<Test>./_deps/googlebenchmark-build/test/filter_regex_wildcard</Test>
		<Test>./_deps/googlebenchmark-build/test/templated_fixture_test</Test>
		<Test>./_deps/googlebenchmark-build/test/filter_simple_negative</Test>
		<Test>./_deps/googlebenchmark-build/test/diagnostics_test</Test>
		<Test>./_deps/googlebenchmark-build/test/filter_suffix</Test>
		<Test>./_deps/googlebenchmark-build/test/filter_regex_wildcard_negative</Test>
		<Test>./_deps/googlebenchmark-build/test/perf_counters_gtest</Test>
		<Test>./_deps/googlebenchmark-build/test/memory_manager_test</Test>
		<Test>./_deps/googlebenchmark-build/test/benchmark_random_interleaving_gtest</Test>
		<Test>./_deps/googlebenchmark-build/test/filter_suffix_negative</Test>
		<Test>./_deps/googlebenchmark-build/test/filter_regex_all_negative</Test>
		<Test>./_deps/googlebenchmark-build/test/filter_regex_end</Test>
		<Test>./_deps/googlebenchmark-build/test/link_main_test</Test>
		<Test>./_deps/googlebenchmark-build/test/filter_regex_none</Test>
		<Test>./_deps/googlebenchmark-build/test/filter_regex_begin2_list_only</Test>
		<Test>./_deps/googlebenchmark-build/test/commandlineflags_gtest</Test>
		<Test>./_deps/googlebenchmark-build/test/string_util_gtest</Test>
		<Test>./_deps/googlebenchmark-build/test/filter_regex_begin2</Test>
		<Test>./_deps/googlebenchmark-build/test/filter_regex_all_negative_list_only</Test>
		<Test>./_deps/googlebenchmark-build/test/benchmark_name_gtest</Test>
		<Test>./_deps/googlebenchmark-build/test/filter_regex_begin_negative</Test>
		<Test>./_deps/googlebenchmark-build/test/filter_regex_begin2_negative_list_only</Test>
		<Test>./_deps/googlebenchmark-build/test/filter_regex_end_negative_list_only</Test>
		<Test>./_deps/googlebenchmark-build/test/donotoptimize_test</Test>
		<Test>./_deps/googlebenchmark-build/test/filter_regex_blank_list_only</Test>
		<Test>./_deps/googlebenchmark-build/test/benchmark_gtest</Test>
		<Test>./_deps/googlebenchmark-build/test/statistics_gtest</Test>
		<Test>./_deps/googlebenchmark-build/test/filter_regex_blank_negative</Test>
		<Test>./_deps/googlebenchmark-build/test/filter_regex_begin_list_only</Test>
		<Test>./_deps/googlebenchmark-build/test/filter_simple_negative_list_only</Test>
		<Test>./_deps/googlebenchmark-build/test/perf_counters_test</Test>
		<Test>./_deps/googlebenchmark-build/test/filter_suffix_list_only</Test>
		<Test>./_deps/googlebenchmark-build/test/filter_regex_wildcard_negative_list_only</Test>
		<Test>./_deps/googlebenchmark-build/test/filter_regex_wildcard_list_only</Test>
		<Test>./_deps/googlebenchmark-build/test/filter_regex_none_negative_list_only</Test>
		<Test>./_deps/googlebenchmark-build/test/filter_regex_begin_negative_list_only</Test>
		<Test>./_deps/googlebenchmark-build/test/filter_regex_blank_negative_list_only</Test>
		<Test>./_deps/googlebenchmark-build/test/filter_regex_all_list_only</Test>
		<Test>./_deps/googlebenchmark-build/test/filter_suffix_negative_list_only</Test>
		<Test>./_deps/googlebenchmark-build/test/filter_simple_list_only</Test>
		<Test>./_deps/googlebenchmark-build/test/filter_regex_end_list_only</Test>
		<Test>./_deps/googlebenchmark-build/test/filter_regex_none_list_only</Test>
	</TestList>
	<Test Status="failed">
		<Name>benchmark_tests</Name>
		<Path>./test/benchmark</Path>
		<FullName>./test/benchmark/benchmark_tests</FullName>
		<FullCommandLine>/home/glf/MPRPC/bin/benchmark_tests</FullCommandLine>
		<Results>
			<NamedMeasurement type="text/string" name="Exit Code"><Value>Failed</Value></NamedMeasurement>
			<NamedMeasurement type="text/string" name="Exit Value"><Value>1</Value></NamedMeasurement>
			<NamedMeasurement type="numeric/double" name="Execution Time"><Value>3.8097</Value></NamedMeasurement>
			<NamedMeasurement type="text/string" name="Completion Status"><Value>Completed</Value></NamedMeasurement>
			<NamedMeasurement type="text/string" name="Command Line"><Value>/home/glf/MPRPC/bin/benchmark_tests</Value></NamedMeasurement>
			<Measurement>
				<Value>2025-09-02T18:30:22+08:00
Running /home/glf/MPRPC/bin/benchmark_tests
Run on (2 X 2688 MHz CPU s)
CPU Caches:
  L1 Data 48 KiB (x2)
  L1 Instruction 32 KiB (x2)
  L2 Unified 1280 KiB (x2)
  L3 Unified 24576 KiB (x2)
Load Average: 0.54, 0.57, 0.79
***WARNING*** Library was built as DEBUG. Timings may be affected.
------------------------------------------------------------------
Benchmark                        Time             CPU   Iterations
------------------------------------------------------------------
BM_LockQueue_Push              124 ns         79.9 ns      7731177
BM_LockQueue_Pop               374 ns          165 ns      5735626
format: command -i &lt;configfile&gt;
</Value>
			</Measurement>
		</Results>
	</Test>
	<Test Status="passed">
		<Name>complexity_benchmark</Name>
		<Path>./_deps/googlebenchmark-build/test</Path>
		<FullName>./_deps/googlebenchmark-build/test/complexity_benchmark</FullName>
		<FullCommandLine>/home/glf/MPRPC/build/_deps/googlebenchmark-build/test/complexity_test &quot;--benchmark_min_time=0.01&quot;</FullCommandLine>
		<Results>
			<NamedMeasurement type="numeric/double" name="Execution Time"><Value>4.97987</Value></NamedMeasurement>
			<NamedMeasurement type="text/string" name="Completion Status"><Value>Completed</Value></NamedMeasurement>
			<NamedMeasurement type="text/string" name="Command Line"><Value>/home/glf/MPRPC/build/_deps/googlebenchmark-build/test/complexity_test &quot;--benchmark_min_time=0.01&quot;</Value></NamedMeasurement>
			<Measurement>
				<Value>Running benchmarks...
-------------------------------
Testing ConsoleReporter Output
-------------------------------
------------------------------------------------------------------------------------
Benchmark                                          Time             CPU   Iterations
------------------------------------------------------------------------------------
BM_Complexity_O1/1                              5685 ns         1396 ns         9182
BM_Complexity_O1/8                              6117 ns         1417 ns         8225
BM_Complexity_O1/64                             3447 ns         1415 ns         8613
BM_Complexity_O1/512                            2852 ns         1348 ns         8239
BM_Complexity_O1/4096                           5059 ns         1682 ns         8665
BM_Complexity_O1/32768                          2646 ns         1022 ns        10000
BM_Complexity_O1/262144                         5234 ns         1557 ns        10000
BM_Complexity_O1_BigO                        4434.42 (1) ...
The rest of the test output was removed since it exceeds the threshold of 1024 bytes.
</Value>
			</Measurement>
		</Results>
	</Test>
	<Test Status="passed">
		<Name>user_counters_tabular_test</Name>
		<Path>./_deps/googlebenchmark-build/test</Path>
		<FullName>./_deps/googlebenchmark-build/test/user_counters_tabular_test</FullName>
		<FullCommandLine>/home/glf/MPRPC/build/_deps/googlebenchmark-build/test/user_counters_tabular_test &quot;--benchmark_counters_tabular=true&quot; &quot;--benchmark_min_time=0.01&quot;</FullCommandLine>
		<Results>
			<NamedMeasurement type="numeric/double" name="Execution Time"><Value>9.18688</Value></NamedMeasurement>
			<NamedMeasurement type="text/string" name="Completion Status"><Value>Completed</Value></NamedMeasurement>
			<NamedMeasurement type="text/string" name="Command Line"><Value>/home/glf/MPRPC/build/_deps/googlebenchmark-build/test/user_counters_tabular_test &quot;--benchmark_counters_tabular=true&quot; &quot;--benchmark_min_time=0.01&quot;</Value></NamedMeasurement>
			<Measurement>
				<Value>Running benchmarks...
-------------------------------
Testing ConsoleReporter Output
-------------------------------
-----------------------------------------------------------------------------------------------------------------------------------------------
Benchmark                                   Time             CPU   Iterations        Bar        Bat        Baz        Foo       Frob        Lob
-----------------------------------------------------------------------------------------------------------------------------------------------
BM_Counters_Tabular/threads:1            3.85 ns         1.91 ns     12556166          2          8          4          1         16         32
BM_Counters_Tabular/threads:2            1.03 ns         1.90 ns      8779322          2          8          4          1         16         32
BM_Counters_Tabular/threads:4           0.491 ns         1.80 ns      6179888          2          8          4          1         16         32
2025-09-02T18:30:22+08:00
Running /home/glf...
The rest of the test output was removed since it exceeds the threshold of 1024 bytes.
</Value>
			</Measurement>
		</Results>
	</Test>
	<Test Status="passed">
		<Name>options_benchmarks</Name>
		<Path>./_deps/googlebenchmark-build/test</Path>
		<FullName>./_deps/googlebenchmark-build/test/options_benchmarks</FullName>
		<FullCommandLine>/home/glf/MPRPC/build/_deps/googlebenchmark-build/test/options_test &quot;--benchmark_min_time=0.01&quot;</FullCommandLine>
		<Results>
			<NamedMeasurement type="numeric/double" name="Execution Time"><Value>11.529</Value></NamedMeasurement>
			<NamedMeasurement type="text/string" name="Completion Status"><Value>Completed</Value></NamedMeasurement>
			<NamedMeasurement type="text/string" name="Command Line"><Value>/home/glf/MPRPC/build/_deps/googlebenchmark-build/test/options_test &quot;--benchmark_min_time=0.01&quot;</Value></NamedMeasurement>
			<Measurement>
				<Value>-------------------------------------------------------------------------------------------
Benchmark                                                 Time             CPU   Iterations
-------------------------------------------------------------------------------------------
BM_basic                                               5.66 ns         1.61 ns      8165360
BM_basic/42                                            5.21 ns         2.18 ns      6942950
BM_basic_slow/10                                   58350637 ns        34901 ns            1
2025-09-02T18:30:22+08:00
Running /home/glf/MPRPC/build/_deps/googlebenchmark-build/test/options_test
Run on (2 X 2688 MHz CPU s)
CPU Caches:
  L1 Data 48 KiB (x2)
  L1 Instruction 32 KiB (x2)
  L2 Unified 1280 KiB (x2)
  L3 Unified 24576 KiB (x2)
Load Average: 0.54, 0.57, 0.79
***WARNING*** Library was built as DEBUG. Timings may be affected.
BM_basic_slow/100                                    101561 us         21.0 us            1
BM_basic_slow/1000                ...
The rest of the test output was removed since it exceeds the threshold of 1024 bytes.
</Value>
			</Measurement>
		</Results>
	</Test>
	<Test Status="passed">
		<Name>user_counters_test</Name>
		<Path>./_deps/googlebenchmark-build/test</Path>
		<FullName>./_deps/googlebenchmark-build/test/user_counters_test</FullName>
		<FullCommandLine>/home/glf/MPRPC/build/_deps/googlebenchmark-build/test/user_counters_test &quot;--benchmark_min_time=0.01&quot;</FullCommandLine>
		<Results>
			<NamedMeasurement type="numeric/double" name="Execution Time"><Value>5.20459</Value></NamedMeasurement>
			<NamedMeasurement type="text/string" name="Completion Status"><Value>Completed</Value></NamedMeasurement>
			<NamedMeasurement type="text/string" name="Command Line"><Value>/home/glf/MPRPC/build/_deps/googlebenchmark-build/test/user_counters_test &quot;--benchmark_min_time=0.01&quot;</Value></NamedMeasurement>
			<Measurement>
				<Value>Running benchmarks...
-------------------------------
Testing ConsoleReporter Output
-------------------------------
------------------------------------------------------------------------------------------------
Benchmark                                      Time             CPU   Iterations UserCounters...
------------------------------------------------------------------------------------------------
BM_Counters_Simple                          11.8 ns         2.26 ns     11365481 bar=22.731M foo=1
BM_Counters_WithBytesAndItemsPSec           28.3 ns         5.91 ns      2193947 bar=8 bytes_per_second=27.4138k/s foo=1 items_per_second=11.568k/s
BM_Counters_Rate                            15.7 ns         4.63 ns      4522123 bar=95.5571/s foo=47.7786/s
BM_Invert                                   15.1 ns         3.90 ns      4275218 bar=100u foo=10k
BM_Counters_InvertedRate                    14.9 ns         5.53 ns      2476303 bar=1.67093us foo=0.0136883s
2025-09-02T18:30:32+08:00
Running /home/glf/MPRPC/bu...
The rest of the test output was removed since it exceeds the threshold of 1024 bytes.
</Value>
			</Measurement>
		</Results>
	</Test>
	<Test Status="passed">
		<Name>basic_benchmark</Name>
		<Path>./_deps/googlebenchmark-build/test</Path>
		<FullName>./_deps/googlebenchmark-build/test/basic_benchmark</FullName>
		<FullCommandLine>/home/glf/MPRPC/build/_deps/googlebenchmark-build/test/basic_test &quot;--benchmark_min_time=0.01&quot;</FullCommandLine>
		<Results>
			<NamedMeasurement type="numeric/double" name="Execution Time"><Value>6.13973</Value></NamedMeasurement>
			<NamedMeasurement type="text/string" name="Completion Status"><Value>Completed</Value></NamedMeasurement>
			<NamedMeasurement type="text/string" name="Command Line"><Value>/home/glf/MPRPC/build/_deps/googlebenchmark-build/test/basic_test &quot;--benchmark_min_time=0.01&quot;</Value></NamedMeasurement>
			<Measurement>
				<Value>----------------------------------------------------------------------------------------
Benchmark                                              Time             CPU   Iterations
----------------------------------------------------------------------------------------
BM_empty                                            18.8 ns         10.5 ns      1000000
BM_empty/threads:2                                  2.36 ns         4.35 ns      3415880
BM_spin_empty/8                                      378 ns         76.6 ns       163962
2025-09-02T18:30:30+08:00
Running /home/glf/MPRPC/build/_deps/googlebenchmark-build/test/basic_test
Run on (2 X 2688 MHz CPU s)
CPU Caches:
  L1 Data 48 KiB (x2)
  L1 Instruction 32 KiB (x2)
  L2 Unified 1280 KiB (x2)
  L3 Unified 24576 KiB (x2)
Load Average: 2.54, 1.00, 0.93
***WARNING*** Library was built as DEBUG. Timings may be affected.
BM_spin_empty/512                                  20325 ns         4493 ns         4164
BM_spin_empty/8192                                230831 ...
The rest of the test output was removed since it exceeds the threshold of 1024 bytes.
</Value>
			</Measurement>
		</Results>
	</Test>
	<Test Status="passed">
		<Name>internal_threading_test</Name>
		<Path>./_deps/googlebenchmark-build/test</Path>
		<FullName>./_deps/googlebenchmark-build/test/internal_threading_test</FullName>
		<FullCommandLine>/home/glf/MPRPC/build/_deps/googlebenchmark-build/test/internal_threading_test &quot;--benchmark_min_time=0.01&quot;</FullCommandLine>
		<Results>
			<NamedMeasurement type="numeric/double" name="Execution Time"><Value>4.51368</Value></NamedMeasurement>
			<NamedMeasurement type="text/string" name="Completion Status"><Value>Completed</Value></NamedMeasurement>
			<NamedMeasurement type="text/string" name="Command Line"><Value>/home/glf/MPRPC/build/_deps/googlebenchmark-build/test/internal_threading_test &quot;--benchmark_min_time=0.01&quot;</Value></NamedMeasurement>
			<Measurement>
				<Value>Running benchmarks...
-------------------------------
Testing ConsoleReporter Output
-------------------------------
---------------------------------------------------------------------------------------------------------------------------------------
Benchmark                                                                             Time             CPU   Iterations UserCounters...
---------------------------------------------------------------------------------------------------------------------------------------
BM_MainThread/iterations:1/threads:1                                          122120620 ns     14706533 ns            1 invtime=67.997/s
BM_MainThread/iterations:1/real_time/threads:1                                 51752871 ns     10460448 ns            1 invtime=19.3226/s
BM_MainThread/iterations:1/manual_time/threads:1                               50000000 ns     19292476 ns            1 invtime=20/s
2025-09-02T18:30:33+08:00
Running /home/glf/MPRPC/build/_deps/googlebenchmark-build/test/in...
The rest of the test output was removed since it exceeds the threshold of 1024 bytes.
</Value>
			</Measurement>
		</Results>
	</Test>
	<Test Status="passed">
		<Name>skip_with_error_test</Name>
		<Path>./_deps/googlebenchmark-build/test</Path>
		<FullName>./_deps/googlebenchmark-build/test/skip_with_error_test</FullName>
		<FullCommandLine>/home/glf/MPRPC/build/_deps/googlebenchmark-build/test/skip_with_error_test &quot;--benchmark_min_time=0.01&quot;</FullCommandLine>
		<Results>
			<NamedMeasurement type="numeric/double" name="Execution Time"><Value>2.91245</Value></NamedMeasurement>
			<NamedMeasurement type="text/string" name="Completion Status"><Value>Completed</Value></NamedMeasurement>
			<NamedMeasurement type="text/string" name="Command Line"><Value>/home/glf/MPRPC/build/_deps/googlebenchmark-build/test/skip_with_error_test &quot;--benchmark_min_time=0.01&quot;</Value></NamedMeasurement>
			<Measurement>
				<Value>--------------------------------------------------------------------------------------------
Benchmark                                                  Time             CPU   Iterations
--------------------------------------------------------------------------------------------
[NON-XML-CHAR-0x1B][0;32mBM_error_no_running                               [NON-XML-CHAR-0x1B][m[NON-XML-CHAR-0x1B][0;31mERROR OCCURRED: &apos;error message&apos;[NON-XML-CHAR-0x1B][m
[NON-XML-CHAR-0x1B][m[NON-XML-CHAR-0x1B][0;32mBM_error_before_running                           [NON-XML-CHAR-0x1B][m[NON-XML-CHAR-0x1B][0;31mERROR OCCURRED: &apos;error message&apos;[NON-XML-CHAR-0x1B][m
[NON-XML-CHAR-0x1B][m[NON-XML-CHAR-0x1B][0;32mBM_error_before_running_batch                     [NON-XML-CHAR-0x1B][m[NON-XML-CHAR-0x1B][0;31mERROR OCCURRED: &apos;error message&apos;[NON-XML-CHAR-0x1B][m
[NON-XML-CHAR-0x1B][m[NON-XML-CHAR-0x1B][0;32mBM_error_before_running_range_for                 [NON-XML-CHAR-0x1B][m[NON-XML-CHAR-0x1B][0;31mERROR OCCURRED: &apos;error message&apos;[NON-XML-CHAR-0x1B][m
[NON-XML-CHAR-0x1B][m[NON-XML-CHAR-0x1B][0;32mBM_error_during_running/1/threads:1               [NON-XML-CHAR-0x1B][m[NON-XML-CHAR-0x1B][0;31mERROR OCCURRED: &apos;error message&apos;[NON-XML-CHAR-0x1B][m
2025-09-02T18:30:37+08:00
Running /home/glf/MPRPC/build/_deps/googlebenchmark-build/test/skip_with_error_test
Run on (2 X 2688 MHz CPU s)
CPU Caches:
  L1 Data 48 KiB (x2)
  L1 Instruction 32 KiB (x2)
  L2 Unified 1280 KiB ...
The rest of the test output was removed since it exceeds the threshold of 1024 bytes.
</Value>
			</Measurement>
		</Results>
	</Test>
	<Test Status="passed">
		<Name>multiple_ranges_test</Name>
		<Path>./_deps/googlebenchmark-build/test</Path>
		<FullName>./_deps/googlebenchmark-build/test/multiple_ranges_test</FullName>
		<FullCommandLine>/home/glf/MPRPC/build/_deps/googlebenchmark-build/test/multiple_ranges_test &quot;--benchmark_min_time=0.01&quot;</FullCommandLine>
		<Results>
			<NamedMeasurement type="numeric/double" name="Execution Time"><Value>2.34536</Value></NamedMeasurement>
			<NamedMeasurement type="text/string" name="Completion Status"><Value>Completed</Value></NamedMeasurement>
			<NamedMeasurement type="text/string" name="Command Line"><Value>/home/glf/MPRPC/build/_deps/googlebenchmark-build/test/multiple_ranges_test &quot;--benchmark_min_time=0.01&quot;</Value></NamedMeasurement>
			<Measurement>
				<Value>-----------------------------------------------------------------------------
Benchmark                                   Time             CPU   Iterations
-----------------------------------------------------------------------------
MultipleRangesFixture/Empty/1/3/5         362 ns          102 ns       100000
MultipleRangesFixture/Empty/2/3/5         512 ns          197 ns        80374
MultipleRangesFixture/Empty/1/4/5         274 ns         80.6 ns       196737
MultipleRangesFixture/Empty/2/4/5         479 ns          223 ns        53465
MultipleRangesFixture/Empty/1/7/5         317 ns          113 ns       120383
2025-09-02T18:30:38+08:00
Running /home/glf/MPRPC/build/_deps/googlebenchmark-build/test/multiple_ranges_test
Run on (2 X 2688 MHz CPU s)
CPU Caches:
  L1 Data 48 KiB (x2)
  L1 Instruction 32 KiB (x2)
  L2 Unified 1280 KiB (x2)
  L3 Unified 24576 KiB (x2)
Load Average: 3.30, 1.18, 0.99
***WARNING*** Library was built as DEBUG. Timings may be affected.
MultipleRangesFixture/Empty/2/7/5         843 ...
The rest of the test output was removed since it exceeds the threshold of 1024 bytes.
</Value>
			</Measurement>
		</Results>
	</Test>
	<Test Status="passed">
		<Name>map_test</Name>
		<Path>./_deps/googlebenchmark-build/test</Path>
		<FullName>./_deps/googlebenchmark-build/test/map_test</FullName>
		<FullCommandLine>/home/glf/MPRPC/build/_deps/googlebenchmark-build/test/map_test &quot;--benchmark_min_time=0.01&quot;</FullCommandLine>
		<Results>
			<NamedMeasurement type="numeric/double" name="Execution Time"><Value>1.13146</Value></NamedMeasurement>
			<NamedMeasurement type="text/string" name="Completion Status"><Value>Completed</Value></NamedMeasurement>
			<NamedMeasurement type="text/string" name="Command Line"><Value>/home/glf/MPRPC/build/_deps/googlebenchmark-build/test/map_test &quot;--benchmark_min_time=0.01&quot;</Value></NamedMeasurement>
			<Measurement>
				<Value>---------------------------------------------------------------------------------
Benchmark                       Time             CPU   Iterations UserCounters...
---------------------------------------------------------------------------------
BM_MapLookup/8              18165 ns         4081 ns         3989 items_per_second=1.96019M/s
2025-09-02T18:30:40+08:00
Running /home/glf/MPRPC/build/_deps/googlebenchmark-build/test/map_test
Run on (2 X 2688 MHz CPU s)
CPU Caches:
  L1 Data 48 KiB (x2)
  L1 Instruction 32 KiB (x2)
  L2 Unified 1280 KiB (x2)
  L3 Unified 24576 KiB (x2)
Load Average: 4.47, 1.46, 1.08
***WARNING*** Library was built as DEBUG. Timings may be affected.
BM_MapLookup/64             46622 ns        18310 ns          896 items_per_second=3.49544M/s
BM_MapLookup/512          1247215 ns       162228 ns           84 items_per_second=3.15606M/s
BM_MapLookup/4096         4539412 ns      1892843 ns            6 items_per_second=2.16394M/s
MapFixture/Lookup/8          7491 ns         1605 ns        ...
The rest of the test output was removed since it exceeds the threshold of 1024 bytes.
</Value>
			</Measurement>
		</Results>
	</Test>
	<Test Status="passed">
		<Name>args_product_test</Name>
		<Path>./_deps/googlebenchmark-build/test</Path>
		<FullName>./_deps/googlebenchmark-build/test/args_product_test</FullName>
		<FullCommandLine>/home/glf/MPRPC/build/_deps/googlebenchmark-build/test/args_product_test &quot;--benchmark_min_time=0.01&quot;</FullCommandLine>
		<Results>
			<NamedMeasurement type="numeric/double" name="Execution Time"><Value>1.51645</Value></NamedMeasurement>
			<NamedMeasurement type="text/string" name="Completion Status"><Value>Completed</Value></NamedMeasurement>
			<NamedMeasurement type="text/string" name="Command Line"><Value>/home/glf/MPRPC/build/_deps/googlebenchmark-build/test/args_product_test &quot;--benchmark_min_time=0.01&quot;</Value></NamedMeasurement>
			<Measurement>
				<Value>------------------------------------------------------------------------------------
Benchmark                                          Time             CPU   Iterations
------------------------------------------------------------------------------------
ArgsProductFixture/Empty/0/100/2000/30000       79.3 ns         27.7 ns       617070
2025-09-02T18:30:40+08:00
Running /home/glf/MPRPC/build/_deps/googlebenchmark-build/test/args_product_test
Run on (2 X 2688 MHz CPU s)
CPU Caches:
  L1 Data 48 KiB (x2)
  L1 Instruction 32 KiB (x2)
  L2 Unified 1280 KiB (x2)
  L3 Unified 24576 KiB (x2)
Load Average: 4.47, 1.46, 1.08
***WARNING*** Library was built as DEBUG. Timings may be affected.
ArgsProductFixture/Empty/1/15/3/8               3513 ns          600 ns        46380
ArgsProductFixture/Empty/2/15/3/8               6210 ns         1186 ns        10158
ArgsProductFixture/Empty/1/15/7/8               7301 ns         1158 ns         8660
ArgsProductFixture/Empty/2/15/7/8              14467 ns         2356 ns       ...
The rest of the test output was removed since it exceeds the threshold of 1024 bytes.
</Value>
			</Measurement>
		</Results>
	</Test>
	<Test Status="passed">
		<Name>reporter_output_test</Name>
		<Path>./_deps/googlebenchmark-build/test</Path>
		<FullName>./_deps/googlebenchmark-build/test/reporter_output_test</FullName>
		<FullCommandLine>/home/glf/MPRPC/build/_deps/googlebenchmark-build/test/reporter_output_test &quot;--benchmark_min_time=0.01&quot;</FullCommandLine>
		<Results>
			<NamedMeasurement type="numeric/double" name="Execution Time"><Value>5.01923</Value></NamedMeasurement>
			<NamedMeasurement type="text/string" name="Completion Status"><Value>Completed</Value></NamedMeasurement>
			<NamedMeasurement type="text/string" name="Command Line"><Value>/home/glf/MPRPC/build/_deps/googlebenchmark-build/test/reporter_output_test &quot;--benchmark_min_time=0.01&quot;</Value></NamedMeasurement>
			<Measurement>
				<Value>Running benchmarks...
-------------------------------
Testing ConsoleReporter Output
-------------------------------
-------------------------------------------------------------------------------------------------
Benchmark                                                       Time             CPU   Iterations
-------------------------------------------------------------------------------------------------
BM_basic                                                     10.8 ns         2.26 ns      5725430
BM_bytes_per_second                                          11.3 ns         3.20 ns      3431499 bytes_per_second=91.0653/s
BM_items_per_second                                          10.1 ns         3.56 ns      3554111 items_per_second=79.1053/s
BM_label                                                     9.99 ns         3.14 ns      5175172 some label
BM_time_label_nanosecond                                     4.51 ns         1.76 ns      8442758
2025-09-02T18:30:38+08:00
Running /home/glf/MPRPC/build/_d...
The rest of the test output was removed since it exceeds the threshold of 1024 bytes.
</Value>
			</Measurement>
		</Results>
	</Test>
	<Test Status="passed">
		<Name>cxx03</Name>
		<Path>./_deps/googlebenchmark-build/test</Path>
		<FullName>./_deps/googlebenchmark-build/test/cxx03</FullName>
		<FullCommandLine>/home/glf/MPRPC/build/_deps/googlebenchmark-build/test/cxx03_test &quot;--benchmark_min_time=0.01&quot;</FullCommandLine>
		<Results>
			<NamedMeasurement type="numeric/double" name="Execution Time"><Value>0.831093</Value></NamedMeasurement>
			<NamedMeasurement type="text/string" name="Completion Status"><Value>Completed</Value></NamedMeasurement>
			<NamedMeasurement type="text/string" name="Command Line"><Value>/home/glf/MPRPC/build/_deps/googlebenchmark-build/test/cxx03_test &quot;--benchmark_min_time=0.01&quot;</Value></NamedMeasurement>
			<Measurement>
				<Value>2025-09-02T18:30:41+08:00
Running /home/glf/MPRPC/build/_deps/googlebenchmark-build/test/cxx03_test
Run on (2 X 2688 MHz CPU s)
CPU Caches:
  L1 Data 48 KiB (x2)
  L1 Instruction 32 KiB (x2)
  L2 Unified 1280 KiB (x2)
  L3 Unified 24576 KiB (x2)
Load Average: 4.47, 1.46, 1.08
***WARNING*** Library was built as DEBUG. Timings may be affected.
-------------------------------------------------------------------------
Benchmark                               Time             CPU   Iterations
-------------------------------------------------------------------------
BM_empty                             13.6 ns         6.57 ns      1778774
BM_old_arg_range_interface/1/2       9.96 ns         4.30 ns      4831625
BM_old_arg_range_interface/5/6       8.14 ns         4.29 ns      3492886
BM_template2&lt;int,long&gt;               17.9 ns         7.39 ns      2435797
BM_template1&lt;long&gt;                   12.5 ns         6.93 ns      2354127
BM_template1&lt;int&gt;                    22.1 ns         10.1 ns      1789191
BM_Fixture&lt;lon...
The rest of the test output was removed since it exceeds the threshold of 1024 bytes.
</Value>
			</Measurement>
		</Results>
	</Test>
	<Test Status="passed">
		<Name>register_benchmark_test</Name>
		<Path>./_deps/googlebenchmark-build/test</Path>
		<FullName>./_deps/googlebenchmark-build/test/register_benchmark_test</FullName>
		<FullCommandLine>/home/glf/MPRPC/build/_deps/googlebenchmark-build/test/register_benchmark_test &quot;--benchmark_min_time=0.01&quot;</FullCommandLine>
		<Results>
			<NamedMeasurement type="numeric/double" name="Execution Time"><Value>0.968162</Value></NamedMeasurement>
			<NamedMeasurement type="text/string" name="Completion Status"><Value>Completed</Value></NamedMeasurement>
			<NamedMeasurement type="text/string" name="Command Line"><Value>/home/glf/MPRPC/build/_deps/googlebenchmark-build/test/register_benchmark_test &quot;--benchmark_min_time=0.01&quot;</Value></NamedMeasurement>
			<Measurement>
				<Value>--------------------------------------------------------------------------
Benchmark                                Time             CPU   Iterations
--------------------------------------------------------------------------
[NON-XML-CHAR-0x1B][0;32mBM_function                     [NON-XML-CHAR-0x1B][m[NON-XML-CHAR-0x1B][0;33m      9.69 ns         2.88 ns   [NON-XML-CHAR-0x1B][m[NON-XML-CHAR-0x1B][0;36m   5171649[NON-XML-CHAR-0x1B][m
[NON-XML-CHAR-0x1B][m[NON-XML-CHAR-0x1B][0;32mBM_function_manual_registration [NON-XML-CHAR-0x1B][m[NON-XML-CHAR-0x1B][0;33m      2.48 ns         2.16 ns   [NON-XML-CHAR-0x1B][m[NON-XML-CHAR-0x1B][0;36m   5676948[NON-XML-CHAR-0x1B][m
[NON-XML-CHAR-0x1B][m[NON-XML-CHAR-0x1B][0;32mtest1                           [NON-XML-CHAR-0x1B][m[NON-XML-CHAR-0x1B][0;33m      15.1 ns         2.69 ns   [NON-XML-CHAR-0x1B][m[NON-XML-CHAR-0x1B][0;36m   9021938[NON-XML-CHAR-0x1B][m One[NON-XML-CHAR-0x1B][m
2025-09-02T18:30:41+08:00
Running /home/glf/MPRPC/build/_deps/googlebenchmark-build/test/register_benchmark_test
Run on (2 X 2688 MHz CPU s)
CPU Caches:
  L1 Data 48 KiB (x2)
  L1 Instruction 32 KiB (x2)
  L2 Unified 1280 KiB (x2)
  L3 Unified 24576 KiB (x2)
Load Average: 4.47, 1.46, 1.08
***WARNING*** Library was built as DEBUG. Timings may be affected.
[NON-XML-CHAR-0x1B][m[NON-XML-CHAR-0x1B][0;32mtest2                           [NON-XML-CHAR-0x1B][m[NON-XML-CHAR-0x1B][0;33m      11.5 ns         2.66 ns   [NON-XML-CHAR-0x1B][m[NON-XML-CHAR-0x1B][0;36m   7220172[NON-XML-CHAR-0x1B][m Two[NON-XML-CHAR-0x1B][m...
The rest of the test output was removed since it exceeds the threshold of 1024 bytes.
</Value>
			</Measurement>
		</Results>
	</Test>
	<Test Status="passed">
		<Name>LockQueueTest.Performance</Name>
		<Path>./test/unit</Path>
		<FullName>./test/unit/LockQueueTest.Performance</FullName>
		<FullCommandLine>/home/glf/MPRPC/bin/unit_tests &quot;[==[--gtest_filter=LockQueueTest.Performance]==]&quot; &quot;--gtest_also_run_disabled_tests&quot;</FullCommandLine>
		<Results>
			<NamedMeasurement type="numeric/double" name="Execution Time"><Value>1.09333</Value></NamedMeasurement>
			<NamedMeasurement type="text/string" name="Completion Status"><Value>Completed</Value></NamedMeasurement>
			<NamedMeasurement type="text/string" name="Command Line"><Value>/home/glf/MPRPC/bin/unit_tests &quot;[==[--gtest_filter=LockQueueTest.Performance]==]&quot; &quot;--gtest_also_run_disabled_tests&quot;</Value></NamedMeasurement>
			<Measurement>
				<Value>Running main() from _deps/googletest-src/googletest/src/gtest_main.cc
[==========] Running 5 tests from 1 test suite.
[----------] Global test environment set-up.
[----------] 5 tests from LockQueueTest
[ RUN      ] LockQueueTest.SingleThread
[       OK ] LockQueueTest.SingleThread (0 ms)
[ RUN      ] LockQueueTest.MultiProducerSingleConsumer
[       OK ] LockQueueTest.MultiProducerSingleConsumer (59 ms)
[ RUN      ] LockQueueTest.MultiConsumer
[       OK ] LockQueueTest.MultiConsumer (48 ms)
[ RUN      ] LockQueueTest.ThreadSafety
[       OK ] LockQueueTest.ThreadSafety (121 ms)
[ RUN      ] LockQueueTest.Performance
Time taken for 100000 operations: 500 ms
[       OK ] LockQueueTest.Performance (509 ms)
[----------] 5 tests from LockQueueTest (739 ms total)

[----------] Global test environment tear-down
[==========] 5 tests from 1 test suite ran. (739 ms total)
[  PASSED  ] 5 tests.
</Value>
			</Measurement>
		</Results>
	</Test>
	<Test Status="passed">
		<Name>LockQueueTest.MultiConsumer</Name>
		<Path>./test/unit</Path>
		<FullName>./test/unit/LockQueueTest.MultiConsumer</FullName>
		<FullCommandLine>/home/glf/MPRPC/bin/unit_tests &quot;[==[--gtest_filter=LockQueueTest.MultiConsumer]==]&quot; &quot;--gtest_also_run_disabled_tests&quot;</FullCommandLine>
		<Results>
			<NamedMeasurement type="numeric/double" name="Execution Time"><Value>0.700353</Value></NamedMeasurement>
			<NamedMeasurement type="text/string" name="Completion Status"><Value>Completed</Value></NamedMeasurement>
			<NamedMeasurement type="text/string" name="Command Line"><Value>/home/glf/MPRPC/bin/unit_tests &quot;[==[--gtest_filter=LockQueueTest.MultiConsumer]==]&quot; &quot;--gtest_also_run_disabled_tests&quot;</Value></NamedMeasurement>
			<Measurement>
				<Value>Running main() from _deps/googletest-src/googletest/src/gtest_main.cc
[==========] Running 5 tests from 1 test suite.
[----------] Global test environment set-up.
[----------] 5 tests from LockQueueTest
[ RUN      ] LockQueueTest.SingleThread
[       OK ] LockQueueTest.SingleThread (0 ms)
[ RUN      ] LockQueueTest.MultiProducerSingleConsumer
[       OK ] LockQueueTest.MultiProducerSingleConsumer (45 ms)
[ RUN      ] LockQueueTest.MultiConsumer
[       OK ] LockQueueTest.MultiConsumer (28 ms)
[ RUN      ] LockQueueTest.ThreadSafety
[       OK ] LockQueueTest.ThreadSafety (120 ms)
[ RUN      ] LockQueueTest.Performance
Time taken for 100000 operations: 448 ms
[       OK ] LockQueueTest.Performance (456 ms)
[----------] 5 tests from LockQueueTest (651 ms total)

[----------] Global test environment tear-down
[==========] 5 tests from 1 test suite ran. (651 ms total)
[  PASSED  ] 5 tests.
</Value>
			</Measurement>
		</Results>
	</Test>
	<Test Status="passed">
		<Name>LockQueueTest.ThreadSafety</Name>
		<Path>./test/unit</Path>
		<FullName>./test/unit/LockQueueTest.ThreadSafety</FullName>
		<FullCommandLine>/home/glf/MPRPC/bin/unit_tests &quot;[==[--gtest_filter=LockQueueTest.ThreadSafety]==]&quot; &quot;--gtest_also_run_disabled_tests&quot;</FullCommandLine>
		<Results>
			<NamedMeasurement type="numeric/double" name="Execution Time"><Value>0.918001</Value></NamedMeasurement>
			<NamedMeasurement type="text/string" name="Completion Status"><Value>Completed</Value></NamedMeasurement>
			<NamedMeasurement type="text/string" name="Command Line"><Value>/home/glf/MPRPC/bin/unit_tests &quot;[==[--gtest_filter=LockQueueTest.ThreadSafety]==]&quot; &quot;--gtest_also_run_disabled_tests&quot;</Value></NamedMeasurement>
			<Measurement>
				<Value>Running main() from _deps/googletest-src/googletest/src/gtest_main.cc
[==========] Running 5 tests from 1 test suite.
[----------] Global test environment set-up.
[----------] 5 tests from LockQueueTest
[ RUN      ] LockQueueTest.SingleThread
[       OK ] LockQueueTest.SingleThread (0 ms)
[ RUN      ] LockQueueTest.MultiProducerSingleConsumer
[       OK ] LockQueueTest.MultiProducerSingleConsumer (54 ms)
[ RUN      ] LockQueueTest.MultiConsumer
[       OK ] LockQueueTest.MultiConsumer (68 ms)
[ RUN      ] LockQueueTest.ThreadSafety
[       OK ] LockQueueTest.ThreadSafety (158 ms)
[ RUN      ] LockQueueTest.Performance
Time taken for 100000 operations: 351 ms
[       OK ] LockQueueTest.Performance (358 ms)
[----------] 5 tests from LockQueueTest (640 ms total)

[----------] Global test environment tear-down
[==========] 5 tests from 1 test suite ran. (640 ms total)
[  PASSED  ] 5 tests.
</Value>
			</Measurement>
		</Results>
	</Test>
	<Test Status="passed">
		<Name>LockQueueTest.MultiProducerSingleConsumer</Name>
		<Path>./test/unit</Path>
		<FullName>./test/unit/LockQueueTest.MultiProducerSingleConsumer</FullName>
		<FullCommandLine>/home/glf/MPRPC/bin/unit_tests &quot;[==[--gtest_filter=LockQueueTest.MultiProducerSingleConsumer]==]&quot; &quot;--gtest_also_run_disabled_tests&quot;</FullCommandLine>
		<Results>
			<NamedMeasurement type="numeric/double" name="Execution Time"><Value>0.610972</Value></NamedMeasurement>
			<NamedMeasurement type="text/string" name="Completion Status"><Value>Completed</Value></NamedMeasurement>
			<NamedMeasurement type="text/string" name="Command Line"><Value>/home/glf/MPRPC/bin/unit_tests &quot;[==[--gtest_filter=LockQueueTest.MultiProducerSingleConsumer]==]&quot; &quot;--gtest_also_run_disabled_tests&quot;</Value></NamedMeasurement>
			<Measurement>
				<Value>Running main() from _deps/googletest-src/googletest/src/gtest_main.cc
[==========] Running 5 tests from 1 test suite.
[----------] Global test environment set-up.
[----------] 5 tests from LockQueueTest
[ RUN      ] LockQueueTest.SingleThread
[       OK ] LockQueueTest.SingleThread (0 ms)
[ RUN      ] LockQueueTest.MultiProducerSingleConsumer
[       OK ] LockQueueTest.MultiProducerSingleConsumer (83 ms)
[ RUN      ] LockQueueTest.MultiConsumer
[       OK ] LockQueueTest.MultiConsumer (92 ms)
[ RUN      ] LockQueueTest.ThreadSafety
[       OK ] LockQueueTest.ThreadSafety (97 ms)
[ RUN      ] LockQueueTest.Performance
Time taken for 100000 operations: 271 ms
[       OK ] LockQueueTest.Performance (280 ms)
[----------] 5 tests from LockQueueTest (554 ms total)

[----------] Global test environment tear-down
[==========] 5 tests from 1 test suite ran. (554 ms total)
[  PASSED  ] 5 tests.
</Value>
			</Measurement>
		</Results>
	</Test>
	<Test Status="passed">
		<Name>user_counters_thousands_test</Name>
		<Path>./_deps/googlebenchmark-build/test</Path>
		<FullName>./_deps/googlebenchmark-build/test/user_counters_thousands_test</FullName>
		<FullCommandLine>/home/glf/MPRPC/build/_deps/googlebenchmark-build/test/user_counters_thousands_test &quot;--benchmark_min_time=0.01&quot;</FullCommandLine>
		<Results>
			<NamedMeasurement type="numeric/double" name="Execution Time"><Value>0.304326</Value></NamedMeasurement>
			<NamedMeasurement type="text/string" name="Completion Status"><Value>Completed</Value></NamedMeasurement>
			<NamedMeasurement type="text/string" name="Command Line"><Value>/home/glf/MPRPC/build/_deps/googlebenchmark-build/test/user_counters_thousands_test &quot;--benchmark_min_time=0.01&quot;</Value></NamedMeasurement>
			<Measurement>
				<Value>Running benchmarks...
-------------------------------
Testing ConsoleReporter Output
-------------------------------
-------------------------------------------------------------------------------------------------
Benchmark                                       Time             CPU   Iterations UserCounters...
-------------------------------------------------------------------------------------------------
BM_Counters_Thousands/repeats:2              12.2 ns         2.49 ns      5658671 t0_1000000DefaultBase=1000k t1_1000000Base1000=1000k t2_1000000Base1024=976.562k t3_1048576Base1000=1048.58k t4_1048576Base1024=1024k
BM_Counters_Thousands/repeats:2              6.72 ns         2.27 ns      5658671 t0_1000000DefaultBase=1000k t1_1000000Base1000=1000k t2_1000000Base1024=976.562k t3_1048576Base1000=1048.58k t4_1048576Base1024=1024k
2025-09-02T18:30:43+08:00
Running /home/glf/MPRPC/build/_deps/googlebenchmark-build/test/user_counters_thousands_test
Run on (2 X 2688 MHz CPU s)
CPU Caches:
  L1 Data 48 KiB (x2)
 ...
The rest of the test output was removed since it exceeds the threshold of 1024 bytes.
</Value>
			</Measurement>
		</Results>
	</Test>
	<Test Status="passed">
		<Name>benchmark</Name>
		<Path>./_deps/googlebenchmark-build/test</Path>
		<FullName>./_deps/googlebenchmark-build/test/benchmark</FullName>
		<FullCommandLine>/home/glf/MPRPC/build/_deps/googlebenchmark-build/test/benchmark_test &quot;--benchmark_min_time=0.01&quot;</FullCommandLine>
		<Results>
			<NamedMeasurement type="numeric/double" name="Execution Time"><Value>22.2537</Value></NamedMeasurement>
			<NamedMeasurement type="text/string" name="Completion Status"><Value>Completed</Value></NamedMeasurement>
			<NamedMeasurement type="text/string" name="Command Line"><Value>/home/glf/MPRPC/build/_deps/googlebenchmark-build/test/benchmark_test &quot;--benchmark_min_time=0.01&quot;</Value></NamedMeasurement>
			<Measurement>
				<Value>-----------------------------------------------------------------------------------
Benchmark                                         Time             CPU   Iterations
-----------------------------------------------------------------------------------
BM_Factorial                                   33.5 ns         30.3 ns       571091 40320
BM_Factorial/real_time                         31.2 ns         28.7 ns       558527 40320
BM_CalculatePiRange/1                          13.8 ns         12.8 ns      1000000 0
BM_CalculatePiRange/8                          80.0 ns         44.5 ns       298027 3.28374
BM_CalculatePiRange/64                         1011 ns          352 ns        79663 3.15746
2025-09-02T18:30:22+08:00
Running /home/glf/MPRPC/build/_deps/googlebenchmark-build/test/benchmark_test
Run on (2 X 2688 MHz CPU s)
CPU Caches:
  L1 Data 48 KiB (x2)
  L1 Instruction 32 KiB (x2)
  L2 Unified 1280 KiB (x2)
  L3 Unified 24576 KiB (x2)
Load Average: 0.54, 0.57, 0.79
***WARNING*** Library was built as DEBUG....
The rest of the test output was removed since it exceeds the threshold of 1024 bytes.
</Value>
			</Measurement>
		</Results>
	</Test>
	<Test Status="passed">
		<Name>filter_regex_all</Name>
		<Path>./_deps/googlebenchmark-build/test</Path>
		<FullName>./_deps/googlebenchmark-build/test/filter_regex_all</FullName>
		<FullCommandLine>/home/glf/MPRPC/build/_deps/googlebenchmark-build/test/filter_test &quot;--benchmark_min_time=0.01&quot; &quot;--benchmark_filter=.*&quot; &quot;5&quot;</FullCommandLine>
		<Results>
			<NamedMeasurement type="numeric/double" name="Execution Time"><Value>0.353318</Value></NamedMeasurement>
			<NamedMeasurement type="text/string" name="Completion Status"><Value>Completed</Value></NamedMeasurement>
			<NamedMeasurement type="text/string" name="Command Line"><Value>/home/glf/MPRPC/build/_deps/googlebenchmark-build/test/filter_test &quot;--benchmark_min_time=0.01&quot; &quot;--benchmark_filter=.*&quot; &quot;5&quot;</Value></NamedMeasurement>
			<Measurement>
				<Value>-----------------------------------------------------
Benchmark           Time             CPU   Iterations
-----------------------------------------------------
[NON-XML-CHAR-0x1B][0;32mNoPrefix   [NON-XML-CHAR-0x1B][m[NON-XML-CHAR-0x1B][0;33m      5.41 ns         1.78 ns   [NON-XML-CHAR-0x1B][m[NON-XML-CHAR-0x1B][0;36m   6893533[NON-XML-CHAR-0x1B][m
[NON-XML-CHAR-0x1B][m[NON-XML-CHAR-0x1B][0;32mBM_Foo     [NON-XML-CHAR-0x1B][m[NON-XML-CHAR-0x1B][0;33m      9.11 ns         1.89 ns   [NON-XML-CHAR-0x1B][m[NON-XML-CHAR-0x1B][0;36m   7087172[NON-XML-CHAR-0x1B][m
[NON-XML-CHAR-0x1B][m[NON-XML-CHAR-0x1B][0;32mBM_Bar     [NON-XML-CHAR-0x1B][m[NON-XML-CHAR-0x1B][0;33m      9.40 ns         2.62 ns   [NON-XML-CHAR-0x1B][m[NON-XML-CHAR-0x1B][0;36m   8659278[NON-XML-CHAR-0x1B][m
[NON-XML-CHAR-0x1B][m[NON-XML-CHAR-0x1B][0;32mBM_FooBar  [NON-XML-CHAR-0x1B][m[NON-XML-CHAR-0x1B][0;33m      4.89 ns         1.65 ns   [NON-XML-CHAR-0x1B][m[NON-XML-CHAR-0x1B][0;36m   7094197[NON-XML-CHAR-0x1B][m
2025-09-02T18:30:44+08:00
Running /home/glf/MPRPC/build/_deps/googlebenchmark-build/test/filter_test
Run on (2 X 2688 MHz CPU s)
CPU Caches:
  L1 Data 48 KiB (x2)
  L1 Instruction 32 KiB (x2)
  L2 Unified 1280 KiB (x2)
  L3 Unified 24576 KiB (x2)
Load Average: 4.47, 1.46, 1.08
***WARNING*** Library was built as DEBUG. Timings may be affected.
[NON-XML-CHAR-0x1B][m[NON-XML-CHAR-0x1B][0;32mBM_FooBa   [NON-XML-CHAR-0x1B][m[NON-XML-CHAR-0x1B][0;33m      5.98 ns         2.06 ns   [NON-XML-CHAR-0x1B][m[NON-XML-CHAR-0x1B][0;36m   6407191[NON-XML-CHAR-0x1B][m
[NON-XML-CHAR-0x1B][m
</Value>
			</Measurement>
		</Results>
	</Test>
	<Test Status="passed">
		<Name>filter_regex_none_negative</Name>
		<Path>./_deps/googlebenchmark-build/test</Path>
		<FullName>./_deps/googlebenchmark-build/test/filter_regex_none_negative</FullName>
		<FullCommandLine>/home/glf/MPRPC/build/_deps/googlebenchmark-build/test/filter_test &quot;--benchmark_min_time=0.01&quot; &quot;--benchmark_filter=-monkey&quot; &quot;5&quot;</FullCommandLine>
		<Results>
			<NamedMeasurement type="numeric/double" name="Execution Time"><Value>0.462359</Value></NamedMeasurement>
			<NamedMeasurement type="text/string" name="Completion Status"><Value>Completed</Value></NamedMeasurement>
			<NamedMeasurement type="text/string" name="Command Line"><Value>/home/glf/MPRPC/build/_deps/googlebenchmark-build/test/filter_test &quot;--benchmark_min_time=0.01&quot; &quot;--benchmark_filter=-monkey&quot; &quot;5&quot;</Value></NamedMeasurement>
			<Measurement>
				<Value>2025-09-02T18:30:44+08:00
Running /home/glf/MPRPC/build/_deps/googlebenchmark-build/test/filter_test
Run on (2 X 2688 MHz CPU s)
CPU Caches:
  L1 Data 48 KiB (x2)
  L1 Instruction 32 KiB (x2)
  L2 Unified 1280 KiB (x2)
  L3 Unified 24576 KiB (x2)
Load Average: 4.47, 1.46, 1.08
***WARNING*** Library was built as DEBUG. Timings may be affected.
-----------------------------------------------------
Benchmark           Time             CPU   Iterations
-----------------------------------------------------
[NON-XML-CHAR-0x1B][0;32mNoPrefix   [NON-XML-CHAR-0x1B][m[NON-XML-CHAR-0x1B][0;33m      9.78 ns         2.18 ns   [NON-XML-CHAR-0x1B][m[NON-XML-CHAR-0x1B][0;36m   6676223[NON-XML-CHAR-0x1B][m
[NON-XML-CHAR-0x1B][m[NON-XML-CHAR-0x1B][0;32mBM_Foo     [NON-XML-CHAR-0x1B][m[NON-XML-CHAR-0x1B][0;33m      8.71 ns         2.20 ns   [NON-XML-CHAR-0x1B][m[NON-XML-CHAR-0x1B][0;36m  13954759[NON-XML-CHAR-0x1B][m
[NON-XML-CHAR-0x1B][m[NON-XML-CHAR-0x1B][0;32mBM_Bar     [NON-XML-CHAR-0x1B][m[NON-XML-CHAR-0x1B][0;33m      5.49 ns         2.21 ns   [NON-XML-CHAR-0x1B][m[NON-XML-CHAR-0x1B][0;36m   6782837[NON-XML-CHAR-0x1B][m
[NON-XML-CHAR-0x1B][m[NON-XML-CHAR-0x1B][0;32mBM_FooBar  [NON-XML-CHAR-0x1B][m[NON-XML-CHAR-0x1B][0;33m      3.35 ns         1.80 ns   [NON-XML-CHAR-0x1B][m[NON-XML-CHAR-0x1B][0;36m   7321727[NON-XML-CHAR-0x1B][m
[NON-XML-CHAR-0x1B][m[NON-XML-CHAR-0x1B][0;32mBM_FooBa   [NON-XML-CHAR-0x1B][m[NON-XML-CHAR-0x1B][0;33m      11.3 ns         1.98 ns   [NON-XML-CHAR-0x1B][m[NON-XML-CHAR-0x1B][0;36m   8183698[NON-XML-CHAR-0x1B][m
[NON-XML-CHAR-0x1B][m
</Value>
			</Measurement>
		</Results>
	</Test>
	<Test Status="passed">
		<Name>filter_regex_end_negative</Name>
		<Path>./_deps/googlebenchmark-build/test</Path>
		<FullName>./_deps/googlebenchmark-build/test/filter_regex_end_negative</FullName>
		<FullCommandLine>/home/glf/MPRPC/build/_deps/googlebenchmark-build/test/filter_test &quot;--benchmark_min_time=0.01&quot; &quot;--benchmark_filter=-.*Ba$&quot; &quot;4&quot;</FullCommandLine>
		<Results>
			<NamedMeasurement type="numeric/double" name="Execution Time"><Value>0.520064</Value></NamedMeasurement>
			<NamedMeasurement type="text/string" name="Completion Status"><Value>Completed</Value></NamedMeasurement>
			<NamedMeasurement type="text/string" name="Command Line"><Value>/home/glf/MPRPC/build/_deps/googlebenchmark-build/test/filter_test &quot;--benchmark_min_time=0.01&quot; &quot;--benchmark_filter=-.*Ba$&quot; &quot;4&quot;</Value></NamedMeasurement>
			<Measurement>
				<Value>-----------------------------------------------------
Benchmark           Time             CPU   Iterations
-----------------------------------------------------
[NON-XML-CHAR-0x1B][0;32mNoPrefix   [NON-XML-CHAR-0x1B][m[NON-XML-CHAR-0x1B][0;33m      5.44 ns         2.69 ns   [NON-XML-CHAR-0x1B][m[NON-XML-CHAR-0x1B][0;36m   6864819[NON-XML-CHAR-0x1B][m
2025-09-02T18:30:44+08:00
Running /home/glf/MPRPC/build/_deps/googlebenchmark-build/test/filter_test
Run on (2 X 2688 MHz CPU s)
CPU Caches:
  L1 Data 48 KiB (x2)
  L1 Instruction 32 KiB (x2)
  L2 Unified 1280 KiB (x2)
  L3 Unified 24576 KiB (x2)
Load Average: 4.47, 1.46, 1.08
***WARNING*** Library was built as DEBUG. Timings may be affected.
[NON-XML-CHAR-0x1B][m[NON-XML-CHAR-0x1B][0;32mBM_Foo     [NON-XML-CHAR-0x1B][m[NON-XML-CHAR-0x1B][0;33m      4.75 ns         1.81 ns   [NON-XML-CHAR-0x1B][m[NON-XML-CHAR-0x1B][0;36m   6548056[NON-XML-CHAR-0x1B][m
[NON-XML-CHAR-0x1B][m[NON-XML-CHAR-0x1B][0;32mBM_Bar     [NON-XML-CHAR-0x1B][m[NON-XML-CHAR-0x1B][0;33m      8.13 ns         3.13 ns   [NON-XML-CHAR-0x1B][m[NON-XML-CHAR-0x1B][0;36m   4652365[NON-XML-CHAR-0x1B][m
[NON-XML-CHAR-0x1B][m[NON-XML-CHAR-0x1B][0;32mBM_FooBar  [NON-XML-CHAR-0x1B][m[NON-XML-CHAR-0x1B][0;33m      9.52 ns         2.17 ns   [NON-XML-CHAR-0x1B][m[NON-XML-CHAR-0x1B][0;36m   8341462[NON-XML-CHAR-0x1B][m
[NON-XML-CHAR-0x1B][m
</Value>
			</Measurement>
		</Results>
	</Test>
	<Test Status="passed">
		<Name>filter_regex_blank</Name>
		<Path>./_deps/googlebenchmark-build/test</Path>
		<FullName>./_deps/googlebenchmark-build/test/filter_regex_blank</FullName>
		<FullCommandLine>/home/glf/MPRPC/build/_deps/googlebenchmark-build/test/filter_test &quot;--benchmark_min_time=0.01&quot; &quot;--benchmark_filter=&quot; &quot;5&quot;</FullCommandLine>
		<Results>
			<NamedMeasurement type="numeric/double" name="Execution Time"><Value>0.461477</Value></NamedMeasurement>
			<NamedMeasurement type="text/string" name="Completion Status"><Value>Completed</Value></NamedMeasurement>
			<NamedMeasurement type="text/string" name="Command Line"><Value>/home/glf/MPRPC/build/_deps/googlebenchmark-build/test/filter_test &quot;--benchmark_min_time=0.01&quot; &quot;--benchmark_filter=&quot; &quot;5&quot;</Value></NamedMeasurement>
			<Measurement>
				<Value>2025-09-02T18:30:44+08:00
Running /home/glf/MPRPC/build/_deps/googlebenchmark-build/test/filter_test
Run on (2 X 2688 MHz CPU s)
CPU Caches:
  L1 Data 48 KiB (x2)
  L1 Instruction 32 KiB (x2)
  L2 Unified 1280 KiB (x2)
  L3 Unified 24576 KiB (x2)
Load Average: 4.47, 1.46, 1.08
***WARNING*** Library was built as DEBUG. Timings may be affected.
-----------------------------------------------------
Benchmark           Time             CPU   Iterations
-----------------------------------------------------
[NON-XML-CHAR-0x1B][0;32mNoPrefix   [NON-XML-CHAR-0x1B][m[NON-XML-CHAR-0x1B][0;33m      3.44 ns         1.80 ns   [NON-XML-CHAR-0x1B][m[NON-XML-CHAR-0x1B][0;36m   7590256[NON-XML-CHAR-0x1B][m
[NON-XML-CHAR-0x1B][m[NON-XML-CHAR-0x1B][0;32mBM_Foo     [NON-XML-CHAR-0x1B][m[NON-XML-CHAR-0x1B][0;33m      6.90 ns         1.76 ns   [NON-XML-CHAR-0x1B][m[NON-XML-CHAR-0x1B][0;36m  10000000[NON-XML-CHAR-0x1B][m
[NON-XML-CHAR-0x1B][m[NON-XML-CHAR-0x1B][0;32mBM_Bar     [NON-XML-CHAR-0x1B][m[NON-XML-CHAR-0x1B][0;33m      6.74 ns         2.77 ns   [NON-XML-CHAR-0x1B][m[NON-XML-CHAR-0x1B][0;36m   7120131[NON-XML-CHAR-0x1B][m
[NON-XML-CHAR-0x1B][m[NON-XML-CHAR-0x1B][0;32mBM_FooBar  [NON-XML-CHAR-0x1B][m[NON-XML-CHAR-0x1B][0;33m      3.88 ns         1.71 ns   [NON-XML-CHAR-0x1B][m[NON-XML-CHAR-0x1B][0;36m   6013030[NON-XML-CHAR-0x1B][m
[NON-XML-CHAR-0x1B][m[NON-XML-CHAR-0x1B][0;32mBM_FooBa   [NON-XML-CHAR-0x1B][m[NON-XML-CHAR-0x1B][0;33m      3.94 ns         1.93 ns   [NON-XML-CHAR-0x1B][m[NON-XML-CHAR-0x1B][0;36m   7087997[NON-XML-CHAR-0x1B][m
[NON-XML-CHAR-0x1B][m
</Value>
			</Measurement>
		</Results>
	</Test>
	<Test Status="passed">
		<Name>fixture_test</Name>
		<Path>./_deps/googlebenchmark-build/test</Path>
		<FullName>./_deps/googlebenchmark-build/test/fixture_test</FullName>
		<FullCommandLine>/home/glf/MPRPC/build/_deps/googlebenchmark-build/test/fixture_test &quot;--benchmark_min_time=0.01&quot;</FullCommandLine>
		<Results>
			<NamedMeasurement type="numeric/double" name="Execution Time"><Value>0.651332</Value></NamedMeasurement>
			<NamedMeasurement type="text/string" name="Completion Status"><Value>Completed</Value></NamedMeasurement>
			<NamedMeasurement type="text/string" name="Command Line"><Value>/home/glf/MPRPC/build/_deps/googlebenchmark-build/test/fixture_test &quot;--benchmark_min_time=0.01&quot;</Value></NamedMeasurement>
			<Measurement>
				<Value>---------------------------------------------------------------------
Benchmark                           Time             CPU   Iterations
---------------------------------------------------------------------
MyFixture/Foo                    6.43 ns         1.56 ns      8320247
MyFixture/Bar/42                  139 ns         36.1 ns       302839 items_per_second=3.84236k/s
2025-09-02T18:30:44+08:00
Running /home/glf/MPRPC/build/_deps/googlebenchmark-build/test/fixture_test
Run on (2 X 2688 MHz CPU s)
CPU Caches:
  L1 Data 48 KiB (x2)
  L1 Instruction 32 KiB (x2)
  L2 Unified 1280 KiB (x2)
  L3 Unified 24576 KiB (x2)
Load Average: 4.47, 1.46, 1.08
***WARNING*** Library was built as DEBUG. Timings may be affected.
MyFixture/Bar/42/threads:2       67.4 ns         56.6 ns       428580 items_per_second=3.46525k/s
</Value>
			</Measurement>
		</Results>
	</Test>
	<Test Status="passed">
		<Name>filter_regex_begin</Name>
		<Path>./_deps/googlebenchmark-build/test</Path>
		<FullName>./_deps/googlebenchmark-build/test/filter_regex_begin</FullName>
		<FullCommandLine>/home/glf/MPRPC/build/_deps/googlebenchmark-build/test/filter_test &quot;--benchmark_min_time=0.01&quot; &quot;--benchmark_filter=^BM_.*&quot; &quot;4&quot;</FullCommandLine>
		<Results>
			<NamedMeasurement type="numeric/double" name="Execution Time"><Value>0.433927</Value></NamedMeasurement>
			<NamedMeasurement type="text/string" name="Completion Status"><Value>Completed</Value></NamedMeasurement>
			<NamedMeasurement type="text/string" name="Command Line"><Value>/home/glf/MPRPC/build/_deps/googlebenchmark-build/test/filter_test &quot;--benchmark_min_time=0.01&quot; &quot;--benchmark_filter=^BM_.*&quot; &quot;4&quot;</Value></NamedMeasurement>
			<Measurement>
				<Value>-----------------------------------------------------
Benchmark           Time             CPU   Iterations
-----------------------------------------------------
[NON-XML-CHAR-0x1B][0;32mBM_Foo     [NON-XML-CHAR-0x1B][m[NON-XML-CHAR-0x1B][0;33m      9.38 ns         1.64 ns   [NON-XML-CHAR-0x1B][m[NON-XML-CHAR-0x1B][0;36m   7157914[NON-XML-CHAR-0x1B][m
2025-09-02T18:30:44+08:00
Running /home/glf/MPRPC/build/_deps/googlebenchmark-build/test/filter_test
Run on (2 X 2688 MHz CPU s)
CPU Caches:
  L1 Data 48 KiB (x2)
  L1 Instruction 32 KiB (x2)
  L2 Unified 1280 KiB (x2)
  L3 Unified 24576 KiB (x2)
Load Average: 4.47, 1.46, 1.08
***WARNING*** Library was built as DEBUG. Timings may be affected.
[NON-XML-CHAR-0x1B][m[NON-XML-CHAR-0x1B][0;32mBM_Bar     [NON-XML-CHAR-0x1B][m[NON-XML-CHAR-0x1B][0;33m      11.2 ns         2.43 ns   [NON-XML-CHAR-0x1B][m[NON-XML-CHAR-0x1B][0;36m   7116719[NON-XML-CHAR-0x1B][m
[NON-XML-CHAR-0x1B][m[NON-XML-CHAR-0x1B][0;32mBM_FooBar  [NON-XML-CHAR-0x1B][m[NON-XML-CHAR-0x1B][0;33m      7.17 ns         2.32 ns   [NON-XML-CHAR-0x1B][m[NON-XML-CHAR-0x1B][0;36m   6164577[NON-XML-CHAR-0x1B][m
[NON-XML-CHAR-0x1B][m[NON-XML-CHAR-0x1B][0;32mBM_FooBa   [NON-XML-CHAR-0x1B][m[NON-XML-CHAR-0x1B][0;33m      18.7 ns         2.72 ns   [NON-XML-CHAR-0x1B][m[NON-XML-CHAR-0x1B][0;36m   4412972[NON-XML-CHAR-0x1B][m
[NON-XML-CHAR-0x1B][m
</Value>
			</Measurement>
		</Results>
	</Test>
	<Test Status="passed">
		<Name>display_aggregates_only_test</Name>
		<Path>./_deps/googlebenchmark-build/test</Path>
		<FullName>./_deps/googlebenchmark-build/test/display_aggregates_only_test</FullName>
		<FullCommandLine>/home/glf/MPRPC/build/_deps/googlebenchmark-build/test/display_aggregates_only_test &quot;--benchmark_min_time=0.01&quot;</FullCommandLine>
		<Results>
			<NamedMeasurement type="numeric/double" name="Execution Time"><Value>0.297456</Value></NamedMeasurement>
			<NamedMeasurement type="text/string" name="Completion Status"><Value>Completed</Value></NamedMeasurement>
			<NamedMeasurement type="text/string" name="Command Line"><Value>/home/glf/MPRPC/build/_deps/googlebenchmark-build/test/display_aggregates_only_test &quot;--benchmark_min_time=0.01&quot;</Value></NamedMeasurement>
			<Measurement>
				<Value>Will be using this as the tmp file: test.e620af
----------------------------------------------------------------------------
Benchmark                                  Time             CPU   Iterations
----------------------------------------------------------------------------
BM_SummaryRepeat/repeats:3_mean         4.28 ns         1.79 ns            3
BM_SummaryRepeat/repeats:3_median       3.73 ns         1.60 ns            3
BM_SummaryRepeat/repeats:3_stddev       1.13 ns        0.444 ns            3
2025-09-02T18:30:44+08:00
Running /home/glf/MPRPC/build/_deps/googlebenchmark-build/test/display_aggregates_only_test
Run on (2 X 2688 MHz CPU s)
CPU Caches:
  L1 Data 48 KiB (x2)
  L1 Instruction 32 KiB (x2)
  L2 Unified 1280 KiB (x2)
  L3 Unified 24576 KiB (x2)
Load Average: 5.08, 1.64, 1.14
***WARNING*** Library was built as DEBUG. Timings may be affected.
</Value>
			</Measurement>
		</Results>
	</Test>
	<Test Status="passed">
		<Name>LockQueueTest.SingleThread</Name>
		<Path>./test/unit</Path>
		<FullName>./test/unit/LockQueueTest.SingleThread</FullName>
		<FullCommandLine>/home/glf/MPRPC/bin/unit_tests &quot;[==[--gtest_filter=LockQueueTest.SingleThread]==]&quot; &quot;--gtest_also_run_disabled_tests&quot;</FullCommandLine>
		<Results>
			<NamedMeasurement type="numeric/double" name="Execution Time"><Value>0.66151</Value></NamedMeasurement>
			<NamedMeasurement type="text/string" name="Completion Status"><Value>Completed</Value></NamedMeasurement>
			<NamedMeasurement type="text/string" name="Command Line"><Value>/home/glf/MPRPC/bin/unit_tests &quot;[==[--gtest_filter=LockQueueTest.SingleThread]==]&quot; &quot;--gtest_also_run_disabled_tests&quot;</Value></NamedMeasurement>
			<Measurement>
				<Value>Running main() from _deps/googletest-src/googletest/src/gtest_main.cc
[==========] Running 5 tests from 1 test suite.
[----------] Global test environment set-up.
[----------] 5 tests from LockQueueTest
[ RUN      ] LockQueueTest.SingleThread
[       OK ] LockQueueTest.SingleThread (0 ms)
[ RUN      ] LockQueueTest.MultiProducerSingleConsumer
[       OK ] LockQueueTest.MultiProducerSingleConsumer (53 ms)
[ RUN      ] LockQueueTest.MultiConsumer
[       OK ] LockQueueTest.MultiConsumer (54 ms)
[ RUN      ] LockQueueTest.ThreadSafety
[       OK ] LockQueueTest.ThreadSafety (77 ms)
[ RUN      ] LockQueueTest.Performance
Time taken for 100000 operations: 240 ms
[       OK ] LockQueueTest.Performance (247 ms)
[----------] 5 tests from LockQueueTest (433 ms total)

[----------] Global test environment tear-down
[==========] 5 tests from 1 test suite ran. (434 ms total)
[  PASSED  ] 5 tests.
</Value>
			</Measurement>
		</Results>
	</Test>
	<Test Status="passed">
		<Name>filter_regex_begin2_negative</Name>
		<Path>./_deps/googlebenchmark-build/test</Path>
		<FullName>./_deps/googlebenchmark-build/test/filter_regex_begin2_negative</FullName>
		<FullCommandLine>/home/glf/MPRPC/build/_deps/googlebenchmark-build/test/filter_test &quot;--benchmark_min_time=0.01&quot; &quot;--benchmark_filter=-^N&quot; &quot;4&quot;</FullCommandLine>
		<Results>
			<NamedMeasurement type="numeric/double" name="Execution Time"><Value>0.429737</Value></NamedMeasurement>
			<NamedMeasurement type="text/string" name="Completion Status"><Value>Completed</Value></NamedMeasurement>
			<NamedMeasurement type="text/string" name="Command Line"><Value>/home/glf/MPRPC/build/_deps/googlebenchmark-build/test/filter_test &quot;--benchmark_min_time=0.01&quot; &quot;--benchmark_filter=-^N&quot; &quot;4&quot;</Value></NamedMeasurement>
			<Measurement>
				<Value>-----------------------------------------------------
Benchmark           Time             CPU   Iterations
-----------------------------------------------------
[NON-XML-CHAR-0x1B][0;32mBM_Foo     [NON-XML-CHAR-0x1B][m[NON-XML-CHAR-0x1B][0;33m      7.93 ns         2.04 ns   [NON-XML-CHAR-0x1B][m[NON-XML-CHAR-0x1B][0;36m  10406523[NON-XML-CHAR-0x1B][m
2025-09-02T18:30:45+08:00
Running /home/glf/MPRPC/build/_deps/googlebenchmark-build/test/filter_test
Run on (2 X 2688 MHz CPU s)
CPU Caches:
  L1 Data 48 KiB (x2)
  L1 Instruction 32 KiB (x2)
  L2 Unified 1280 KiB (x2)
  L3 Unified 24576 KiB (x2)
Load Average: 5.08, 1.64, 1.14
***WARNING*** Library was built as DEBUG. Timings may be affected.
[NON-XML-CHAR-0x1B][m[NON-XML-CHAR-0x1B][0;32mBM_Bar     [NON-XML-CHAR-0x1B][m[NON-XML-CHAR-0x1B][0;33m      12.1 ns         2.34 ns   [NON-XML-CHAR-0x1B][m[NON-XML-CHAR-0x1B][0;36m  10347743[NON-XML-CHAR-0x1B][m
[NON-XML-CHAR-0x1B][m[NON-XML-CHAR-0x1B][0;32mBM_FooBar  [NON-XML-CHAR-0x1B][m[NON-XML-CHAR-0x1B][0;33m      10.8 ns         2.69 ns   [NON-XML-CHAR-0x1B][m[NON-XML-CHAR-0x1B][0;36m   8597275[NON-XML-CHAR-0x1B][m
[NON-XML-CHAR-0x1B][m[NON-XML-CHAR-0x1B][0;32mBM_FooBa   [NON-XML-CHAR-0x1B][m[NON-XML-CHAR-0x1B][0;33m      4.71 ns         2.17 ns   [NON-XML-CHAR-0x1B][m[NON-XML-CHAR-0x1B][0;36m   4702448[NON-XML-CHAR-0x1B][m
[NON-XML-CHAR-0x1B][m
</Value>
			</Measurement>
		</Results>
	</Test>
	<Test Status="passed">
		<Name>report_aggregates_only_test</Name>
		<Path>./_deps/googlebenchmark-build/test</Path>
		<FullName>./_deps/googlebenchmark-build/test/report_aggregates_only_test</FullName>
		<FullCommandLine>/home/glf/MPRPC/build/_deps/googlebenchmark-build/test/report_aggregates_only_test &quot;--benchmark_min_time=0.01&quot;</FullCommandLine>
		<Results>
			<NamedMeasurement type="numeric/double" name="Execution Time"><Value>0.183019</Value></NamedMeasurement>
			<NamedMeasurement type="text/string" name="Completion Status"><Value>Completed</Value></NamedMeasurement>
			<NamedMeasurement type="text/string" name="Command Line"><Value>/home/glf/MPRPC/build/_deps/googlebenchmark-build/test/report_aggregates_only_test &quot;--benchmark_min_time=0.01&quot;</Value></NamedMeasurement>
			<Measurement>
				<Value>Will be using this as the tmp file: test.ddfd4d
2025-09-02T18:30:45+08:00
Running /home/glf/MPRPC/build/_deps/googlebenchmark-build/test/report_aggregates_only_test
Run on (2 X 2688 MHz CPU s)
CPU Caches:
  L1 Data 48 KiB (x2)
  L1 Instruction 32 KiB (x2)
  L2 Unified 1280 KiB (x2)
  L3 Unified 24576 KiB (x2)
Load Average: 5.08, 1.64, 1.14
***WARNING*** Library was built as DEBUG. Timings may be affected.
----------------------------------------------------------------------------
Benchmark                                  Time             CPU   Iterations
----------------------------------------------------------------------------
BM_SummaryRepeat/repeats:3_mean         8.29 ns         2.08 ns            3
BM_SummaryRepeat/repeats:3_median       8.58 ns         2.00 ns            3
BM_SummaryRepeat/repeats:3_stddev       2.08 ns        0.212 ns            3
</Value>
			</Measurement>
		</Results>
	</Test>
	<Test Status="passed">
		<Name>filter_simple</Name>
		<Path>./_deps/googlebenchmark-build/test</Path>
		<FullName>./_deps/googlebenchmark-build/test/filter_simple</FullName>
		<FullCommandLine>/home/glf/MPRPC/build/_deps/googlebenchmark-build/test/filter_test &quot;--benchmark_min_time=0.01&quot; &quot;--benchmark_filter=Foo&quot; &quot;3&quot;</FullCommandLine>
		<Results>
			<NamedMeasurement type="numeric/double" name="Execution Time"><Value>0.395926</Value></NamedMeasurement>
			<NamedMeasurement type="text/string" name="Completion Status"><Value>Completed</Value></NamedMeasurement>
			<NamedMeasurement type="text/string" name="Command Line"><Value>/home/glf/MPRPC/build/_deps/googlebenchmark-build/test/filter_test &quot;--benchmark_min_time=0.01&quot; &quot;--benchmark_filter=Foo&quot; &quot;3&quot;</Value></NamedMeasurement>
			<Measurement>
				<Value>2025-09-02T18:30:45+08:00
Running /home/glf/MPRPC/build/_deps/googlebenchmark-build/test/filter_test
Run on (2 X 2688 MHz CPU s)
CPU Caches:
  L1 Data 48 KiB (x2)
  L1 Instruction 32 KiB (x2)
  L2 Unified 1280 KiB (x2)
  L3 Unified 24576 KiB (x2)
Load Average: 5.08, 1.64, 1.14
***WARNING*** Library was built as DEBUG. Timings may be affected.
-----------------------------------------------------
Benchmark           Time             CPU   Iterations
-----------------------------------------------------
[NON-XML-CHAR-0x1B][0;32mBM_Foo     [NON-XML-CHAR-0x1B][m[NON-XML-CHAR-0x1B][0;33m      5.21 ns         1.70 ns   [NON-XML-CHAR-0x1B][m[NON-XML-CHAR-0x1B][0;36m   7119186[NON-XML-CHAR-0x1B][m
[NON-XML-CHAR-0x1B][m[NON-XML-CHAR-0x1B][0;32mBM_FooBar  [NON-XML-CHAR-0x1B][m[NON-XML-CHAR-0x1B][0;33m      3.43 ns         1.99 ns   [NON-XML-CHAR-0x1B][m[NON-XML-CHAR-0x1B][0;36m  11226657[NON-XML-CHAR-0x1B][m
[NON-XML-CHAR-0x1B][m[NON-XML-CHAR-0x1B][0;32mBM_FooBa   [NON-XML-CHAR-0x1B][m[NON-XML-CHAR-0x1B][0;33m      6.07 ns         1.74 ns   [NON-XML-CHAR-0x1B][m[NON-XML-CHAR-0x1B][0;36m   8362827[NON-XML-CHAR-0x1B][m
[NON-XML-CHAR-0x1B][m
</Value>
			</Measurement>
		</Results>
	</Test>
	<Test Status="passed">
		<Name>filter_regex_wildcard</Name>
		<Path>./_deps/googlebenchmark-build/test</Path>
		<FullName>./_deps/googlebenchmark-build/test/filter_regex_wildcard</FullName>
		<FullCommandLine>/home/glf/MPRPC/build/_deps/googlebenchmark-build/test/filter_test &quot;--benchmark_min_time=0.01&quot; &quot;--benchmark_filter=.*Foo.*&quot; &quot;3&quot;</FullCommandLine>
		<Results>
			<NamedMeasurement type="numeric/double" name="Execution Time"><Value>0.344671</Value></NamedMeasurement>
			<NamedMeasurement type="text/string" name="Completion Status"><Value>Completed</Value></NamedMeasurement>
			<NamedMeasurement type="text/string" name="Command Line"><Value>/home/glf/MPRPC/build/_deps/googlebenchmark-build/test/filter_test &quot;--benchmark_min_time=0.01&quot; &quot;--benchmark_filter=.*Foo.*&quot; &quot;3&quot;</Value></NamedMeasurement>
			<Measurement>
				<Value>-----------------------------------------------------
Benchmark           Time             CPU   Iterations
-----------------------------------------------------
[NON-XML-CHAR-0x1B][0;32mBM_Foo     [NON-XML-CHAR-0x1B][m[NON-XML-CHAR-0x1B][0;33m      6.17 ns         1.73 ns   [NON-XML-CHAR-0x1B][m[NON-XML-CHAR-0x1B][0;36m   8016372[NON-XML-CHAR-0x1B][m
[NON-XML-CHAR-0x1B][m[NON-XML-CHAR-0x1B][0;32mBM_FooBar  [NON-XML-CHAR-0x1B][m[NON-XML-CHAR-0x1B][0;33m      5.24 ns         1.81 ns   [NON-XML-CHAR-0x1B][m[NON-XML-CHAR-0x1B][0;36m   9033342[NON-XML-CHAR-0x1B][m
[NON-XML-CHAR-0x1B][m[NON-XML-CHAR-0x1B][0;32mBM_FooBa   [NON-XML-CHAR-0x1B][m[NON-XML-CHAR-0x1B][0;33m      5.14 ns         2.14 ns   [NON-XML-CHAR-0x1B][m[NON-XML-CHAR-0x1B][0;36m   9000246[NON-XML-CHAR-0x1B][m
2025-09-02T18:30:45+08:00
Running /home/glf/MPRPC/build/_deps/googlebenchmark-build/test/filter_test
Run on (2 X 2688 MHz CPU s)
CPU Caches:
  L1 Data 48 KiB (x2)
  L1 Instruction 32 KiB (x2)
  L2 Unified 1280 KiB (x2)
  L3 Unified 24576 KiB (x2)
Load Average: 5.08, 1.64, 1.14
***WARNING*** Library was built as DEBUG. Timings may be affected.
[NON-XML-CHAR-0x1B][m
</Value>
			</Measurement>
		</Results>
	</Test>
	<Test Status="passed">
		<Name>templated_fixture_test</Name>
		<Path>./_deps/googlebenchmark-build/test</Path>
		<FullName>./_deps/googlebenchmark-build/test/templated_fixture_test</FullName>
		<FullCommandLine>/home/glf/MPRPC/build/_deps/googlebenchmark-build/test/templated_fixture_test &quot;--benchmark_min_time=0.01&quot;</FullCommandLine>
		<Results>
			<NamedMeasurement type="numeric/double" name="Execution Time"><Value>0.365832</Value></NamedMeasurement>
			<NamedMeasurement type="text/string" name="Completion Status"><Value>Completed</Value></NamedMeasurement>
			<NamedMeasurement type="text/string" name="Command Line"><Value>/home/glf/MPRPC/build/_deps/googlebenchmark-build/test/templated_fixture_test &quot;--benchmark_min_time=0.01&quot;</Value></NamedMeasurement>
			<Measurement>
				<Value>2025-09-02T18:30:45+08:00
Running /home/glf/MPRPC/build/_deps/googlebenchmark-build/test/templated_fixture_test
Run on (2 X 2688 MHz CPU s)
CPU Caches:
  L1 Data 48 KiB (x2)
  L1 Instruction 32 KiB (x2)
  L2 Unified 1280 KiB (x2)
  L3 Unified 24576 KiB (x2)
Load Average: 5.08, 1.64, 1.14
***WARNING*** Library was built as DEBUG. Timings may be affected.
----------------------------------------------------------------
Benchmark                      Time             CPU   Iterations
----------------------------------------------------------------
MyFixture&lt;int&gt;/Foo          8.83 ns         2.11 ns      8198944
MyFixture&lt;double&gt;/Bar       20.0 ns         5.06 ns      3159922
</Value>
			</Measurement>
		</Results>
	</Test>
	<Test Status="passed">
		<Name>filter_simple_negative</Name>
		<Path>./_deps/googlebenchmark-build/test</Path>
		<FullName>./_deps/googlebenchmark-build/test/filter_simple_negative</FullName>
		<FullCommandLine>/home/glf/MPRPC/build/_deps/googlebenchmark-build/test/filter_test &quot;--benchmark_min_time=0.01&quot; &quot;--benchmark_filter=-Foo&quot; &quot;2&quot;</FullCommandLine>
		<Results>
			<NamedMeasurement type="numeric/double" name="Execution Time"><Value>0.144909</Value></NamedMeasurement>
			<NamedMeasurement type="text/string" name="Completion Status"><Value>Completed</Value></NamedMeasurement>
			<NamedMeasurement type="text/string" name="Command Line"><Value>/home/glf/MPRPC/build/_deps/googlebenchmark-build/test/filter_test &quot;--benchmark_min_time=0.01&quot; &quot;--benchmark_filter=-Foo&quot; &quot;2&quot;</Value></NamedMeasurement>
			<Measurement>
				<Value>2025-09-02T18:30:45+08:00
Running /home/glf/MPRPC/build/_deps/googlebenchmark-build/test/filter_test
Run on (2 X 2688 MHz CPU s)
CPU Caches:
  L1 Data 48 KiB (x2)
  L1 Instruction 32 KiB (x2)
  L2 Unified 1280 KiB (x2)
  L3 Unified 24576 KiB (x2)
Load Average: 5.08, 1.64, 1.14
***WARNING*** Library was built as DEBUG. Timings may be affected.
-----------------------------------------------------
Benchmark           Time             CPU   Iterations
-----------------------------------------------------
[NON-XML-CHAR-0x1B][0;32mNoPrefix   [NON-XML-CHAR-0x1B][m[NON-XML-CHAR-0x1B][0;33m      5.59 ns         1.80 ns   [NON-XML-CHAR-0x1B][m[NON-XML-CHAR-0x1B][0;36m   6876819[NON-XML-CHAR-0x1B][m
[NON-XML-CHAR-0x1B][m[NON-XML-CHAR-0x1B][0;32mBM_Bar     [NON-XML-CHAR-0x1B][m[NON-XML-CHAR-0x1B][0;33m      62.5 ns         1.35 ns   [NON-XML-CHAR-0x1B][m[NON-XML-CHAR-0x1B][0;36m   1000000[NON-XML-CHAR-0x1B][m
[NON-XML-CHAR-0x1B][m
</Value>
			</Measurement>
		</Results>
	</Test>
	<Test Status="passed">
		<Name>diagnostics_test</Name>
		<Path>./_deps/googlebenchmark-build/test</Path>
		<FullName>./_deps/googlebenchmark-build/test/diagnostics_test</FullName>
		<FullCommandLine>/home/glf/MPRPC/build/_deps/googlebenchmark-build/test/diagnostics_test &quot;--benchmark_min_time=0.01&quot;</FullCommandLine>
		<Results>
			<NamedMeasurement type="numeric/double" name="Execution Time"><Value>0.189467</Value></NamedMeasurement>
			<NamedMeasurement type="text/string" name="Completion Status"><Value>Completed</Value></NamedMeasurement>
			<NamedMeasurement type="text/string" name="Command Line"><Value>/home/glf/MPRPC/build/_deps/googlebenchmark-build/test/diagnostics_test &quot;--benchmark_min_time=0.01&quot;</Value></NamedMeasurement>
			<Measurement>
				<Value>--------------------------------------------------------------------------
Benchmark                                Time             CPU   Iterations
--------------------------------------------------------------------------
BM_diagnostic_test                    8.19 ns         4.59 ns      4843242
BM_diagnostic_test_keep_running       7.35 ns         5.33 ns      2129133
2025-09-02T18:30:45+08:00
Running /home/glf/MPRPC/build/_deps/googlebenchmark-build/test/diagnostics_test
Run on (2 X 2688 MHz CPU s)
CPU Caches:
  L1 Data 48 KiB (x2)
  L1 Instruction 32 KiB (x2)
  L2 Unified 1280 KiB (x2)
  L3 Unified 24576 KiB (x2)
Load Average: 5.08, 1.64, 1.14
***WARNING*** Library was built as DEBUG. Timings may be affected.
_deps/googlebenchmark-src/src/benchmark.cc:239: PauseTiming: Check `started_ &amp;&amp; !finished_ &amp;&amp; !error_occurred_&apos; failed. 
_deps/googlebenchmark-src/src/benchmark.cc:253: ResumeTiming: Check `started_ &amp;&amp; !finished_ &amp;&amp; !error_occurred_&apos; failed. 
_deps/googlebenchmark-src/src/benchmark.cc:239: PauseTim...
The rest of the test output was removed since it exceeds the threshold of 1024 bytes.
</Value>
			</Measurement>
		</Results>
	</Test>
	<Test Status="passed">
		<Name>filter_suffix</Name>
		<Path>./_deps/googlebenchmark-build/test</Path>
		<FullName>./_deps/googlebenchmark-build/test/filter_suffix</FullName>
		<FullCommandLine>/home/glf/MPRPC/build/_deps/googlebenchmark-build/test/filter_test &quot;--benchmark_min_time=0.01&quot; &quot;--benchmark_filter=BM_.*&quot; &quot;4&quot;</FullCommandLine>
		<Results>
			<NamedMeasurement type="numeric/double" name="Execution Time"><Value>0.497178</Value></NamedMeasurement>
			<NamedMeasurement type="text/string" name="Completion Status"><Value>Completed</Value></NamedMeasurement>
			<NamedMeasurement type="text/string" name="Command Line"><Value>/home/glf/MPRPC/build/_deps/googlebenchmark-build/test/filter_test &quot;--benchmark_min_time=0.01&quot; &quot;--benchmark_filter=BM_.*&quot; &quot;4&quot;</Value></NamedMeasurement>
			<Measurement>
				<Value>-----------------------------------------------------
Benchmark           Time             CPU   Iterations
-----------------------------------------------------
[NON-XML-CHAR-0x1B][0;32mBM_Foo     [NON-XML-CHAR-0x1B][m[NON-XML-CHAR-0x1B][0;33m      5.92 ns         1.40 ns   [NON-XML-CHAR-0x1B][m[NON-XML-CHAR-0x1B][0;36m  11560999[NON-XML-CHAR-0x1B][m
2025-09-02T18:30:45+08:00
Running /home/glf/MPRPC/build/_deps/googlebenchmark-build/test/filter_test
Run on (2 X 2688 MHz CPU s)
CPU Caches:
  L1 Data 48 KiB (x2)
  L1 Instruction 32 KiB (x2)
  L2 Unified 1280 KiB (x2)
  L3 Unified 24576 KiB (x2)
Load Average: 5.08, 1.64, 1.14
***WARNING*** Library was built as DEBUG. Timings may be affected.
[NON-XML-CHAR-0x1B][m[NON-XML-CHAR-0x1B][0;32mBM_Bar     [NON-XML-CHAR-0x1B][m[NON-XML-CHAR-0x1B][0;33m      6.03 ns         1.71 ns   [NON-XML-CHAR-0x1B][m[NON-XML-CHAR-0x1B][0;36m   6516041[NON-XML-CHAR-0x1B][m
[NON-XML-CHAR-0x1B][m[NON-XML-CHAR-0x1B][0;32mBM_FooBar  [NON-XML-CHAR-0x1B][m[NON-XML-CHAR-0x1B][0;33m      5.52 ns         1.68 ns   [NON-XML-CHAR-0x1B][m[NON-XML-CHAR-0x1B][0;36m   6774251[NON-XML-CHAR-0x1B][m
[NON-XML-CHAR-0x1B][m[NON-XML-CHAR-0x1B][0;32mBM_FooBa   [NON-XML-CHAR-0x1B][m[NON-XML-CHAR-0x1B][0;33m      7.36 ns         2.07 ns   [NON-XML-CHAR-0x1B][m[NON-XML-CHAR-0x1B][0;36m   9107646[NON-XML-CHAR-0x1B][m
[NON-XML-CHAR-0x1B][m
</Value>
			</Measurement>
		</Results>
	</Test>
	<Test Status="passed">
		<Name>filter_regex_wildcard_negative</Name>
		<Path>./_deps/googlebenchmark-build/test</Path>
		<FullName>./_deps/googlebenchmark-build/test/filter_regex_wildcard_negative</FullName>
		<FullCommandLine>/home/glf/MPRPC/build/_deps/googlebenchmark-build/test/filter_test &quot;--benchmark_min_time=0.01&quot; &quot;--benchmark_filter=-.*Foo.*&quot; &quot;2&quot;</FullCommandLine>
		<Results>
			<NamedMeasurement type="numeric/double" name="Execution Time"><Value>0.163833</Value></NamedMeasurement>
			<NamedMeasurement type="text/string" name="Completion Status"><Value>Completed</Value></NamedMeasurement>
			<NamedMeasurement type="text/string" name="Command Line"><Value>/home/glf/MPRPC/build/_deps/googlebenchmark-build/test/filter_test &quot;--benchmark_min_time=0.01&quot; &quot;--benchmark_filter=-.*Foo.*&quot; &quot;2&quot;</Value></NamedMeasurement>
			<Measurement>
				<Value>2025-09-02T18:30:46+08:00
Running /home/glf/MPRPC/build/_deps/googlebenchmark-build/test/filter_test
Run on (2 X 2688 MHz CPU s)
CPU Caches:
  L1 Data 48 KiB (x2)
  L1 Instruction 32 KiB (x2)
  L2 Unified 1280 KiB (x2)
  L3 Unified 24576 KiB (x2)
Load Average: 5.08, 1.64, 1.14
***WARNING*** Library was built as DEBUG. Timings may be affected.
-----------------------------------------------------
Benchmark           Time             CPU   Iterations
-----------------------------------------------------
[...]
				<Value>NoPrefix
BM_Foo
BM_Bar
BM_FooBar
</Value>
			</Measurement>
		</Results>
	</Test>
	<Test Status="passed">
		<Name>donotoptimize_test</Name>
		<Path>./_deps/googlebenchmark-build/test</Path>
		<FullName>./_deps/googlebenchmark-build/test/donotoptimize_test</FullName>
		<FullCommandLine>/home/glf/MPRPC/build/_deps/googlebenchmark-build/test/donotoptimize_test &quot;--benchmark_min_time=0.01&quot;</FullCommandLine>
		<Results>
			<NamedMeasurement type="numeric/double" name="Execution Time"><Value>0.088012</Value></NamedMeasurement>
			<NamedMeasurement type="text/string" name="Completion Status"><Value>Completed</Value></NamedMeasurement>
			<NamedMeasurement type="text/string" name="Command Line"><Value>/home/glf/MPRPC/build/_deps/googlebenchmark-build/test/donotoptimize_test &quot;--benchmark_min_time=0.01&quot;</Value></NamedMeasurement>
			<Measurement>
				<Value></Value>
			</Measurement>
		</Results>
	</Test>
	<Test Status="passed">
		<Name>filter_regex_blank_list_only</Name>
		<Path>./_deps/googlebenchmark-build/test</Path>
		<FullName>./_deps/googlebenchmark-build/test/filter_regex_blank_list_only</FullName>
		<FullCommandLine>/home/glf/MPRPC/build/_deps/googlebenchmark-build/test/filter_test &quot;--benchmark_list_tests&quot; &quot;--benchmark_filter=&quot; &quot;5&quot;</FullCommandLine>
		<Results>
			<NamedMeasurement type="numeric/double" name="Execution Time"><Value>0.110114</Value></NamedMeasurement>
			<NamedMeasurement type="text/string" name="Completion Status"><Value>Completed</Value></NamedMeasurement>
			<NamedMeasurement type="text/string" name="Command Line"><Value>/home/glf/MPRPC/build/_deps/googlebenchmark-build/test/filter_test &quot;--benchmark_list_tests&quot; &quot;--benchmark_filter=&quot; &quot;5&quot;</Value></NamedMeasurement>
			<Measurement>
				<Value>NoPrefix
BM_Foo
BM_Bar
BM_FooBar
BM_FooBa
</Value>
			</Measurement>
		</Results>
	</Test>
	<Test Status="passed">
		<Name>benchmark_gtest</Name>
		<Path>./_deps/googlebenchmark-build/test</Path>
		<FullName>./_deps/googlebenchmark-build/test/benchmark_gtest</FullName>
		<FullCommandLine>/home/glf/MPRPC/build/_deps/googlebenchmark-build/test/benchmark_gtest</FullCommandLine>
		<Results>
			<NamedMeasurement type="numeric/double" name="Execution Time"><Value>0.151596</Value></NamedMeasurement>
			<NamedMeasurement type="text/string" name="Completion Status"><Value>Completed</Value></NamedMeasurement>
			<NamedMeasurement type="text/string" name="Command Line"><Value>/home/glf/MPRPC/build/_deps/googlebenchmark-build/test/benchmark_gtest</Value></NamedMeasurement>
			<Measurement>
				<Value>Running main() from gmock_main.cc
[==========] Running 20 tests from 2 test suites.
[----------] Global test environment set-up.
[----------] 18 tests from AddRangeTest
[ RUN      ] AddRangeTest.Simple
[       OK ] AddRangeTest.Simple (0 ms)
[ RUN      ] AddRangeTest.Simple64
[       OK ] AddRangeTest.Simple64 (0 ms)
[ RUN      ] AddRangeTest.Advanced
[       OK ] AddRangeTest.Advanced (0 ms)
[ RUN      ] AddRangeTest.Advanced64
[       OK ] AddRangeTest.Advanced64 (0 ms)
[ RUN      ] AddRangeTest.FullRange8
[       OK ] AddRangeTest.FullRange8 (0 ms)
[ RUN      ] AddRangeTest.FullRange64
[       OK ] AddRangeTest.FullRange64 (0 ms)
[ RUN      ] AddRangeTest.NegativeRanges
[       OK ] AddRangeTest.NegativeRanges (0 ms)
[ RUN      ] AddRangeTest.StrictlyNegative
[       OK ] AddRangeTest.StrictlyNegative (0 ms)
[ RUN      ] AddRangeTest.SymmetricNegativeRanges
[       OK ] AddRangeTest.SymmetricNegativeRanges (0 ms)
[ RUN      ] AddRangeTest.SymmetricNegativeRangesOddMult
Failed to add custom context &quot;foo&quot; as...
The rest of the test output was removed since it exceeds the threshold of 1024 bytes.
</Value>
			</Measurement>
		</Results>
	</Test>
	<Test Status="passed">
		<Name>statistics_gtest</Name>
		<Path>./_deps/googlebenchmark-build/test</Path>
		<FullName>./_deps/googlebenchmark-build/test/statistics_gtest</FullName>
		<FullCommandLine>/home/glf/MPRPC/build/_deps/googlebenchmark-build/test/statistics_gtest</FullCommandLine>
		<Results>
			<NamedMeasurement type="numeric/double" name="Execution Time"><Value>0.0698662</Value></NamedMeasurement>
			<NamedMeasurement type="text/string" name="Completion Status"><Value>Completed</Value></NamedMeasurement>
			<NamedMeasurement type="text/string" name="Command Line"><Value>/home/glf/MPRPC/build/_deps/googlebenchmark-build/test/statistics_gtest</Value></NamedMeasurement>
			<Measurement>
				<Value>Running main() from gmock_main.cc
[==========] Running 3 tests from 1 test suite.
[----------] Global test environment set-up.
[----------] 3 tests from StatisticsTest
[ RUN      ] StatisticsTest.Mean
[       OK ] StatisticsTest.Mean (0 ms)
[ RUN      ] StatisticsTest.Median
[       OK ] StatisticsTest.Median (0 ms)
[ RUN      ] StatisticsTest.StdDev
[       OK ] StatisticsTest.StdDev (0 ms)
[----------] 3 tests from StatisticsTest (0 ms total)

[----------] Global test environment tear-down
[==========] 3 tests from 1 test suite ran. (0 ms total)
[  PASSED  ] 3 tests.
</Value>
			</Measurement>
		</Results>
	</Test>
	<Test Status="passed">
		<Name>filter_regex_blank_negative</Name>
		<Path>./_deps/googlebenchmark-build/test</Path>
		<FullName>./_deps/googlebenchmark-build/test/filter_regex_blank_negative</FullName>
		<FullCommandLine>/home/glf/MPRPC/build/_deps/googlebenchmark-build/test/filter_test &quot;--benchmark_min_time=0.01&quot; &quot;--benchmark_filter=-&quot; &quot;0&quot;</FullCommandLine>
		<Results>
			<NamedMeasurement type="numeric/double" name="Execution Time"><Value>0.100812</Value></NamedMeasurement>
			<NamedMeasurement type="text/string" name="Completion Status"><Value>Completed</Value></NamedMeasurement>
			<NamedMeasurement type="text/string" name="Command Line"><Value>/home/glf/MPRPC/build/_deps/googlebenchmark-build/test/filter_test &quot;--benchmark_min_time=0.01&quot; &quot;--benchmark_filter=-&quot; &quot;0&quot;</Value></NamedMeasurement>
			<Measurement>
				<Value>Failed to match any benchmarks against regex: -
</Value>
			</Measurement>
		</Results>
	</Test>
	<Test Status="passed">
		<Name>filter_regex_begin_list_only</Name>
		<Path>./_deps/googlebenchmark-build/test</Path>
		<FullName>./_deps/googlebenchmark-build/test/filter_regex_begin_list_only</FullName>
		<FullCommandLine>/home/glf/MPRPC/build/_deps/googlebenchmark-build/test/filter_test &quot;--benchmark_list_tests&quot; &quot;--benchmark_filter=^BM_.*&quot; &quot;4&quot;</FullCommandLine>
		<Results>
			<NamedMeasurement type="numeric/double" name="Execution Time"><Value>0.168843</Value></NamedMeasurement>
			<NamedMeasurement type="text/string" name="Completion Status"><Value>Completed</Value></NamedMeasurement>
			<NamedMeasurement type="text/string" name="Command Line"><Value>/home/glf/MPRPC/build/_deps/googlebenchmark-build/test/filter_test &quot;--benchmark_list_tests&quot; &quot;--benchmark_filter=^BM_.*&quot; &quot;4&quot;</Value></NamedMeasurement>
			<Measurement>
				<Value>BM_Foo
BM_Bar
BM_FooBar
BM_FooBa
</Value>
			</Measurement>
		</Results>
	</Test>
	<Test Status="passed">
		<Name>filter_simple_negative_list_only</Name>
		<Path>./_deps/googlebenchmark-build/test</Path>
		<FullName>./_deps/googlebenchmark-build/test/filter_simple_negative_list_only</FullName>
		<FullCommandLine>/home/glf/MPRPC/build/_deps/googlebenchmark-build/test/filter_test &quot;--benchmark_list_tests&quot; &quot;--benchmark_filter=-Foo&quot; &quot;2&quot;</FullCommandLine>
		<Results>
			<NamedMeasurement type="numeric/double" name="Execution Time"><Value>0.130175</Value></NamedMeasurement>
			<NamedMeasurement type="text/string" name="Completion Status"><Value>Completed</Value></NamedMeasurement>
			<NamedMeasurement type="text/string" name="Command Line"><Value>/home/glf/MPRPC/build/_deps/googlebenchmark-build/test/filter_test &quot;--benchmark_list_tests&quot; &quot;--benchmark_filter=-Foo&quot; &quot;2&quot;</Value></NamedMeasurement>
			<Measurement>
				<Value>NoPrefix
BM_Bar
</Value>
			</Measurement>
		</Results>
	</Test>
	<Test Status="passed">
		<Name>perf_counters_test</Name>
		<Path>./_deps/googlebenchmark-build/test</Path>
		<FullName>./_deps/googlebenchmark-build/test/perf_counters_test</FullName>
		<FullCommandLine>/home/glf/MPRPC/build/_deps/googlebenchmark-build/test/perf_counters_test &quot;--benchmark_min_time=0.01&quot; &quot;--benchmark_perf_counters=CYCLES,BRANCHES&quot;</FullCommandLine>
		<Results>
			<NamedMeasurement type="numeric/double" name="Execution Time"><Value>0.0929191</Value></NamedMeasurement>
			<NamedMeasurement type="text/string" name="Completion Status"><Value>Completed</Value></NamedMeasurement>
			<NamedMeasurement type="text/string" name="Command Line"><Value>/home/glf/MPRPC/build/_deps/googlebenchmark-build/test/perf_counters_test &quot;--benchmark_min_time=0.01&quot; &quot;--benchmark_perf_counters=CYCLES,BRANCHES&quot;</Value></NamedMeasurement>
			<Measurement>
				<Value></Value>
			</Measurement>
		</Results>
	</Test>
	<Test Status="passed">
		<Name>filter_suffix_list_only</Name>
		<Path>./_deps/googlebenchmark-build/test</Path>
		<FullName>./_deps/googlebenchmark-build/test/filter_suffix_list_only</FullName>
		<FullCommandLine>/home/glf/MPRPC/build/_deps/googlebenchmark-build/test/filter_test &quot;--benchmark_list_tests&quot; &quot;--benchmark_filter=BM_.*&quot; &quot;4&quot;</FullCommandLine>
		<Results>
			<NamedMeasurement type="numeric/double" name="Execution Time"><Value>0.154019</Value></NamedMeasurement>
			<NamedMeasurement type="text/string" name="Completion Status"><Value>Completed</Value></NamedMeasurement>
			<NamedMeasurement type="text/string" name="Command Line"><Value>/home/glf/MPRPC/build/_deps/googlebenchmark-build/test/filter_test &quot;--benchmark_list_tests&quot; &quot;--benchmark_filter=BM_.*&quot; &quot;4&quot;</Value></NamedMeasurement>
			<Measurement>
				<Value>BM_Foo
BM_Bar
BM_FooBar
BM_FooBa
</Value>
			</Measurement>
		</Results>
	</Test>
	<Test Status="passed">
		<Name>filter_regex_wildcard_negative_list_only</Name>
		<Path>./_deps/googlebenchmark-build/test</Path>
		<FullName>./_deps/googlebenchmark-build/test/filter_regex_wildcard_negative_list_only</FullName>
		<FullCommandLine>/home/glf/MPRPC/build/_deps/googlebenchmark-build/test/filter_test &quot;--benchmark_list_tests&quot; &quot;--benchmark_filter=-.*Foo.*&quot; &quot;2&quot;</FullCommandLine>
		<Results>
			<NamedMeasurement type="numeric/double" name="Execution Time"><Value>0.111271</Value></NamedMeasurement>
			<NamedMeasurement type="text/string" name="Completion Status"><Value>Completed</Value></NamedMeasurement>
			<NamedMeasurement type="text/string" name="Command Line"><Value>/home/glf/MPRPC/build/_deps/googlebenchmark-build/test/filter_test &quot;--benchmark_list_tests&quot; &quot;--benchmark_filter=-.*Foo.*&quot; &quot;2&quot;</Value></NamedMeasurement>
			<Measurement>
				<Value>NoPrefix
BM_Bar
</Value>
			</Measurement>
		</Results>
	</Test>
	<Test Status="passed">
		<Name>filter_regex_wildcard_list_only</Name>
		<Path>./_deps/googlebenchmark-build/test</Path>
		<FullName>./_deps/googlebenchmark-build/test/filter_regex_wildcard_list_only</FullName>
		<FullCommandLine>/home/glf/MPRPC/build/_deps/googlebenchmark-build/test/filter_test &quot;--benchmark_list_tests&quot; &quot;--benchmark_filter=.*Foo.*&quot; &quot;3&quot;</FullCommandLine>
		<Results>
			<NamedMeasurement type="numeric/double" name="Execution Time"><Value>0.081984</Value></NamedMeasurement>
			<NamedMeasurement type="text/string" name="Completion Status"><Value>Completed</Value></NamedMeasurement>
			<NamedMeasurement type="text/string" name="Command Line"><Value>/home/glf/MPRPC/build/_deps/googlebenchmark-build/test/filter_test &quot;--benchmark_list_tests&quot; &quot;--benchmark_filter=.*Foo.*&quot; &quot;3&quot;</Value></NamedMeasurement>
			<Measurement>
				<Value>BM_Foo
BM_FooBar
BM_FooBa
</Value>
			</Measurement>
		</Results>
	</Test>
	<Test Status="passed">
		<Name>filter_regex_none_negative_list_only</Name>
		<Path>./_deps/googlebenchmark-build/test</Path>
		<FullName>./_deps/googlebenchmark-build/test/filter_regex_none_negative_list_only</FullName>
		<FullCommandLine>/home/glf/MPRPC/build/_deps/googlebenchmark-build/test/filter_test &quot;--benchmark_list_tests&quot; &quot;--benchmark_filter=-monkey&quot; &quot;5&quot;</FullCommandLine>
		<Results>
			<NamedMeasurement type="numeric/double" name="Execution Time"><Value>0.0343938</Value></NamedMeasurement>
			<NamedMeasurement type="text/string" name="Completion Status"><Value>Completed</Value></NamedMeasurement>
			<NamedMeasurement type="text/string" name="Command Line"><Value>/home/glf/MPRPC/build/_deps/googlebenchmark-build/test/filter_test &quot;--benchmark_list_tests&quot; &quot;--benchmark_filter=-monkey&quot; &quot;5&quot;</Value></NamedMeasurement>
			<Measurement>
				<Value>NoPrefix
BM_Foo
BM_Bar
BM_FooBar
BM_FooBa
</Value>
			</Measurement>
		</Results>
	</Test>
	<Test Status="passed">
		<Name>filter_regex_begin_negative_list_only</Name>
		<Path>./_deps/googlebenchmark-build/test</Path>
		<FullName>./_deps/googlebenchmark-build/test/filter_regex_begin_negative_list_only</FullName>
		<FullCommandLine>/home/glf/MPRPC/build/_deps/googlebenchmark-build/test/filter_test &quot;--benchmark_list_tests&quot; &quot;--benchmark_filter=-^BM_.*&quot; &quot;1&quot;</FullCommandLine>
		<Results>
			<NamedMeasurement type="numeric/double" name="Execution Time"><Value>0.0653541</Value></NamedMeasurement>
			<NamedMeasurement type="text/string" name="Completion Status"><Value>Completed</Value></NamedMeasurement>
			<NamedMeasurement type="text/string" name="Command Line"><Value>/home/glf/MPRPC/build/_deps/googlebenchmark-build/test/filter_test &quot;--benchmark_list_tests&quot; &quot;--benchmark_filter=-^BM_.*&quot; &quot;1&quot;</Value></NamedMeasurement>
			<Measurement>
				<Value>NoPrefix
</Value>
			</Measurement>
		</Results>
	</Test>
	<Test Status="passed">
		<Name>filter_regex_blank_negative_list_only</Name>
		<Path>./_deps/googlebenchmark-build/test</Path>
		<FullName>./_deps/googlebenchmark-build/test/filter_regex_blank_negative_list_only</FullName>
		<FullCommandLine>/home/glf/MPRPC/build/_deps/googlebenchmark-build/test/filter_test &quot;--benchmark_list_tests&quot; &quot;--benchmark_filter=-&quot; &quot;0&quot;</FullCommandLine>
		<Results>
			<NamedMeasurement type="numeric/double" name="Execution Time"><Value>0.184911</Value></NamedMeasurement>
			<NamedMeasurement type="text/string" name="Completion Status"><Value>Completed</Value></NamedMeasurement>
			<NamedMeasurement type="text/string" name="Command Line"><Value>/home/glf/MPRPC/build/_deps/googlebenchmark-build/test/filter_test &quot;--benchmark_list_tests&quot; &quot;--benchmark_filter=-&quot; &quot;0&quot;</Value></NamedMeasurement>
			<Measurement>
				<Value>Failed to match any benchmarks against regex: -
</Value>
			</Measurement>
		</Results>
	</Test>
	<Test Status="passed">
		<Name>filter_regex_all_list_only</Name>
		<Path>./_deps/googlebenchmark-build/test</Path>
		<FullName>./_deps/googlebenchmark-build/test/filter_regex_all_list_only</FullName>
		<FullCommandLine>/home/glf/MPRPC/build/_deps/googlebenchmark-build/test/filter_test &quot;--benchmark_list_tests&quot; &quot;--benchmark_filter=.*&quot; &quot;5&quot;</FullCommandLine>
		<Results>
			<NamedMeasurement type="numeric/double" name="Execution Time"><Value>0.064729</Value></NamedMeasurement>
			<NamedMeasurement type="text/string" name="Completion Status"><Value>Completed</Value></NamedMeasurement>
			<NamedMeasurement type="text/string" name="Command Line"><Value>/home/glf/MPRPC/build/_deps/googlebenchmark-build/test/filter_test &quot;--benchmark_list_tests&quot; &quot;--benchmark_filter=.*&quot; &quot;5&quot;</Value></NamedMeasurement>
			<Measurement>
				<Value>NoPrefix
BM_Foo
BM_Bar
BM_FooBar
BM_FooBa
</Value>
			</Measurement>
		</Results>
	</Test>
	<Test Status="passed">
		<Name>filter_suffix_negative_list_only</Name>
		<Path>./_deps/googlebenchmark-build/test</Path>
		<FullName>./_deps/googlebenchmark-build/test/filter_suffix_negative_list_only</FullName>
		<FullCommandLine>/home/glf/MPRPC/build/_deps/googlebenchmark-build/test/filter_test &quot;--benchmark_list_tests&quot; &quot;--benchmark_filter=-BM_.*&quot; &quot;1&quot;</FullCommandLine>
		<Results>
			<NamedMeasurement type="numeric/double" name="Execution Time"><Value>0.157452</Value></NamedMeasurement>
			<NamedMeasurement type="text/string" name="Completion Status"><Value>Completed</Value></NamedMeasurement>
			<NamedMeasurement type="text/string" name="Command Line"><Value>/home/glf/MPRPC/build/_deps/googlebenchmark-build/test/filter_test &quot;--benchmark_list_tests&quot; &quot;--benchmark_filter=-BM_.*&quot; &quot;1&quot;</Value></NamedMeasurement>
			<Measurement>
				<Value>NoPrefix
</Value>
			</Measurement>
		</Results>
	</Test>
	<Test Status="passed">
		<Name>filter_simple_list_only</Name>
		<Path>./_deps/googlebenchmark-build/test</Path>
		<FullName>./_deps/googlebenchmark-build/test/filter_simple_list_only</FullName>
		<FullCommandLine>/home/glf/MPRPC/build/_deps/googlebenchmark-build/test/filter_test &quot;--benchmark_list_tests&quot; &quot;--benchmark_filter=Foo&quot; &quot;3&quot;</FullCommandLine>
		<Results>
			<NamedMeasurement type="numeric/double" name="Execution Time"><Value>0.120921</Value></NamedMeasurement>
			<NamedMeasurement type="text/string" name="Completion Status"><Value>Completed</Value></NamedMeasurement>
			<NamedMeasurement type="text/string" name="Command Line"><Value>/home/glf/MPRPC/build/_deps/googlebenchmark-build/test/filter_test &quot;--benchmark_list_tests&quot; &quot;--benchmark_filter=Foo&quot; &quot;3&quot;</Value></NamedMeasurement>
			<Measurement>
				<Value>BM_Foo
BM_FooBar
BM_FooBa
</Value>
			</Measurement>
		</Results>
	</Test>
	<Test Status="passed">
		<Name>filter_regex_end_list_only</Name>
		<Path>./_deps/googlebenchmark-build/test</Path>
		<FullName>./_deps/googlebenchmark-build/test/filter_regex_end_list_only</FullName>
		<FullCommandLine>/home/glf/MPRPC/build/_deps/googlebenchmark-build/test/filter_test &quot;--benchmark_list_tests&quot; &quot;--benchmark_filter=.*Ba$&quot; &quot;1&quot;</FullCommandLine>
		<Results>
			<NamedMeasurement type="numeric/double" name="Execution Time"><Value>0.10374</Value></NamedMeasurement>
			<NamedMeasurement type="text/string" name="Completion Status"><Value>Completed</Value></NamedMeasurement>
			<NamedMeasurement type="text/string" name="Command Line"><Value>/home/glf/MPRPC/build/_deps/googlebenchmark-build/test/filter_test &quot;--benchmark_list_tests&quot; &quot;--benchmark_filter=.*Ba$&quot; &quot;1&quot;</Value></NamedMeasurement>
			<Measurement>
				<Value>BM_FooBa
</Value>
			</Measurement>
		</Results>
	</Test>
	<Test Status="passed">
		<Name>filter_regex_none_list_only</Name>
		<Path>./_deps/googlebenchmark-build/test</Path>
		<FullName>./_deps/googlebenchmark-build/test/filter_regex_none_list_only</FullName>
		<FullCommandLine>/home/glf/MPRPC/build/_deps/googlebenchmark-build/test/filter_test &quot;--benchmark_list_tests&quot; &quot;--benchmark_filter=monkey&quot; &quot;0&quot;</FullCommandLine>
		<Results>
			<NamedMeasurement type="numeric/double" name="Execution Time"><Value>0.0519471</Value></NamedMeasurement>
			<NamedMeasurement type="text/string" name="Completion Status"><Value>Completed</Value></NamedMeasurement>
			<NamedMeasurement type="text/string" name="Command Line"><Value>/home/glf/MPRPC/build/_deps/googlebenchmark-build/test/filter_test &quot;--benchmark_list_tests&quot; &quot;--benchmark_filter=monkey&quot; &quot;0&quot;</Value></NamedMeasurement>
			<Measurement>
				<Value>Failed to match any benchmarks against regex: monkey
</Value>
			</Measurement>
		</Results>
	</Test>
	<EndDateTime>Sep 02 18:30 CST</EndDateTime>
	<EndTestTime>1756809047</EndTestTime>
<ElapsedMinutes>0.4</ElapsedMinutes></Testing>
</Site>
